=== Battle 195885196 | revela vs {自定义}-{敌方} | fightRet=1 | rounds=4 ===
-- init (fightPos: heroNum st/slv hp1 hp2) --
   pos1 hero28 st2/lv6 hp1=1.000 hp2=1.000
   pos2 hero117 st2/lv6 hp1=1.000 hp2=1.000
   pos3 hero46 st2/lv6 hp1=1.000 hp2=1.000
   pos4 hero99 st2/lv6 hp1=1.000 hp2=1.000
   pos5 hero87 st2/lv6 hp1=1.000 hp2=1.000
   pos6 hero108 st2/lv6 hp1=1.000 hp2=1.000
   [A] pos1 hero28 kills: normal=11112 skill=17897 skillsUsed=3
   [A] pos2 hero117 kills: normal=16712 skill=66465 skillsUsed=11
   [A] pos3 hero46 kills: normal=21312 skill=15391 skillsUsed=3
   [B] pos1 hero99 kills: normal=5480 skill=29289 skillsUsed=3
   [B] pos2 hero87 kills: normal=1479 skill=6130 skillsUsed=2
   [B] pos3 hero108 kills: normal=7649 skill=40524 skillsUsed=3
-- Round 0 --
-- Round 1 --
   [pos1] NormalATK -> pos4 DMG 3945 (hp 0.986->0.928)
   [pos1] 4_24+4 -> pos4 DMG 7016 (hp 0.960->0.801)
   [pos2] NormalATK -> pos5 DMG 6608 (hp 0.974->0.870)
   [pos2] 4_29+5 -> pos2 BUFF 70 (hp 1.000->1.000)
   [pos2] 4_29+5 -> pos5 DMG 7476 (hp 0.945->0.724)
   [pos2] 4_29+5 -> pos5 DMG 757 (hp 0.942->0.709)
   [pos2] 4_30+5 -> pos5 DMG 7854 (hp 0.911->0.555)
   [pos2] 4_30+5 -> pos5 DMG 757 (hp 0.908->0.540)
   [pos2] 4_31+5 -> pos5 DMG 6168 (hp 0.884->0.419)
   [pos2] 4_31+5 -> pos5 DMG 757 (hp 0.881->0.404)
   [pos2] 4_31+5 -> pos5 DMG 2888 (hp 0.870->0.348)
   [pos2] 4_31+5 -> pos5 DMG 757 (hp 0.867->0.333)
   [pos3] 2_118+1_2 -> pos1 BUFF 80 (hp 1.000->1.000)
   [pos3] 2_118+1_2 -> pos2 BUFF 80 (hp 1.000->1.000)
   [pos3] NormalATK -> pos5 DMG 6852 (hp 0.840->0.199)
   [pos3] NormalATK -> pos5 DMG 6457 (hp 0.814->0.072)
   [pos6] NormalATK -> pos2 DMG 4833 (hp 0.982->0.912)
   [pos4] 2_113+1_2_3 -> pos1 DMG 1926 (hp 0.993->0.965)
   [pos4] 2_113+1_2_3 -> pos2 DMG 2102 (hp 0.975->0.874)
   [pos4] 2_113+1_2_3 -> pos3 DMG 1982 (hp 0.993->0.964)
   [pos4] 2_113+1_2_3 -> pos1 DMG 2047 (hp 0.986->0.928)
   [pos4] 2_113+1_2_3 -> pos2 DMG 2082 (hp 0.967->0.836)
   [pos4] 2_113+1_2_3 -> pos3 DMG 1982 (hp 0.986->0.928)
   [pos4] 2_133+1_3 -> pos1 DMG 4917 (hp 0.968->0.838)
   [pos4] 2_133+1_3 -> pos3 DMG 5056 (hp 0.967->0.836)
   [pos4] 2_133+1_3 -> pos1 BUFF 6 (hp 0.968->0.838)
   [pos4] 2_133+1_3 -> pos3 BUFF 6 (hp 0.967->0.836)
   [pos4] NormalATK -> pos3 DMG 3889 (hp 0.953->0.765)
   [pos5] 2_92+1_2_3 -> pos1 DMG 690 (hp 0.965->0.826)
   [pos5] 2_92+1_2_3 -> pos2 DMG 702 (hp 0.965->0.823)
   [pos5] 2_92+1_2_3 -> pos3 DMG 655 (hp 0.951->0.753)
   [pos5] 2_92+1_2_3 -> pos1 DMG 718 (hp 0.963->0.813)
   [pos5] 2_92+1_2_3 -> pos2 DMG 661 (hp 0.962->0.811)
   [pos5] 2_92+1_2_3 -> pos3 DMG 628 (hp 0.948->0.742)
   [pos5] 2_100+3 -> pos3 DMG 532 (hp 0.947->0.732)
   [pos5] 2_100+3 -> pos3 DMG 501 (hp 0.945->0.723)
   [pos5] 2_100+3 -> pos3 DMG 537 (hp 0.943->0.713)
   [pos5] 2_100+3 -> pos3 DMG 506 (hp 0.941->0.704)
   [pos5] NormalATK -> pos2 DMG 1479 (hp 0.957->0.784)
-- Round 2 --
   [pos1] NormalATK -> pos4 DMG 3453 (hp 0.932->0.738)
   [pos1] 4_14+4 -> pos4 DMG 4904 (hp 0.914->0.649)
   [pos2] BEFORE -> pos2 BUFF 70 (hp 0.940->0.784)
   [pos2] NormalATK -> pos4 DMG 3641 (hp 0.901->0.583)
   [pos2] 4_29+4 -> pos2 BUFF 70 (hp 0.940->0.784)
   [pos2] 4_29+4 -> pos4 DMG 4280 (hp 0.885->0.505)
   [pos2] 4_29+4 -> pos4 DMG 671 (hp 0.883->0.493)
   [pos2] 4_30+4 -> pos4 DMG 4636 (hp 0.866->0.408)
   [pos2] 4_30+4 -> pos4 DMG 671 (hp 0.863->0.396)
   [pos2] 4_30+5 -> pos5 DMG 3669 (hp 0.623->0.000)
   [pos2] NormalATK -> pos6 DMG 4969 (hp 0.982->0.910)
   [pos2] NormalATK -> pos6 DMG 671 (hp 0.980->0.897)
   [pos2] 4_29+6 -> pos6 DMG 6145 (hp 0.957->0.786)
   [pos2] 4_29+6 -> pos6 DMG 671 (hp 0.955->0.774)
   [pos2] 4_30+6 -> pos6 DMG 6723 (hp 0.930->0.651)
   [pos2] 4_30+6 -> pos6 DMG 671 (hp 0.928->0.639)
   [pos2] 4_30+4 -> pos4 DMG 4733 (hp 0.846->0.310)
   [pos2] 4_30+4 -> pos4 DMG 671 (hp 0.844->0.298)
   [pos3] 2_65+4_6 -> pos4 DMG 6547 (hp 0.820->0.179)
   [pos3] 2_65+4_6 -> pos6 DMG 8844 (hp 0.896->0.478)
   [pos3] NormalATK -> pos4 DMG 3499 (hp 0.807->0.115)
   [pos3] NormalATK -> pos6 DMG 4504 (hp 0.879->0.396)
   [pos6] 2_116+1_2_3 -> pos1 DMG 1451 (hp 0.942->0.786)
   [pos6] 2_116+1_2_3 -> pos2 DMG 1505 (hp 0.934->0.757)
   [pos6] 2_116+1_2_3 -> pos3 DMG 1337 (hp 0.912->0.680)
   [pos6] 2_116+1_2_3 -> pos1 DMG 1451 (hp 0.937->0.760)
   [pos6] 2_116+1_2_3 -> pos2 DMG 1362 (hp 0.929->0.732)
   [pos6] 2_116+1_2_3 -> pos3 DMG 1406 (hp 0.907->0.654)
   [pos6] 2_116+1_2_3 -> pos1 DMG 1437 (hp 0.932->0.734)
   [pos6] 2_116+1_2_3 -> pos2 DMG 1448 (hp 0.924->0.706)
   [pos6] 2_116+1_2_3 -> pos3 DMG 1420 (hp 0.902->0.629)
   [pos6] 2_116+1_2_3 -> pos1 DMG 1451 (hp 0.927->0.707)
   [pos6] 2_116+1_2_3 -> pos2 DMG 1390 (hp 0.919->0.681)
   [pos6] 2_116+1_2_3 -> pos3 DMG 1434 (hp 0.897->0.602)
   [pos6] 2_117+1_2_3 -> pos1 DMG 1936 (hp 0.920->0.672)
   [pos6] 2_117+1_2_3 -> pos2 DMG 2070 (hp 0.911->0.643)
   [pos6] 2_117+1_2_3 -> pos3 DMG 1839 (hp 0.890->0.569)
   [pos6] 2_117+1_2_3 -> pos1 DMG 1877 (hp 0.913->0.638)
   [pos6] 2_117+1_2_3 -> pos2 DMG 2050 (hp 0.904->0.606)
   [pos6] 2_117+1_2_3 -> pos3 DMG 1952 (hp 0.883->0.534)
   [pos6] 2_65+3_1 -> pos3 DMG 5584 (hp 0.863->0.432)
   [pos6] 2_65+3_1 -> pos1 DMG 6124 (hp 0.890->0.527)
   [pos6] NormalATK -> pos1 DMG 2816 (hp 0.880->0.476)
   [pos4] 2_138+3_2 -> pos3 DMG 3456 (hp 0.850->0.369)
   [pos4] 2_138+3_2 -> pos2 DMG 3739 (hp 0.890->0.538)
   [pos4] 2_138+3_2 -> pos2 BUFF 6 (hp 0.890->0.538)
   [pos4] NormalATK -> pos2 DMG 1591 (hp 0.885->0.509)
-- Round 3 --
   [pos1] NormalATK -> pos6 DMG 3714 (hp 0.818->0.329)
   [pos1] 4_24+6 -> pos6 DMG 5977 (hp 0.796->0.220)
   [pos2] BEFORE -> pos2 BUFF 70 (hp 0.847->0.509)
   [pos2] 2_100+4 -> pos4 DMG 991 (hp 0.734->0.097)
   [pos2] 2_100+4 -> pos4 DMG 914 (hp 0.731->0.081)
   [pos2] 2_100+4 -> pos4 DMG 981 (hp 0.728->0.063)
   [pos2] 2_100+4 -> pos4 DMG 972 (hp 0.724->0.045)
   [pos2] 2_100+4 -> pos4 DMG 981 (hp 0.720->0.027)
   [pos2] NormalATK -> pos4 DMG 1494 (hp 0.612->0.000)
