=== Battle 195885476 | revela vs {自定义}-{敌方} | fightRet=1 | rounds=5 ===
-- init (fightPos: heroNum st/slv hp1 hp2) --
   pos1 hero28 st2/lv6 hp1=1.000 hp2=1.000
   pos2 hero117 st2/lv6 hp1=1.000 hp2=1.000
   pos3 hero46 st2/lv6 hp1=1.000 hp2=1.000
   pos4 hero99 st2/lv6 hp1=1.000 hp2=1.000
   pos5 hero87 st2/lv6 hp1=1.000 hp2=1.000
   pos6 hero108 st2/lv6 hp1=1.000 hp2=1.000
   [A] pos1 hero28 kills: normal=19137 skill=79623 skillsUsed=7
   [A] pos2 hero117 kills: normal=9111 skill=26741 skillsUsed=6
   [A] pos3 hero46 kills: normal=26388 skill=0 skillsUsed=2
   [B] pos1 hero99 kills: normal=8981 skill=27356 skillsUsed=3
   [B] pos2 hero87 kills: normal=7347 skill=12019 skillsUsed=2
   [B] pos3 hero108 kills: normal=4031 skill=11555 skillsUsed=1
-- Round 0 --
-- Round 1 --
   [pos1] NormalATK -> pos4 DMG 4360 (hp 0.984->0.921)
   [pos1] 4_14+4 -> pos4 DMG 9875 (hp 0.948->0.741)
   [pos1] 4_14+6 -> pos6 DMG 14470 (hp 0.947->0.737)
   [pos2] NormalATK -> pos5 DMG 5979 (hp 0.977->0.883)
   [pos2] 4_29+5 -> pos2 BUFF 70 (hp 1.000->1.000)
   [pos2] 4_29+5 -> pos5 DMG 7778 (hp 0.946->0.730)
   [pos2] 4_29+5 -> pos5 DMG 757 (hp 0.943->0.715)
   [pos3] NormalATK -> pos4 DMG 4478 (hp 0.932->0.660)
   [pos3] NormalATK -> pos5 DMG 6259 (hp 0.919->0.593)
   [pos6] 2_126+2_3 -> pos2 DMG 5721 (hp 0.979->0.896)
   [pos6] 2_126+2_3 -> pos3 DMG 5834 (hp 0.979->0.894)
   [pos6] NormalATK -> pos3 DMG 4031 (hp 0.964->0.821)
   [pos4] 2_133+2_3 -> pos2 DMG 4728 (hp 0.962->0.810)
   [pos4] 2_133+2_3 -> pos3 DMG 4458 (hp 0.948->0.740)
   [pos4] 2_133+2_3 -> pos2 BUFF 6 (hp 0.962->0.810)
   [pos4] 2_133+2_3 -> pos3 BUFF 6 (hp 0.948->0.740)
   [pos4] 2_66+1_2_3 -> pos1 DMG 3194 (hp 0.988->0.942)
   [pos4] 2_66+1_2_3 -> pos2 DMG 3092 (hp 0.951->0.754)
   [pos4] 2_66+1_2_3 -> pos3 DMG 2883 (hp 0.937->0.687)
   [pos4] NormalATK -> pos1 DMG 3986 (hp 0.974->0.869)
   [pos5] 2_100+2 -> pos2 DMG 1542 (hp 0.945->0.726)
   [pos5] 2_100+2 -> pos2 DMG 1572 (hp 0.939->0.697)
   [pos5] 2_100+2 -> pos2 DMG 1603 (hp 0.934->0.668)
   [pos5] NormalATK -> pos1 DMG 3882 (hp 0.960->0.799)
-- Round 2 --
   [pos1] NormalATK -> pos6 DMG 5168 (hp 0.908->0.643)
   [pos1] 4_14+6 -> pos6 DMG 12810 (hp 0.861->0.410)
   [pos1] 4_24+6 -> pos6 DMG 15561 (hp 0.804->0.127)
   [pos2] BEFORE -> pos2 BUFF 70 (hp 0.907->0.668)
   [pos2] 2_100+6 -> pos6 DMG 1634 (hp 0.798->0.097)
   [pos2] 2_100+6 -> pos6 DMG 1555 (hp 0.793->0.069)
   [pos2] 2_100+6 -> pos6 DMG 1618 (hp 0.787->0.040)
   [pos2] 2_100+6 -> pos6 DMG 1507 (hp 0.781->0.012)
   [pos2] NormalATK -> pos6 DMG 677 (hp 0.675->0.000)
   [pos3] 2_118+2_1 -> pos2 BUFF 80 (hp 0.907->0.668)
   [pos3] 2_118+2_1 -> pos1 BUFF 80 (hp 0.944->0.799)
   [pos3] NormalATK -> pos5 DMG 4792 (hp 0.867->0.499)
   [pos3] NormalATK -> pos5 DMG 4842 (hp 0.848->0.404)
   [pos4] 2_133+2_3 -> pos2 DMG 4499 (hp 0.891->0.586)
   [pos4] 2_133+2_3 -> pos3 DMG 4502 (hp 0.896->0.605)
   [pos4] NormalATK -> pos3 DMG 3862 (hp 0.882->0.535)
   [pos5] 2_42+2_1 -> pos2 DMG 3812 (hp 0.877->0.517)
   [pos5] 2_42+2_1 -> pos1 DMG 3490 (hp 0.931->0.735)
   [pos5] NormalATK -> pos2 DMG 3465 (hp 0.864->0.454)
-- Round 3 --
   [pos1] NormalATK -> pos4 DMG 3741 (hp 0.867->0.592)
   [pos1] 4_14+4 -> pos4 DMG 8739 (hp 0.835->0.433)
   [pos1] NormalATK -> pos5 DMG 5452 (hp 0.782->0.297)
   [pos1] 4_24+5 -> pos5 DMG 15141 (hp 0.620->0.000)
   [pos2] 2_100+4 -> pos4 DMG 967 (hp 0.831->0.415)
   [pos2] 2_100+4 -> pos4 DMG 919 (hp 0.828->0.399)
   [pos2] 2_100+4 -> pos4 DMG 967 (hp 0.825->0.381)
   [pos2] 2_100+4 -> pos4 DMG 910 (hp 0.821->0.364)
   [pos2] NormalATK -> pos4 DMG 2455 (hp 0.812->0.320)
   [pos2] 4_29+4 -> pos2 BUFF 70 (hp 0.823->0.454)
   [pos2] 4_29+4 -> pos4 DMG 2976 (hp 0.801->0.266)
   [pos2] 4_29+4 -> pos4 DMG 511 (hp 0.800->0.256)
   [pos2] 4_31+4 -> pos4 DMG 2481 (hp 0.791->0.211)
   [pos2] 4_31+4 -> pos4 DMG 511 (hp 0.789->0.202)
   [pos2] 4_31+4 -> pos4 DMG 1139 (hp 0.785->0.181)
   [pos2] 4_31+4 -> pos4 DMG 511 (hp 0.783->0.172)
   [pos3] NormalATK -> pos4 DMG 2994 (hp 0.772->0.118)
   [pos3] NormalATK -> pos4 DMG 3023 (hp 0.761->0.063)
   [pos4] NormalATK -> pos2 DMG 1133 (hp 0.819->0.433)
-- Round 4 --
   [pos1] 2_66+4 -> pos4 DMG 3027 (hp 0.680->0.008)
   [pos1] NormalATK -> pos4 DMG 416 (hp 0.576->0.000)
