=== Battle 195885082 | revela vs {自定义}-{敌方} | fightRet=1 | rounds=4 ===
-- init (fightPos: heroNum st/slv hp1 hp2) --
   pos1 hero28 st2/lv6 hp1=1.000 hp2=1.000
   pos2 hero117 st2/lv6 hp1=1.000 hp2=1.000
   pos3 hero46 st2/lv6 hp1=1.000 hp2=1.000
   pos4 hero99 st2/lv6 hp1=1.000 hp2=1.000
   pos5 hero87 st2/lv6 hp1=1.000 hp2=1.000
   pos6 hero108 st2/lv6 hp1=1.000 hp2=1.000
   [A] pos1 hero28 kills: normal=11819 skill=55368 skillsUsed=6
   [A] pos2 hero117 kills: normal=14956 skill=37159 skillsUsed=7
   [A] pos3 hero46 kills: normal=23007 skill=18691 skillsUsed=2
   [B] pos1 hero99 kills: normal=7517 skill=15841 skillsUsed=2
   [B] pos2 hero87 kills: normal=2962 skill=20113 skillsUsed=3
   [B] pos3 hero108 kills: normal=4216 skill=21819 skillsUsed=4
-- Round 0 --
-- Round 1 --
   [pos1] NormalATK -> pos5 DMG 5920 (hp 0.977->0.884)
   [pos1] 4_24+5 -> pos5 DMG 20301 (hp 0.897->0.486)
   [pos2] NormalATK -> pos6 DMG 5609 (hp 0.980->0.898)
   [pos2] 4_29+6 -> pos2 BUFF 70 (hp 1.000->1.000)
   [pos2] 4_29+6 -> pos6 DMG 7211 (hp 0.953->0.767)
   [pos2] 4_29+6 -> pos6 DMG 757 (hp 0.951->0.753)
   [pos2] 4_30+6 -> pos6 DMG 7515 (hp 0.923->0.617)
   [pos2] 4_30+6 -> pos6 DMG 757 (hp 0.921->0.603)
   [pos2] 4_30+4 -> pos4 DMG 5234 (hp 0.981->0.905)
   [pos2] 4_30+4 -> pos4 DMG 757 (hp 0.978->0.891)
   [pos3] NormalATK -> pos6 DMG 6171 (hp 0.898->0.491)
   [pos3] NormalATK -> pos5 DMG 6852 (hp 0.870->0.352)
   [pos6] 2_126+3_1 -> pos3 DMG 4354 (hp 0.984->0.921)
   [pos6] 2_126+3_1 -> pos1 DMG 4821 (hp 0.982->0.912)
   [pos6] NormalATK -> pos3 DMG 3163 (hp 0.973->0.863)
   [pos4] NormalATK -> pos1 DMG 4455 (hp 0.966->0.831)
   [pos5] 2_92+1_2_3 -> pos1 DMG 1421 (hp 0.961->0.806)
   [pos5] 2_92+1_2_3 -> pos2 DMG 1567 (hp 0.994->0.972)
   [pos5] 2_92+1_2_3 -> pos3 DMG 1435 (hp 0.967->0.837)
   [pos5] 2_103+1_2_3 -> pos1 DMG 1481 (hp 0.956->0.779)
   [pos5] 2_103+1_2_3 -> pos2 DMG 1522 (hp 0.989->0.944)
   [pos5] 2_103+1_2_3 -> pos3 DMG 1406 (hp 0.962->0.812)
   [pos5] 2_103+1_2_3 -> pos1 DMG 1555 (hp 0.950->0.750)
   [pos5] 2_103+1_2_3 -> pos2 DMG 1491 (hp 0.983->0.917)
   [pos5] 2_103+1_2_3 -> pos3 DMG 1464 (hp 0.957->0.785)
   [pos5] 2_42+2_3 -> pos2 DMG 3316 (hp 0.971->0.856)
   [pos5] 2_42+2_3 -> pos3 DMG 3455 (hp 0.944->0.722)
   [pos5] NormalATK -> pos1 DMG 2962 (hp 0.939->0.696)
-- Round 2 --
   [pos1] 2_66+4_5_6 -> pos4 DMG 2917 (hp 0.959->0.838)
   [pos1] 2_66+4_5_6 -> pos5 DMG 4120 (hp 0.802->0.271)
   [pos1] 2_66+4_5_6 -> pos6 DMG 3746 (hp 0.844->0.422)
   [pos1] NormalATK -> pos4 DMG 3293 (hp 0.947->0.778)
   [pos1] 4_14+4 -> pos4 DMG 4972 (hp 0.929->0.688)
   [pos1] 4_24+4 -> pos4 DMG 6284 (hp 0.906->0.574)
   [pos2] BEFORE -> pos2 BUFF 70 (hp 0.960->0.856)
   [pos2] NormalATK -> pos5 DMG 5884 (hp 0.779->0.155)
   [pos2] 4_29+5 -> pos2 BUFF 70 (hp 0.960->0.856)
   [pos2] 4_29+5 -> pos5 DMG 7060 (hp 0.752->0.017)
   [pos2] 4_29+5 -> pos5 DMG 701 (hp 0.749->0.003)
   [pos2] 4_30+5 -> pos5 DMG 162 (hp 0.645->0.000)
   [pos3] 2_118+1_2 -> pos1 BUFF 80 (hp 0.915->0.696)
   [pos3] 2_118+1_2 -> pos2 BUFF 80 (hp 0.960->0.856)
   [pos3] 2_65+4_6 -> pos4 DMG 7861 (hp 0.877->0.431)
   [pos3] 2_65+4_6 -> pos6 DMG 10830 (hp 0.804->0.226)
   [pos3] NormalATK -> pos6 DMG 4941 (hp 0.786->0.136)
   [pos3] NormalATK -> pos6 DMG 5043 (hp 0.768->0.044)
   [pos6] 2_116+1_2_3 -> pos1 DMG 506 (hp 0.913->0.687)
   [pos6] 2_116+1_2_3 -> pos2 DMG 476 (hp 0.958->0.848)
   [pos6] 2_116+1_2_3 -> pos3 DMG 490 (hp 0.920->0.713)
   [pos6] 2_116+1_2_3 -> pos1 DMG 496 (hp 0.911->0.678)
   [pos6] 2_116+1_2_3 -> pos2 DMG 510 (hp 0.956->0.839)
   [pos6] 2_116+1_2_3 -> pos3 DMG 476 (hp 0.919->0.705)
   [pos6] 2_116+1_2_3 -> pos1 DMG 457 (hp 0.910->0.670)
   [pos6] 2_116+1_2_3 -> pos2 DMG 510 (hp 0.954->0.829)
   [pos6] 2_116+1_2_3 -> pos3 DMG 443 (hp 0.917->0.697)
   [pos6] 2_116+1_2_3 -> pos1 DMG 472 (hp 0.908->0.661)
   [pos6] 2_116+1_2_3 -> pos2 DMG 490 (hp 0.953->0.820)
   [pos6] 2_116+1_2_3 -> pos3 DMG 471 (hp 0.915->0.688)
   [pos6] 2_117+1_2_3 -> pos1 DMG 629 (hp 0.906->0.650)
   [pos6] 2_117+1_2_3 -> pos2 DMG 647 (hp 0.950->0.809)
   [pos6] 2_117+1_2_3 -> pos3 DMG 635 (hp 0.913->0.677)
   [pos6] 2_117+1_2_3 -> pos1 DMG 682 (hp 0.903->0.638)
   [pos6] 2_117+1_2_3 -> pos2 DMG 654 (hp 0.948->0.797)
   [pos6] 2_117+1_2_3 -> pos3 DMG 635 (hp 0.911->0.665)
   [pos6] 2_126+2_1 -> pos2 DMG 1495 (hp 0.942->0.769)
   [pos6] 2_126+2_1 -> pos1 DMG 1470 (hp 0.898->0.611)
   [pos6] NormalATK -> pos2 DMG 1053 (hp 0.939->0.750)
   [pos4] 2_113+1_2_3 -> pos1 DMG 1428 (hp 0.893->0.585)
   [pos4] 2_113+1_2_3 -> pos2 DMG 1439 (hp 0.933->0.724)
   [pos4] 2_113+1_2_3 -> pos3 DMG 1355 (hp 0.906->0.640)
   [pos4] 2_113+1_2_3 -> pos1 DMG 1531 (hp 0.887->0.557)
   [pos4] 2_113+1_2_3 -> pos2 DMG 1454 (hp 0.928->0.698)
   [pos4] 2_113+1_2_3 -> pos3 DMG 1455 (hp 0.901->0.614)
   [pos4] 2_133+3_1 -> pos3 DMG 3532 (hp 0.888->0.550)
   [pos4] 2_133+3_1 -> pos1 DMG 3647 (hp 0.874->0.491)
   [pos4] 2_133+3_1 -> pos3 BUFF 6 (hp 0.888->0.550)
   [pos4] 2_133+3_1 -> pos1 BUFF 6 (hp 0.874->0.491)
   [pos4] NormalATK -> pos2 DMG 3062 (hp 0.917->0.642)
-- Round 3 --
   [pos1] 2_66+4_6 -> pos4 DMG 2193 (hp 0.825->0.391)
   [pos1] 2_66+4_6 -> pos6 DMG 2420 (hp 0.584->0.000)
   [pos1] NormalATK -> pos4 DMG 2606 (hp 0.815->0.343)
   [pos1] 4_24+4 -> pos4 DMG 8415 (hp 0.785->0.190)
   [pos2] BEFORE -> pos2 BUFF 70 (hp 0.890->0.642)
   [pos2] 2_100+4 -> pos4 DMG 1324 (hp 0.780->0.166)
   [pos2] 2_100+4 -> pos4 DMG 1298 (hp 0.775->0.143)
   [pos2] 2_100+4 -> pos4 DMG 1197 (hp 0.771->0.121)
   [pos2] 2_100+4 -> pos4 DMG 1324 (hp 0.766->0.097)
   [pos2] NormalATK -> pos4 DMG 3463 (hp 0.754->0.034)
   [pos2] 4_29+4 -> pos2 BUFF 70 (hp 0.890->0.642)
   [pos2] 4_29+4 -> pos4 DMG 1862 (hp 0.643->0.000)
