=== Battle 195885565 | revela vs {自定义}-{敌方} | fightRet=2 | rounds=5 ===
-- init (fightPos: heroNum st/slv hp1 hp2) --
   pos1 hero28 st2/lv6 hp1=1.000 hp2=1.000
   pos2 hero117 st2/lv6 hp1=1.000 hp2=1.000
   pos3 hero46 st2/lv6 hp1=1.000 hp2=1.000
   pos4 hero99 st2/lv6 hp1=1.000 hp2=1.000
   pos5 hero87 st2/lv6 hp1=1.000 hp2=1.000
   pos6 hero108 st2/lv6 hp1=1.000 hp2=1.000
   [A] pos1 hero28 kills: normal=11993 skill=29483 skillsUsed=5
   [A] pos2 hero117 kills: normal=13972 skill=22218 skillsUsed=5
   [A] pos3 hero46 kills: normal=25657 skill=19001 skillsUsed=3
   [B] pos1 hero99 kills: normal=9771 skill=73101 skillsUsed=9
   [B] pos2 hero87 kills: normal=9968 skill=22619 skillsUsed=3
   [B] pos3 hero108 kills: normal=11663 skill=37878 skillsUsed=5
-- Round 0 --
-- Round 1 --
   [pos1] NormalATK -> pos4 DMG 4111 (hp 0.985->0.925)
   [pos1] 4_14+4 -> pos4 DMG 5955 (hp 0.963->0.817)
   [pos2] NormalATK -> pos5 DMG 6482 (hp 0.975->0.873)
   [pos2] 4_29+5 -> pos2 BUFF 70 (hp 1.000->1.000)
   [pos2] 4_29+5 -> pos5 DMG 7476 (hp 0.945->0.726)
   [pos2] 4_29+5 -> pos5 DMG 757 (hp 0.942->0.711)
   [pos3] NormalATK -> pos6 DMG 6111 (hp 0.978->0.889)
   [pos3] NormalATK -> pos6 DMG 5752 (hp 0.957->0.784)
   [pos6] NormalATK -> pos1 DMG 4041 (hp 0.985->0.927)
   [pos4] 2_113+1_2_3 -> pos1 DMG 1945 (hp 0.978->0.891)
   [pos4] 2_113+1_2_3 -> pos2 DMG 2103 (hp 0.992->0.962)
   [pos4] 2_113+1_2_3 -> pos3 DMG 1924 (hp 0.993->0.965)
   [pos4] 2_113+1_2_3 -> pos1 DMG 2006 (hp 0.971->0.855)
   [pos4] 2_113+1_2_3 -> pos2 DMG 1960 (hp 0.985->0.926)
   [pos4] 2_113+1_2_3 -> pos3 DMG 1983 (hp 0.986->0.929)
   [pos4] 2_113+1_2_3 -> pos1 DMG 2128 (hp 0.963->0.816)
   [pos4] 2_113+1_2_3 -> pos2 DMG 2144 (hp 0.977->0.887)
   [pos4] 2_113+1_2_3 -> pos3 DMG 2003 (hp 0.979->0.893)
   [pos4] 2_66+1_2_3 -> pos1 DMG 3518 (hp 0.950->0.752)
   [pos4] 2_66+1_2_3 -> pos2 DMG 3440 (hp 0.965->0.825)
   [pos4] 2_66+1_2_3 -> pos3 DMG 3409 (hp 0.966->0.831)
   [pos4] NormalATK -> pos1 DMG 4435 (hp 0.934->0.671)
   [pos5] 2_103+1_2_3 -> pos1 DMG 2167 (hp 0.926->0.632)
   [pos5] 2_103+1_2_3 -> pos2 DMG 2056 (hp 0.957->0.787)
   [pos5] 2_103+1_2_3 -> pos3 DMG 1957 (hp 0.959->0.795)
   [pos5] NormalATK -> pos3 DMG 4206 (hp 0.944->0.719)
-- Round 2 --
   [pos1] 2_66+4_5_6 -> pos4 DMG 2588 (hp 0.939->0.770)
   [pos1] 2_66+4_5_6 -> pos5 DMG 3925 (hp 0.904->0.635)
   [pos1] 2_66+4_5_6 -> pos6 DMG 3830 (hp 0.926->0.715)
   [pos1] NormalATK -> pos4 DMG 3469 (hp 0.927->0.707)
   [pos1] 4_24+4 -> pos4 DMG 5931 (hp 0.905->0.599)
   [pos2] BEFORE -> pos2 BUFF 70 (hp 0.940->0.787)
   [pos2] NormalATK -> pos6 DMG 4978 (hp 0.908->0.624)
   [pos2] 4_29+6 -> pos2 BUFF 70 (hp 0.940->0.787)
   [pos2] 4_29+6 -> pos6 DMG 5791 (hp 0.887->0.519)
   [pos2] 4_29+6 -> pos6 DMG 672 (hp 0.884->0.507)
   [pos3] 2_65+4_5 -> pos4 DMG 7915 (hp 0.876->0.455)
   [pos3] 2_65+4_5 -> pos5 DMG 11086 (hp 0.860->0.417)
   [pos3] NormalATK -> pos6 DMG 5335 (hp 0.865->0.410)
   [pos3] NormalATK -> pos5 DMG 5307 (hp 0.840->0.313)
   [pos6] 2_126+3_2 -> pos3 DMG 4064 (hp 0.906->0.645)
   [pos6] 2_126+3_2 -> pos2 DMG 4441 (hp 0.924->0.706)
   [pos6] NormalATK -> pos2 DMG 3188 (hp 0.913->0.649)
   [pos4] 2_113+1_2_3 -> pos1 DMG 1544 (hp 0.891->0.604)
   [pos4] 2_113+1_2_3 -> pos2 DMG 1479 (hp 0.907->0.622)
   [pos4] 2_113+1_2_3 -> pos3 DMG 1496 (hp 0.901->0.617)
   [pos4] 2_113+1_2_3 -> pos1 DMG 1468 (hp 0.886->0.577)
   [pos4] 2_113+1_2_3 -> pos2 DMG 1509 (hp 0.902->0.594)
   [pos4] 2_113+1_2_3 -> pos3 DMG 1511 (hp 0.896->0.590)
   [pos4] 2_133+1_2 -> pos1 DMG 3937 (hp 0.872->0.506)
   [pos4] 2_133+1_2 -> pos2 DMG 3775 (hp 0.888->0.526)
   [pos4] 2_133+1_2 -> pos1 BUFF 6 (hp 0.872->0.506)
   [pos4] 2_133+1_2 -> pos2 BUFF 6 (hp 0.888->0.526)
   [pos4] 2_138+2_3 -> pos2 DMG 7175 (hp 0.862->0.395)
   [pos4] 2_138+2_3 -> pos3 DMG 6829 (hp 0.871->0.466)
   [pos4] 2_138+2_3 -> pos3 BUFF 6 (hp 0.871->0.466)
   [pos4] NormalATK -> pos3 DMG 2904 (hp 0.860->0.413)
   [pos5] 2_92+1_2_3 -> pos1 DMG 1440 (hp 0.867->0.479)
   [pos5] 2_92+1_2_3 -> pos2 DMG 1408 (hp 0.857->0.369)
   [pos5] 2_92+1_2_3 -> pos3 DMG 1299 (hp 0.855->0.389)
   [pos5] 2_92+1_2_3 -> pos1 DMG 1355 (hp 0.862->0.455)
   [pos5] 2_92+1_2_3 -> pos2 DMG 1437 (hp 0.852->0.343)
   [pos5] 2_92+1_2_3 -> pos3 DMG 1326 (hp 0.851->0.365)
   [pos5] 2_92+1_2_3 -> pos1 DMG 1468 (hp 0.856->0.428)
   [pos5] 2_92+1_2_3 -> pos2 DMG 1494 (hp 0.846->0.316)
   [pos5] 2_92+1_2_3 -> pos3 DMG 1340 (hp 0.846->0.341)
   [pos5] NormalATK -> pos2 DMG 3053 (hp 0.835->0.261)
-- Round 3 --
   [pos1] NormalATK -> pos4 DMG 2435 (hp 0.825->0.411)
   [pos1] 4_14+4 -> pos4 DMG 3562 (hp 0.812->0.346)
   [pos2] BEFORE -> pos2 BUFF 70 (hp 0.778->0.261)
   [pos2] NormalATK -> pos6 DMG 2512 (hp 0.810->0.364)
   [pos2] 4_29+6 -> pos2 BUFF 70 (hp 0.778->0.261)
   [pos2] 4_29+6 -> pos6 DMG 2835 (hp 0.800->0.312)
   [pos2] 4_29+6 -> pos6 DMG 387 (hp 0.798->0.305)
   [pos2] 4_31+6 -> pos6 DMG 2363 (hp 0.790->0.262)
   [pos2] 4_31+6 -> pos6 DMG 387 (hp 0.788->0.255)
   [pos2] 4_31+6 -> pos6 DMG 1163 (hp 0.784->0.234)
   [pos2] 4_31+6 -> pos6 DMG 387 (hp 0.783->0.227)
   [pos3] 2_118+2_1 -> pos2 BUFF 80 (hp 0.778->0.261)
   [pos3] 2_118+2_1 -> pos1 BUFF 80 (hp 0.813->0.428)
   [pos3] NormalATK -> pos4 DMG 2223 (hp 0.804->0.306)
   [pos6] 2_117+1_2_3 -> pos1 DMG 1424 (hp 0.808->0.402)
   [pos6] 2_117+1_2_3 -> pos2 DMG 1554 (hp 0.772->0.232)
   [pos6] 2_117+1_2_3 -> pos3 DMG 1409 (hp 0.790->0.315)
   [pos6] 2_117+1_2_3 -> pos1 DMG 1469 (hp 0.803->0.376)
   [pos6] 2_117+1_2_3 -> pos2 DMG 1554 (hp 0.767->0.204)
   [pos6] 2_117+1_2_3 -> pos3 DMG 1423 (hp 0.785->0.289)
   [pos6] 2_126+3_2 -> pos3 DMG 3032 (hp 0.774->0.234)
   [pos6] 2_126+3_2 -> pos2 DMG 3056 (hp 0.755->0.149)
   [pos6] 2_65+2_3 -> pos2 DMG 4404 (hp 0.739->0.069)
   [pos6] 2_65+2_3 -> pos3 DMG 4323 (hp 0.758->0.156)
   [pos6] NormalATK -> pos1 DMG 2204 (hp 0.795->0.335)
   [pos4] 2_133+2_1 -> pos2 DMG 2972 (hp 0.729->0.015)
   [pos4] 2_133+2_1 -> pos1 DMG 2949 (hp 0.784->0.282)
   [pos4] NormalATK -> pos3 DMG 2432 (hp 0.749->0.111)
   [pos5] 2_42+2_3 -> pos2 DMG 798 (hp 0.622->0.000)
   [pos5] 2_42+2_3 -> pos3 DMG 3074 (hp 0.738->0.056)
   [pos5] NormalATK -> pos3 DMG 2709 (hp 0.728->0.006)
-- Round 4 --
   [pos1] NormalATK -> pos4 DMG 1978 (hp 0.747->0.270)
   [pos1] 4_24+4 -> pos4 DMG 3692 (hp 0.734->0.203)
   [pos2] BEFORE -> pos2 BUFF 70 (hp 0.622->0.000)
   [pos3] 2_118+1_3 -> pos3 BUFF 80 (hp 0.656->0.006)
   [pos3] NormalATK -> pos6 DMG 452 (hp 0.726->0.219)
   [pos3] NormalATK -> pos5 DMG 477 (hp 0.738->0.304)
   [pos6] 2_116+1_3 -> pos1 DMG 1048 (hp 0.730->0.263)
   [pos6] 2_116+1_3 -> pos3 DMG 347 (hp 0.552->0.000)
   [pos6] 2_116+1_3 -> pos1 DMG 1080 (hp 0.726->0.243)
   [pos6] 2_116+1_3 -> pos1 DMG 1080 (hp 0.722->0.224)
   [pos6] 2_116+1_3 -> pos1 DMG 1101 (hp 0.718->0.204)
   [pos6] 2_116+1_3 -> pos1 DMG 1069 (hp 0.715->0.184)
   [pos6] NormalATK -> pos1 DMG 2230 (hp 0.706->0.144)
   [pos4] 2_113+1 -> pos1 DMG 1032 (hp 0.703->0.125)
   [pos4] 2_113+1 -> pos1 DMG 961 (hp 0.699->0.107)
   [pos4] 2_133+1 -> pos1 DMG 2456 (hp 0.690->0.063)
   [pos4] 2_138+1 -> pos1 DMG 3445 (hp 0.575->0.000)
