=== Battle 195885627 | revela vs {自定义}-{敌方} | fightRet=1 | rounds=5 ===
-- init (fightPos: heroNum st/slv hp1 hp2) --
   pos1 hero28 st2/lv6 hp1=1.000 hp2=1.000
   pos2 hero117 st2/lv6 hp1=1.000 hp2=1.000
   pos3 hero46 st2/lv6 hp1=1.000 hp2=1.000
   pos4 hero99 st2/lv6 hp1=1.000 hp2=1.000
   pos5 hero87 st2/lv6 hp1=1.000 hp2=1.000
   pos6 hero108 st2/lv6 hp1=1.000 hp2=1.000
   [A] pos1 hero28 kills: normal=15776 skill=52659 skillsUsed=7
   [A] pos2 hero117 kills: normal=16487 skill=36385 skillsUsed=7
   [A] pos3 hero46 kills: normal=28230 skill=11463 skillsUsed=3
   [B] pos1 hero99 kills: normal=10288 skill=70907 skillsUsed=7
   [B] pos2 hero87 kills: normal=7155 skill=29484 skillsUsed=4
   [B] pos3 hero108 kills: normal=3173 skill=0 skillsUsed=0
-- Round 0 --
-- Round 1 --
   [pos1] 2_66+4_5_6 -> pos4 DMG 3460 (hp 0.987->0.937)
   [pos1] 2_66+4_5_6 -> pos5 DMG 5398 (hp 0.979->0.894)
   [pos1] 2_66+4_5_6 -> pos6 DMG 4909 (hp 0.982->0.911)
   [pos1] NormalATK -> pos6 DMG 5724 (hp 0.961->0.807)
   [pos1] 4_24+6 -> pos6 DMG 10374 (hp 0.924->0.618)
   [pos2] NormalATK -> pos4 DMG 4320 (hp 0.972->0.859)
   [pos2] 4_29+4 -> pos2 BUFF 70 (hp 1.000->1.000)
   [pos2] 4_29+4 -> pos4 DMG 4882 (hp 0.954->0.770)
   [pos2] 4_29+4 -> pos4 DMG 757 (hp 0.951->0.756)
   [pos3] NormalATK -> pos5 DMG 6654 (hp 0.953->0.764)
   [pos3] NormalATK -> pos6 DMG 5692 (hp 0.903->0.515)
   [pos6] NormalATK -> pos3 DMG 3173 (hp 0.988->0.942)
   [pos4] 2_133+3_1 -> pos3 DMG 4819 (hp 0.971->0.855)
   [pos4] 2_133+3_1 -> pos1 DMG 5071 (hp 0.982->0.908)
   [pos4] 2_133+3_1 -> pos3 BUFF 6 (hp 0.971->0.855)
   [pos4] 2_133+3_1 -> pos1 BUFF 6 (hp 0.982->0.908)
   [pos4] 2_66+1_2_3 -> pos1 DMG 3385 (hp 0.969->0.846)
   [pos4] 2_66+1_2_3 -> pos2 DMG 3479 (hp 0.987->0.937)
   [pos4] 2_66+1_2_3 -> pos3 DMG 3280 (hp 0.959->0.795)
   [pos4] NormalATK -> pos2 DMG 3972 (hp 0.973->0.865)
   [pos5] 2_100+1 -> pos1 DMG 1651 (hp 0.963->0.816)
   [pos5] 2_100+1 -> pos1 DMG 1685 (hp 0.957->0.786)
   [pos5] 2_100+1 -> pos1 DMG 1634 (hp 0.951->0.756)
   [pos5] 2_100+1 -> pos1 DMG 1651 (hp 0.945->0.726)
   [pos5] 2_100+1 -> pos1 DMG 1754 (hp 0.939->0.694)
   [pos5] NormalATK -> pos3 DMG 4490 (hp 0.943->0.713)
-- Round 2 --
   [pos1] 2_66+4_5_6 -> pos4 DMG 2633 (hp 0.922->0.708)
   [pos1] 2_66+4_5_6 -> pos5 DMG 3720 (hp 0.919->0.691)
   [pos1] 2_66+4_5_6 -> pos6 DMG 3629 (hp 0.851->0.449)
   [pos1] NormalATK -> pos6 DMG 4186 (hp 0.836->0.372)
   [pos2] BEFORE -> pos2 BUFF 70 (hp 0.962->0.865)
   [pos2] NormalATK -> pos6 DMG 5482 (hp 0.816->0.273)
   [pos2] 4_29+6 -> pos2 BUFF 70 (hp 0.962->0.865)
   [pos2] 4_29+6 -> pos6 DMG 6195 (hp 0.793->0.160)
   [pos2] 4_29+6 -> pos6 DMG 704 (hp 0.791->0.147)
   [pos2] 4_30+6 -> pos6 DMG 6642 (hp 0.767->0.027)
   [pos2] 4_30+6 -> pos6 DMG 704 (hp 0.764->0.014)
   [pos2] 4_30+4 -> pos4 DMG 4817 (hp 0.905->0.621)
   [pos2] 4_30+4 -> pos4 DMG 704 (hp 0.902->0.608)
   [pos3] 2_118+2_1 -> pos2 BUFF 80 (hp 0.962->0.865)
   [pos3] 2_118+2_1 -> pos1 BUFF 80 (hp 0.914->0.694)
   [pos3] 2_65+5_6 -> pos5 DMG 10704 (hp 0.877->0.481)
   [pos3] 2_65+5_6 -> pos6 DMG 759 (hp 0.658->0.000)
   [pos3] NormalATK -> pos5 DMG 5084 (hp 0.857->0.381)
   [pos3] NormalATK -> pos5 DMG 5235 (hp 0.837->0.279)
   [pos4] 2_113+1_2_3 -> pos1 DMG 1714 (hp 0.908->0.663)
   [pos4] 2_113+1_2_3 -> pos2 DMG 1850 (hp 0.955->0.831)
   [pos4] 2_113+1_2_3 -> pos3 DMG 1677 (hp 0.914->0.683)
   [pos4] 2_113+1_2_3 -> pos1 DMG 1696 (hp 0.902->0.632)
   [pos4] 2_113+1_2_3 -> pos2 DMG 1797 (hp 0.949->0.798)
   [pos4] 2_113+1_2_3 -> pos3 DMG 1744 (hp 0.907->0.651)
   [pos4] 2_133+2_1 -> pos2 DMG 4538 (hp 0.932->0.716)
   [pos4] 2_133+2_1 -> pos1 DMG 4548 (hp 0.885->0.549)
   [pos4] 2_133+2_1 -> pos2 BUFF 6 (hp 0.932->0.716)
   [pos4] 2_138+2_1 -> pos2 DMG 8623 (hp 0.901->0.559)
   [pos4] 2_138+2_1 -> pos1 DMG 8060 (hp 0.856->0.403)
   [pos4] NormalATK -> pos3 DMG 3672 (hp 0.894->0.584)
   [pos5] 2_92+1_2_3 -> pos1 DMG 1358 (hp 0.851->0.378)
   [pos5] 2_92+1_2_3 -> pos2 DMG 1329 (hp 0.896->0.535)
   [pos5] 2_92+1_2_3 -> pos3 DMG 1342 (hp 0.889->0.560)
   [pos5] 2_92+1_2_3 -> pos1 DMG 1278 (hp 0.847->0.355)
   [pos5] 2_92+1_2_3 -> pos2 DMG 1396 (hp 0.891->0.509)
   [pos5] 2_92+1_2_3 -> pos3 DMG 1303 (hp 0.884->0.536)
   [pos5] 2_103+1_2_3 -> pos1 DMG 1265 (hp 0.842->0.332)
   [pos5] 2_103+1_2_3 -> pos2 DMG 1302 (hp 0.886->0.486)
   [pos5] 2_103+1_2_3 -> pos3 DMG 1252 (hp 0.880->0.514)
   [pos5] 2_103+1_2_3 -> pos1 DMG 1305 (hp 0.837->0.308)
   [pos5] 2_103+1_2_3 -> pos2 DMG 1356 (hp 0.881->0.461)
   [pos5] 2_103+1_2_3 -> pos3 DMG 1265 (hp 0.875->0.491)
   [pos5] 2_100+2 -> pos2 DMG 1080 (hp 0.878->0.441)
   [pos5] 2_100+2 -> pos2 DMG 1059 (hp 0.874->0.422)
   [pos5] 2_100+2 -> pos2 DMG 1080 (hp 0.870->0.403)
   [pos5] 2_100+2 -> pos2 DMG 1101 (hp 0.866->0.383)
   [pos5] 2_100+2 -> pos2 DMG 1038 (hp 0.862->0.364)
   [pos5] NormalATK -> pos1 DMG 2665 (hp 0.828->0.260)
-- Round 3 --
   [pos1] NormalATK -> pos5 DMG 2648 (hp 0.771->0.227)
   [pos1] 4_14+5 -> pos5 DMG 3877 (hp 0.755->0.151)
   [pos2] BEFORE -> pos2 BUFF 70 (hp 0.812->0.364)
   [pos2] 2_100+4 -> pos4 DMG 845 (hp 0.870->0.592)
   [pos2] 2_100+4 -> pos4 DMG 796 (hp 0.867->0.578)
   [pos2] 2_100+4 -> pos4 DMG 821 (hp 0.864->0.563)
   [pos2] 2_100+4 -> pos4 DMG 772 (hp 0.861->0.549)
   [pos2] NormalATK -> pos5 DMG 3324 (hp 0.742->0.085)
   [pos2] 4_29+5 -> pos2 BUFF 70 (hp 0.812->0.364)
   [pos2] 4_29+5 -> pos5 DMG 4067 (hp 0.727->0.006)
   [pos2] 4_29+5 -> pos5 DMG 289 (hp 0.622->0.000)
   [pos2] NormalATK -> pos4 DMG 2064 (hp 0.853->0.511)
   [pos2] NormalATK -> pos4 DMG 457 (hp 0.852->0.503)
   [pos2] 4_29+4 -> pos4 DMG 2476 (hp 0.843->0.458)
   [pos2] 4_29+4 -> pos4 DMG 457 (hp 0.841->0.450)
   [pos3] NormalATK -> pos4 DMG 2922 (hp 0.831->0.397)
   [pos3] NormalATK -> pos4 DMG 2643 (hp 0.821->0.349)
   [pos4] 2_113+1_2_3 -> pos1 DMG 1286 (hp 0.766->0.236)
   [pos4] 2_113+1_2_3 -> pos2 DMG 1322 (hp 0.807->0.340)
   [pos4] 2_113+1_2_3 -> pos3 DMG 1322 (hp 0.832->0.467)
   [pos4] 2_113+1_2_3 -> pos1 DMG 1259 (hp 0.762->0.213)
   [pos4] 2_113+1_2_3 -> pos2 DMG 1295 (hp 0.803->0.316)
   [pos4] 2_113+1_2_3 -> pos3 DMG 1296 (hp 0.827->0.443)
   [pos4] 2_133+3_2 -> pos3 DMG 3340 (hp 0.815->0.382)
   [pos4] 2_133+3_2 -> pos2 DMG 3506 (hp 0.790->0.252)
   [pos4] NormalATK -> pos2 DMG 2644 (hp 0.780->0.204)
-- Round 4 --
   [pos1] NormalATK -> pos4 DMG 1617 (hp 0.768->0.319)
   [pos1] 4_14+4 -> pos4 DMG 4213 (hp 0.753->0.243)
   [pos1] 4_24+4 -> pos4 DMG 5223 (hp 0.734->0.148)
   [pos1] NormalATK -> pos4 DMG 1601 (hp 0.728->0.119)
   [pos1] 4_24+4 -> pos4 DMG 5223 (hp 0.709->0.024)
   [pos2] BEFORE -> pos2 BUFF 70 (hp 0.723->0.204)
   [pos2] NormalATK -> pos4 DMG 1297 (hp 0.601->0.000)
