=== Battle 195885859 | revela vs {自定义}-{敌方} | fightRet=1 | rounds=5 ===
-- init (fightPos: heroNum st/slv hp1 hp2) --
   pos1 hero28 st2/lv6 hp1=1.000 hp2=1.000
   pos2 hero117 st2/lv6 hp1=1.000 hp2=1.000
   pos3 hero46 st2/lv6 hp1=1.000 hp2=1.000
   pos4 hero99 st2/lv6 hp1=1.000 hp2=1.000
   pos5 hero87 st2/lv6 hp1=1.000 hp2=1.000
   pos6 hero108 st2/lv6 hp1=1.000 hp2=1.000
   [A] pos1 hero28 kills: normal=16340 skill=45830 skillsUsed=5
   [A] pos2 hero117 kills: normal=16104 skill=56829 skillsUsed=13
   [A] pos3 hero46 kills: normal=25045 skill=852 skillsUsed=3
   [B] pos1 hero99 kills: normal=8006 skill=28783 skillsUsed=4
   [B] pos2 hero87 kills: normal=2520 skill=12148 skillsUsed=2
   [B] pos3 hero108 kills: normal=8173 skill=48508 skillsUsed=4
-- Round 0 --
-- Round 1 --
   [pos1] 2_66+4_5_6 -> pos4 DMG 3528 (hp 0.987->0.936)
   [pos1] 2_66+4_5_6 -> pos5 DMG 4883 (hp 0.981->0.904)
   [pos1] 2_66+4_5_6 -> pos6 DMG 4722 (hp 0.983->0.914)
   [pos1] NormalATK -> pos4 DMG 3986 (hp 0.973->0.863)
   [pos1] 4_14+4 -> pos4 DMG 5720 (hp 0.952->0.759)
   [pos1] 4_24+4 -> pos4 DMG 7601 (hp 0.924->0.621)
   [pos2] 2_100+5 -> pos5 DMG 2289 (hp 0.972->0.859)
   [pos2] 2_100+5 -> pos5 DMG 2289 (hp 0.963->0.814)
   [pos2] 2_100+5 -> pos5 DMG 2265 (hp 0.954->0.770)
   [pos2] NormalATK -> pos5 DMG 6168 (hp 0.930->0.649)
   [pos2] 4_29+5 -> pos2 BUFF 70 (hp 1.000->1.000)
   [pos2] 4_29+5 -> pos5 DMG 7325 (hp 0.901->0.506)
   [pos2] 4_29+5 -> pos5 DMG 757 (hp 0.898->0.491)
   [pos2] 4_31+5 -> pos5 DMG 6608 (hp 0.872->0.361)
   [pos2] 4_31+5 -> pos5 DMG 757 (hp 0.869->0.346)
   [pos2] 4_31+5 -> pos5 DMG 2803 (hp 0.858->0.291)
   [pos2] 4_31+5 -> pos5 DMG 757 (hp 0.855->0.276)
   [pos2] 4_31+5 -> pos5 DMG 2916 (hp 0.844->0.219)
   [pos2] 4_31+5 -> pos5 DMG 757 (hp 0.841->0.204)
   [pos3] NormalATK -> pos6 DMG 5812 (hp 0.962->0.808)
   [pos3] NormalATK -> pos6 DMG 6231 (hp 0.939->0.695)
   [pos6] 2_126+2_1 -> pos2 DMG 5500 (hp 0.980->0.900)
   [pos6] 2_126+2_1 -> pos1 DMG 5514 (hp 0.980->0.900)
   [pos6] NormalATK -> pos3 DMG 3953 (hp 0.986->0.928)
   [pos4] 2_133+2_3 -> pos2 DMG 4676 (hp 0.963->0.815)
   [pos4] 2_133+2_3 -> pos3 DMG 4326 (hp 0.970->0.849)
   [pos4] 2_133+2_3 -> pos2 BUFF 6 (hp 0.963->0.815)
   [pos4] 2_133+2_3 -> pos3 BUFF 6 (hp 0.970->0.849)
   [pos4] NormalATK -> pos3 DMG 3427 (hp 0.957->0.787)
   [pos5] 2_92+1_2_3 -> pos1 DMG 1108 (hp 0.976->0.880)
   [pos5] 2_92+1_2_3 -> pos2 DMG 1117 (hp 0.959->0.795)
   [pos5] 2_92+1_2_3 -> pos3 DMG 1140 (hp 0.953->0.766)
   [pos5] 2_92+1_2_3 -> pos1 DMG 1188 (hp 0.972->0.858)
   [pos5] 2_92+1_2_3 -> pos2 DMG 1163 (hp 0.955->0.774)
   [pos5] 2_92+1_2_3 -> pos3 DMG 1073 (hp 0.949->0.747)
   [pos5] 2_42+2_3 -> pos2 DMG 2771 (hp 0.945->0.723)
   [pos5] 2_42+2_3 -> pos3 DMG 2588 (hp 0.940->0.700)
   [pos5] NormalATK -> pos2 DMG 2520 (hp 0.935->0.677)
-- Round 2 --
   [pos1] 2_66+4_5_6 -> pos4 DMG 3047 (hp 0.883->0.566)
   [pos1] 2_66+4_5_6 -> pos5 DMG 4953 (hp 0.758->0.107)
   [pos1] 2_66+4_5_6 -> pos6 DMG 4288 (hp 0.899->0.617)
   [pos1] NormalATK -> pos5 DMG 5473 (hp 0.633->0.000)
   [pos2] BEFORE -> pos2 BUFF 70 (hp 0.910->0.677)
   [pos2] NormalATK -> pos4 DMG 3029 (hp 0.872->0.511)
   [pos2] 4_29+4 -> pos2 BUFF 70 (hp 0.910->0.677)
   [pos2] 4_29+4 -> pos4 DMG 3559 (hp 0.859->0.446)
   [pos2] 4_29+4 -> pos4 DMG 624 (hp 0.857->0.435)
   [pos2] 4_30+4 -> pos4 DMG 3978 (hp 0.842->0.362)
   [pos2] 4_30+4 -> pos4 DMG 624 (hp 0.840->0.351)
   [pos2] 4_30+6 -> pos6 DMG 5318 (hp 0.880->0.521)
   [pos2] 4_30+6 -> pos6 DMG 624 (hp 0.878->0.509)
   [pos3] NormalATK -> pos4 DMG 3356 (hp 0.828->0.290)
   [pos3] NormalATK -> pos6 DMG 4308 (hp 0.862->0.431)
   [pos6] 2_116+1_2_3 -> pos1 DMG 1423 (hp 0.955->0.832)
   [pos6] 2_116+1_2_3 -> pos2 DMG 1434 (hp 0.904->0.651)
   [pos6] 2_116+1_2_3 -> pos3 DMG 1379 (hp 0.911->0.675)
   [pos6] 2_116+1_2_3 -> pos1 DMG 1527 (hp 0.950->0.804)
   [pos6] 2_116+1_2_3 -> pos2 DMG 1553 (hp 0.899->0.623)
   [pos6] 2_116+1_2_3 -> pos3 DMG 1422 (hp 0.906->0.649)
   [pos6] 2_116+1_2_3 -> pos1 DMG 1423 (hp 0.944->0.778)
   [pos6] 2_116+1_2_3 -> pos2 DMG 1568 (hp 0.893->0.595)
   [pos6] 2_116+1_2_3 -> pos3 DMG 1365 (hp 0.901->0.624)
   [pos6] 2_117+1_2_3 -> pos1 DMG 2101 (hp 0.937->0.740)
   [pos6] 2_117+1_2_3 -> pos2 DMG 2116 (hp 0.885->0.556)
   [pos6] 2_117+1_2_3 -> pos3 DMG 1877 (hp 0.894->0.590)
   [pos6] 2_117+1_2_3 -> pos1 DMG 1999 (hp 0.930->0.704)
   [pos6] 2_117+1_2_3 -> pos2 DMG 1972 (hp 0.878->0.520)
   [pos6] 2_117+1_2_3 -> pos3 DMG 1896 (hp 0.887->0.556)
   [pos6] 2_65+1_2 -> pos1 DMG 6008 (hp 0.908->0.595)
   [pos6] 2_65+1_2 -> pos2 DMG 6431 (hp 0.855->0.403)
   [pos6] NormalATK -> pos2 DMG 3176 (hp 0.843->0.346)
   [pos4] 2_66+1_2_3 -> pos1 DMG 1975 (hp 0.900->0.559)
   [pos4] 2_66+1_2_3 -> pos2 DMG 2053 (hp 0.836->0.308)
   [pos4] 2_66+1_2_3 -> pos3 DMG 1914 (hp 0.880->0.521)
   [pos4] NormalATK -> pos3 DMG 2540 (hp 0.871->0.475)
-- Round 3 --
   [pos1] NormalATK -> pos6 DMG 4155 (hp 0.804->0.355)
   [pos1] 4_24+6 -> pos6 DMG 7088 (hp 0.778->0.226)
   [pos2] BEFORE -> pos2 BUFF 70 (hp 0.783->0.308)
   [pos2] NormalATK -> pos6 DMG 2907 (hp 0.767->0.174)
   [pos2] 4_29+6 -> pos2 BUFF 70 (hp 0.783->0.308)
   [pos2] 4_29+6 -> pos6 DMG 3315 (hp 0.755->0.113)
   [pos2] 4_29+6 -> pos6 DMG 421 (hp 0.754->0.106)
   [pos2] 4_31+6 -> pos6 DMG 2763 (hp 0.744->0.055)
   [pos2] 4_31+6 -> pos6 DMG 421 (hp 0.742->0.048)
   [pos3] 2_118+2_1 -> pos2 BUFF 80 (hp 0.783->0.308)
   [pos3] 2_118+2_1 -> pos1 BUFF 80 (hp 0.866->0.559)
   [pos3] NormalATK -> pos4 DMG 2655 (hp 0.764->0.242)
   [pos3] NormalATK -> pos4 DMG 2683 (hp 0.755->0.193)
   [pos6] NormalATK -> pos3 DMG 1044 (hp 0.828->0.456)
   [pos4] 2_133+3_1 -> pos3 DMG 2347 (hp 0.819->0.413)
   [pos4] 2_133+3_1 -> pos1 DMG 2447 (hp 0.857->0.514)
   [pos4] 2_133+3_1 -> pos1 BUFF 6 (hp 0.857->0.514)
   [pos4] 2_138+3_2 -> pos3 DMG 4504 (hp 0.803->0.331)
   [pos4] 2_138+3_2 -> pos2 DMG 4541 (hp 0.767->0.226)
   [pos4] NormalATK -> pos1 DMG 2039 (hp 0.850->0.477)
-- Round 4 --
   [pos1] NormalATK -> pos4 DMG 2726 (hp 0.689->0.143)
   [pos2] BEFORE -> pos2 BUFF 70 (hp 0.713->0.226)
   [pos2] NormalATK -> pos6 DMG 2338 (hp 0.664->0.005)
   [pos2] 4_29+6 -> pos2 BUFF 70 (hp 0.713->0.226)
   [pos2] 4_29+6 -> pos6 DMG 289 (hp 0.560->0.000)
   [pos2] NormalATK -> pos4 DMG 1662 (hp 0.683->0.113)
   [pos2] NormalATK -> pos4 DMG 361 (hp 0.681->0.107)
   [pos2] 4_29+4 -> pos4 DMG 1994 (hp 0.674->0.070)
   [pos2] 4_29+4 -> pos4 DMG 361 (hp 0.673->0.064)
   [pos2] 4_30+4 -> pos4 DMG 2293 (hp 0.664->0.022)
   [pos2] 4_30+4 -> pos4 DMG 361 (hp 0.663->0.015)
   [pos3] 2_65+4 -> pos4 DMG 852 (hp 0.557->0.000)
