=== Battle 195886059 | revela vs {自定义}-{敌方} | fightRet=1 | rounds=4 ===
-- init (fightPos: heroNum st/slv hp1 hp2) --
   pos1 hero28 st2/lv6 hp1=1.000 hp2=1.000
   pos2 hero117 st2/lv6 hp1=1.000 hp2=1.000
   pos3 hero46 st2/lv6 hp1=1.000 hp2=1.000
   pos4 hero99 st2/lv6 hp1=1.000 hp2=1.000
   pos5 hero87 st2/lv6 hp1=1.000 hp2=1.000
   pos6 hero108 st2/lv6 hp1=1.000 hp2=1.000
   [A] pos1 hero28 kills: normal=17428 skill=42102 skillsUsed=7
   [A] pos2 hero117 kills: normal=16396 skill=47774 skillsUsed=10
   [A] pos3 hero46 kills: normal=20729 skill=16571 skillsUsed=3
   [B] pos1 hero99 kills: normal=8863 skill=21242 skillsUsed=2
   [B] pos2 hero87 kills: normal=3811 skill=26087 skillsUsed=4
   [B] pos3 hero108 kills: normal=3961 skill=10239 skillsUsed=1
-- Round 0 --
-- Round 1 --
   [pos1] NormalATK -> pos5 DMG 6481 (hp 0.975->0.873)
   [pos1] 4_24+5 -> pos5 DMG 11297 (hp 0.930->0.651)
   [pos2] NormalATK -> pos6 DMG 5495 (hp 0.980->0.900)
   [pos2] 4_29+6 -> pos2 BUFF 70 (hp 1.000->1.000)
   [pos2] 4_29+6 -> pos6 DMG 7211 (hp 0.954->0.769)
   [pos2] 4_29+6 -> pos6 DMG 757 (hp 0.951->0.755)
   [pos3] 2_118+2_1 -> pos2 BUFF 80 (hp 1.000->1.000)
   [pos3] 2_118+2_1 -> pos1 BUFF 80 (hp 1.000->1.000)
   [pos3] NormalATK -> pos5 DMG 6786 (hp 0.904->0.518)
   [pos3] NormalATK -> pos6 DMG 6051 (hp 0.929->0.645)
   [pos6] 2_126+3_2 -> pos3 DMG 4940 (hp 0.982->0.910)
   [pos6] 2_126+3_2 -> pos2 DMG 5299 (hp 0.981->0.904)
   [pos6] NormalATK -> pos2 DMG 3961 (hp 0.966->0.832)
   [pos4] 2_133+3_1 -> pos3 DMG 5540 (hp 0.962->0.809)
   [pos4] 2_133+3_1 -> pos1 DMG 5831 (hp 0.979->0.894)
   [pos4] 2_133+3_1 -> pos3 BUFF 6 (hp 0.962->0.809)
   [pos4] 2_133+3_1 -> pos1 BUFF 6 (hp 0.979->0.894)
   [pos4] NormalATK -> pos2 DMG 4613 (hp 0.950->0.748)
   [pos5] 2_92+1_2_3 -> pos1 DMG 1760 (hp 0.972->0.862)
   [pos5] 2_92+1_2_3 -> pos2 DMG 1737 (hp 0.943->0.716)
   [pos5] 2_92+1_2_3 -> pos3 DMG 1706 (hp 0.956->0.778)
   [pos5] 2_103+1_2_3 -> pos1 DMG 1851 (hp 0.966->0.828)
   [pos5] 2_103+1_2_3 -> pos2 DMG 1810 (hp 0.937->0.683)
   [pos5] 2_103+1_2_3 -> pos3 DMG 1671 (hp 0.950->0.748)
   [pos5] 2_42+1_2 -> pos1 DMG 4036 (hp 0.951->0.755)
   [pos5] 2_42+1_2 -> pos2 DMG 4317 (hp 0.921->0.605)
   [pos5] 2_100+2 -> pos2 DMG 1457 (hp 0.916->0.578)
   [pos5] 2_100+2 -> pos2 DMG 1414 (hp 0.911->0.553)
   [pos5] 2_100+2 -> pos2 DMG 1414 (hp 0.905->0.527)
   [pos5] 2_100+2 -> pos2 DMG 1500 (hp 0.900->0.500)
   [pos5] 2_100+2 -> pos2 DMG 1414 (hp 0.895->0.474)
   [pos5] NormalATK -> pos3 DMG 3811 (hp 0.936->0.679)
-- Round 2 --
   [pos1] 2_66+4_5_6 -> pos4 DMG 2827 (hp 0.990->0.949)
   [pos1] 2_66+4_5_6 -> pos5 DMG 4243 (hp 0.849->0.435)
   [pos1] 2_66+4_5_6 -> pos6 DMG 3710 (hp 0.887->0.578)
   [pos1] NormalATK -> pos6 DMG 4677 (hp 0.870->0.493)
   [pos2] BEFORE -> pos2 BUFF 70 (hp 0.853->0.474)
   [pos2] 2_100+5 -> pos5 DMG 1577 (hp 0.842->0.404)
   [pos2] 2_100+5 -> pos5 DMG 1609 (hp 0.836->0.373)
   [pos2] 2_100+5 -> pos5 DMG 1609 (hp 0.830->0.341)
   [pos2] 2_100+5 -> pos5 DMG 1577 (hp 0.824->0.310)
   [pos2] 2_100+5 -> pos5 DMG 1577 (hp 0.817->0.279)
   [pos2] NormalATK -> pos6 DMG 4141 (hp 0.855->0.417)
   [pos2] 4_29+6 -> pos2 BUFF 70 (hp 0.853->0.474)
   [pos2] 4_29+6 -> pos6 DMG 4637 (hp 0.838->0.333)
   [pos2] 4_29+6 -> pos6 DMG 522 (hp 0.836->0.324)
   [pos2] 4_30+6 -> pos6 DMG 5332 (hp 0.817->0.227)
   [pos2] 4_30+6 -> pos6 DMG 522 (hp 0.815->0.217)
   [pos2] 4_31+6 -> pos6 DMG 3865 (hp 0.801->0.147)
   [pos2] 4_31+6 -> pos6 DMG 522 (hp 0.799->0.137)
   [pos2] 4_31+6 -> pos6 DMG 1827 (hp 0.793->0.104)
   [pos2] 4_31+6 -> pos6 DMG 522 (hp 0.791->0.095)
   [pos2] NormalATK -> pos6 DMG 3983 (hp 0.776->0.022)
   [pos2] NormalATK -> pos6 DMG 522 (hp 0.774->0.013)
   [pos2] 4_29+6 -> pos6 DMG 704 (hp 0.668->0.000)
   [pos3] 2_65+4_5 -> pos4 DMG 6825 (hp 0.965->0.825)
   [pos3] 2_65+4_5 -> pos5 DMG 9746 (hp 0.779->0.088)
   [pos3] NormalATK -> pos4 DMG 3109 (hp 0.954->0.768)
   [pos3] NormalATK -> pos5 DMG 4498 (hp 0.658->0.000)
   [pos4] 2_133+1_3 -> pos1 DMG 5062 (hp 0.913->0.663)
   [pos4] 2_133+1_3 -> pos3 DMG 4809 (hp 0.893->0.591)
   [pos4] NormalATK -> pos2 DMG 4250 (hp 0.837->0.397)
-- Round 3 --
   [pos1] NormalATK -> pos4 DMG 3150 (hp 0.924->0.711)
   [pos1] 4_14+4 -> pos4 DMG 4560 (hp 0.907->0.628)
   [pos1] 4_24+4 -> pos4 DMG 5599 (hp 0.887->0.526)
   [pos1] NormalATK -> pos4 DMG 3120 (hp 0.875->0.469)
   [pos1] 4_14+4 -> pos4 DMG 4429 (hp 0.859->0.389)
   [pos1] 4_24+4 -> pos4 DMG 5437 (hp 0.839->0.290)
   [pos2] BEFORE -> pos2 BUFF 70 (hp 0.793->0.397)
   [pos2] 2_100+4 -> pos4 DMG 971 (hp 0.836->0.272)
   [pos2] 2_100+4 -> pos4 DMG 1040 (hp 0.832->0.253)
   [pos2] 2_100+4 -> pos4 DMG 1030 (hp 0.828->0.235)
   [pos2] 2_100+4 -> pos4 DMG 1000 (hp 0.825->0.216)
   [pos2] 2_100+4 -> pos4 DMG 1010 (hp 0.821->0.198)
   [pos2] NormalATK -> pos4 DMG 2777 (hp 0.811->0.148)
   [pos2] 4_29+4 -> pos2 BUFF 70 (hp 0.793->0.397)
   [pos2] 4_29+4 -> pos4 DMG 3300 (hp 0.799->0.088)
   [pos2] 4_29+4 -> pos4 DMG 478 (hp 0.797->0.079)
   [pos2] 4_30+4 -> pos4 DMG 3575 (hp 0.784->0.014)
   [pos2] 4_30+4 -> pos4 DMG 478 (hp 0.783->0.005)
   [pos3] NormalATK -> pos4 DMG 285 (hp 0.678->0.000)
