=== Battle 195886334 | revela vs {自定义}-{敌方} | fightRet=1 | rounds=5 ===
-- init (fightPos: heroNum st/slv hp1 hp2) --
   pos1 hero28 st2/lv6 hp1=1.000 hp2=1.000
   pos2 hero117 st2/lv6 hp1=1.000 hp2=1.000
   pos3 hero46 st2/lv6 hp1=1.000 hp2=1.000
   pos4 hero99 st2/lv6 hp1=1.000 hp2=1.000
   pos5 hero87 st2/lv6 hp1=1.000 hp2=1.000
   pos6 hero108 st2/lv6 hp1=1.000 hp2=1.000
   [A] pos1 hero28 kills: normal=11919 skill=41574 skillsUsed=6
   [A] pos2 hero117 kills: normal=16135 skill=62360 skillsUsed=14
   [A] pos3 hero46 kills: normal=24573 skill=4439 skillsUsed=2
   [B] pos1 hero99 kills: normal=7166 skill=68822 skillsUsed=9
   [B] pos2 hero87 kills: normal=3980 skill=26168 skillsUsed=2
   [B] pos3 hero108 kills: normal=7675 skill=13637 skillsUsed=1
-- Round 0 --
-- Round 1 --
   [pos1] NormalATK -> pos4 DMG 4028 (hp 0.985->0.927)
   [pos1] 4_14+4 -> pos4 DMG 10914 (hp 0.946->0.728)
   [pos1] 4_24+4 -> pos4 DMG 12498 (hp 0.900->0.501)
   [pos2] NormalATK -> pos5 DMG 6105 (hp 0.976->0.880)
   [pos2] 4_29+5 -> pos2 BUFF 70 (hp 1.000->1.000)
   [pos2] 4_29+5 -> pos5 DMG 7249 (hp 0.948->0.738)
   [pos2] 4_29+5 -> pos5 DMG 757 (hp 0.945->0.723)
   [pos3] NormalATK -> pos5 DMG 6852 (hp 0.918->0.589)
   [pos3] NormalATK -> pos4 DMG 4566 (hp 0.884->0.418)
   [pos6] NormalATK -> pos1 DMG 4515 (hp 0.984->0.918)
   [pos4] 2_113+1_2_3 -> pos1 DMG 1379 (hp 0.979->0.893)
   [pos4] 2_113+1_2_3 -> pos2 DMG 1506 (hp 0.995->0.973)
   [pos4] 2_113+1_2_3 -> pos3 DMG 1391 (hp 0.995->0.975)
   [pos4] 2_113+1_2_3 -> pos1 DMG 1510 (hp 0.973->0.865)
   [pos4] 2_113+1_2_3 -> pos2 DMG 1477 (hp 0.989->0.946)
   [pos4] 2_113+1_2_3 -> pos3 DMG 1377 (hp 0.990->0.950)
   [pos4] 2_113+1_2_3 -> pos1 DMG 1495 (hp 0.968->0.838)
   [pos4] 2_113+1_2_3 -> pos2 DMG 1419 (hp 0.984->0.920)
   [pos4] 2_113+1_2_3 -> pos3 DMG 1448 (hp 0.985->0.923)
   [pos4] 2_133+2_1 -> pos2 DMG 3693 (hp 0.971->0.853)
   [pos4] 2_133+2_1 -> pos1 DMG 3738 (hp 0.954->0.770)
   [pos4] 2_133+2_1 -> pos2 BUFF 6 (hp 0.971->0.853)
   [pos4] 2_133+2_1 -> pos1 BUFF 6 (hp 0.954->0.770)
   [pos4] NormalATK -> pos1 DMG 3115 (hp 0.943->0.714)
   [pos5] 2_92+1_2_3 -> pos1 DMG 2011 (hp 0.935->0.677)
   [pos5] 2_92+1_2_3 -> pos2 DMG 1929 (hp 0.964->0.818)
   [pos5] 2_92+1_2_3 -> pos3 DMG 1780 (hp 0.978->0.891)
   [pos5] 2_92+1_2_3 -> pos1 DMG 2011 (hp 0.928->0.640)
   [pos5] 2_92+1_2_3 -> pos2 DMG 1851 (hp 0.957->0.784)
   [pos5] 2_92+1_2_3 -> pos3 DMG 1967 (hp 0.971->0.855)
   [pos5] 2_92+1_2_3 -> pos1 DMG 2011 (hp 0.921->0.604)
   [pos5] 2_92+1_2_3 -> pos2 DMG 2026 (hp 0.950->0.747)
   [pos5] 2_92+1_2_3 -> pos3 DMG 1780 (hp 0.965->0.823)
   [pos5] 2_42+2_3 -> pos2 DMG 4378 (hp 0.934->0.668)
   [pos5] 2_42+2_3 -> pos3 DMG 4424 (hp 0.949->0.742)
   [pos5] NormalATK -> pos2 DMG 3980 (hp 0.919->0.595)
-- Round 2 --
   [pos1] NormalATK -> pos6 DMG 4064 (hp 0.985->0.926)
   [pos1] 4_14+6 -> pos6 DMG 10473 (hp 0.947->0.736)
   [pos2] BEFORE -> pos2 BUFF 70 (hp 0.887->0.595)
   [pos2] 2_100+5 -> pos5 DMG 1712 (hp 0.878->0.555)
   [pos2] 2_100+5 -> pos5 DMG 1696 (hp 0.872->0.522)
   [pos2] 2_100+5 -> pos5 DMG 1696 (hp 0.865->0.489)
   [pos2] 2_100+5 -> pos5 DMG 1729 (hp 0.858->0.455)
   [pos2] NormalATK -> pos5 DMG 4218 (hp 0.842->0.372)
   [pos2] 4_29+5 -> pos2 BUFF 70 (hp 0.887->0.595)
   [pos2] 4_29+5 -> pos5 DMG 5482 (hp 0.820->0.265)
   [pos2] 4_29+5 -> pos5 DMG 585 (hp 0.818->0.253)
   [pos2] 4_30+5 -> pos5 DMG 5597 (hp 0.796->0.144)
   [pos2] 4_30+5 -> pos5 DMG 585 (hp 0.794->0.132)
   [pos2] 4_30+6 -> pos6 DMG 5349 (hp 0.928->0.638)
   [pos2] 4_30+6 -> pos6 DMG 585 (hp 0.926->0.628)
   [pos2] 4_31+5 -> pos5 DMG 4613 (hp 0.776->0.042)
   [pos2] 4_31+5 -> pos5 DMG 585 (hp 0.773->0.030)
   [pos2] 4_31+5 -> pos5 DMG 1539 (hp 0.664->0.000)
   [pos3] 2_118+1_2 -> pos1 BUFF 80 (hp 0.889->0.604)
   [pos3] 2_118+1_2 -> pos2 BUFF 80 (hp 0.887->0.595)
   [pos3] NormalATK -> pos4 DMG 3633 (hp 0.824->0.352)
   [pos3] NormalATK -> pos6 DMG 5268 (hp 0.906->0.532)
   [pos6] 2_117+1_2_3 -> pos1 DMG 2356 (hp 0.881->0.561)
   [pos6] 2_117+1_2_3 -> pos2 DMG 2236 (hp 0.879->0.555)
   [pos6] 2_117+1_2_3 -> pos3 DMG 2282 (hp 0.920->0.701)
   [pos6] 2_117+1_2_3 -> pos1 DMG 2243 (hp 0.872->0.520)
   [pos6] 2_117+1_2_3 -> pos2 DMG 2304 (hp 0.870->0.513)
   [pos6] 2_117+1_2_3 -> pos3 DMG 2216 (hp 0.912->0.661)
   [pos6] NormalATK -> pos3 DMG 3160 (hp 0.900->0.603)
   [pos4] 2_113+1_2_3 -> pos1 DMG 1358 (hp 0.867->0.496)
   [pos4] 2_113+1_2_3 -> pos2 DMG 1289 (hp 0.866->0.489)
   [pos4] 2_113+1_2_3 -> pos3 DMG 1226 (hp 0.896->0.581)
   [pos4] 2_113+1_2_3 -> pos1 DMG 1371 (hp 0.863->0.471)
   [pos4] 2_113+1_2_3 -> pos2 DMG 1316 (hp 0.861->0.465)
   [pos4] 2_113+1_2_3 -> pos3 DMG 1316 (hp 0.891->0.557)
   [pos4] 2_113+1_2_3 -> pos1 DMG 1305 (hp 0.858->0.447)
   [pos4] 2_113+1_2_3 -> pos2 DMG 1329 (hp 0.856->0.441)
   [pos4] 2_113+1_2_3 -> pos3 DMG 1278 (hp 0.886->0.534)
   [pos4] 2_133+2_1 -> pos2 DMG 3424 (hp 0.844->0.379)
   [pos4] 2_133+2_1 -> pos1 DMG 3298 (hp 0.846->0.387)
   [pos4] 2_138+1_3 -> pos1 DMG 6014 (hp 0.824->0.278)
   [pos4] 2_138+1_3 -> pos3 DMG 6255 (hp 0.863->0.420)
   [pos4] 2_138+1_3 -> pos3 BUFF 6 (hp 0.863->0.420)
   [pos4] 2_66+1_2_3 -> pos1 DMG 2313 (hp 0.816->0.236)
   [pos4] 2_66+1_2_3 -> pos2 DMG 2284 (hp 0.835->0.337)
   [pos4] 2_66+1_2_3 -> pos3 DMG 2307 (hp 0.855->0.378)
   [pos4] NormalATK -> pos3 DMG 2582 (hp 0.846->0.331)
-- Round 3 --
   [pos1] NormalATK -> pos6 DMG 2224 (hp 0.861->0.492)
   [pos1] 4_24+6 -> pos6 DMG 4328 (hp 0.845->0.413)
   [pos2] BEFORE -> pos2 BUFF 70 (hp 0.785->0.337)
   [pos2] 2_100+4 -> pos4 DMG 810 (hp 0.774->0.337)
   [pos2] 2_100+4 -> pos4 DMG 860 (hp 0.771->0.322)
   [pos2] 2_100+4 -> pos4 DMG 868 (hp 0.768->0.306)
   [pos2] NormalATK -> pos6 DMG 2951 (hp 0.834->0.359)
   [pos2] 4_29+6 -> pos2 BUFF 70 (hp 0.785->0.337)
   [pos2] 4_29+6 -> pos6 DMG 3505 (hp 0.822->0.296)
   [pos2] 4_29+6 -> pos6 DMG 441 (hp 0.820->0.287)
   [pos2] 4_30+6 -> pos6 DMG 4033 (hp 0.805->0.214)
   [pos2] 4_30+6 -> pos6 DMG 441 (hp 0.804->0.206)
   [pos2] 4_31+6 -> pos6 DMG 3162 (hp 0.792->0.149)
   [pos2] 4_31+6 -> pos6 DMG 441 (hp 0.791->0.141)
   [pos2] NormalATK -> pos6 DMG 2861 (hp 0.780->0.089)
   [pos2] NormalATK -> pos6 DMG 441 (hp 0.779->0.081)
   [pos2] 4_29+6 -> pos6 DMG 3686 (hp 0.765->0.014)
   [pos2] 4_29+6 -> pos6 DMG 441 (hp 0.764->0.006)
   [pos2] 4_30+6 -> pos6 DMG 306 (hp 0.659->0.000)
   [pos2] 4_30+4 -> pos4 DMG 2725 (hp 0.758->0.256)
   [pos2] 4_30+4 -> pos4 DMG 441 (hp 0.756->0.248)
   [pos3] 2_65+4 -> pos4 DMG 4439 (hp 0.740->0.168)
   [pos3] NormalATK -> pos4 DMG 2191 (hp 0.732->0.128)
   [pos3] NormalATK -> pos4 DMG 2063 (hp 0.724->0.090)
   [pos4] 2_113+1_2_3 -> pos1 DMG 692 (hp 0.755->0.223)
   [pos4] 2_113+1_2_3 -> pos2 DMG 677 (hp 0.783->0.325)
   [pos4] 2_113+1_2_3 -> pos3 DMG 631 (hp 0.792->0.320)
   [pos4] 2_113+1_2_3 -> pos1 DMG 712 (hp 0.752->0.210)
   [pos4] 2_113+1_2_3 -> pos2 DMG 656 (hp 0.781->0.313)
   [pos4] 2_113+1_2_3 -> pos3 DMG 644 (hp 0.790->0.308)
   [pos4] 2_133+3_2 -> pos3 DMG 1596 (hp 0.784->0.279)
   [pos4] 2_133+3_2 -> pos2 DMG 1763 (hp 0.774->0.281)
   [pos4] 2_66+1_2_3 -> pos1 DMG 1109 (hp 0.748->0.190)
   [pos4] 2_66+1_2_3 -> pos2 DMG 1118 (hp 0.770->0.261)
   [pos4] 2_66+1_2_3 -> pos3 DMG 1108 (hp 0.780->0.259)
   [pos4] NormalATK -> pos2 DMG 1469 (hp 0.765->0.234)
-- Round 4 --
   [pos1] NormalATK -> pos4 DMG 1603 (hp 0.655->0.061)
   [pos1] 4_14+4 -> pos4 DMG 3361 (hp 0.540->0.000)
