=== Battle 195886004 | revela vs {自定义}-{敌方} | fightRet=1 | rounds=7 ===
-- init (fightPos: heroNum st/slv hp1 hp2) --
   pos1 hero28 st2/lv6 hp1=1.000 hp2=1.000
   pos2 hero117 st2/lv6 hp1=1.000 hp2=1.000
   pos3 hero46 st2/lv6 hp1=1.000 hp2=1.000
   pos4 hero99 st2/lv6 hp1=1.000 hp2=1.000
   pos5 hero87 st2/lv6 hp1=1.000 hp2=1.000
   pos6 hero108 st2/lv6 hp1=1.000 hp2=1.000
   [A] pos1 hero28 kills: normal=25818 skill=47620 skillsUsed=9
   [A] pos2 hero117 kills: normal=11136 skill=43661 skillsUsed=11
   [A] pos3 hero46 kills: normal=26919 skill=5846 skillsUsed=4
   [B] pos1 hero99 kills: normal=9863 skill=34880 skillsUsed=7
   [B] pos2 hero87 kills: normal=5601 skill=25278 skillsUsed=3
   [B] pos3 hero108 kills: normal=13856 skill=60081 skillsUsed=4
-- Round 0 --
-- Round 1 --
   [pos1] NormalATK -> pos5 DMG 6045 (hp 0.976->0.881)
   [pos1] 4_14+5 -> pos5 DMG 8406 (hp 0.943->0.717)
   [pos2] NormalATK -> pos4 DMG 4320 (hp 0.984->0.921)
   [pos2] 4_29+4 -> pos2 BUFF 70 (hp 1.000->1.000)
   [pos2] 4_29+4 -> pos4 DMG 4832 (hp 0.967->0.834)
   [pos2] 4_29+4 -> pos4 DMG 757 (hp 0.964->0.820)
   [pos2] 4_30+4 -> pos4 DMG 5507 (hp 0.944->0.720)
   [pos2] 4_30+4 -> pos4 DMG 757 (hp 0.941->0.706)
   [pos2] 4_30+5 -> pos5 DMG 8018 (hp 0.912->0.559)
   [pos2] 4_30+5 -> pos5 DMG 757 (hp 0.909->0.545)
   [pos2] 4_31+4 -> pos4 DMG 4153 (hp 0.926->0.630)
   [pos2] 4_31+4 -> pos4 DMG 757 (hp 0.923->0.617)
   [pos2] 4_31+4 -> pos4 DMG 1811 (hp 0.917->0.584)
   [pos2] 4_31+4 -> pos4 DMG 757 (hp 0.914->0.570)
   [pos3] NormalATK -> pos6 DMG 6291 (hp 0.977->0.886)
   [pos3] NormalATK -> pos4 DMG 4434 (hp 0.898->0.489)
   [pos6] 2_126+2_3 -> pos2 DMG 6649 (hp 0.976->0.879)
   [pos6] 2_126+2_3 -> pos3 DMG 6272 (hp 0.977->0.886)
   [pos6] NormalATK -> pos2 DMG 4683 (hp 0.959->0.794)
   [pos4] 2_133+3_2 -> pos3 DMG 3994 (hp 0.963->0.813)
   [pos4] 2_133+3_2 -> pos2 DMG 3875 (hp 0.945->0.724)
   [pos4] 2_133+3_2 -> pos3 BUFF 6 (hp 0.963->0.813)
   [pos4] 2_133+3_2 -> pos2 BUFF 6 (hp 0.945->0.724)
   [pos4] NormalATK -> pos2 DMG 3394 (hp 0.932->0.662)
   [pos5] 2_92+1_2_3 -> pos1 DMG 1915 (hp 0.993->0.965)
   [pos5] 2_92+1_2_3 -> pos2 DMG 1799 (hp 0.926->0.629)
   [pos5] 2_92+1_2_3 -> pos3 DMG 1820 (hp 0.956->0.780)
   [pos5] 2_103+1_2_3 -> pos1 DMG 1915 (hp 0.986->0.930)
   [pos5] 2_103+1_2_3 -> pos2 DMG 1855 (hp 0.919->0.595)
   [pos5] 2_103+1_2_3 -> pos3 DMG 1729 (hp 0.950->0.749)
   [pos5] 2_103+1_2_3 -> pos1 DMG 1952 (hp 0.979->0.895)
   [pos5] 2_103+1_2_3 -> pos2 DMG 1836 (hp 0.912->0.562)
   [pos5] 2_103+1_2_3 -> pos3 DMG 1856 (hp 0.943->0.715)
   [pos5] 2_42+2_1 -> pos2 DMG 4167 (hp 0.897->0.486)
   [pos5] 2_42+2_1 -> pos1 DMG 4434 (hp 0.963->0.814)
   [pos5] NormalATK -> pos2 DMG 3984 (hp 0.883->0.414)
-- Round 2 --
   [pos1] NormalATK -> pos5 DMG 5400 (hp 0.851->0.439)
   [pos1] 4_14+5 -> pos5 DMG 8146 (hp 0.819->0.279)
   [pos2] BEFORE -> pos2 BUFF 70 (hp 0.836->0.414)
   [pos2] NormalATK -> pos5 DMG 3519 (hp 0.806->0.210)
   [pos2] 4_31+5 -> pos5 DMG 3739 (hp 0.791->0.137)
   [pos2] 4_31+5 -> pos5 DMG 1681 (hp 0.784->0.104)
   [pos3] 2_118+1_2 -> pos1 BUFF 80 (hp 0.948->0.814)
   [pos3] 2_118+1_2 -> pos2 BUFF 80 (hp 0.836->0.414)
   [pos3] NormalATK -> pos4 DMG 3426 (hp 0.845->0.427)
   [pos3] NormalATK -> pos4 DMG 3224 (hp 0.833->0.368)
   [pos6] 2_117+1_2_3 -> pos1 DMG 3008 (hp 0.937->0.760)
   [pos6] 2_117+1_2_3 -> pos2 DMG 2825 (hp 0.826->0.362)
   [pos6] 2_117+1_2_3 -> pos3 DMG 2971 (hp 0.909->0.661)
   [pos6] 2_117+1_2_3 -> pos1 DMG 3067 (hp 0.926->0.704)
   [pos6] 2_117+1_2_3 -> pos2 DMG 3060 (hp 0.815->0.307)
   [pos6] 2_117+1_2_3 -> pos3 DMG 2886 (hp 0.899->0.609)
   [pos6] 2_117+1_2_3 -> pos1 DMG 2774 (hp 0.916->0.653)
   [pos6] 2_117+1_2_3 -> pos2 DMG 2913 (hp 0.804->0.254)
   [pos6] 2_117+1_2_3 -> pos3 DMG 2943 (hp 0.888->0.555)
   [pos6] NormalATK -> pos2 DMG 4370 (hp 0.788->0.174)
   [pos4] 2_138+3_1 -> pos3 DMG 6211 (hp 0.866->0.442)
   [pos4] 2_138+3_1 -> pos1 DMG 6669 (hp 0.892->0.532)
   [pos4] 2_138+3_1 -> pos1 BUFF 6 (hp 0.892->0.532)
   [pos4] NormalATK -> pos2 DMG 2776 (hp 0.778->0.124)
   [pos5] NormalATK -> pos3 DMG 1617 (hp 0.860->0.413)
-- Round 3 --
   [pos1] NormalATK -> pos5 DMG 4017 (hp 0.701->0.025)
   [pos1] 4_14+5 -> pos5 DMG 1272 (hp 0.593->0.000)
   [pos1] 4_14+6 -> pos6 DMG 8355 (hp 0.929->0.734)
   [pos1] NormalATK -> pos4 DMG 2445 (hp 0.778->0.324)
   [pos2] 2_100+6 -> pos6 DMG 707 (hp 0.927->0.721)
   [pos2] 2_100+6 -> pos6 DMG 652 (hp 0.924->0.709)
   [pos2] 2_100+6 -> pos6 DMG 693 (hp 0.922->0.696)
   [pos2] 2_100+6 -> pos6 DMG 714 (hp 0.919->0.683)
   [pos2] NormalATK -> pos6 DMG 1887 (hp 0.912->0.649)
   [pos2] 4_29+6 -> pos2 BUFF 70 (hp 0.713->0.124)
   [pos2] 4_29+6 -> pos6 DMG 2264 (hp 0.904->0.608)
   [pos2] 4_29+6 -> pos6 DMG 268 (hp 0.903->0.603)
   [pos2] 4_30+6 -> pos6 DMG 2502 (hp 0.894->0.558)
   [pos2] 4_30+6 -> pos6 DMG 268 (hp 0.893->0.553)
   [pos2] NormalATK -> pos4 DMG 1410 (hp 0.772->0.298)
   [pos2] NormalATK -> pos4 DMG 268 (hp 0.772->0.293)
   [pos2] 4_29+4 -> pos4 DMG 1531 (hp 0.766->0.266)
   [pos2] 4_29+4 -> pos4 DMG 268 (hp 0.765->0.261)
   [pos3] NormalATK -> pos6 DMG 3436 (hp 0.881->0.490)
   [pos3] NormalATK -> pos4 DMG 2469 (hp 0.756->0.216)
   [pos6] 2_116+1_2_3 -> pos1 DMG 1534 (hp 0.850->0.504)
   [pos6] 2_116+1_2_3 -> pos2 DMG 1578 (hp 0.707->0.095)
   [pos6] 2_116+1_2_3 -> pos3 DMG 1517 (hp 0.810->0.385)
   [pos6] 2_116+1_2_3 -> pos1 DMG 1550 (hp 0.844->0.476)
   [pos6] 2_116+1_2_3 -> pos2 DMG 1625 (hp 0.701->0.066)
   [pos6] 2_116+1_2_3 -> pos3 DMG 1563 (hp 0.804->0.357)
   [pos6] 2_116+1_2_3 -> pos1 DMG 1502 (hp 0.839->0.449)
   [pos6] 2_116+1_2_3 -> pos2 DMG 1609 (hp 0.695->0.036)
   [pos6] 2_116+1_2_3 -> pos3 DMG 1517 (hp 0.798->0.329)
   [pos6] 2_126+3_2 -> pos3 DMG 4716 (hp 0.781->0.243)
   [pos6] 2_126+3_2 -> pos2 DMG 2002 (hp 0.585->0.000)
   [pos6] NormalATK -> pos3 DMG 3225 (hp 0.770->0.185)
   [pos4] 2_113+1_3 -> pos1 DMG 1086 (hp 0.835->0.429)
   [pos4] 2_113+1_3 -> pos3 DMG 1022 (hp 0.766->0.166)
   [pos4] 2_113+1_3 -> pos1 DMG 1097 (hp 0.831->0.409)
   [pos4] 2_113+1_3 -> pos3 DMG 1062 (hp 0.762->0.147)
   [pos4] NormalATK -> pos3 DMG 2131 (hp 0.754->0.108)
-- Round 4 --
   [pos1] 2_66+4_6 -> pos4 DMG 1918 (hp 0.695->0.181)
   [pos1] 2_66+4_6 -> pos6 DMG 2516 (hp 0.833->0.444)
   [pos1] NormalATK -> pos6 DMG 3051 (hp 0.821->0.389)
   [pos1] 4_14+6 -> pos6 DMG 4463 (hp 0.805->0.308)
   [pos1] 4_14+4 -> pos4 DMG 3303 (hp 0.683->0.121)
   [pos1] 4_24+6 -> pos6 DMG 5369 (hp 0.786->0.210)
   [pos2] BEFORE -> pos2 BUFF 6 (hp 0.585->0.000)
   [pos2] BEFORE -> pos2 BUFF 70 (hp 0.585->0.000)
   [pos3] 2_118+1_3 -> pos3 BUFF 80 (hp 0.690->0.108)
   [pos3] 2_65+4_6 -> pos4 DMG 2400 (hp 0.674->0.077)
   [pos3] 2_65+4_6 -> pos6 DMG 3446 (hp 0.773->0.148)
   [pos3] NormalATK -> pos6 DMG 1752 (hp 0.767->0.116)
   [pos3] NormalATK -> pos4 DMG 1272 (hp 0.670->0.054)
   [pos6] NormalATK -> pos1 DMG 1578 (hp 0.783->0.380)
   [pos4] 2_133+1_3 -> pos1 DMG 1299 (hp 0.778->0.357)
   [pos4] 2_133+1_3 -> pos3 DMG 1335 (hp 0.685->0.084)
   [pos4] 2_138+1_3 -> pos1 DMG 2393 (hp 0.770->0.313)
   [pos4] 2_138+1_3 -> pos3 DMG 2365 (hp 0.676->0.041)
   [pos4] 2_66+1_3 -> pos1 DMG 920 (hp 0.766->0.296)
   [pos4] 2_66+1_3 -> pos3 DMG 846 (hp 0.673->0.025)
   [pos4] NormalATK -> pos3 DMG 1112 (hp 0.669->0.005)
-- Round 5 --
   [pos1] NormalATK -> pos6 DMG 2494 (hp 0.693->0.070)
   [pos1] 4_14+6 -> pos6 DMG 3872 (hp 0.576->0.000)
   [pos1] NormalATK -> pos4 DMG 1962 (hp 0.601->0.019)
   [pos3] NormalATK -> pos4 DMG 309 (hp 0.600->0.013)
   [pos3] NormalATK -> pos4 DMG 306 (hp 0.599->0.007)
   [pos4] 2_113+1_3 -> pos1 DMG 209 (hp 0.719->0.293)
   [pos4] 2_113+1_3 -> pos3 DMG 211 (hp 0.602->0.001)
   [pos4] 2_113+1_3 -> pos1 DMG 207 (hp 0.718->0.289)
   [pos4] 2_113+1_3 -> pos3 DMG 79 (hp 0.499->0.000)
   [pos4] NormalATK -> pos1 DMG 450 (hp 0.716->0.281)
-- Round 6 --
   [pos1] NormalATK -> pos4 DMG 404 (hp 0.436->0.000)
