=== Battle 195886461 | revela vs {自定义}-{敌方} | fightRet=1 | rounds=5 ===
-- init (fightPos: heroNum st/slv hp1 hp2) --
   pos1 hero28 st2/lv6 hp1=1.000 hp2=1.000
   pos2 hero117 st2/lv6 hp1=1.000 hp2=1.000
   pos3 hero46 st2/lv6 hp1=1.000 hp2=1.000
   pos4 hero99 st2/lv6 hp1=1.000 hp2=1.000
   pos5 hero87 st2/lv6 hp1=1.000 hp2=1.000
   pos6 hero108 st2/lv6 hp1=1.000 hp2=1.000
   [A] pos1 hero28 kills: normal=12781 skill=52061 skillsUsed=8
   [A] pos2 hero117 kills: normal=14634 skill=42327 skillsUsed=6
   [A] pos3 hero46 kills: normal=26863 skill=12334 skillsUsed=2
   [B] pos1 hero99 kills: normal=7386 skill=53014 skillsUsed=6
   [B] pos2 hero87 kills: normal=2235 skill=0 skillsUsed=0
   [B] pos3 hero108 kills: normal=7078 skill=33270 skillsUsed=4
-- Round 0 --
-- Round 1 --
   [pos1] 2_66+4_5_6 -> pos4 DMG 3597 (hp 0.987->0.935)
   [pos1] 2_66+4_5_6 -> pos5 DMG 5038 (hp 0.980->0.901)
   [pos1] 2_66+4_5_6 -> pos6 DMG 4909 (hp 0.982->0.911)
   [pos1] NormalATK -> pos4 DMG 4319 (hp 0.971->0.856)
   [pos1] 4_14+4 -> pos4 DMG 5838 (hp 0.950->0.750)
   [pos1] 4_24+4 -> pos4 DMG 7016 (hp 0.925->0.622)
   [pos2] NormalATK -> pos5 DMG 6482 (hp 0.955->0.774)
   [pos2] 4_29+5 -> pos2 BUFF 70 (hp 1.000->1.000)
   [pos2] 4_29+5 -> pos5 DMG 7476 (hp 0.926->0.628)
   [pos2] 4_29+5 -> pos5 DMG 757 (hp 0.923->0.613)
   [pos2] 4_30+5 -> pos5 DMG 8591 (hp 0.889->0.444)
   [pos2] 4_30+5 -> pos5 DMG 757 (hp 0.886->0.429)
   [pos2] 4_30+6 -> pos6 DMG 7738 (hp 0.954->0.770)
   [pos2] 4_30+6 -> pos6 DMG 757 (hp 0.951->0.756)
   [pos3] NormalATK -> pos5 DMG 6325 (hp 0.861->0.305)
   [pos3] NormalATK -> pos5 DMG 6720 (hp 0.835->0.174)
   [pos6] 2_126+3_1 -> pos3 DMG 5742 (hp 0.979->0.896)
   [pos6] 2_126+3_1 -> pos1 DMG 5635 (hp 0.980->0.898)
   [pos6] NormalATK -> pos3 DMG 3885 (hp 0.965->0.825)
   [pos4] 2_113+1_2_3 -> pos1 DMG 1858 (hp 0.973->0.864)
   [pos4] 2_113+1_2_3 -> pos2 DMG 1836 (hp 0.993->0.967)
   [pos4] 2_113+1_2_3 -> pos3 DMG 1646 (hp 0.959->0.795)
   [pos4] 2_113+1_2_3 -> pos1 DMG 1805 (hp 0.966->0.831)
   [pos4] 2_113+1_2_3 -> pos2 DMG 1693 (hp 0.987->0.936)
   [pos4] 2_113+1_2_3 -> pos3 DMG 1646 (hp 0.953->0.765)
   [pos4] 2_113+1_2_3 -> pos1 DMG 1840 (hp 0.960->0.797)
   [pos4] 2_113+1_2_3 -> pos2 DMG 1729 (hp 0.981->0.904)
   [pos4] 2_113+1_2_3 -> pos3 DMG 1680 (hp 0.947->0.735)
   [pos4] 2_133+2_1 -> pos2 DMG 4369 (hp 0.965->0.825)
   [pos4] 2_133+2_1 -> pos1 DMG 4469 (hp 0.943->0.716)
   [pos4] 2_133+2_1 -> pos2 BUFF 6 (hp 0.965->0.825)
   [pos4] 2_133+2_1 -> pos1 BUFF 6 (hp 0.943->0.716)
   [pos4] 2_66+1_2_3 -> pos1 DMG 3072 (hp 0.932->0.660)
   [pos4] 2_66+1_2_3 -> pos2 DMG 2973 (hp 0.954->0.771)
   [pos4] 2_66+1_2_3 -> pos3 DMG 3006 (hp 0.936->0.680)
   [pos4] NormalATK -> pos2 DMG 3641 (hp 0.941->0.705)
   [pos5] NormalATK -> pos3 DMG 2235 (hp 0.928->0.639)
-- Round 2 --
   [pos1] 2_66+4_5_6 -> pos4 DMG 2493 (hp 0.885->0.577)
   [pos1] 2_66+4_5_6 -> pos5 DMG 3704 (hp 0.754->0.101)
   [pos1] 2_66+4_5_6 -> pos6 DMG 3368 (hp 0.920->0.695)
   [pos1] NormalATK -> pos4 DMG 2992 (hp 0.874->0.523)
   [pos1] 4_24+4 -> pos4 DMG 9568 (hp 0.840->0.349)
   [pos2] BEFORE -> pos2 BUFF 70 (hp 0.917->0.705)
   [pos2] NormalATK -> pos6 DMG 4477 (hp 0.903->0.614)
   [pos2] 4_29+6 -> pos2 BUFF 70 (hp 0.917->0.705)
   [pos2] 4_29+6 -> pos6 DMG 5111 (hp 0.885->0.521)
   [pos2] 4_29+6 -> pos6 DMG 636 (hp 0.882->0.509)
   [pos3] 2_65+5_4 -> pos5 DMG 5150 (hp 0.631->0.000)
   [pos3] 2_65+5_4 -> pos4 DMG 7184 (hp 0.813->0.218)
   [pos3] NormalATK -> pos6 DMG 4889 (hp 0.865->0.420)
   [pos3] NormalATK -> pos6 DMG 4841 (hp 0.847->0.332)
   [pos6] 2_116+1_2_3 -> pos1 DMG 1263 (hp 0.900->0.637)
   [pos6] 2_116+1_2_3 -> pos2 DMG 1378 (hp 0.912->0.680)
   [pos6] 2_116+1_2_3 -> pos3 DMG 1199 (hp 0.895->0.617)
   [pos6] 2_116+1_2_3 -> pos1 DMG 1329 (hp 0.896->0.613)
   [pos6] 2_116+1_2_3 -> pos2 DMG 1339 (hp 0.908->0.655)
   [pos6] 2_116+1_2_3 -> pos3 DMG 1313 (hp 0.890->0.594)
   [pos6] 2_116+1_2_3 -> pos1 DMG 1355 (hp 0.891->0.589)
   [pos6] 2_116+1_2_3 -> pos2 DMG 1365 (hp 0.903->0.630)
   [pos6] 2_116+1_2_3 -> pos3 DMG 1199 (hp 0.886->0.572)
   [pos6] 2_126+3_2 -> pos3 DMG 3550 (hp 0.873->0.507)
   [pos6] 2_126+3_2 -> pos2 DMG 4002 (hp 0.888->0.558)
   [pos6] NormalATK -> pos3 DMG 2526 (hp 0.863->0.461)
   [pos4] 2_138+3_1 -> pos3 DMG 4980 (hp 0.845->0.371)
   [pos4] 2_138+3_1 -> pos1 DMG 4890 (hp 0.873->0.500)
   [pos4] 2_138+3_1 -> pos3 BUFF 6 (hp 0.845->0.371)
   [pos4] 2_66+1_2_3 -> pos1 DMG 1732 (hp 0.867->0.468)
   [pos4] 2_66+1_2_3 -> pos2 DMG 1837 (hp 0.881->0.524)
   [pos4] 2_66+1_2_3 -> pos3 DMG 1714 (hp 0.839->0.340)
   [pos4] NormalATK -> pos3 DMG 2036 (hp 0.832->0.303)
-- Round 3 --
   [pos1] NormalATK -> pos6 DMG 3164 (hp 0.784->0.275)
   [pos2] BEFORE -> pos2 BUFF 70 (hp 0.846->0.524)
   [pos2] NormalATK -> pos6 DMG 3675 (hp 0.771->0.208)
   [pos2] 4_29+6 -> pos2 BUFF 70 (hp 0.846->0.524)
   [pos2] 4_29+6 -> pos6 DMG 4726 (hp 0.754->0.122)
   [pos2] 4_29+6 -> pos6 DMG 549 (hp 0.752->0.112)
   [pos2] 4_30+6 -> pos6 DMG 4680 (hp 0.735->0.027)
   [pos2] 4_30+6 -> pos6 DMG 549 (hp 0.733->0.017)
   [pos3] 2_118+2_1 -> pos2 BUFF 80 (hp 0.846->0.524)
   [pos3] 2_118+2_1 -> pos1 BUFF 80 (hp 0.827->0.468)
   [pos3] NormalATK -> pos4 DMG 2075 (hp 0.746->0.180)
   [pos3] NormalATK -> pos4 DMG 2013 (hp 0.739->0.144)
   [pos6] 2_65+3_1 -> pos3 DMG 1286 (hp 0.774->0.279)
   [pos6] 2_65+3_1 -> pos1 DMG 1315 (hp 0.822->0.444)
   [pos6] NormalATK -> pos2 DMG 667 (hp 0.843->0.512)
   [pos4] 2_66+1_2_3 -> pos1 DMG 1439 (hp 0.817->0.418)
   [pos4] 2_66+1_2_3 -> pos2 DMG 1420 (hp 0.838->0.486)
   [pos4] 2_66+1_2_3 -> pos3 DMG 1380 (hp 0.769->0.254)
   [pos4] NormalATK -> pos1 DMG 1709 (hp 0.811->0.387)
-- Round 4 --
   [pos1] 2_66+4_6 -> pos4 DMG 1885 (hp 0.673->0.109)
   [pos1] 2_66+4_6 -> pos6 DMG 931 (hp 0.555->0.000)
   [pos1] NormalATK -> pos4 DMG 2306 (hp 0.664->0.068)
   [pos1] 4_14+4 -> pos4 DMG 3714 (hp 0.548->0.000)
