=== Battle 195886981 | revela vs {自定义}-{敌方} | fightRet=1 | rounds=5 ===
-- init (fightPos: heroNum st/slv hp1 hp2) --
   pos1 hero28 st2/lv6 hp1=1.000 hp2=1.000
   pos2 hero117 st2/lv6 hp1=1.000 hp2=1.000
   pos3 hero46 st2/lv6 hp1=1.000 hp2=1.000
   pos4 hero99 st2/lv6 hp1=1.000 hp2=1.000
   pos5 hero87 st2/lv6 hp1=1.000 hp2=1.000
   pos6 hero108 st2/lv6 hp1=1.000 hp2=1.000
   [A] pos1 hero28 kills: normal=17687 skill=69605 skillsUsed=10
   [A] pos2 hero117 kills: normal=15525 skill=32131 skillsUsed=5
   [A] pos3 hero46 kills: normal=26052 skill=0 skillsUsed=0
   [B] pos1 hero99 kills: normal=9801 skill=10381 skillsUsed=1
   [B] pos2 hero87 kills: normal=6822 skill=35092 skillsUsed=4
   [B] pos3 hero108 kills: normal=3602 skill=9082 skillsUsed=3
-- Round 0 --
-- Round 1 --
   [pos1] NormalATK -> pos6 DMG 5554 (hp 0.980->0.899)
   [pos1] 4_14+6 -> pos6 DMG 8450 (hp 0.949->0.745)
   [pos1] 4_24+6 -> pos6 DMG 9476 (hp 0.915->0.573)
   [pos2] 2_100+5 -> pos5 DMG 2454 (hp 0.990->0.952)
   [pos2] 2_100+5 -> pos5 DMG 2430 (hp 0.981->0.904)
   [pos2] 2_100+5 -> pos5 DMG 2478 (hp 0.971->0.856)
   [pos2] 2_100+5 -> pos5 DMG 2242 (hp 0.962->0.812)
   [pos2] 2_100+5 -> pos5 DMG 2242 (hp 0.954->0.768)
   [pos2] NormalATK -> pos6 DMG 6010 (hp 0.893->0.464)
   [pos2] 4_29+6 -> pos2 BUFF 70 (hp 1.000->1.000)
   [pos2] 4_29+6 -> pos6 DMG 7211 (hp 0.867->0.333)
   [pos2] 4_29+6 -> pos6 DMG 757 (hp 0.864->0.319)
   [pos3] NormalATK -> pos4 DMG 4522 (hp 0.984->0.918)
   [pos3] NormalATK -> pos4 DMG 4171 (hp 0.968->0.842)
   [pos6] NormalATK -> pos2 DMG 2761 (hp 0.990->0.950)
   [pos4] 2_66+1_2_3 -> pos1 DMG 3360 (hp 0.988->0.939)
   [pos4] 2_66+1_2_3 -> pos2 DMG 3492 (hp 0.977->0.886)
   [pos4] 2_66+1_2_3 -> pos3 DMG 3529 (hp 0.987->0.936)
   [pos4] NormalATK -> pos1 DMG 4245 (hp 0.972->0.862)
   [pos5] 2_92+1_2_3 -> pos1 DMG 2252 (hp 0.964->0.821)
   [pos5] 2_92+1_2_3 -> pos2 DMG 2290 (hp 0.969->0.845)
   [pos5] 2_92+1_2_3 -> pos3 DMG 2181 (hp 0.979->0.896)
   [pos5] 2_92+1_2_3 -> pos1 DMG 2141 (hp 0.956->0.782)
   [pos5] 2_92+1_2_3 -> pos2 DMG 2246 (hp 0.961->0.804)
   [pos5] 2_92+1_2_3 -> pos3 DMG 2203 (hp 0.971->0.856)
   [pos5] 2_92+1_2_3 -> pos1 DMG 2252 (hp 0.948->0.741)
   [pos5] 2_92+1_2_3 -> pos2 DMG 2135 (hp 0.953->0.765)
   [pos5] 2_92+1_2_3 -> pos3 DMG 2224 (hp 0.963->0.816)
   [pos5] 2_100+3 -> pos3 DMG 1637 (hp 0.957->0.786)
   [pos5] 2_100+3 -> pos3 DMG 1654 (hp 0.951->0.756)
   [pos5] 2_100+3 -> pos3 DMG 1637 (hp 0.945->0.726)
   [pos5] NormalATK -> pos2 DMG 4449 (hp 0.937->0.684)
-- Round 2 --
   [pos1] NormalATK -> pos5 DMG 5634 (hp 0.913->0.657)
   [pos1] 4_14+5 -> pos5 DMG 7999 (hp 0.882->0.500)
   [pos1] 4_14+4 -> pos4 DMG 4924 (hp 0.938->0.752)
   [pos1] 4_24+5 -> pos5 DMG 9066 (hp 0.846->0.323)
   [pos2] BEFORE -> pos2 BUFF 70 (hp 0.912->0.684)
   [pos2] NormalATK -> pos6 DMG 4784 (hp 0.792->0.232)
   [pos2] 4_29+6 -> pos2 BUFF 70 (hp 0.912->0.684)
   [pos2] 4_29+6 -> pos6 DMG 5399 (hp 0.772->0.134)
   [pos2] 4_29+6 -> pos6 DMG 627 (hp 0.770->0.122)
   [pos3] NormalATK -> pos5 DMG 5897 (hp 0.823->0.207)
   [pos3] NormalATK -> pos6 DMG 5159 (hp 0.751->0.029)
   [pos6] 2_116+1_2_3 -> pos1 DMG 404 (hp 0.926->0.734)
   [pos6] 2_116+1_2_3 -> pos2 DMG 411 (hp 0.910->0.677)
   [pos6] 2_116+1_2_3 -> pos3 DMG 373 (hp 0.922->0.719)
   [pos6] 2_116+1_2_3 -> pos1 DMG 385 (hp 0.925->0.727)
   [pos6] 2_116+1_2_3 -> pos2 DMG 399 (hp 0.909->0.669)
   [pos6] 2_116+1_2_3 -> pos3 DMG 388 (hp 0.921->0.712)
   [pos6] 2_116+1_2_3 -> pos1 DMG 408 (hp 0.923->0.719)
   [pos6] 2_116+1_2_3 -> pos2 DMG 411 (hp 0.907->0.662)
   [pos6] 2_116+1_2_3 -> pos3 DMG 392 (hp 0.919->0.705)
   [pos6] 2_126+2_3 -> pos2 DMG 1194 (hp 0.903->0.640)
   [pos6] 2_126+2_3 -> pos3 DMG 1172 (hp 0.915->0.684)
   [pos6] 2_65+3_2 -> pos3 DMG 1526 (hp 0.909->0.656)
   [pos6] 2_65+3_2 -> pos2 DMG 1619 (hp 0.897->0.611)
   [pos6] NormalATK -> pos2 DMG 841 (hp 0.894->0.595)
   [pos4] NormalATK -> pos3 DMG 4006 (hp 0.895->0.583)
   [pos5] 2_92+1_2_3 -> pos1 DMG 1173 (hp 0.919->0.698)
   [pos5] 2_92+1_2_3 -> pos2 DMG 1170 (hp 0.890->0.574)
   [pos5] 2_92+1_2_3 -> pos3 DMG 1059 (hp 0.891->0.564)
   [pos5] 2_103+1_2_3 -> pos1 DMG 1196 (hp 0.915->0.676)
   [pos5] 2_103+1_2_3 -> pos2 DMG 1205 (hp 0.885->0.552)
   [pos5] 2_103+1_2_3 -> pos3 DMG 1081 (hp 0.887->0.544)
   [pos5] 2_103+1_2_3 -> pos1 DMG 1173 (hp 0.910->0.655)
   [pos5] 2_103+1_2_3 -> pos2 DMG 1124 (hp 0.881->0.532)
   [pos5] 2_103+1_2_3 -> pos3 DMG 1059 (hp 0.883->0.525)
   [pos5] NormalATK -> pos1 DMG 2373 (hp 0.902->0.612)
-- Round 3 --
   [pos1] 2_66+4_5_6 -> pos4 DMG 2761 (hp 0.909->0.702)
   [pos1] 2_66+4_5_6 -> pos5 DMG 4103 (hp 0.745->0.127)
   [pos1] 2_66+4_5_6 -> pos6 DMG 1573 (hp 0.570->0.000)
   [pos1] NormalATK -> pos4 DMG 3379 (hp 0.897->0.641)
   [pos1] 4_14+4 -> pos4 DMG 7728 (hp 0.869->0.500)
   [pos1] 4_24+4 -> pos4 DMG 9881 (hp 0.833->0.321)
   [pos2] BEFORE -> pos2 BUFF 70 (hp 0.846->0.532)
   [pos2] 2_100+4 -> pos4 DMG 1170 (hp 0.829->0.299)
   [pos2] 2_100+4 -> pos4 DMG 1159 (hp 0.825->0.278)
   [pos2] 2_100+4 -> pos4 DMG 1136 (hp 0.820->0.258)
   [pos2] 2_100+4 -> pos4 DMG 1102 (hp 0.816->0.238)
   [pos2] NormalATK -> pos5 DMG 4731 (hp 0.727->0.034)
   [pos2] 4_29+5 -> pos2 BUFF 70 (hp 0.846->0.532)
   [pos2] 4_29+5 -> pos5 DMG 1724 (hp 0.617->0.000)
   [pos3] NormalATK -> pos4 DMG 3088 (hp 0.805->0.181)
   [pos3] NormalATK -> pos4 DMG 3215 (hp 0.794->0.123)
   [pos4] NormalATK -> pos3 DMG 1550 (hp 0.842->0.497)
-- Round 4 --
   [pos1] NormalATK -> pos4 DMG 3120 (hp 0.715->0.066)
   [pos1] 4_14+4 -> pos4 DMG 3644 (hp 0.599->0.000)
