=== Battle 195940742 | revela vs {自定义}-{敌方} | fightRet=2 | rounds=8 ===
-- init (fightPos: heroNum st/slv hp1 hp2) --
   pos1 hero28 st2/lv6 hp1=1.000 hp2=1.000
   pos2 hero117 st2/lv6 hp1=1.000 hp2=1.000
   pos3 hero46 st2/lv6 hp1=1.000 hp2=1.000
   pos4 hero99 st2/lv6 hp1=1.000 hp2=1.000
   pos5 hero87 st2/lv6 hp1=1.000 hp2=1.000
   pos6 hero108 st2/lv6 hp1=1.000 hp2=1.000
   [A] pos1 hero28 kills: normal=25119 skill=63692 skillsUsed=13
   [A] pos2 hero117 kills: normal=8399 skill=21276 skillsUsed=7
   [A] pos3 hero46 kills: normal=35240 skill=15809 skillsUsed=5
   [B] pos1 hero99 kills: normal=25900 skill=72618 skillsUsed=8
   [B] pos2 hero87 kills: normal=5292 skill=6193 skillsUsed=2
   [B] pos3 hero108 kills: normal=8341 skill=46656 skillsUsed=5
-- Round 0 --
   [pos4] 1_19+6_5_4 -> pos6 BUFF 8 (hp 1.000->1.000)
   [pos4] 1_19+6_5_4 -> pos5 BUFF 8 (hp 1.000->1.000)
   [pos4] 1_19+6_5_4 -> pos4 BUFF 107 (hp 1.000->1.000)
   [pos4] 1_19+6_5_4 -> pos4 BUFF 10 (hp 1.000->1.000)
-- Round 1 --
   [pos1] 2_66+4_5_6 -> pos4 DMG 2993 (hp 0.989->0.946)
   [pos1] 2_66+4_5_6 -> pos5 DMG 3685 (hp 0.986->0.928)
   [pos1] 2_66+4_5_6 -> pos6 DMG 3458 (hp 0.987->0.937)
   [pos1] NormalATK -> pos5 DMG 4515 (hp 0.968->0.839)
   [pos1] 4_24+5 -> pos5 DMG 8112 (hp 0.936->0.680)
   [pos2] NormalATK -> pos4 DMG 3141 (hp 0.978->0.888)
   [pos2] 4_29+4 -> pos2 BUFF 70 (hp 1.000->1.000)
   [pos2] 4_29+4 -> pos4 DMG 3585 (hp 0.965->0.823)
   [pos2] 4_29+4 -> pos4 DMG 698 (hp 0.962->0.811)
   [pos3] 2_118+1_2 -> pos1 BUFF 80 (hp 1.000->1.000)
   [pos3] 2_118+1_2 -> pos2 BUFF 80 (hp 1.000->1.000)
   [pos3] NormalATK -> pos5 DMG 5221 (hp 0.916->0.578)
   [pos3] NormalATK -> pos5 DMG 4823 (hp 0.897->0.483)
   [pos6] 2_126+3_2 -> pos3 DMG 6390 (hp 0.977->0.884)
   [pos6] 2_126+3_2 -> pos2 DMG 6448 (hp 0.977->0.883)
   [pos6] NormalATK -> pos2 DMG 4817 (hp 0.959->0.795)
   [pos4] BEFORE -> pos4 HEAL 5401 (hp 0.962->0.909)
   [pos4] 2_113+1_2_3 -> pos1 DMG 2180 (hp 0.992->0.960)
   [pos4] 2_113+1_2_3 -> pos2 DMG 2110 (hp 0.951->0.757)
   [pos4] 2_113+1_2_3 -> pos3 DMG 2008 (hp 0.969->0.847)
   [pos4] 2_113+1_2_3 -> pos1 DMG 2202 (hp 0.984->0.920)
   [pos4] 2_113+1_2_3 -> pos2 DMG 2132 (hp 0.944->0.718)
   [pos4] 2_113+1_2_3 -> pos3 DMG 2153 (hp 0.962->0.808)
   [pos4] NormalATK -> pos2 DMG 4667 (hp 0.927->0.633)
   [pos5] 2_100+2 -> pos2 DMG 1201 (hp 0.922->0.611)
   [pos5] 2_100+2 -> pos2 DMG 1086 (hp 0.918->0.592)
   [pos5] 2_100+2 -> pos2 DMG 1166 (hp 0.914->0.570)
   [pos5] NormalATK -> pos2 DMG 2990 (hp 0.903->0.516)
-- Round 2 --
   [pos1] NormalATK -> pos6 DMG 4268 (hp 0.967->0.860)
   [pos1] 4_14+6 -> pos6 DMG 5594 (hp 0.947->0.758)
   [pos1] 4_24+6 -> pos6 DMG 7440 (hp 0.920->0.623)
   [pos2] BEFORE -> pos2 BUFF 70 (hp 0.865->0.516)
   [pos2] NormalATK -> pos6 DMG 2504 (hp 0.910->0.577)
   [pos2] 4_29+6 -> pos2 BUFF 70 (hp 0.865->0.516)
   [pos2] 4_29+6 -> pos6 DMG 2886 (hp 0.900->0.525)
   [pos2] 4_29+6 -> pos6 DMG 502 (hp 0.898->0.515)
   [pos2] 4_31+6 -> pos6 DMG 2455 (hp 0.889->0.471)
   [pos2] 4_31+6 -> pos6 DMG 502 (hp 0.887->0.462)
   [pos2] 4_31+6 -> pos6 DMG 1126 (hp 0.883->0.441)
   [pos2] 4_31+6 -> pos6 DMG 502 (hp 0.881->0.432)
   [pos2] NormalATK -> pos5 DMG 2754 (hp 0.845->0.429)
   [pos2] NormalATK -> pos5 DMG 502 (hp 0.843->0.419)
   [pos2] 4_29+5 -> pos5 DMG 3140 (hp 0.830->0.358)
   [pos2] 4_29+5 -> pos5 DMG 502 (hp 0.828->0.348)
   [pos2] 4_31+5 -> pos5 DMG 2671 (hp 0.818->0.296)
   [pos2] 4_31+5 -> pos5 DMG 502 (hp 0.816->0.286)
   [pos2] 4_31+5 -> pos5 DMG 1201 (hp 0.811->0.262)
   [pos2] 4_31+5 -> pos5 DMG 502 (hp 0.809->0.252)
   [pos3] NormalATK -> pos6 DMG 3903 (hp 0.867->0.361)
   [pos3] NormalATK -> pos4 DMG 3522 (hp 0.944->0.845)
   [pos6] 2_116+1_2_3 -> pos1 DMG 1344 (hp 0.973->0.896)
   [pos6] 2_116+1_2_3 -> pos2 DMG 1422 (hp 0.859->0.490)
   [pos6] 2_116+1_2_3 -> pos3 DMG 1302 (hp 0.942->0.784)
   [pos6] 2_116+1_2_3 -> pos1 DMG 1303 (hp 0.968->0.872)
   [pos6] 2_116+1_2_3 -> pos2 DMG 1381 (hp 0.854->0.465)
   [pos6] 2_116+1_2_3 -> pos3 DMG 1342 (hp 0.937->0.760)
   [pos6] 2_116+1_2_3 -> pos1 DMG 1412 (hp 0.963->0.847)
   [pos6] 2_116+1_2_3 -> pos2 DMG 1422 (hp 0.849->0.439)
   [pos6] 2_116+1_2_3 -> pos3 DMG 1250 (hp 0.932->0.737)
   [pos6] 2_126+2_1 -> pos2 DMG 4210 (hp 0.834->0.363)
   [pos6] 2_126+2_1 -> pos1 DMG 4060 (hp 0.948->0.773)
   [pos6] 2_65+2_3 -> pos2 DMG 6006 (hp 0.812->0.253)
   [pos6] 2_65+2_3 -> pos3 DMG 5720 (hp 0.911->0.633)
   [pos6] NormalATK -> pos3 DMG 2880 (hp 0.901->0.581)
   [pos4] BEFORE -> pos4 HEAL 5459 (hp 0.944->0.944)
   [pos4] 2_113+1_2_3 -> pos1 DMG 2266 (hp 0.940->0.732)
   [pos4] 2_113+1_2_3 -> pos2 DMG 2085 (hp 0.804->0.216)
   [pos4] 2_113+1_2_3 -> pos3 DMG 2216 (hp 0.893->0.541)
   [pos4] 2_113+1_2_3 -> pos1 DMG 2222 (hp 0.932->0.691)
   [pos4] 2_113+1_2_3 -> pos2 DMG 2282 (hp 0.796->0.174)
   [pos4] 2_113+1_2_3 -> pos3 DMG 2216 (hp 0.885->0.500)
   [pos4] 2_113+1_2_3 -> pos1 DMG 2070 (hp 0.924->0.653)
   [pos4] 2_113+1_2_3 -> pos2 DMG 2216 (hp 0.788->0.134)
   [pos4] 2_113+1_2_3 -> pos3 DMG 2026 (hp 0.877->0.464)
   [pos4] NormalATK -> pos2 DMG 4619 (hp 0.771->0.050)
   [pos5] 2_100+2 -> pos2 DMG 869 (hp 0.768->0.034)
   [pos5] 2_100+2 -> pos2 DMG 844 (hp 0.765->0.019)
   [pos5] 2_100+2 -> pos2 DMG 803 (hp 0.762->0.004)
   [pos5] 2_100+2 -> pos2 DMG 224 (hp 0.658->0.000)
   [pos5] NormalATK -> pos1 DMG 2302 (hp 0.916->0.612)
-- Round 3 --
   [pos1] 2_66+4_5_6 -> pos4 DMG 2514 (hp 0.935->0.898)
   [pos1] 2_66+4_5_6 -> pos5 DMG 2975 (hp 0.742->0.194)
   [pos1] 2_66+4_5_6 -> pos6 DMG 2898 (hp 0.806->0.308)
   [pos1] NormalATK -> pos6 DMG 3447 (hp 0.794->0.246)
   [pos1] 4_24+6 -> pos6 DMG 6185 (hp 0.771->0.133)
   [pos2] BEFORE -> pos2 BUFF 70 (hp 0.658->0.000)
   [pos3] 2_118+1_3 -> pos3 BUFF 80 (hp 0.836->0.464)
   [pos3] 2_65+6_5 -> pos6 DMG 6429 (hp 0.748->0.016)
   [pos3] 2_65+6_5 -> pos5 DMG 6589 (hp 0.716->0.065)
   [pos3] NormalATK -> pos4 DMG 2862 (hp 0.924->0.846)
   [pos3] NormalATK -> pos5 DMG 3306 (hp 0.600->0.000)
   [pos6] 2_117+1_3 -> pos1 DMG 409 (hp 0.884->0.604)
   [pos6] 2_117+1_3 -> pos3 DMG 396 (hp 0.835->0.456)
   [pos6] 2_117+1_3 -> pos1 DMG 426 (hp 0.883->0.596)
   [pos6] 2_117+1_3 -> pos3 DMG 413 (hp 0.833->0.449)
   [pos6] NormalATK -> pos3 DMG 644 (hp 0.831->0.437)
   [pos4] BEFORE -> pos4 HEAL 4302 (hp 0.924->0.924)
   [pos4] 2_113+1_3 -> pos1 DMG 2112 (hp 0.875->0.558)
   [pos4] 2_113+1_3 -> pos3 DMG 1984 (hp 0.824->0.401)
   [pos4] 2_113+1_3 -> pos1 DMG 2134 (hp 0.867->0.519)
   [pos4] 2_113+1_3 -> pos3 DMG 2026 (hp 0.816->0.364)
   [pos4] NormalATK -> pos1 DMG 4537 (hp 0.851->0.437)
-- Round 4 --
   [pos1] 2_66+4_6 -> pos4 DMG 2146 (hp 0.917->0.885)
   [pos1] 2_66+4_6 -> pos6 DMG 901 (hp 0.568->0.000)
   [pos1] NormalATK -> pos4 DMG 2653 (hp 0.907->0.837)
   [pos1] NormalATK -> pos4 DMG 2653 (hp 0.897->0.789)
   [pos3] NormalATK -> pos4 DMG 2489 (hp 0.888->0.744)
   [pos3] NormalATK -> pos4 DMG 2343 (hp 0.880->0.701)
   [pos6] BEFORE -> pos6 BUFF 8 (hp 0.568->0.000)
   [pos4] BEFORE -> pos4 HEAL 5572 (hp 0.880->0.802)
   [pos4] 2_113+1_3 -> pos1 DMG 2089 (hp 0.802->0.399)
   [pos4] 2_113+1_3 -> pos3 DMG 1868 (hp 0.764->0.330)
   [pos4] 2_113+1_3 -> pos1 DMG 1948 (hp 0.795->0.363)
   [pos4] 2_113+1_3 -> pos3 DMG 1965 (hp 0.757->0.295)
   [pos4] NormalATK -> pos3 DMG 3974 (hp 0.743->0.222)
   [pos5] BEFORE -> pos5 BUFF 8 (hp 0.600->0.000)
-- Round 5 --
   [pos1] NormalATK -> pos4 DMG 2375 (hp 0.864->0.759)
   [pos1] 4_24+4 -> pos4 DMG 3855 (hp 0.849->0.689)
   [pos1] NormalATK -> pos4 DMG 2282 (hp 0.841->0.648)
   [pos1] 4_24+4 -> pos4 DMG 3895 (hp 0.827->0.577)
   [pos2] BEFORE -> pos2 BUFF 80 (hp 0.658->0.000)
   [pos3] BEFORE -> pos3 BUFF 80 (hp 0.691->0.222)
   [pos3] NormalATK -> pos4 DMG 1967 (hp 0.820->0.541)
   [pos3] NormalATK -> pos4 DMG 2005 (hp 0.813->0.505)
   [pos4] BEFORE -> pos4 HEAL 5515 (hp 0.813->0.605)
   [pos4] 2_113+1_3 -> pos1 DMG 1710 (hp 0.745->0.332)
   [pos4] 2_113+1_3 -> pos3 DMG 1724 (hp 0.684->0.191)
   [pos4] 2_113+1_3 -> pos1 DMG 1710 (hp 0.739->0.301)
   [pos4] 2_113+1_3 -> pos3 DMG 1724 (hp 0.678->0.160)
   [pos4] 2_113+1_3 -> pos1 DMG 1832 (hp 0.732->0.268)
   [pos4] 2_113+1_3 -> pos3 DMG 1758 (hp 0.672->0.128)
   [pos4] NormalATK -> pos1 DMG 3599 (hp 0.719->0.202)
-- Round 6 --
   [pos1] BEFORE -> pos1 BUFF 80 (hp 0.668->0.202)
   [pos1] 2_66+4 -> pos4 DMG 1365 (hp 0.787->0.580)
   [pos1] NormalATK -> pos4 DMG 1672 (hp 0.781->0.550)
   [pos1] 4_14+4 -> pos4 DMG 2521 (hp 0.772->0.504)
   [pos1] 4_24+4 -> pos4 DMG 3155 (hp 0.760->0.447)
   [pos3] 2_65+4 -> pos4 DMG 2791 (hp 0.750->0.396)
   [pos3] NormalATK -> pos4 DMG 1421 (hp 0.745->0.370)
   [pos3] NormalATK -> pos4 DMG 1378 (hp 0.740->0.345)
   [pos4] BEFORE -> pos4 HEAL 5515 (hp 0.740->0.445)
   [pos4] 2_113+1_3 -> pos1 DMG 1483 (hp 0.662->0.175)
   [pos4] 2_113+1_3 -> pos3 DMG 1407 (hp 0.612->0.102)
   [pos4] 2_113+1_3 -> pos1 DMG 1453 (hp 0.657->0.149)
   [pos4] 2_113+1_3 -> pos3 DMG 1465 (hp 0.607->0.075)
   [pos4] 2_66+1_3 -> pos1 DMG 2471 (hp 0.648->0.104)
   [pos4] 2_66+1_3 -> pos3 DMG 2543 (hp 0.598->0.029)
   [pos4] NormalATK -> pos3 DMG 1606 (hp 0.489->0.000)
-- Round 7 --
   [pos1] NormalATK -> pos4 DMG 1254 (hp 0.706->0.422)
   [pos4] BEFORE -> pos4 HEAL 5742 (hp 0.706->0.527)
   [pos4] 2_66+1 -> pos1 DMG 2828 (hp 0.583->0.053)
   [pos4] NormalATK -> pos1 DMG 2898 (hp 0.471->0.000)
