=== Battle 195941130 | revela vs {自定义}-{敌方} | fightRet=1 | rounds=5 ===
-- init (fightPos: heroNum st/slv hp1 hp2) --
   pos1 hero28 st2/lv6 hp1=1.000 hp2=1.000
   pos2 hero117 st2/lv6 hp1=1.000 hp2=1.000
   pos3 hero46 st2/lv6 hp1=1.000 hp2=1.000
   pos4 hero99 st2/lv6 hp1=1.000 hp2=1.000
   pos5 hero87 st2/lv6 hp1=1.000 hp2=1.000
   pos6 hero108 st2/lv6 hp1=1.000 hp2=1.000
   [A] pos1 hero28 kills: normal=17097 skill=67510 skillsUsed=11
   [A] pos2 hero117 kills: normal=10859 skill=44359 skillsUsed=11
   [A] pos3 hero46 kills: normal=22203 skill=14688 skillsUsed=2
   [B] pos1 hero99 kills: normal=11072 skill=20383 skillsUsed=2
   [B] pos2 hero87 kills: normal=2358 skill=17216 skillsUsed=2
   [B] pos3 hero108 kills: normal=5854 skill=26836 skillsUsed=3
-- Round 0 --
   [pos4] 1_19+6_5_4 -> pos6 BUFF 8 (hp 1.000->1.000)
   [pos4] 1_19+6_5_4 -> pos5 BUFF 8 (hp 1.000->1.000)
   [pos4] 1_19+6_5_4 -> pos4 BUFF 107 (hp 1.000->1.000)
   [pos4] 1_19+6_5_4 -> pos4 BUFF 10 (hp 1.000->1.000)
-- Round 1 --
   [pos1] NormalATK -> pos6 DMG 4149 (hp 0.985->0.925)
   [pos1] 4_14+6 -> pos6 DMG 5953 (hp 0.963->0.816)
   [pos1] 4_14+5 -> pos5 DMG 6612 (hp 0.974->0.870)
   [pos1] 4_24+6 -> pos6 DMG 7905 (hp 0.935->0.673)
   [pos2] NormalATK -> pos5 DMG 3602 (hp 0.960->0.800)
   [pos2] 4_29+5 -> pos2 BUFF 70 (hp 1.000->1.000)
   [pos2] 4_29+5 -> pos5 DMG 4596 (hp 0.942->0.710)
   [pos2] 4_29+5 -> pos5 DMG 698 (hp 0.939->0.696)
   [pos2] 4_30+5 -> pos5 DMG 5028 (hp 0.920->0.597)
   [pos2] 4_30+5 -> pos5 DMG 698 (hp 0.917->0.584)
   [pos2] 4_30+4 -> pos4 DMG 4163 (hp 0.985->0.924)
   [pos2] 4_30+4 -> pos4 DMG 698 (hp 0.982->0.912)
   [pos2] 4_31+5 -> pos5 DMG 3641 (hp 0.903->0.512)
   [pos2] 4_31+5 -> pos5 DMG 698 (hp 0.900->0.499)
   [pos3] NormalATK -> pos5 DMG 4774 (hp 0.881->0.405)
   [pos3] NormalATK -> pos5 DMG 4724 (hp 0.863->0.312)
   [pos6] 2_126+1_3 -> pos1 DMG 5205 (hp 0.981->0.905)
   [pos6] 2_126+1_3 -> pos3 DMG 5468 (hp 0.980->0.901)
   [pos6] NormalATK -> pos2 DMG 4004 (hp 0.985->0.927)
   [pos4] BEFORE -> pos4 HEAL 3890 (hp 0.982->0.982)
   [pos4] NormalATK -> pos3 DMG 4352 (hp 0.964->0.821)
   [pos5] 2_92+1_2_3 -> pos1 DMG 1134 (hp 0.977->0.885)
   [pos5] 2_92+1_2_3 -> pos2 DMG 1143 (hp 0.981->0.906)
   [pos5] 2_92+1_2_3 -> pos3 DMG 1110 (hp 0.960->0.801)
   [pos5] 2_92+1_2_3 -> pos1 DMG 1181 (hp 0.973->0.863)
   [pos5] 2_92+1_2_3 -> pos2 DMG 1143 (hp 0.977->0.886)
   [pos5] 2_92+1_2_3 -> pos3 DMG 1189 (hp 0.956->0.780)
   [pos5] 2_103+1_2_3 -> pos1 DMG 1158 (hp 0.968->0.842)
   [pos5] 2_103+1_2_3 -> pos2 DMG 1120 (hp 0.973->0.865)
   [pos5] 2_103+1_2_3 -> pos3 DMG 1155 (hp 0.952->0.759)
   [pos5] 2_103+1_2_3 -> pos1 DMG 1205 (hp 0.964->0.820)
   [pos5] 2_103+1_2_3 -> pos2 DMG 1155 (hp 0.969->0.844)
   [pos5] 2_103+1_2_3 -> pos3 DMG 1087 (hp 0.948->0.739)
   [pos5] 2_103+1_2_3 -> pos1 DMG 1123 (hp 0.960->0.800)
   [pos5] 2_103+1_2_3 -> pos2 DMG 1226 (hp 0.964->0.822)
   [pos5] 2_103+1_2_3 -> pos3 DMG 1087 (hp 0.944->0.719)
   [pos5] NormalATK -> pos2 DMG 2358 (hp 0.956->0.779)
-- Round 2 --
   [pos1] NormalATK -> pos5 DMG 3997 (hp 0.792->0.234)
   [pos1] 4_14+5 -> pos5 DMG 10111 (hp 0.752->0.036)
   [pos1] 4_14+6 -> pos6 DMG 9770 (hp 0.873->0.495)
   [pos1] 4_24+5 -> pos5 DMG 1821 (hp 0.642->0.000)
   [pos2] BEFORE -> pos2 BUFF 70 (hp 0.938->0.779)
   [pos2] 2_100+6 -> pos6 DMG 1153 (hp 0.869->0.474)
   [pos2] 2_100+6 -> pos6 DMG 1164 (hp 0.864->0.453)
   [pos2] 2_100+6 -> pos6 DMG 1164 (hp 0.860->0.432)
   [pos2] 2_100+6 -> pos6 DMG 1095 (hp 0.856->0.412)
   [pos2] 2_100+6 -> pos6 DMG 1153 (hp 0.852->0.391)
   [pos2] NormalATK -> pos4 DMG 2800 (hp 0.972->0.931)
   [pos2] 4_29+4 -> pos2 BUFF 70 (hp 0.938->0.779)
   [pos2] 4_29+4 -> pos4 DMG 3327 (hp 0.960->0.871)
   [pos2] 4_29+4 -> pos4 DMG 616 (hp 0.958->0.860)
   [pos2] 4_31+4 -> pos4 DMG 2637 (hp 0.948->0.812)
   [pos2] 4_31+4 -> pos4 DMG 616 (hp 0.946->0.801)
   [pos2] 4_31+4 -> pos4 DMG 1247 (hp 0.941->0.778)
   [pos2] 4_31+4 -> pos4 DMG 616 (hp 0.939->0.767)
   [pos3] 2_65+4_6 -> pos4 DMG 7075 (hp 0.914->0.638)
   [pos3] 2_65+4_6 -> pos6 DMG 7613 (hp 0.824->0.252)
   [pos3] NormalATK -> pos6 DMG 3912 (hp 0.810->0.181)
   [pos3] NormalATK -> pos4 DMG 3288 (hp 0.902->0.578)
   [pos6] 2_117+1_2_3 -> pos1 DMG 1352 (hp 0.939->0.775)
   [pos6] 2_117+1_2_3 -> pos2 DMG 1403 (hp 0.933->0.754)
   [pos6] 2_117+1_2_3 -> pos3 DMG 1233 (hp 0.917->0.697)
   [pos6] 2_117+1_2_3 -> pos1 DMG 1339 (hp 0.934->0.751)
   [pos6] 2_117+1_2_3 -> pos2 DMG 1270 (hp 0.928->0.731)
   [pos6] 2_117+1_2_3 -> pos3 DMG 1272 (hp 0.912->0.674)
   [pos6] 2_65+2_1 -> pos2 DMG 4184 (hp 0.913->0.654)
   [pos6] 2_65+2_1 -> pos1 DMG 4110 (hp 0.919->0.676)
   [pos6] NormalATK -> pos3 DMG 1850 (hp 0.906->0.640)
   [pos4] BEFORE -> pos4 HEAL 5856 (hp 0.902->0.685)
   [pos4] 2_113+1_2_3 -> pos1 DMG 1837 (hp 0.913->0.643)
   [pos4] 2_113+1_2_3 -> pos2 DMG 1813 (hp 0.907->0.621)
   [pos4] 2_113+1_2_3 -> pos3 DMG 1709 (hp 0.899->0.609)
   [pos4] 2_113+1_2_3 -> pos1 DMG 1893 (hp 0.906->0.608)
   [pos4] 2_113+1_2_3 -> pos2 DMG 1926 (hp 0.900->0.586)
   [pos4] 2_113+1_2_3 -> pos3 DMG 1745 (hp 0.893->0.577)
   [pos4] 2_66+1_2_3 -> pos1 DMG 3095 (hp 0.895->0.552)
   [pos4] 2_66+1_2_3 -> pos2 DMG 3150 (hp 0.888->0.529)
   [pos4] 2_66+1_2_3 -> pos3 DMG 3215 (hp 0.881->0.519)
   [pos4] NormalATK -> pos3 DMG 3785 (hp 0.868->0.450)
-- Round 3 --
   [pos1] 2_66+4_6 -> pos4 DMG 2460 (hp 0.871->0.640)
   [pos1] 2_66+4_6 -> pos6 DMG 2702 (hp 0.737->0.132)
   [pos1] NormalATK -> pos6 DMG 3244 (hp 0.726->0.073)
   [pos1] 4_14+6 -> pos6 DMG 4023 (hp 0.608->0.000)
   [pos1] 4_14+4 -> pos4 DMG 7036 (hp 0.845->0.512)
   [pos2] BEFORE -> pos2 BUFF 70 (hp 0.852->0.529)
   [pos2] NormalATK -> pos4 DMG 2309 (hp 0.837->0.470)
   [pos2] 4_29+4 -> pos2 BUFF 70 (hp 0.852->0.529)
   [pos2] 4_29+4 -> pos4 DMG 2663 (hp 0.827->0.422)
   [pos2] 4_29+4 -> pos4 DMG 508 (hp 0.825->0.412)
   [pos3] 2_118+2_1 -> pos2 BUFF 80 (hp 0.852->0.529)
   [pos3] 2_118+2_1 -> pos1 BUFF 80 (hp 0.860->0.552)
   [pos3] NormalATK -> pos4 DMG 2739 (hp 0.816->0.363)
   [pos3] NormalATK -> pos4 DMG 2766 (hp 0.805->0.312)
   [pos4] BEFORE -> pos4 HEAL 5970 (hp 0.805->0.421)
   [pos4] NormalATK -> pos2 DMG 2935 (hp 0.842->0.476)
-- Round 4 --
   [pos1] NormalATK -> pos4 DMG 2726 (hp 0.757->0.371)
   [pos1] NormalATK -> pos4 DMG 2981 (hp 0.746->0.317)
   [pos1] 4_14+4 -> pos4 DMG 3870 (hp 0.732->0.247)
   [pos1] 4_24+4 -> pos4 DMG 5247 (hp 0.713->0.151)
   [pos2] BEFORE -> pos2 BUFF 70 (hp 0.805->0.476)
   [pos2] NormalATK -> pos4 DMG 2148 (hp 0.705->0.112)
   [pos2] 4_29+4 -> pos2 BUFF 70 (hp 0.805->0.476)
   [pos2] 4_29+4 -> pos4 DMG 2577 (hp 0.696->0.066)
   [pos2] 4_29+4 -> pos4 DMG 482 (hp 0.694->0.057)
   [pos2] 4_30+4 -> pos4 DMG 2903 (hp 0.684->0.004)
   [pos2] 4_30+4 -> pos4 DMG 218 (hp 0.580->0.000)
