=== Battle 195941423 | revela vs {自定义}-{敌方} | fightRet=1 | rounds=5 ===
-- init (fightPos: heroNum st/slv hp1 hp2) --
   pos1 hero28 st2/lv6 hp1=1.000 hp2=1.000
   pos2 hero117 st2/lv6 hp1=1.000 hp2=1.000
   pos3 hero46 st2/lv6 hp1=1.000 hp2=1.000
   pos4 hero99 st2/lv6 hp1=1.000 hp2=1.000
   pos5 hero87 st2/lv6 hp1=1.000 hp2=1.000
   pos6 hero108 st2/lv6 hp1=1.000 hp2=1.000
   [A] pos1 hero28 kills: normal=21800 skill=61446 skillsUsed=9
   [A] pos2 hero117 kills: normal=15090 skill=47234 skillsUsed=19
   [A] pos3 hero46 kills: normal=27572 skill=0 skillsUsed=4
   [B] pos1 hero99 kills: normal=12299 skill=43053 skillsUsed=4
   [B] pos2 hero87 kills: normal=2778 skill=6263 skillsUsed=1
   [B] pos3 hero108 kills: normal=5501 skill=15312 skillsUsed=2
-- Round 0 --
   [pos4] 1_19+5_6_4 -> pos5 BUFF 8 (hp 1.000->1.000)
   [pos4] 1_19+5_6_4 -> pos6 BUFF 8 (hp 1.000->1.000)
   [pos4] 1_19+5_6_4 -> pos4 BUFF 107 (hp 1.000->1.000)
   [pos4] 1_19+5_6_4 -> pos4 BUFF 10 (hp 1.000->1.000)
-- Round 1 --
   [pos1] NormalATK -> pos5 DMG 4609 (hp 0.982->0.910)
   [pos1] 4_14+5 -> pos5 DMG 12126 (hp 0.934->0.672)
   [pos1] 4_24+5 -> pos5 DMG 14739 (hp 0.877->0.383)
   [pos2] 2_100+6 -> pos6 DMG 1253 (hp 0.995->0.977)
   [pos2] 2_100+6 -> pos6 DMG 1344 (hp 0.991->0.953)
   [pos2] 2_100+6 -> pos6 DMG 1305 (hp 0.986->0.929)
   [pos2] NormalATK -> pos6 DMG 3483 (hp 0.973->0.866)
   [pos2] 4_29+6 -> pos2 BUFF 70 (hp 1.000->1.000)
   [pos2] 4_29+6 -> pos6 DMG 3973 (hp 0.959->0.793)
   [pos2] 4_29+6 -> pos6 DMG 698 (hp 0.956->0.781)
   [pos2] 4_30+6 -> pos6 DMG 4663 (hp 0.939->0.696)
   [pos2] 4_30+6 -> pos6 DMG 698 (hp 0.937->0.683)
   [pos3] 2_118+2_1 -> pos2 BUFF 80 (hp 1.000->1.000)
   [pos3] 2_118+2_1 -> pos1 BUFF 80 (hp 1.000->1.000)
   [pos3] NormalATK -> pos4 DMG 4118 (hp 0.985->0.925)
   [pos3] NormalATK -> pos4 DMG 4159 (hp 0.970->0.850)
   [pos6] NormalATK -> pos2 DMG 3762 (hp 0.986->0.932)
   [pos4] BEFORE -> pos4 HEAL 5515 (hp 0.970->0.950)
   [pos4] 2_113+1_2_3 -> pos1 DMG 2075 (hp 0.992->0.962)
   [pos4] 2_113+1_2_3 -> pos2 DMG 2312 (hp 0.978->0.890)
   [pos4] 2_113+1_2_3 -> pos3 DMG 2053 (hp 0.993->0.963)
   [pos4] 2_113+1_2_3 -> pos1 DMG 2119 (hp 0.985->0.924)
   [pos4] 2_113+1_2_3 -> pos2 DMG 2113 (hp 0.970->0.851)
   [pos4] 2_113+1_2_3 -> pos3 DMG 2095 (hp 0.985->0.925)
   [pos4] 2_66+1_2_3 -> pos1 DMG 3644 (hp 0.972->0.857)
   [pos4] 2_66+1_2_3 -> pos2 DMG 3709 (hp 0.957->0.784)
   [pos4] 2_66+1_2_3 -> pos3 DMG 3748 (hp 0.971->0.856)
   [pos4] NormalATK -> pos2 DMG 4725 (hp 0.940->0.698)
   [pos5] 2_100+2 -> pos2 DMG 1069 (hp 0.936->0.678)
   [pos5] 2_100+2 -> pos2 DMG 1029 (hp 0.932->0.660)
   [pos5] 2_100+2 -> pos2 DMG 1029 (hp 0.928->0.641)
   [pos5] 2_100+2 -> pos2 DMG 1069 (hp 0.924->0.622)
   [pos5] 2_100+2 -> pos2 DMG 1008 (hp 0.921->0.603)
   [pos5] 2_100+2 -> pos2 DMG 1059 (hp 0.917->0.584)
   [pos5] NormalATK -> pos1 DMG 2778 (hp 0.961->0.807)
-- Round 2 --
   [pos1] NormalATK -> pos5 DMG 4057 (hp 0.811->0.303)
   [pos1] 4_24+5 -> pos5 DMG 7513 (hp 0.782->0.156)
   [pos1] NormalATK -> pos6 DMG 3997 (hp 0.897->0.611)
   [pos1] 4_24+6 -> pos6 DMG 6562 (hp 0.873->0.491)
   [pos2] BEFORE -> pos2 BUFF 70 (hp 0.884->0.584)
   [pos2] 2_100+6 -> pos6 DMG 998 (hp 0.869->0.473)
   [pos2] 2_100+6 -> pos6 DMG 938 (hp 0.866->0.456)
   [pos2] 2_100+6 -> pos6 DMG 1037 (hp 0.862->0.437)
   [pos2] 2_100+6 -> pos6 DMG 968 (hp 0.859->0.420)
   [pos2] NormalATK -> pos5 DMG 2929 (hp 0.770->0.099)
   [pos2] 4_29+5 -> pos2 BUFF 70 (hp 0.884->0.584)
   [pos2] 4_29+5 -> pos5 DMG 3584 (hp 0.756->0.028)
   [pos2] 4_29+5 -> pos5 DMG 534 (hp 0.754->0.018)
   [pos2] 4_30+5 -> pos5 DMG 909 (hp 0.647->0.000)
   [pos2] NormalATK -> pos6 DMG 2532 (hp 0.850->0.374)
   [pos2] NormalATK -> pos6 DMG 534 (hp 0.848->0.364)
   [pos2] 4_29+6 -> pos6 DMG 3228 (hp 0.836->0.305)
   [pos2] 4_29+6 -> pos6 DMG 534 (hp 0.834->0.296)
   [pos3] NormalATK -> pos6 DMG 4395 (hp 0.818->0.216)
   [pos3] NormalATK -> pos6 DMG 4227 (hp 0.803->0.139)
   [pos6] 2_116+1_2_3 -> pos1 DMG 802 (hp 0.943->0.792)
   [pos6] 2_116+1_2_3 -> pos2 DMG 809 (hp 0.881->0.569)
   [pos6] 2_116+1_2_3 -> pos3 DMG 802 (hp 0.957->0.842)
   [pos6] 2_116+1_2_3 -> pos1 DMG 878 (hp 0.940->0.776)
   [pos6] 2_116+1_2_3 -> pos2 DMG 834 (hp 0.878->0.554)
   [pos6] 2_116+1_2_3 -> pos3 DMG 827 (hp 0.954->0.827)
   [pos6] 2_116+1_2_3 -> pos1 DMG 853 (hp 0.937->0.761)
   [pos6] 2_116+1_2_3 -> pos2 DMG 894 (hp 0.874->0.538)
   [pos6] 2_116+1_2_3 -> pos3 DMG 859 (hp 0.951->0.811)
   [pos6] 2_116+1_2_3 -> pos1 DMG 870 (hp 0.934->0.745)
   [pos6] 2_116+1_2_3 -> pos2 DMG 843 (hp 0.871->0.522)
   [pos6] 2_116+1_2_3 -> pos3 DMG 851 (hp 0.948->0.796)
   [pos6] 2_126+3_2 -> pos3 DMG 2544 (hp 0.938->0.749)
   [pos6] 2_126+3_2 -> pos2 DMG 2646 (hp 0.862->0.474)
   [pos6] NormalATK -> pos2 DMG 1739 (hp 0.855->0.443)
   [pos4] BEFORE -> pos4 HEAL 998 (hp 0.968->0.968)
   [pos4] 2_66+1_2_3 -> pos1 DMG 3943 (hp 0.919->0.673)
   [pos4] 2_66+1_2_3 -> pos2 DMG 3668 (hp 0.842->0.376)
   [pos4] 2_66+1_2_3 -> pos3 DMG 3820 (hp 0.925->0.680)
   [pos4] NormalATK -> pos2 DMG 4446 (hp 0.826->0.295)
-- Round 3 --
   [pos1] NormalATK -> pos4 DMG 3104 (hp 0.957->0.911)
   [pos1] 4_14+4 -> pos4 DMG 4319 (hp 0.941->0.833)
   [pos1] 4_14+6 -> pos6 DMG 5086 (hp 0.718->0.046)
   [pos1] NormalATK -> pos4 DMG 3073 (hp 0.930->0.777)
   [pos1] 4_14+4 -> pos4 DMG 4542 (hp 0.913->0.695)
   [pos2] BEFORE -> pos2 BUFF 70 (hp 0.773->0.295)
   [pos2] 2_100+4 -> pos4 DMG 659 (hp 0.911->0.683)
   [pos2] 2_100+4 -> pos4 DMG 640 (hp 0.909->0.671)
   [pos2] 2_100+4 -> pos4 DMG 602 (hp 0.906->0.660)
   [pos2] 2_100+4 -> pos4 DMG 621 (hp 0.904->0.649)
   [pos2] 2_100+4 -> pos4 DMG 621 (hp 0.902->0.637)
   [pos2] NormalATK -> pos6 DMG 1783 (hp 0.711->0.014)
   [pos2] 4_29+6 -> pos2 BUFF 70 (hp 0.773->0.295)
   [pos2] 4_29+6 -> pos6 DMG 764 (hp 0.605->0.000)
   [pos2] NormalATK -> pos4 DMG 1710 (hp 0.896->0.606)
   [pos2] NormalATK -> pos4 DMG 380 (hp 0.894->0.599)
   [pos2] 4_29+4 -> pos4 DMG 2052 (hp 0.887->0.562)
   [pos2] 4_29+4 -> pos4 DMG 380 (hp 0.885->0.555)
   [pos2] 4_30+4 -> pos4 DMG 2223 (hp 0.877->0.515)
   [pos2] 4_30+4 -> pos4 DMG 380 (hp 0.876->0.508)
   [pos2] 4_31+4 -> pos4 DMG 1626 (hp 0.870->0.478)
   [pos2] 4_31+4 -> pos4 DMG 380 (hp 0.869->0.471)
   [pos3] NormalATK -> pos4 DMG 3398 (hp 0.856->0.410)
   [pos3] NormalATK -> pos4 DMG 3431 (hp 0.844->0.347)
   [pos4] BEFORE -> pos4 HEAL 5629 (hp 0.844->0.450)
   [pos4] 2_66+1_2_3 -> pos1 DMG 2664 (hp 0.885->0.625)
   [pos4] 2_66+1_2_3 -> pos2 DMG 2659 (hp 0.763->0.247)
   [pos4] 2_66+1_2_3 -> pos3 DMG 2431 (hp 0.891->0.636)
   [pos4] NormalATK -> pos2 DMG 3128 (hp 0.752->0.190)
-- Round 4 --
   [pos1] 2_66+4 -> pos4 DMG 2442 (hp 0.796->0.405)
   [pos1] NormalATK -> pos4 DMG 2960 (hp 0.785->0.351)
   [pos1] 4_14+4 -> pos4 DMG 4117 (hp 0.770->0.276)
   [pos2] BEFORE -> pos2 BUFF 70 (hp 0.696->0.190)
   [pos2] NormalATK -> pos4 DMG 1320 (hp 0.765->0.252)
   [pos2] 4_29+4 -> pos2 BUFF 70 (hp 0.696->0.190)
   [pos2] 4_29+4 -> pos4 DMG 1680 (hp 0.759->0.222)
   [pos2] 4_29+4 -> pos4 DMG 305 (hp 0.758->0.216)
   [pos2] 4_31+4 -> pos4 DMG 1293 (hp 0.753->0.193)
   [pos2] 4_31+4 -> pos4 DMG 305 (hp 0.752->0.187)
   [pos2] 4_31+4 -> pos4 DMG 624 (hp 0.750->0.176)
   [pos2] 4_31+4 -> pos4 DMG 305 (hp 0.749->0.170)
   [pos2] NormalATK -> pos4 DMG 1333 (hp 0.744->0.146)
   [pos2] NormalATK -> pos4 DMG 305 (hp 0.743->0.141)
   [pos2] 4_29+4 -> pos4 DMG 1583 (hp 0.737->0.112)
   [pos2] 4_29+4 -> pos4 DMG 305 (hp 0.736->0.106)
   [pos2] 4_30+4 -> pos4 DMG 1698 (hp 0.730->0.075)
   [pos2] 4_30+4 -> pos4 DMG 305 (hp 0.729->0.070)
   [pos3] NormalATK -> pos4 DMG 3189 (hp 0.717->0.012)
   [pos3] NormalATK -> pos4 DMG 655 (hp 0.611->0.000)
