=== Battle 195940925 | revela vs {自定义}-{敌方} | fightRet=2 | rounds=5 ===
-- init (fightPos: heroNum st/slv hp1 hp2) --
   pos1 hero28 st2/lv6 hp1=1.000 hp2=1.000
   pos2 hero117 st2/lv6 hp1=1.000 hp2=1.000
   pos3 hero46 st2/lv6 hp1=1.000 hp2=1.000
   pos4 hero99 st2/lv6 hp1=1.000 hp2=1.000
   pos5 hero87 st2/lv6 hp1=1.000 hp2=1.000
   pos6 hero108 st2/lv6 hp1=1.000 hp2=1.000
   [A] pos1 hero28 kills: normal=14321 skill=43425 skillsUsed=7
   [A] pos2 hero117 kills: normal=9493 skill=32297 skillsUsed=13
   [A] pos3 hero46 kills: normal=26181 skill=16605 skillsUsed=4
   [B] pos1 hero99 kills: normal=12731 skill=48076 skillsUsed=5
   [B] pos2 hero87 kills: normal=4051 skill=24700 skillsUsed=4
   [B] pos3 hero108 kills: normal=9669 skill=52974 skillsUsed=3
-- Round 0 --
   [pos4] 1_19+6_5_4 -> pos6 BUFF 8 (hp 1.000->1.000)
   [pos4] 1_19+6_5_4 -> pos5 BUFF 8 (hp 1.000->1.000)
   [pos4] 1_19+6_5_4 -> pos4 BUFF 107 (hp 1.000->1.000)
   [pos4] 1_19+6_5_4 -> pos4 BUFF 10 (hp 1.000->1.000)
-- Round 1 --
   [pos1] 2_66+4_5_6 -> pos4 DMG 3182 (hp 0.988->0.942)
   [pos1] 2_66+4_5_6 -> pos5 DMG 3724 (hp 0.985->0.927)
   [pos1] 2_66+4_5_6 -> pos6 DMG 3670 (hp 0.987->0.933)
   [pos1] NormalATK -> pos4 DMG 3858 (hp 0.974->0.872)
   [pos1] 4_14+4 -> pos4 DMG 9465 (hp 0.940->0.700)
   [pos1] 4_24+4 -> pos4 DMG 11732 (hp 0.897->0.487)
   [pos2] NormalATK -> pos5 DMG 3716 (hp 0.971->0.854)
   [pos2] 4_29+5 -> pos2 BUFF 70 (hp 1.000->1.000)
   [pos2] 4_29+5 -> pos5 DMG 4642 (hp 0.953->0.763)
   [pos2] 4_29+5 -> pos5 DMG 698 (hp 0.950->0.749)
   [pos2] 4_30+5 -> pos5 DMG 4979 (hp 0.930->0.652)
   [pos2] 4_30+5 -> pos5 DMG 698 (hp 0.928->0.638)
   [pos2] 4_31+5 -> pos5 DMG 3602 (hp 0.914->0.567)
   [pos2] 4_31+5 -> pos5 DMG 698 (hp 0.911->0.554)
   [pos2] 4_31+5 -> pos5 DMG 1671 (hp 0.904->0.521)
   [pos2] 4_31+5 -> pos5 DMG 698 (hp 0.902->0.507)
   [pos3] NormalATK -> pos6 DMG 4567 (hp 0.970->0.850)
   [pos3] NormalATK -> pos5 DMG 5022 (hp 0.882->0.409)
   [pos6] NormalATK -> pos2 DMG 4414 (hp 0.984->0.920)
   [pos4] BEFORE -> pos4 HEAL 5970 (hp 0.897->0.595)
   [pos4] 2_113+1_2_3 -> pos1 DMG 1661 (hp 0.994->0.970)
   [pos4] 2_113+1_2_3 -> pos2 DMG 1674 (hp 0.978->0.889)
   [pos4] 2_113+1_2_3 -> pos3 DMG 1593 (hp 0.994->0.971)
   [pos4] 2_113+1_2_3 -> pos1 DMG 1713 (hp 0.988->0.939)
   [pos4] 2_113+1_2_3 -> pos2 DMG 1796 (hp 0.971->0.857)
   [pos4] 2_113+1_2_3 -> pos3 DMG 1727 (hp 0.988->0.940)
   [pos4] 2_66+1_2_3 -> pos1 DMG 2826 (hp 0.977->0.887)
   [pos4] 2_66+1_2_3 -> pos2 DMG 3087 (hp 0.960->0.801)
   [pos4] 2_66+1_2_3 -> pos3 DMG 2998 (hp 0.977->0.885)
   [pos4] NormalATK -> pos1 DMG 3534 (hp 0.965->0.823)
   [pos5] 2_92+1_2_3 -> pos1 DMG 1364 (hp 0.960->0.798)
   [pos5] 2_92+1_2_3 -> pos2 DMG 1294 (hp 0.955->0.777)
   [pos5] 2_92+1_2_3 -> pos3 DMG 1321 (hp 0.972->0.861)
   [pos5] 2_92+1_2_3 -> pos1 DMG 1404 (hp 0.955->0.773)
   [pos5] 2_92+1_2_3 -> pos2 DMG 1388 (hp 0.950->0.752)
   [pos5] 2_92+1_2_3 -> pos3 DMG 1308 (hp 0.968->0.837)
   [pos5] 2_92+1_2_3 -> pos1 DMG 1311 (hp 0.950->0.749)
   [pos5] 2_92+1_2_3 -> pos2 DMG 1401 (hp 0.945->0.726)
   [pos5] 2_92+1_2_3 -> pos3 DMG 1231 (hp 0.963->0.815)
   [pos5] 2_42+1_2 -> pos1 DMG 3127 (hp 0.938->0.692)
   [pos5] 2_42+1_2 -> pos2 DMG 3119 (hp 0.934->0.670)
   [pos5] 2_100+3 -> pos3 DMG 981 (hp 0.959->0.797)
   [pos5] 2_100+3 -> pos3 DMG 991 (hp 0.956->0.779)
   [pos5] 2_100+3 -> pos3 DMG 1022 (hp 0.952->0.761)
   [pos5] 2_100+3 -> pos3 DMG 1032 (hp 0.948->0.742)
   [pos5] 2_100+3 -> pos3 DMG 991 (hp 0.945->0.724)
   [pos5] NormalATK -> pos1 DMG 2648 (hp 0.929->0.644)
-- Round 2 --
   [pos1] NormalATK -> pos6 DMG 3605 (hp 0.945->0.785)
   [pos2] BEFORE -> pos2 BUFF 70 (hp 0.908->0.670)
   [pos2] NormalATK -> pos5 DMG 3136 (hp 0.822->0.347)
   [pos2] 4_29+5 -> pos2 BUFF 70 (hp 0.908->0.670)
   [pos2] 4_29+5 -> pos5 DMG 3837 (hp 0.807->0.272)
   [pos2] 4_29+5 -> pos5 DMG 572 (hp 0.805->0.261)
   [pos3] 2_118+2_1 -> pos2 BUFF 80 (hp 0.908->0.670)
   [pos3] 2_118+2_1 -> pos1 BUFF 80 (hp 0.900->0.644)
   [pos3] 2_65+6_5 -> pos6 DMG 7950 (hp 0.916->0.640)
   [pos3] 2_65+6_5 -> pos5 DMG 8655 (hp 0.771->0.091)
   [pos3] NormalATK -> pos6 DMG 3810 (hp 0.902->0.571)
   [pos3] NormalATK -> pos6 DMG 3657 (hp 0.889->0.504)
   [pos6] 2_116+1_2_3 -> pos1 DMG 1571 (hp 0.895->0.615)
   [pos6] 2_116+1_2_3 -> pos2 DMG 1697 (hp 0.901->0.639)
   [pos6] 2_116+1_2_3 -> pos3 DMG 1523 (hp 0.917->0.696)
   [pos6] 2_116+1_2_3 -> pos1 DMG 1571 (hp 0.889->0.587)
   [pos6] 2_116+1_2_3 -> pos2 DMG 1697 (hp 0.895->0.608)
   [pos6] 2_116+1_2_3 -> pos3 DMG 1523 (hp 0.912->0.668)
   [pos6] 2_116+1_2_3 -> pos1 DMG 1523 (hp 0.883->0.559)
   [pos6] 2_116+1_2_3 -> pos2 DMG 1649 (hp 0.889->0.578)
   [pos6] 2_116+1_2_3 -> pos3 DMG 1477 (hp 0.906->0.641)
   [pos6] 2_117+1_2_3 -> pos1 DMG 2139 (hp 0.876->0.520)
   [pos6] 2_117+1_2_3 -> pos2 DMG 2267 (hp 0.881->0.537)
   [pos6] 2_117+1_2_3 -> pos3 DMG 2052 (hp 0.899->0.604)
   [pos6] 2_117+1_2_3 -> pos1 DMG 2228 (hp 0.868->0.480)
   [pos6] 2_117+1_2_3 -> pos2 DMG 2134 (hp 0.873->0.498)
   [pos6] 2_117+1_2_3 -> pos3 DMG 2052 (hp 0.891->0.567)
   [pos6] 2_117+1_2_3 -> pos1 DMG 2316 (hp 0.859->0.438)
   [pos6] 2_117+1_2_3 -> pos2 DMG 2111 (hp 0.866->0.459)
   [pos6] 2_117+1_2_3 -> pos3 DMG 2052 (hp 0.884->0.530)
   [pos6] 2_117+1_2_3 -> pos1 DMG 2139 (hp 0.851->0.399)
   [pos6] 2_117+1_2_3 -> pos2 DMG 2111 (hp 0.858->0.421)
   [pos6] 2_117+1_2_3 -> pos3 DMG 2095 (hp 0.876->0.491)
   [pos6] 2_65+2_1 -> pos2 DMG 6549 (hp 0.834->0.302)
   [pos6] 2_65+2_1 -> pos1 DMG 6498 (hp 0.828->0.280)
   [pos6] NormalATK -> pos2 DMG 3335 (hp 0.822->0.241)
   [pos4] BEFORE -> pos4 HEAL 5629 (hp 0.867->0.697)
   [pos4] 2_66+1_2_3 -> pos1 DMG 3284 (hp 0.816->0.221)
   [pos4] 2_66+1_2_3 -> pos2 DMG 3276 (hp 0.810->0.182)
   [pos4] 2_66+1_2_3 -> pos3 DMG 2964 (hp 0.866->0.438)
   [pos4] NormalATK -> pos3 DMG 3668 (hp 0.852->0.371)
   [pos5] 2_100+3 -> pos3 DMG 457 (hp 0.851->0.363)
   [pos5] 2_100+3 -> pos3 DMG 501 (hp 0.849->0.353)
   [pos5] 2_100+3 -> pos3 DMG 457 (hp 0.847->0.345)
   [pos5] NormalATK -> pos2 DMG 1403 (hp 0.805->0.156)
-- Round 3 --
   [pos1] 2_66+4_5_6 -> pos4 DMG 1514 (hp 0.845->0.670)
   [pos1] 2_66+4_5_6 -> pos5 DMG 1865 (hp 0.696->0.055)
   [pos1] 2_66+4_5_6 -> pos6 DMG 1712 (hp 0.844->0.473)
   [pos1] NormalATK -> pos5 DMG 2284 (hp 0.687->0.010)
   [pos1] 4_14+5 -> pos5 DMG 503 (hp 0.582->0.000)
   [pos1] NormalATK -> pos6 DMG 2035 (hp 0.837->0.436)
   [pos1] 4_14+6 -> pos6 DMG 2976 (hp 0.826->0.382)
   [pos2] BEFORE -> pos2 BUFF 70 (hp 0.740->0.156)
   [pos2] NormalATK -> pos6 DMG 1356 (hp 0.821->0.357)
   [pos2] 4_29+6 -> pos2 BUFF 70 (hp 0.740->0.156)
   [pos2] 4_29+6 -> pos6 DMG 1710 (hp 0.815->0.326)
   [pos2] 4_29+6 -> pos6 DMG 277 (hp 0.814->0.321)
   [pos2] 4_30+6 -> pos6 DMG 1727 (hp 0.808->0.290)
   [pos2] 4_30+6 -> pos6 DMG 277 (hp 0.807->0.285)
   [pos2] 4_31+6 -> pos6 DMG 1342 (hp 0.802->0.261)
   [pos2] 4_31+6 -> pos6 DMG 277 (hp 0.801->0.255)
   [pos2] 4_31+6 -> pos6 DMG 628 (hp 0.798->0.244)
   [pos2] 4_31+6 -> pos6 DMG 277 (hp 0.797->0.239)
   [pos2] 4_31+6 -> pos6 DMG 603 (hp 0.795->0.228)
   [pos2] 4_31+6 -> pos6 DMG 277 (hp 0.794->0.223)
   [pos3] NormalATK -> pos6 DMG 2554 (hp 0.785->0.177)
   [pos3] NormalATK -> pos4 DMG 2352 (hp 0.836->0.627)
   [pos6] NormalATK -> pos2 DMG 1920 (hp 0.733->0.121)
   [pos4] BEFORE -> pos4 HEAL 5685 (hp 0.836->0.731)
   [pos4] 2_66+1_2_3 -> pos1 DMG 3327 (hp 0.744->0.160)
   [pos4] 2_66+1_2_3 -> pos2 DMG 3419 (hp 0.721->0.059)
   [pos4] 2_66+1_2_3 -> pos3 DMG 3097 (hp 0.786->0.289)
   [pos4] NormalATK -> pos1 DMG 3955 (hp 0.730->0.088)
-- Round 4 --
   [pos1] NormalATK -> pos6 DMG 1295 (hp 0.719->0.153)
   [pos1] NormalATK -> pos6 DMG 1244 (hp 0.715->0.130)
   [pos1] 4_14+6 -> pos6 DMG 3082 (hp 0.704->0.074)
   [pos2] BEFORE -> pos2 BUFF 70 (hp 0.655->0.059)
   [pos2] NormalATK -> pos6 DMG 859 (hp 0.701->0.059)
   [pos2] 4_29+6 -> pos2 BUFF 70 (hp 0.655->0.059)
   [pos2] 4_29+6 -> pos6 DMG 1031 (hp 0.697->0.040)
   [pos2] 4_29+6 -> pos6 DMG 172 (hp 0.696->0.037)
   [pos2] 4_31+6 -> pos6 DMG 859 (hp 0.693->0.021)
   [pos2] 4_31+6 -> pos6 DMG 172 (hp 0.693->0.018)
   [pos2] 4_31+6 -> pos6 DMG 401 (hp 0.691->0.011)
   [pos2] 4_31+6 -> pos6 DMG 172 (hp 0.690->0.008)
   [pos2] NormalATK -> pos6 DMG 426 (hp 0.586->0.000)
   [pos3] NormalATK -> pos4 DMG 2088 (hp 0.818->0.693)
   [pos3] NormalATK -> pos4 DMG 2131 (hp 0.810->0.654)
   [pos6] BEFORE -> pos6 BUFF 8 (hp 0.586->0.000)
   [pos4] BEFORE -> pos4 HEAL 5685 (hp 0.810->0.757)
   [pos4] 2_66+1_2_3 -> pos1 DMG 3287 (hp 0.654->0.029)
   [pos4] 2_66+1_2_3 -> pos2 DMG 3259 (hp 0.540->0.000)
   [pos4] 2_66+1_2_3 -> pos3 DMG 3088 (hp 0.725->0.233)
   [pos4] NormalATK -> pos1 DMG 1574 (hp 0.545->0.000)
