=== Battle 195941699 | revela vs {自定义}-{敌方} | fightRet=2 | rounds=6 ===
-- init (fightPos: heroNum st/slv hp1 hp2) --
   pos1 hero28 st2/lv6 hp1=1.000 hp2=1.000
   pos2 hero117 st2/lv6 hp1=1.000 hp2=1.000
   pos3 hero46 st2/lv6 hp1=1.000 hp2=1.000
   pos4 hero99 st2/lv6 hp1=1.000 hp2=1.000
   pos5 hero87 st2/lv6 hp1=1.000 hp2=1.000
   pos6 hero108 st2/lv6 hp1=1.000 hp2=1.000
   [A] pos1 hero28 kills: normal=14218 skill=47831 skillsUsed=7
   [A] pos2 hero117 kills: normal=10291 skill=43131 skillsUsed=12
   [A] pos3 hero46 kills: normal=20528 skill=15217 skillsUsed=1
   [B] pos1 hero99 kills: normal=13718 skill=31542 skillsUsed=2
   [B] pos2 hero87 kills: normal=12530 skill=46042 skillsUsed=7
   [B] pos3 hero108 kills: normal=8430 skill=52738 skillsUsed=7
-- Round 0 --
   [pos4] 1_19+6_5_4 -> pos6 BUFF 8 (hp 1.000->1.000)
   [pos4] 1_19+6_5_4 -> pos5 BUFF 8 (hp 1.000->1.000)
   [pos4] 1_19+6_5_4 -> pos4 BUFF 107 (hp 1.000->1.000)
   [pos4] 1_19+6_5_4 -> pos4 BUFF 10 (hp 1.000->1.000)
-- Round 1 --
   [pos1] NormalATK -> pos6 DMG 4406 (hp 0.984->0.920)
   [pos1] 4_24+6 -> pos6 DMG 7453 (hp 0.957->0.784)
   [pos2] 2_100+5 -> pos5 DMG 1478 (hp 0.994->0.971)
   [pos2] 2_100+5 -> pos5 DMG 1393 (hp 0.989->0.944)
   [pos2] 2_100+5 -> pos5 DMG 1492 (hp 0.983->0.914)
   [pos2] 2_100+5 -> pos5 DMG 1435 (hp 0.977->0.886)
   [pos2] 2_100+5 -> pos5 DMG 1435 (hp 0.972->0.858)
   [pos2] NormalATK -> pos4 DMG 3018 (hp 0.989->0.945)
   [pos2] 4_29+4 -> pos2 BUFF 70 (hp 1.000->1.000)
   [pos2] 4_29+4 -> pos4 DMG 3806 (hp 0.975->0.876)
   [pos2] 4_29+4 -> pos4 DMG 698 (hp 0.973->0.863)
   [pos2] 4_30+4 -> pos4 DMG 3882 (hp 0.959->0.793)
   [pos2] 4_30+4 -> pos4 DMG 698 (hp 0.956->0.780)
   [pos2] 4_30+6 -> pos6 DMG 4259 (hp 0.941->0.707)
   [pos2] 4_30+6 -> pos6 DMG 698 (hp 0.939->0.694)
   [pos3] NormalATK -> pos6 DMG 4477 (hp 0.923->0.613)
   [pos3] NormalATK -> pos6 DMG 4612 (hp 0.906->0.529)
   [pos6] 2_126+3_2 -> pos3 DMG 4662 (hp 0.983->0.915)
   [pos6] 2_126+3_2 -> pos2 DMG 5094 (hp 0.981->0.907)
   [pos6] NormalATK -> pos2 DMG 3312 (hp 0.969->0.847)
   [pos4] BEFORE -> pos4 HEAL 5799 (hp 0.956->0.885)
   [pos4] 2_113+1_2_3 -> pos1 DMG 2025 (hp 0.993->0.963)
   [pos4] 2_113+1_2_3 -> pos2 DMG 2062 (hp 0.962->0.810)
   [pos4] 2_113+1_2_3 -> pos3 DMG 2065 (hp 0.976->0.878)
   [pos4] 2_113+1_2_3 -> pos1 DMG 2152 (hp 0.985->0.924)
   [pos4] 2_113+1_2_3 -> pos2 DMG 2019 (hp 0.955->0.773)
   [pos4] 2_113+1_2_3 -> pos3 DMG 1983 (hp 0.968->0.842)
   [pos4] NormalATK -> pos3 DMG 4047 (hp 0.954->0.768)
   [pos5] 2_92+1_2_3 -> pos1 DMG 1897 (hp 0.978->0.890)
   [pos5] 2_92+1_2_3 -> pos2 DMG 2047 (hp 0.947->0.736)
   [pos5] 2_92+1_2_3 -> pos3 DMG 1800 (hp 0.947->0.735)
   [pos5] 2_42+3_2 -> pos3 DMG 4255 (hp 0.932->0.658)
   [pos5] 2_42+3_2 -> pos2 DMG 4425 (hp 0.931->0.655)
   [pos5] NormalATK -> pos1 DMG 3993 (hp 0.963->0.817)
-- Round 2 --
   [pos1] NormalATK -> pos4 DMG 3556 (hp 0.936->0.821)
   [pos2] BEFORE -> pos2 BUFF 70 (hp 0.904->0.655)
   [pos2] 2_100+6 -> pos6 DMG 1077 (hp 0.864->0.509)
   [pos2] 2_100+6 -> pos6 DMG 1067 (hp 0.860->0.490)
   [pos2] 2_100+6 -> pos6 DMG 994 (hp 0.857->0.472)
   [pos2] 2_100+6 -> pos6 DMG 1004 (hp 0.853->0.454)
   [pos2] NormalATK -> pos5 DMG 2979 (hp 0.949->0.800)
   [pos2] 4_29+5 -> pos2 BUFF 70 (hp 0.904->0.655)
   [pos2] 4_29+5 -> pos5 DMG 3870 (hp 0.933->0.724)
   [pos2] 4_29+5 -> pos5 DMG 565 (hp 0.931->0.713)
   [pos3] 2_65+6_5 -> pos6 DMG 7209 (hp 0.827->0.323)
   [pos3] 2_65+6_5 -> pos5 DMG 8008 (hp 0.900->0.556)
   [pos3] NormalATK -> pos6 DMG 3780 (hp 0.813->0.254)
   [pos3] NormalATK -> pos6 DMG 3596 (hp 0.800->0.189)
   [pos6] 2_65+1_3 -> pos1 DMG 3943 (hp 0.934->0.745)
   [pos6] 2_65+1_3 -> pos3 DMG 3980 (hp 0.890->0.586)
   [pos6] NormalATK -> pos3 DMG 1886 (hp 0.883->0.551)
   [pos4] BEFORE -> pos4 HEAL 5515 (hp 0.936->0.921)
   [pos4] 2_113+1_2_3 -> pos1 DMG 2195 (hp 0.926->0.705)
   [pos4] 2_113+1_2_3 -> pos2 DMG 2254 (hp 0.895->0.614)
   [pos4] 2_113+1_2_3 -> pos3 DMG 2043 (hp 0.876->0.514)
   [pos4] 2_113+1_2_3 -> pos1 DMG 2108 (hp 0.919->0.667)
   [pos4] 2_113+1_2_3 -> pos2 DMG 2233 (hp 0.887->0.574)
   [pos4] 2_113+1_2_3 -> pos3 DMG 1980 (hp 0.868->0.478)
   [pos4] 2_113+1_2_3 -> pos1 DMG 2216 (hp 0.911->0.627)
   [pos4] 2_113+1_2_3 -> pos2 DMG 2081 (hp 0.880->0.536)
   [pos4] 2_113+1_2_3 -> pos3 DMG 2126 (hp 0.861->0.440)
   [pos4] NormalATK -> pos3 DMG 4431 (hp 0.844->0.359)
   [pos5] 2_92+1_2_3 -> pos1 DMG 1621 (hp 0.905->0.597)
   [pos5] 2_92+1_2_3 -> pos2 DMG 1539 (hp 0.874->0.508)
   [pos5] 2_92+1_2_3 -> pos3 DMG 1449 (hp 0.839->0.333)
   [pos5] 2_92+1_2_3 -> pos1 DMG 1590 (hp 0.899->0.568)
   [pos5] 2_92+1_2_3 -> pos2 DMG 1508 (hp 0.869->0.480)
   [pos5] 2_92+1_2_3 -> pos3 DMG 1449 (hp 0.834->0.306)
   [pos5] NormalATK -> pos3 DMG 2989 (hp 0.823->0.252)
-- Round 3 --
   [pos1] 2_66+4_5_6 -> pos4 DMG 2472 (hp 0.926->0.876)
   [pos1] 2_66+4_5_6 -> pos5 DMG 2810 (hp 0.854->0.501)
   [pos1] 2_66+4_5_6 -> pos6 DMG 2608 (hp 0.730->0.141)
   [pos1] NormalATK -> pos4 DMG 2939 (hp 0.915->0.823)
   [pos1] 4_14+4 -> pos4 DMG 6996 (hp 0.889->0.695)
   [pos1] 4_24+4 -> pos4 DMG 8851 (hp 0.857->0.535)
   [pos2] BEFORE -> pos2 BUFF 70 (hp 0.830->0.480)
   [pos2] NormalATK -> pos5 DMG 2736 (hp 0.844->0.447)
   [pos2] 4_29+5 -> pos2 BUFF 70 (hp 0.830->0.480)
   [pos2] 4_29+5 -> pos5 DMG 2999 (hp 0.832->0.388)
   [pos2] 4_29+5 -> pos5 DMG 484 (hp 0.830->0.379)
   [pos3] NormalATK -> pos4 DMG 2052 (hp 0.850->0.497)
   [pos3] NormalATK -> pos4 DMG 2011 (hp 0.843->0.461)
   [pos6] 2_116+1_2_3 -> pos1 DMG 843 (hp 0.863->0.553)
   [pos6] 2_116+1_2_3 -> pos2 DMG 841 (hp 0.827->0.465)
   [pos6] 2_116+1_2_3 -> pos3 DMG 809 (hp 0.763->0.237)
   [pos6] 2_116+1_2_3 -> pos1 DMG 877 (hp 0.860->0.537)
   [pos6] 2_116+1_2_3 -> pos2 DMG 884 (hp 0.824->0.449)
   [pos6] 2_116+1_2_3 -> pos3 DMG 842 (hp 0.760->0.222)
   [pos6] 2_116+1_2_3 -> pos1 DMG 877 (hp 0.857->0.521)
   [pos6] 2_116+1_2_3 -> pos2 DMG 850 (hp 0.820->0.434)
   [pos6] 2_116+1_2_3 -> pos3 DMG 801 (hp 0.757->0.207)
   [pos6] 2_116+1_2_3 -> pos1 DMG 869 (hp 0.853->0.505)
   [pos6] 2_116+1_2_3 -> pos2 DMG 876 (hp 0.817->0.418)
   [pos6] 2_116+1_2_3 -> pos3 DMG 842 (hp 0.754->0.192)
   [pos6] 2_116+1_2_3 -> pos1 DMG 894 (hp 0.850->0.489)
   [pos6] 2_116+1_2_3 -> pos2 DMG 901 (hp 0.814->0.401)
   [pos6] 2_116+1_2_3 -> pos3 DMG 817 (hp 0.751->0.177)
   [pos6] 2_117+1_2_3 -> pos1 DMG 1183 (hp 0.846->0.468)
   [pos6] 2_117+1_2_3 -> pos2 DMG 1169 (hp 0.810->0.380)
   [pos6] 2_117+1_2_3 -> pos3 DMG 1123 (hp 0.747->0.157)
   [pos6] 2_117+1_2_3 -> pos1 DMG 1218 (hp 0.842->0.445)
   [pos6] 2_117+1_2_3 -> pos2 DMG 1216 (hp 0.805->0.358)
   [pos6] 2_117+1_2_3 -> pos3 DMG 1078 (hp 0.743->0.137)
   [pos6] 2_117+1_2_3 -> pos1 DMG 1230 (hp 0.837->0.423)
   [pos6] 2_117+1_2_3 -> pos2 DMG 1121 (hp 0.801->0.338)
   [pos6] 2_117+1_2_3 -> pos3 DMG 1146 (hp 0.739->0.116)
   [pos6] NormalATK -> pos3 DMG 1807 (hp 0.732->0.083)
   [pos4] BEFORE -> pos4 HEAL 5572 (hp 0.843->0.562)
   [pos4] NormalATK -> pos3 DMG 3260 (hp 0.721->0.024)
   [pos5] 2_42+2_3 -> pos2 DMG 3063 (hp 0.790->0.282)
   [pos5] 2_42+2_3 -> pos3 DMG 1330 (hp 0.612->0.000)
   [pos5] NormalATK -> pos2 DMG 2812 (hp 0.780->0.231)
-- Round 4 --
   [pos1] NormalATK -> pos4 DMG 2412 (hp 0.806->0.518)
   [pos1] 4_14+4 -> pos4 DMG 6535 (hp 0.782->0.399)
   [pos1] 4_24+4 -> pos4 DMG 7947 (hp 0.753->0.255)
   [pos2] BEFORE -> pos2 BUFF 70 (hp 0.725->0.231)
   [pos2] NormalATK -> pos4 DMG 1558 (hp 0.747->0.226)
   [pos2] 4_29+4 -> pos2 BUFF 70 (hp 0.725->0.231)
   [pos2] 4_29+4 -> pos4 DMG 1762 (hp 0.741->0.194)
   [pos2] 4_29+4 -> pos4 DMG 336 (hp 0.740->0.188)
   [pos2] 4_30+4 -> pos4 DMG 1967 (hp 0.733->0.153)
   [pos2] 4_30+4 -> pos4 DMG 336 (hp 0.731->0.146)
   [pos2] 4_30+6 -> pos6 DMG 2246 (hp 0.663->0.100)
   [pos2] 4_30+6 -> pos6 DMG 336 (hp 0.661->0.094)
   [pos2] 4_31+4 -> pos4 DMG 1469 (hp 0.726->0.120)
   [pos2] 4_31+4 -> pos4 DMG 336 (hp 0.725->0.114)
   [pos2] 4_31+4 -> pos4 DMG 673 (hp 0.722->0.101)
   [pos2] 4_31+4 -> pos4 DMG 336 (hp 0.721->0.095)
   [pos6] BEFORE -> pos6 BUFF 8 (hp 0.661->0.094)
   [pos6] 2_126+1_2 -> pos1 DMG 2169 (hp 0.788->0.384)
   [pos6] 2_126+1_2 -> pos2 DMG 2185 (hp 0.717->0.191)
   [pos6] 2_65+1_2 -> pos1 DMG 2857 (hp 0.777->0.332)
   [pos6] 2_65+1_2 -> pos2 DMG 3116 (hp 0.706->0.134)
   [pos6] NormalATK -> pos1 DMG 1425 (hp 0.772->0.306)
   [pos4] BEFORE -> pos4 HEAL 5401 (hp 0.721->0.193)
   [pos4] NormalATK -> pos1 DMG 1980 (hp 0.765->0.270)
   [pos5] BEFORE -> pos5 BUFF 8 (hp 0.785->0.379)
   [pos5] 2_92+1_2 -> pos1 DMG 1338 (hp 0.760->0.245)
   [pos5] 2_92+1_2 -> pos2 DMG 1309 (hp 0.701->0.111)
   [pos5] 2_92+1_2 -> pos1 DMG 1261 (hp 0.756->0.223)
   [pos5] 2_92+1_2 -> pos2 DMG 1258 (hp 0.696->0.088)
   [pos5] 2_92+1_2 -> pos1 DMG 1351 (hp 0.751->0.198)
   [pos5] 2_92+1_2 -> pos2 DMG 1258 (hp 0.692->0.065)
   [pos5] 2_103+1_2 -> pos1 DMG 1325 (hp 0.746->0.174)
   [pos5] 2_103+1_2 -> pos2 DMG 1361 (hp 0.687->0.040)
   [pos5] 2_103+1_2 -> pos1 DMG 1274 (hp 0.741->0.151)
   [pos5] 2_103+1_2 -> pos2 DMG 1309 (hp 0.682->0.016)
   [pos5] 2_103+1_2 -> pos1 DMG 1325 (hp 0.736->0.127)
   [pos5] 2_103+1_2 -> pos2 DMG 897 (hp 0.576->0.000)
   [pos5] 2_42+1 -> pos1 DMG 2803 (hp 0.726->0.076)
   [pos5] NormalATK -> pos1 DMG 2736 (hp 0.716->0.026)
-- Round 5 --
   [pos1] 2_66+4_5_6 -> pos4 DMG 502 (hp 0.667->0.184)
   [pos1] 2_66+4_5_6 -> pos5 DMG 888 (hp 0.741->0.361)
   [pos1] 2_66+4_5_6 -> pos6 DMG 769 (hp 0.602->0.080)
   [pos1] NormalATK -> pos6 DMG 905 (hp 0.599->0.064)
   [pos2] BEFORE -> pos2 BUFF 70 (hp 0.576->0.000)
   [pos6] 2_116+1 -> pos1 DMG 605 (hp 0.645->0.015)
   [pos6] 2_116+1 -> pos1 DMG 605 (hp 0.643->0.004)
   [pos6] 2_116+1 -> pos1 DMG 215 (hp 0.539->0.000)
