=== Battle 195941191 | revela vs {自定义}-{敌方} | fightRet=1 | rounds=6 ===
-- init (fightPos: heroNum st/slv hp1 hp2) --
   pos1 hero28 st2/lv6 hp1=1.000 hp2=1.000
   pos2 hero117 st2/lv6 hp1=1.000 hp2=1.000
   pos3 hero46 st2/lv6 hp1=1.000 hp2=1.000
   pos4 hero99 st2/lv6 hp1=1.000 hp2=1.000
   pos5 hero87 st2/lv6 hp1=1.000 hp2=1.000
   pos6 hero108 st2/lv6 hp1=1.000 hp2=1.000
   [A] pos1 hero28 kills: normal=18890 skill=53979 skillsUsed=11
   [A] pos2 hero117 kills: normal=12819 skill=37713 skillsUsed=12
   [A] pos3 hero46 kills: normal=30521 skill=24532 skillsUsed=4
   [B] pos1 hero99 kills: normal=15293 skill=22748 skillsUsed=3
   [B] pos2 hero87 kills: normal=5386 skill=14207 skillsUsed=3
   [B] pos3 hero108 kills: normal=5155 skill=18248 skillsUsed=3
-- Round 0 --
   [pos4] 1_19+6_5_4 -> pos6 BUFF 8 (hp 1.000->1.000)
   [pos4] 1_19+6_5_4 -> pos5 BUFF 8 (hp 1.000->1.000)
   [pos4] 1_19+6_5_4 -> pos4 BUFF 107 (hp 1.000->1.000)
   [pos4] 1_19+6_5_4 -> pos4 BUFF 10 (hp 1.000->1.000)
-- Round 1 --
   [pos1] NormalATK -> pos6 DMG 4192 (hp 0.985->0.924)
   [pos1] 4_14+6 -> pos6 DMG 6378 (hp 0.962->0.808)
   [pos1] 4_24+6 -> pos6 DMG 7830 (hp 0.933->0.665)
   [pos2] NormalATK -> pos5 DMG 3678 (hp 0.986->0.928)
   [pos2] 4_29+5 -> pos2 BUFF 70 (hp 1.000->1.000)
   [pos2] 4_29+5 -> pos5 DMG 4368 (hp 0.968->0.842)
   [pos2] 4_29+5 -> pos5 DMG 698 (hp 0.966->0.829)
   [pos2] 4_30+5 -> pos5 DMG 4880 (hp 0.947->0.733)
   [pos2] 4_30+5 -> pos5 DMG 698 (hp 0.944->0.719)
   [pos3] NormalATK -> pos6 DMG 4341 (hp 0.917->0.587)
   [pos3] NormalATK -> pos6 DMG 4341 (hp 0.902->0.508)
   [pos6] NormalATK -> pos2 DMG 3446 (hp 0.987->0.937)
   [pos4] 2_113+1_2_3 -> pos1 DMG 2220 (hp 0.992->0.960)
   [pos4] 2_113+1_2_3 -> pos2 DMG 2191 (hp 0.980->0.898)
   [pos4] 2_113+1_2_3 -> pos3 DMG 2280 (hp 0.992->0.959)
   [pos4] 2_113+1_2_3 -> pos1 DMG 2130 (hp 0.984->0.921)
   [pos4] 2_113+1_2_3 -> pos2 DMG 2236 (hp 0.971->0.857)
   [pos4] 2_113+1_2_3 -> pos3 DMG 2215 (hp 0.984->0.918)
   [pos4] NormalATK -> pos2 DMG 4519 (hp 0.955->0.775)
   [pos5] 2_42+1_3 -> pos1 DMG 4183 (hp 0.969->0.845)
   [pos5] 2_42+1_3 -> pos3 DMG 3778 (hp 0.970->0.850)
   [pos5] NormalATK -> pos1 DMG 3729 (hp 0.955->0.777)
-- Round 2 --
   [pos1] 2_66+4_5_6 -> pos4 DMG 2861 (hp 0.990->0.948)
   [pos1] 2_66+4_5_6 -> pos5 DMG 3250 (hp 0.909->0.655)
   [pos1] 2_66+4_5_6 -> pos6 DMG 3018 (hp 0.851->0.453)
   [pos1] NormalATK -> pos5 DMG 4023 (hp 0.893->0.577)
   [pos1] 4_24+5 -> pos5 DMG 7226 (hp 0.865->0.435)
   [pos2] BEFORE -> pos2 BUFF 70 (hp 0.937->0.775)
   [pos2] 2_100+5 -> pos5 DMG 1214 (hp 0.860->0.411)
   [pos2] 2_100+5 -> pos5 DMG 1277 (hp 0.855->0.386)
   [pos2] 2_100+5 -> pos5 DMG 1264 (hp 0.850->0.361)
   [pos2] 2_100+5 -> pos5 DMG 1226 (hp 0.845->0.337)
   [pos2] NormalATK -> pos4 DMG 2820 (hp 0.979->0.897)
   [pos2] 4_29+4 -> pos2 BUFF 70 (hp 0.937->0.775)
   [pos2] 4_29+4 -> pos4 DMG 3286 (hp 0.967->0.837)
   [pos2] 4_29+4 -> pos4 DMG 615 (hp 0.965->0.826)
   [pos3] 2_118+1_2 -> pos1 BUFF 80 (hp 0.938->0.777)
   [pos3] 2_118+1_2 -> pos2 BUFF 80 (hp 0.937->0.775)
   [pos3] 2_65+5_6 -> pos5 DMG 9375 (hp 0.808->0.153)
   [pos3] 2_65+5_6 -> pos6 DMG 8865 (hp 0.819->0.292)
   [pos3] NormalATK -> pos6 DMG 4294 (hp 0.803->0.213)
   [pos3] NormalATK -> pos6 DMG 4377 (hp 0.787->0.134)
   [pos6] 2_117+1_2_3 -> pos1 DMG 1176 (hp 0.933->0.756)
   [pos6] 2_117+1_2_3 -> pos2 DMG 1127 (hp 0.933->0.754)
   [pos6] 2_117+1_2_3 -> pos3 DMG 1139 (hp 0.954->0.829)
   [pos6] 2_117+1_2_3 -> pos1 DMG 1119 (hp 0.929->0.735)
   [pos6] 2_117+1_2_3 -> pos2 DMG 1162 (hp 0.929->0.733)
   [pos6] 2_117+1_2_3 -> pos3 DMG 1072 (hp 0.950->0.809)
   [pos6] 2_126+2_3 -> pos2 DMG 2426 (hp 0.920->0.689)
   [pos6] 2_126+2_3 -> pos3 DMG 2309 (hp 0.942->0.767)
   [pos6] 2_65+2_3 -> pos2 DMG 3425 (hp 0.907->0.627)
   [pos6] 2_65+2_3 -> pos3 DMG 3293 (hp 0.930->0.708)
   [pos6] NormalATK -> pos2 DMG 1709 (hp 0.901->0.596)
   [pos4] BEFORE -> pos4 HEAL 5856 (hp 0.965->0.932)
   [pos4] NormalATK -> pos2 DMG 4727 (hp 0.884->0.510)
   [pos5] 2_92+1_2_3 -> pos1 DMG 805 (hp 0.926->0.721)
   [pos5] 2_92+1_2_3 -> pos2 DMG 811 (hp 0.881->0.495)
   [pos5] 2_92+1_2_3 -> pos3 DMG 757 (hp 0.927->0.694)
   [pos5] 2_100+2 -> pos2 DMG 653 (hp 0.879->0.483)
   [pos5] 2_100+2 -> pos2 DMG 653 (hp 0.876->0.471)
   [pos5] 2_100+2 -> pos2 DMG 614 (hp 0.874->0.460)
   [pos5] 2_100+2 -> pos2 DMG 621 (hp 0.872->0.449)
   [pos5] 2_100+2 -> pos2 DMG 653 (hp 0.869->0.437)
   [pos5] 2_100+2 -> pos2 DMG 679 (hp 0.867->0.425)
   [pos5] NormalATK -> pos2 DMG 1657 (hp 0.861->0.394)
-- Round 3 --
   [pos1] NormalATK -> pos5 DMG 4194 (hp 0.726->0.071)
   [pos1] 4_14+5 -> pos5 DMG 3629 (hp 0.609->0.000)
   [pos1] 4_14+6 -> pos6 DMG 5054 (hp 0.704->0.042)
   [pos2] BEFORE -> pos2 BUFF 70 (hp 0.814->0.394)
   [pos2] 2_100+4 -> pos4 DMG 689 (hp 0.959->0.920)
   [pos2] 2_100+4 -> pos4 DMG 718 (hp 0.957->0.907)
   [pos2] 2_100+4 -> pos4 DMG 740 (hp 0.954->0.893)
   [pos2] NormalATK -> pos6 DMG 2255 (hp 0.696->0.001)
   [pos2] 4_29+6 -> pos2 BUFF 70 (hp 0.814->0.394)
   [pos2] 4_29+6 -> pos6 DMG 55 (hp 0.592->0.000)
   [pos3] NormalATK -> pos4 DMG 3230 (hp 0.942->0.834)
   [pos3] NormalATK -> pos4 DMG 3533 (hp 0.930->0.770)
   [pos4] BEFORE -> pos4 HEAL 5856 (hp 0.930->0.877)
   [pos4] NormalATK -> pos3 DMG 4282 (hp 0.888->0.616)
-- Round 4 --
   [pos1] NormalATK -> pos4 DMG 3276 (hp 0.912->0.817)
   [pos1] 4_14+4 -> pos4 DMG 4375 (hp 0.896->0.738)
   [pos1] 4_24+4 -> pos4 DMG 5766 (hp 0.875->0.633)
   [pos2] BEFORE -> pos2 BUFF 70 (hp 0.772->0.394)
   [pos2] 2_100+4 -> pos4 DMG 718 (hp 0.873->0.620)
   [pos2] 2_100+4 -> pos4 DMG 689 (hp 0.870->0.607)
   [pos2] 2_100+4 -> pos4 DMG 704 (hp 0.868->0.594)
   [pos2] 2_100+4 -> pos4 DMG 733 (hp 0.865->0.581)
   [pos2] 2_100+4 -> pos4 DMG 733 (hp 0.863->0.568)
   [pos2] 2_100+4 -> pos4 DMG 755 (hp 0.860->0.554)
   [pos2] NormalATK -> pos4 DMG 2033 (hp 0.852->0.517)
   [pos2] 4_29+4 -> pos2 BUFF 70 (hp 0.772->0.394)
   [pos2] 4_29+4 -> pos4 DMG 2231 (hp 0.844->0.476)
   [pos2] 4_29+4 -> pos4 DMG 439 (hp 0.843->0.469)
   [pos2] 4_30+4 -> pos4 DMG 2442 (hp 0.834->0.424)
   [pos2] 4_30+4 -> pos4 DMG 439 (hp 0.832->0.416)
   [pos2] NormalATK -> pos4 DMG 2033 (hp 0.825->0.379)
   [pos2] NormalATK -> pos4 DMG 439 (hp 0.823->0.371)
   [pos2] 4_29+4 -> pos4 DMG 2393 (hp 0.815->0.328)
   [pos2] 4_29+4 -> pos4 DMG 439 (hp 0.813->0.320)
   [pos2] 4_30+4 -> pos4 DMG 2392 (hp 0.804->0.276)
   [pos2] 4_30+4 -> pos4 DMG 439 (hp 0.803->0.268)
   [pos3] 2_65+4 -> pos4 DMG 6292 (hp 0.780->0.154)
   [pos3] NormalATK -> pos4 DMG 3139 (hp 0.768->0.097)
   [pos3] NormalATK -> pos4 DMG 3266 (hp 0.757->0.037)
   [pos6] BEFORE -> pos6 BUFF 8 (hp 0.592->0.000)
   [pos4] BEFORE -> pos4 HEAL 5742 (hp 0.757->0.142)
   [pos4] 2_113+1_2_3 -> pos1 DMG 823 (hp 0.884->0.706)
   [pos4] 2_113+1_2_3 -> pos2 DMG 889 (hp 0.769->0.378)
   [pos4] 2_113+1_2_3 -> pos3 DMG 789 (hp 0.858->0.602)
   [pos4] 2_113+1_2_3 -> pos1 DMG 840 (hp 0.881->0.690)
   [pos4] 2_113+1_2_3 -> pos2 DMG 880 (hp 0.766->0.362)
   [pos4] 2_113+1_2_3 -> pos3 DMG 797 (hp 0.855->0.587)
   [pos4] 2_66+1_2_3 -> pos1 DMG 1488 (hp 0.876->0.663)
   [pos4] 2_66+1_2_3 -> pos2 DMG 1514 (hp 0.760->0.335)
   [pos4] 2_66+1_2_3 -> pos3 DMG 1456 (hp 0.850->0.561)
   [pos4] NormalATK -> pos3 DMG 1765 (hp 0.843->0.529)
   [pos5] BEFORE -> pos5 BUFF 8 (hp 0.609->0.000)
-- Round 5 --
   [pos1] 2_66+4 -> pos4 DMG 2541 (hp 0.686->0.096)
   [pos1] NormalATK -> pos4 DMG 3205 (hp 0.674->0.037)
   [pos1] 4_14+4 -> pos4 DMG 2051 (hp 0.564->0.000)
