=== Battle 195940508 | revela vs {自定义}-{敌方} | fightRet=1 | rounds=5 ===
-- init (fightPos: heroNum st/slv hp1 hp2) --
   pos1 hero28 st2/lv6 hp1=1.000 hp2=1.000
   pos2 hero117 st2/lv6 hp1=1.000 hp2=1.000
   pos3 hero46 st2/lv6 hp1=1.000 hp2=1.000
   pos4 hero99 st2/lv6 hp1=1.000 hp2=1.000
   pos5 hero87 st2/lv6 hp1=1.000 hp2=1.000
   pos6 hero108 st2/lv6 hp1=1.000 hp2=1.000
   [A] pos1 hero28 kills: normal=22156 skill=59697 skillsUsed=11
   [A] pos2 hero117 kills: normal=14202 skill=49766 skillsUsed=17
   [A] pos3 hero46 kills: normal=21019 skill=11444 skillsUsed=4
   [B] pos1 hero99 kills: normal=11562 skill=24619 skillsUsed=2
   [B] pos2 hero87 kills: normal=6175 skill=5535 skillsUsed=1
   [B] pos3 hero108 kills: normal=7930 skill=31327 skillsUsed=2
-- Round 0 --
   [pos4] 1_19+6_5_4 -> pos6 BUFF 8 (hp 1.000->1.000)
   [pos4] 1_19+6_5_4 -> pos5 BUFF 8 (hp 1.000->1.000)
   [pos4] 1_19+6_5_4 -> pos4 BUFF 107 (hp 1.000->1.000)
   [pos4] 1_19+6_5_4 -> pos4 BUFF 10 (hp 1.000->1.000)
-- Round 1 --
   [pos1] NormalATK -> pos4 DMG 3934 (hp 0.986->0.928)
   [pos1] 4_24+4 -> pos4 DMG 6991 (hp 0.960->0.801)
   [pos2] 2_100+5 -> pos5 DMG 1407 (hp 0.994->0.972)
   [pos2] 2_100+5 -> pos5 DMG 1449 (hp 0.989->0.944)
   [pos2] 2_100+5 -> pos5 DMG 1435 (hp 0.983->0.916)
   [pos2] 2_100+5 -> pos5 DMG 1435 (hp 0.978->0.888)
   [pos2] NormalATK -> pos4 DMG 3172 (hp 0.949->0.744)
   [pos2] 4_29+4 -> pos2 BUFF 70 (hp 1.000->1.000)
   [pos2] 4_29+4 -> pos4 DMG 3732 (hp 0.935->0.676)
   [pos2] 4_29+4 -> pos4 DMG 698 (hp 0.933->0.663)
   [pos3] 2_118+2_1 -> pos2 BUFF 80 (hp 1.000->1.000)
   [pos3] 2_118+2_1 -> pos1 BUFF 80 (hp 1.000->1.000)
   [pos3] NormalATK -> pos4 DMG 3916 (hp 0.918->0.592)
   [pos3] NormalATK -> pos5 DMG 5171 (hp 0.957->0.786)
   [pos6] NormalATK -> pos3 DMG 4740 (hp 0.983->0.914)
   [pos4] BEFORE -> pos4 HEAL 5572 (hp 0.918->0.693)
   [pos4] NormalATK -> pos2 DMG 3999 (hp 0.985->0.927)
   [pos5] 2_92+1_2_3 -> pos1 DMG 1927 (hp 0.993->0.965)
   [pos5] 2_92+1_2_3 -> pos2 DMG 1848 (hp 0.979->0.894)
   [pos5] 2_92+1_2_3 -> pos3 DMG 1760 (hp 0.976->0.882)
   [pos5] NormalATK -> pos3 DMG 3779 (hp 0.963->0.813)
-- Round 2 --
   [pos1] NormalATK -> pos6 DMG 4034 (hp 0.985->0.927)
   [pos1] NormalATK -> pos5 DMG 4851 (hp 0.921->0.691)
   [pos1] 4_14+5 -> pos5 DMG 6364 (hp 0.896->0.566)
   [pos1] 4_14+6 -> pos6 DMG 6027 (hp 0.963->0.817)
   [pos1] 4_24+5 -> pos5 DMG 7725 (hp 0.866->0.415)
   [pos2] BEFORE -> pos2 BUFF 70 (hp 0.970->0.894)
   [pos2] NormalATK -> pos6 DMG 3195 (hp 0.952->0.759)
   [pos2] 4_29+6 -> pos2 BUFF 70 (hp 0.970->0.894)
   [pos2] 4_29+6 -> pos6 DMG 3874 (hp 0.938->0.689)
   [pos2] 4_29+6 -> pos6 DMG 660 (hp 0.935->0.677)
   [pos2] 4_31+6 -> pos6 DMG 3130 (hp 0.924->0.620)
   [pos2] 4_31+6 -> pos6 DMG 660 (hp 0.922->0.608)
   [pos2] 4_31+6 -> pos6 DMG 1422 (hp 0.916->0.582)
   [pos2] 4_31+6 -> pos6 DMG 660 (hp 0.914->0.570)
   [pos2] 4_31+6 -> pos6 DMG 1437 (hp 0.909->0.544)
   [pos2] 4_31+6 -> pos6 DMG 660 (hp 0.906->0.532)
   [pos3] NormalATK -> pos6 DMG 3875 (hp 0.892->0.461)
   [pos3] NormalATK -> pos5 DMG 4350 (hp 0.849->0.330)
   [pos6] 2_116+1_2_3 -> pos1 DMG 1504 (hp 0.985->0.938)
   [pos6] 2_116+1_2_3 -> pos2 DMG 1561 (hp 0.965->0.865)
   [pos6] 2_116+1_2_3 -> pos3 DMG 1546 (hp 0.942->0.785)
   [pos6] 2_116+1_2_3 -> pos1 DMG 1550 (hp 0.979->0.909)
   [pos6] 2_116+1_2_3 -> pos2 DMG 1484 (hp 0.959->0.838)
   [pos6] 2_116+1_2_3 -> pos3 DMG 1501 (hp 0.937->0.758)
   [pos6] 2_116+1_2_3 -> pos1 DMG 1504 (hp 0.974->0.882)
   [pos6] 2_116+1_2_3 -> pos2 DMG 1592 (hp 0.953->0.809)
   [pos6] 2_116+1_2_3 -> pos3 DMG 1531 (hp 0.931->0.730)
   [pos6] 2_116+1_2_3 -> pos1 DMG 1519 (hp 0.968->0.854)
   [pos6] 2_116+1_2_3 -> pos2 DMG 1561 (hp 0.948->0.781)
   [pos6] 2_116+1_2_3 -> pos3 DMG 1412 (hp 0.926->0.704)
   [pos6] 2_65+1_3 -> pos1 DMG 6539 (hp 0.944->0.736)
   [pos6] 2_65+1_3 -> pos3 DMG 6523 (hp 0.902->0.586)
   [pos6] NormalATK -> pos3 DMG 3190 (hp 0.891->0.528)
   [pos4] BEFORE -> pos4 HEAL 5856 (hp 0.896->0.800)
   [pos4] 2_66+1_2_3 -> pos1 DMG 3584 (hp 0.931->0.670)
   [pos4] 2_66+1_2_3 -> pos2 DMG 3300 (hp 0.936->0.721)
   [pos4] 2_66+1_2_3 -> pos3 DMG 3374 (hp 0.878->0.466)
   [pos4] NormalATK -> pos1 DMG 4095 (hp 0.916->0.596)
   [pos5] NormalATK -> pos2 DMG 2396 (hp 0.927->0.677)
-- Round 3 --
   [pos1] NormalATK -> pos4 DMG 3097 (hp 0.875->0.743)
   [pos1] 4_14+4 -> pos4 DMG 4063 (hp 0.860->0.670)
   [pos1] 4_14+5 -> pos5 DMG 5210 (hp 0.777->0.228)
   [pos1] 4_24+4 -> pos4 DMG 5243 (hp 0.841->0.574)
   [pos1] NormalATK -> pos6 DMG 3403 (hp 0.837->0.399)
   [pos1] 4_14+6 -> pos6 DMG 4785 (hp 0.819->0.312)
   [pos1] 4_24+6 -> pos6 DMG 5931 (hp 0.798->0.204)
   [pos2] BEFORE -> pos2 BUFF 70 (hp 0.902->0.677)
   [pos2] 2_100+5 -> pos5 DMG 1111 (hp 0.772->0.206)
   [pos2] 2_100+5 -> pos5 DMG 1135 (hp 0.768->0.183)
   [pos2] 2_100+5 -> pos5 DMG 1194 (hp 0.763->0.160)
   [pos2] NormalATK -> pos5 DMG 3091 (hp 0.751->0.099)
   [pos2] 4_29+5 -> pos2 BUFF 70 (hp 0.902->0.677)
   [pos2] 4_29+5 -> pos5 DMG 3859 (hp 0.736->0.024)
   [pos2] 4_29+5 -> pos5 DMG 575 (hp 0.734->0.013)
   [pos2] 4_30+5 -> pos5 DMG 638 (hp 0.628->0.000)
   [pos2] 4_30+6 -> pos6 DMG 3727 (hp 0.784->0.137)
   [pos2] 4_30+6 -> pos6 DMG 575 (hp 0.782->0.126)
   [pos3] 2_65+4_6 -> pos4 DMG 5309 (hp 0.822->0.478)
   [pos3] 2_65+4_6 -> pos6 DMG 6135 (hp 0.760->0.015)
   [pos3] NormalATK -> pos6 DMG 810 (hp 0.653->0.000)
   [pos3] NormalATK -> pos4 DMG 2897 (hp 0.811->0.425)
   [pos4] BEFORE -> pos4 HEAL 5856 (hp 0.811->0.531)
   [pos4] 2_113+1_2_3 -> pos1 DMG 1586 (hp 0.879->0.567)
   [pos4] 2_113+1_2_3 -> pos2 DMG 1631 (hp 0.896->0.648)
   [pos4] 2_113+1_2_3 -> pos3 DMG 1569 (hp 0.831->0.438)
   [pos4] 2_113+1_2_3 -> pos1 DMG 1586 (hp 0.873->0.538)
   [pos4] 2_113+1_2_3 -> pos2 DMG 1713 (hp 0.890->0.617)
   [pos4] 2_113+1_2_3 -> pos3 DMG 1537 (hp 0.826->0.410)
   [pos4] 2_113+1_2_3 -> pos1 DMG 1603 (hp 0.867->0.509)
   [pos4] 2_113+1_2_3 -> pos2 DMG 1631 (hp 0.884->0.587)
   [pos4] 2_113+1_2_3 -> pos3 DMG 1505 (hp 0.820->0.382)
   [pos4] NormalATK -> pos3 DMG 3468 (hp 0.808->0.319)
-- Round 4 --
   [pos1] 2_66+4 -> pos4 DMG 2317 (hp 0.775->0.489)
   [pos1] NormalATK -> pos4 DMG 2837 (hp 0.765->0.438)
   [pos1] 4_24+4 -> pos4 DMG 5041 (hp 0.746->0.346)
   [pos2] BEFORE -> pos2 BUFF 70 (hp 0.854->0.587)
   [pos2] NormalATK -> pos4 DMG 2431 (hp 0.738->0.302)
   [pos2] 4_29+4 -> pos2 BUFF 70 (hp 0.854->0.587)
   [pos2] 4_29+4 -> pos4 DMG 2974 (hp 0.727->0.248)
   [pos2] 4_29+4 -> pos4 DMG 535 (hp 0.725->0.238)
   [pos2] 4_30+4 -> pos4 DMG 3161 (hp 0.713->0.181)
   [pos2] 4_30+4 -> pos4 DMG 535 (hp 0.711->0.171)
   [pos2] NormalATK -> pos4 DMG 2313 (hp 0.703->0.129)
   [pos2] NormalATK -> pos4 DMG 535 (hp 0.701->0.119)
   [pos2] 4_29+4 -> pos4 DMG 2861 (hp 0.691->0.067)
   [pos2] 4_29+4 -> pos4 DMG 535 (hp 0.689->0.057)
   [pos2] 4_31+4 -> pos4 DMG 2431 (hp 0.680->0.013)
   [pos2] 4_31+4 -> pos4 DMG 535 (hp 0.678->0.003)
   [pos2] 4_31+4 -> pos4 DMG 191 (hp 0.574->0.000)
