=== Battle 195941049 | revela vs {自定义}-{敌方} | fightRet=1 | rounds=5 ===
-- init (fightPos: heroNum st/slv hp1 hp2) --
   pos1 hero28 st2/lv6 hp1=1.000 hp2=1.000
   pos2 hero117 st2/lv6 hp1=1.000 hp2=1.000
   pos3 hero46 st2/lv6 hp1=1.000 hp2=1.000
   pos4 hero99 st2/lv6 hp1=1.000 hp2=1.000
   pos5 hero87 st2/lv6 hp1=1.000 hp2=1.000
   pos6 hero108 st2/lv6 hp1=1.000 hp2=1.000
   [A] pos1 hero28 kills: normal=23583 skill=58288 skillsUsed=7
   [A] pos2 hero117 kills: normal=12816 skill=42793 skillsUsed=12
   [A] pos3 hero46 kills: normal=23904 skill=16445 skillsUsed=3
   [B] pos1 hero99 kills: normal=9697 skill=19356 skillsUsed=2
   [B] pos2 hero87 kills: normal=5606 skill=11784 skillsUsed=2
   [B] pos3 hero108 kills: normal=2907 skill=0 skillsUsed=0
-- Round 0 --
   [pos4] 1_19+6_5_4 -> pos6 BUFF 8 (hp 1.000->1.000)
   [pos4] 1_19+6_5_4 -> pos5 BUFF 8 (hp 1.000->1.000)
   [pos4] 1_19+6_5_4 -> pos4 BUFF 107 (hp 1.000->1.000)
   [pos4] 1_19+6_5_4 -> pos4 BUFF 10 (hp 1.000->1.000)
-- Round 1 --
   [pos1] NormalATK -> pos4 DMG 4010 (hp 0.985->0.927)
   [pos1] 4_14+4 -> pos4 DMG 9943 (hp 0.949->0.746)
   [pos1] 4_14+6 -> pos6 DMG 10921 (hp 0.960->0.801)
   [pos2] NormalATK -> pos6 DMG 3311 (hp 0.948->0.741)
   [pos2] 4_29+6 -> pos2 BUFF 70 (hp 1.000->1.000)
   [pos2] 4_29+6 -> pos6 DMG 4097 (hp 0.933->0.667)
   [pos2] 4_29+6 -> pos6 DMG 698 (hp 0.931->0.654)
   [pos2] 4_31+6 -> pos6 DMG 3311 (hp 0.919->0.594)
   [pos2] 4_31+6 -> pos6 DMG 698 (hp 0.916->0.581)
   [pos2] 4_31+6 -> pos6 DMG 1474 (hp 0.911->0.554)
   [pos2] 4_31+6 -> pos6 DMG 698 (hp 0.908->0.542)
   [pos2] 4_31+6 -> pos6 DMG 1613 (hp 0.903->0.512)
   [pos2] 4_31+6 -> pos6 DMG 698 (hp 0.900->0.500)
   [pos3] 2_118+2_1 -> pos2 BUFF 80 (hp 1.000->1.000)
   [pos3] 2_118+2_1 -> pos1 BUFF 80 (hp 1.000->1.000)
   [pos3] NormalATK -> pos6 DMG 4612 (hp 0.883->0.416)
   [pos3] NormalATK -> pos5 DMG 5022 (hp 0.980->0.902)
   [pos6] NormalATK -> pos2 DMG 2907 (hp 0.989->0.947)
   [pos4] BEFORE -> pos4 HEAL 5401 (hp 0.949->0.845)
   [pos4] NormalATK -> pos3 DMG 4036 (hp 0.985->0.927)
   [pos5] 2_92+1_2_3 -> pos1 DMG 1924 (hp 0.993->0.965)
   [pos5] 2_92+1_2_3 -> pos2 DMG 1899 (hp 0.983->0.913)
   [pos5] 2_92+1_2_3 -> pos3 DMG 1960 (hp 0.978->0.891)
   [pos5] 2_103+1_2_3 -> pos1 DMG 2083 (hp 0.985->0.927)
   [pos5] 2_103+1_2_3 -> pos2 DMG 1939 (hp 0.976->0.877)
   [pos5] 2_103+1_2_3 -> pos3 DMG 1979 (hp 0.971->0.855)
   [pos5] NormalATK -> pos3 DMG 3845 (hp 0.957->0.785)
-- Round 2 --
   [pos1] NormalATK -> pos5 DMG 4302 (hp 0.956->0.817)
   [pos1] NormalATK -> pos6 DMG 4284 (hp 0.821->0.338)
   [pos1] 4_14+6 -> pos6 DMG 9795 (hp 0.785->0.160)
   [pos1] 4_14+5 -> pos5 DMG 11110 (hp 0.912->0.599)
   [pos1] 4_24+6 -> pos6 DMG 8790 (hp 0.650->0.000)
   [pos2] BEFORE -> pos2 BUFF 70 (hp 0.966->0.877)
   [pos2] NormalATK -> pos5 DMG 3589 (hp 0.898->0.529)
   [pos2] 4_29+5 -> pos2 BUFF 70 (hp 0.966->0.877)
   [pos2] 4_29+5 -> pos5 DMG 4220 (hp 0.881->0.446)
   [pos2] 4_29+5 -> pos5 DMG 654 (hp 0.879->0.433)
   [pos2] NormalATK -> pos4 DMG 3000 (hp 0.928->0.790)
   [pos2] NormalATK -> pos4 DMG 654 (hp 0.926->0.778)
   [pos2] 4_29+4 -> pos4 DMG 3635 (hp 0.912->0.712)
   [pos2] 4_29+4 -> pos4 DMG 654 (hp 0.910->0.700)
   [pos3] 2_65+4_5 -> pos4 DMG 7609 (hp 0.882->0.562)
   [pos3] 2_65+4_5 -> pos5 DMG 8836 (hp 0.844->0.260)
   [pos3] NormalATK -> pos5 DMG 4275 (hp 0.827->0.176)
   [pos3] NormalATK -> pos4 DMG 3650 (hp 0.869->0.495)
   [pos4] BEFORE -> pos4 HEAL 5913 (hp 0.869->0.603)
   [pos4] 2_113+1_2_3 -> pos1 DMG 1794 (hp 0.973->0.895)
   [pos4] 2_113+1_2_3 -> pos2 DMG 1807 (hp 0.959->0.845)
   [pos4] 2_113+1_2_3 -> pos3 DMG 1772 (hp 0.933->0.753)
   [pos4] 2_113+1_2_3 -> pos1 DMG 1654 (hp 0.967->0.864)
   [pos4] 2_113+1_2_3 -> pos2 DMG 1737 (hp 0.953->0.813)
   [pos4] 2_113+1_2_3 -> pos3 DMG 1738 (hp 0.927->0.721)
   [pos4] NormalATK -> pos3 DMG 3657 (hp 0.914->0.655)
   [pos5] NormalATK -> pos3 DMG 1761 (hp 0.907->0.623)
-- Round 3 --
   [pos1] NormalATK -> pos5 DMG 4242 (hp 0.746->0.093)
   [pos1] 4_24+5 -> pos5 DMG 4750 (hp 0.624->0.000)
   [pos1] NormalATK -> pos4 DMG 3374 (hp 0.830->0.542)
   [pos2] BEFORE -> pos2 BUFF 70 (hp 0.939->0.813)
   [pos2] NormalATK -> pos4 DMG 2916 (hp 0.820->0.489)
   [pos2] 4_29+4 -> pos2 BUFF 70 (hp 0.939->0.813)
   [pos2] 4_29+4 -> pos4 DMG 3299 (hp 0.808->0.429)
   [pos2] 4_29+4 -> pos4 DMG 630 (hp 0.805->0.417)
   [pos2] 4_30+4 -> pos4 DMG 3755 (hp 0.792->0.349)
   [pos2] 4_30+4 -> pos4 DMG 630 (hp 0.789->0.337)
   [pos2] 4_31+4 -> pos4 DMG 2861 (hp 0.779->0.285)
   [pos2] 4_31+4 -> pos4 DMG 630 (hp 0.777->0.274)
   [pos2] 4_31+4 -> pos4 DMG 1237 (hp 0.772->0.251)
   [pos2] 4_31+4 -> pos4 DMG 630 (hp 0.770->0.240)
   [pos2] 4_31+4 -> pos4 DMG 1237 (hp 0.765->0.217)
   [pos2] 4_31+4 -> pos4 DMG 630 (hp 0.763->0.206)
   [pos3] NormalATK -> pos4 DMG 3061 (hp 0.752->0.150)
   [pos3] NormalATK -> pos4 DMG 3284 (hp 0.740->0.091)
   [pos4] BEFORE -> pos4 HEAL 5515 (hp 0.740->0.191)
   [pos4] 2_113+1_2_3 -> pos1 DMG 933 (hp 0.953->0.847)
   [pos4] 2_113+1_2_3 -> pos2 DMG 1040 (hp 0.935->0.794)
   [pos4] 2_113+1_2_3 -> pos3 DMG 913 (hp 0.876->0.606)
   [pos4] 2_113+1_2_3 -> pos1 DMG 1002 (hp 0.950->0.829)
   [pos4] 2_113+1_2_3 -> pos2 DMG 1020 (hp 0.931->0.775)
   [pos4] 2_113+1_2_3 -> pos3 DMG 990 (hp 0.872->0.588)
   [pos4] 2_113+1_2_3 -> pos1 DMG 1012 (hp 0.946->0.811)
   [pos4] 2_113+1_2_3 -> pos2 DMG 1040 (hp 0.928->0.757)
   [pos4] 2_113+1_2_3 -> pos3 DMG 904 (hp 0.869->0.572)
   [pos4] NormalATK -> pos3 DMG 2004 (hp 0.862->0.535)
-- Round 4 --
   [pos1] 2_66+4 -> pos4 DMG 2979 (hp 0.674->0.137)
   [pos1] NormalATK -> pos4 DMG 3371 (hp 0.662->0.075)
   [pos2] BEFORE -> pos2 BUFF 70 (hp 0.910->0.757)
   [pos2] 2_100+4 -> pos4 DMG 954 (hp 0.659->0.058)
   [pos2] 2_100+4 -> pos4 DMG 1035 (hp 0.655->0.039)
   [pos2] 2_100+4 -> pos4 DMG 1035 (hp 0.651->0.020)
   [pos2] 2_100+4 -> pos4 DMG 964 (hp 0.648->0.003)
   [pos2] 2_100+4 -> pos4 DMG 162 (hp 0.544->0.000)
