=== Battle 195941260 | revela vs {自定义}-{敌方} | fightRet=1 | rounds=6 ===
-- init (fightPos: heroNum st/slv hp1 hp2) --
   pos1 hero28 st2/lv6 hp1=1.000 hp2=1.000
   pos2 hero117 st2/lv6 hp1=1.000 hp2=1.000
   pos3 hero46 st2/lv6 hp1=1.000 hp2=1.000
   pos4 hero99 st2/lv6 hp1=1.000 hp2=1.000
   pos5 hero87 st2/lv6 hp1=1.000 hp2=1.000
   pos6 hero108 st2/lv6 hp1=1.000 hp2=1.000
   [A] pos1 hero28 kills: normal=22646 skill=81356 skillsUsed=15
   [A] pos2 hero117 kills: normal=11039 skill=42153 skillsUsed=17
   [A] pos3 hero46 kills: normal=22580 skill=4082 skillsUsed=2
   [B] pos1 hero99 kills: normal=13581 skill=48545 skillsUsed=5
   [B] pos2 hero87 kills: normal=4772 skill=19421 skillsUsed=4
   [B] pos3 hero108 kills: normal=6072 skill=42250 skillsUsed=4
-- Round 0 --
   [pos4] 1_19+5_6_4 -> pos5 BUFF 8 (hp 1.000->1.000)
   [pos4] 1_19+5_6_4 -> pos6 BUFF 8 (hp 1.000->1.000)
   [pos4] 1_19+5_6_4 -> pos4 BUFF 107 (hp 1.000->1.000)
   [pos4] 1_19+5_6_4 -> pos4 BUFF 10 (hp 1.000->1.000)
-- Round 1 --
   [pos1] NormalATK -> pos6 DMG 4491 (hp 0.984->0.918)
   [pos1] 4_14+6 -> pos6 DMG 10172 (hp 0.947->0.733)
   [pos1] 4_14+5 -> pos5 DMG 11420 (hp 0.955->0.776)
   [pos2] 2_100+6 -> pos6 DMG 1253 (hp 0.942->0.711)
   [pos2] 2_100+6 -> pos6 DMG 1344 (hp 0.937->0.686)
   [pos2] 2_100+6 -> pos6 DMG 1305 (hp 0.933->0.662)
   [pos2] 2_100+6 -> pos6 DMG 1305 (hp 0.928->0.639)
   [pos2] 2_100+6 -> pos6 DMG 1253 (hp 0.923->0.616)
   [pos2] NormalATK -> pos4 DMG 2987 (hp 0.989->0.946)
   [pos2] 4_29+4 -> pos2 BUFF 70 (hp 1.000->1.000)
   [pos2] 4_29+4 -> pos4 DMG 3843 (hp 0.975->0.876)
   [pos2] 4_29+4 -> pos4 DMG 698 (hp 0.973->0.863)
   [pos2] 4_30+4 -> pos4 DMG 3842 (hp 0.959->0.793)
   [pos2] 4_30+4 -> pos4 DMG 698 (hp 0.956->0.781)
   [pos3] NormalATK -> pos5 DMG 5022 (hp 0.936->0.678)
   [pos3] NormalATK -> pos6 DMG 4657 (hp 0.906->0.531)
   [pos6] 2_126+3_2 -> pos3 DMG 4767 (hp 0.983->0.913)
   [pos6] 2_126+3_2 -> pos2 DMG 5104 (hp 0.981->0.907)
   [pos6] NormalATK -> pos3 DMG 3390 (hp 0.970->0.852)
   [pos4] BEFORE -> pos4 HEAL 5572 (hp 0.956->0.882)
   [pos4] 2_113+1_2_3 -> pos1 DMG 2190 (hp 0.992->0.960)
   [pos4] 2_113+1_2_3 -> pos2 DMG 2228 (hp 0.973->0.867)
   [pos4] 2_113+1_2_3 -> pos3 DMG 1958 (hp 0.963->0.816)
   [pos4] 2_113+1_2_3 -> pos1 DMG 2000 (hp 0.985->0.924)
   [pos4] 2_113+1_2_3 -> pos2 DMG 2206 (hp 0.965->0.827)
   [pos4] 2_113+1_2_3 -> pos3 DMG 2142 (hp 0.955->0.777)
   [pos4] NormalATK -> pos1 DMG 4607 (hp 0.968->0.840)
   [pos5] 2_42+2_1 -> pos2 DMG 4171 (hp 0.950->0.751)
   [pos5] 2_42+2_1 -> pos1 DMG 3982 (hp 0.954->0.768)
   [pos5] NormalATK -> pos3 DMG 3404 (hp 0.943->0.715)
-- Round 2 --
   [pos1] 2_66+4_5_6 -> pos4 DMG 2623 (hp 0.939->0.834)
   [pos1] 2_66+4_5_6 -> pos5 DMG 3570 (hp 0.896->0.608)
   [pos1] 2_66+4_5_6 -> pos6 DMG 3122 (hp 0.857->0.475)
   [pos1] NormalATK -> pos5 DMG 4287 (hp 0.879->0.524)
   [pos1] 4_14+5 -> pos5 DMG 5912 (hp 0.856->0.408)
   [pos1] 4_14+6 -> pos6 DMG 5482 (hp 0.838->0.375)
   [pos1] 4_24+5 -> pos5 DMG 7618 (hp 0.826->0.258)
   [pos2] BEFORE -> pos2 BUFF 70 (hp 0.930->0.751)
   [pos2] NormalATK -> pos5 DMG 3320 (hp 0.813->0.193)
   [pos2] 4_29+5 -> pos2 BUFF 70 (hp 0.930->0.751)
   [pos2] 4_29+5 -> pos5 DMG 3747 (hp 0.798->0.120)
   [pos2] 4_29+5 -> pos5 DMG 605 (hp 0.796->0.108)
   [pos3] 2_118+1_2 -> pos1 BUFF 80 (hp 0.935->0.768)
   [pos3] 2_118+1_2 -> pos2 BUFF 80 (hp 0.930->0.751)
   [pos3] NormalATK -> pos4 DMG 3348 (hp 0.927->0.773)
   [pos3] NormalATK -> pos6 DMG 3749 (hp 0.824->0.307)
   [pos6] 2_116+1_2_3 -> pos1 DMG 1277 (hp 0.930->0.744)
   [pos6] 2_116+1_2_3 -> pos2 DMG 1211 (hp 0.926->0.729)
   [pos6] 2_116+1_2_3 -> pos3 DMG 1176 (hp 0.916->0.694)
   [pos6] 2_116+1_2_3 -> pos1 DMG 1264 (hp 0.926->0.721)
   [pos6] 2_116+1_2_3 -> pos2 DMG 1224 (hp 0.921->0.706)
   [pos6] 2_116+1_2_3 -> pos3 DMG 1249 (hp 0.912->0.671)
   [pos6] 2_116+1_2_3 -> pos1 DMG 1264 (hp 0.921->0.698)
   [pos6] 2_116+1_2_3 -> pos2 DMG 1224 (hp 0.917->0.684)
   [pos6] 2_116+1_2_3 -> pos3 DMG 1261 (hp 0.907->0.648)
   [pos6] 2_116+1_2_3 -> pos1 DMG 1201 (hp 0.917->0.677)
   [pos6] 2_116+1_2_3 -> pos2 DMG 1198 (hp 0.913->0.662)
   [pos6] 2_116+1_2_3 -> pos3 DMG 1261 (hp 0.902->0.625)
   [pos6] 2_126+3_2 -> pos3 DMG 3483 (hp 0.890->0.562)
   [pos6] 2_126+3_2 -> pos2 DMG 3696 (hp 0.899->0.595)
   [pos6] 2_65+3_2 -> pos3 DMG 5172 (hp 0.871->0.468)
   [pos6] 2_65+3_2 -> pos2 DMG 5218 (hp 0.880->0.500)
   [pos6] NormalATK -> pos2 DMG 2682 (hp 0.870->0.452)
   [pos4] BEFORE -> pos4 HEAL 5799 (hp 0.927->0.879)
   [pos4] 2_66+1_2_3 -> pos1 DMG 3433 (hp 0.904->0.614)
   [pos4] 2_66+1_2_3 -> pos2 DMG 3458 (hp 0.858->0.389)
   [pos4] 2_66+1_2_3 -> pos3 DMG 3642 (hp 0.858->0.402)
   [pos4] NormalATK -> pos3 DMG 4117 (hp 0.843->0.327)
   [pos5] 2_92+1_2_3 -> pos1 DMG 670 (hp 0.902->0.602)
   [pos5] 2_92+1_2_3 -> pos2 DMG 730 (hp 0.855->0.375)
   [pos5] 2_92+1_2_3 -> pos3 DMG 690 (hp 0.840->0.314)
   [pos5] 2_92+1_2_3 -> pos1 DMG 656 (hp 0.900->0.590)
   [pos5] 2_92+1_2_3 -> pos2 DMG 716 (hp 0.853->0.362)
   [pos5] 2_92+1_2_3 -> pos3 DMG 636 (hp 0.838->0.303)
   [pos5] 2_103+1_2_3 -> pos1 DMG 697 (hp 0.897->0.577)
   [pos5] 2_103+1_2_3 -> pos2 DMG 668 (hp 0.850->0.350)
   [pos5] 2_103+1_2_3 -> pos3 DMG 683 (hp 0.835->0.290)
   [pos5] 2_103+1_2_3 -> pos1 DMG 670 (hp 0.895->0.565)
   [pos5] 2_103+1_2_3 -> pos2 DMG 689 (hp 0.848->0.338)
   [pos5] 2_103+1_2_3 -> pos3 DMG 696 (hp 0.833->0.278)
   [pos5] 2_42+2_3 -> pos2 DMG 1517 (hp 0.842->0.310)
   [pos5] 2_42+2_3 -> pos3 DMG 1550 (hp 0.827->0.250)
   [pos5] NormalATK -> pos3 DMG 1368 (hp 0.822->0.225)
-- Round 3 --
   [pos1] NormalATK -> pos6 DMG 3089 (hp 0.761->0.251)
   [pos1] 4_14+6 -> pos6 DMG 4523 (hp 0.745->0.168)
   [pos1] 4_24+6 -> pos6 DMG 5550 (hp 0.724->0.067)
   [pos1] NormalATK -> pos6 DMG 3250 (hp 0.713->0.008)
   [pos1] 4_14+6 -> pos6 DMG 455 (hp 0.608->0.000)
   [pos1] 4_14+5 -> pos5 DMG 5175 (hp 0.707->0.006)
   [pos2] BEFORE -> pos2 BUFF 70 (hp 0.789->0.310)
   [pos2] NormalATK -> pos4 DMG 1650 (hp 0.916->0.849)
   [pos2] 4_29+4 -> pos2 BUFF 70 (hp 0.789->0.310)
   [pos2] 4_29+4 -> pos4 DMG 2165 (hp 0.908->0.809)
   [pos2] 4_29+4 -> pos4 DMG 389 (hp 0.907->0.802)
   [pos2] 4_30+4 -> pos4 DMG 2323 (hp 0.899->0.760)
   [pos2] 4_30+4 -> pos4 DMG 389 (hp 0.897->0.753)
   [pos2] 4_30+5 -> pos5 DMG 324 (hp 0.602->0.000)
   [pos2] 4_31+4 -> pos4 DMG 1684 (hp 0.891->0.722)
   [pos2] 4_31+4 -> pos4 DMG 389 (hp 0.890->0.715)
   [pos2] 4_31+4 -> pos4 DMG 796 (hp 0.887->0.701)
   [pos2] 4_31+4 -> pos4 DMG 389 (hp 0.885->0.694)
   [pos2] 4_31+4 -> pos4 DMG 765 (hp 0.883->0.680)
   [pos2] 4_31+4 -> pos4 DMG 389 (hp 0.881->0.673)
   [pos2] NormalATK -> pos4 DMG 1667 (hp 0.875->0.642)
   [pos2] NormalATK -> pos4 DMG 389 (hp 0.874->0.635)
   [pos2] 4_29+4 -> pos4 DMG 2020 (hp 0.866->0.599)
   [pos2] 4_29+4 -> pos4 DMG 389 (hp 0.865->0.592)
   [pos2] 4_30+4 -> pos4 DMG 2189 (hp 0.857->0.552)
   [pos2] 4_30+4 -> pos4 DMG 389 (hp 0.856->0.545)
   [pos3] 2_65+4 -> pos4 DMG 4082 (hp 0.841->0.471)
   [pos3] NormalATK -> pos4 DMG 2015 (hp 0.833->0.434)
   [pos3] NormalATK -> pos4 DMG 1824 (hp 0.827->0.401)
   [pos4] BEFORE -> pos4 HEAL 5572 (hp 0.827->0.502)
   [pos4] 2_113+1_2_3 -> pos1 DMG 1510 (hp 0.856->0.538)
   [pos4] 2_113+1_2_3 -> pos2 DMG 1521 (hp 0.784->0.283)
   [pos4] 2_113+1_2_3 -> pos3 DMG 1618 (hp 0.757->0.195)
   [pos4] 2_113+1_2_3 -> pos1 DMG 1669 (hp 0.850->0.507)
   [pos4] 2_113+1_2_3 -> pos2 DMG 1618 (hp 0.778->0.253)
   [pos4] 2_113+1_2_3 -> pos3 DMG 1510 (hp 0.751->0.168)
   [pos4] 2_66+1_2_3 -> pos1 DMG 2816 (hp 0.840->0.456)
   [pos4] 2_66+1_2_3 -> pos2 DMG 2616 (hp 0.768->0.206)
   [pos4] 2_66+1_2_3 -> pos3 DMG 2701 (hp 0.741->0.119)
   [pos4] NormalATK -> pos3 DMG 3082 (hp 0.730->0.063)
-- Round 4 --
   [pos1] 2_66+4 -> pos4 DMG 2044 (hp 0.787->0.465)
   [pos1] NormalATK -> pos4 DMG 2557 (hp 0.778->0.418)
   [pos1] 4_24+4 -> pos4 DMG 4636 (hp 0.761->0.334)
   [pos1] NormalATK -> pos4 DMG 2479 (hp 0.752->0.289)
   [pos1] 4_14+4 -> pos4 DMG 3483 (hp 0.739->0.226)
   [pos2] BEFORE -> pos2 BUFF 70 (hp 0.712->0.206)
   [pos2] NormalATK -> pos4 DMG 1415 (hp 0.734->0.200)
   [pos2] 4_29+4 -> pos2 BUFF 70 (hp 0.712->0.206)
   [pos2] 4_29+4 -> pos4 DMG 1647 (hp 0.728->0.170)
   [pos2] 4_29+4 -> pos4 DMG 317 (hp 0.727->0.164)
   [pos2] 4_30+4 -> pos4 DMG 1912 (hp 0.720->0.129)
   [pos2] 4_30+4 -> pos4 DMG 317 (hp 0.719->0.124)
   [pos2] 4_31+4 -> pos4 DMG 1457 (hp 0.713->0.097)
   [pos2] 4_31+4 -> pos4 DMG 317 (hp 0.712->0.091)
   [pos2] 4_31+4 -> pos4 DMG 598 (hp 0.710->0.081)
   [pos2] 4_31+4 -> pos4 DMG 317 (hp 0.709->0.075)
   [pos3] NormalATK -> pos4 DMG 972 (hp 0.705->0.057)
   [pos3] NormalATK -> pos4 DMG 993 (hp 0.702->0.039)
   [pos6] BEFORE -> pos6 BUFF 8 (hp 0.608->0.000)
   [pos4] BEFORE -> pos4 HEAL 5913 (hp 0.702->0.147)
   [pos4] 2_113+1_2_3 -> pos1 DMG 837 (hp 0.798->0.441)
   [pos4] 2_113+1_2_3 -> pos2 DMG 825 (hp 0.709->0.191)
   [pos4] 2_113+1_2_3 -> pos3 DMG 861 (hp 0.660->0.047)
   [pos4] 2_113+1_2_3 -> pos1 DMG 906 (hp 0.795->0.425)
   [pos4] 2_113+1_2_3 -> pos2 DMG 903 (hp 0.706->0.174)
   [pos4] 2_113+1_2_3 -> pos3 DMG 794 (hp 0.657->0.033)
   [pos4] 2_113+1_2_3 -> pos1 DMG 880 (hp 0.792->0.409)
   [pos4] 2_113+1_2_3 -> pos2 DMG 834 (hp 0.703->0.159)
   [pos4] 2_113+1_2_3 -> pos3 DMG 869 (hp 0.654->0.017)
   [pos4] NormalATK -> pos2 DMG 1775 (hp 0.696->0.127)
   [pos5] BEFORE -> pos5 BUFF 8 (hp 0.602->0.000)
-- Round 5 --
   [pos1] BEFORE -> pos1 BUFF 80 (hp 0.754->0.409)
   [pos1] 2_66+4 -> pos4 DMG 1996 (hp 0.639->0.110)
   [pos1] NormalATK -> pos4 DMG 2493 (hp 0.630->0.065)
   [pos1] 4_14+4 -> pos4 DMG 3575 (hp 0.514->0.000)
