=== Battle 195941759 | revela vs {自定义}-{敌方} | fightRet=1 | rounds=5 ===
-- init (fightPos: heroNum st/slv hp1 hp2) --
   pos1 hero28 st2/lv6 hp1=1.000 hp2=1.000
   pos2 hero117 st2/lv6 hp1=1.000 hp2=1.000
   pos3 hero46 st2/lv6 hp1=1.000 hp2=1.000
   pos4 hero99 st2/lv6 hp1=1.000 hp2=1.000
   pos5 hero87 st2/lv6 hp1=1.000 hp2=1.000
   pos6 hero108 st2/lv6 hp1=1.000 hp2=1.000
   [A] pos1 hero28 kills: normal=15194 skill=50004 skillsUsed=7
   [A] pos2 hero117 kills: normal=15412 skill=55605 skillsUsed=13
   [A] pos3 hero46 kills: normal=23882 skill=18130 skillsUsed=2
   [B] pos1 hero99 kills: normal=10339 skill=27272 skillsUsed=3
   [B] pos2 hero87 kills: normal=5960 skill=0 skillsUsed=0
   [B] pos3 hero108 kills: normal=3166 skill=0 skillsUsed=0
-- Round 0 --
   [pos4] 1_19+6_5_4 -> pos6 BUFF 8 (hp 1.000->1.000)
   [pos4] 1_19+6_5_4 -> pos5 BUFF 8 (hp 1.000->1.000)
   [pos4] 1_19+6_5_4 -> pos4 BUFF 107 (hp 1.000->1.000)
   [pos4] 1_19+6_5_4 -> pos4 BUFF 10 (hp 1.000->1.000)
-- Round 1 --
   [pos1] 2_66+4_5_6 -> pos4 DMG 3308 (hp 0.988->0.940)
   [pos1] 2_66+4_5_6 -> pos5 DMG 4035 (hp 0.984->0.921)
   [pos1] 2_66+4_5_6 -> pos6 DMG 3423 (hp 0.988->0.938)
   [pos1] NormalATK -> pos6 DMG 4363 (hp 0.972->0.858)
   [pos1] 4_24+6 -> pos6 DMG 12741 (hp 0.925->0.627)
   [pos2] NormalATK -> pos4 DMG 3049 (hp 0.977->0.884)
   [pos2] 4_29+4 -> pos2 BUFF 70 (hp 1.000->1.000)
   [pos2] 4_29+4 -> pos4 DMG 3511 (hp 0.964->0.821)
   [pos2] 4_29+4 -> pos4 DMG 698 (hp 0.962->0.808)
   [pos2] 4_30+4 -> pos4 DMG 4163 (hp 0.946->0.732)
   [pos2] 4_30+4 -> pos4 DMG 698 (hp 0.944->0.720)
   [pos2] 4_30+6 -> pos6 DMG 4349 (hp 0.910->0.548)
   [pos2] 4_30+6 -> pos6 DMG 698 (hp 0.907->0.535)
   [pos2] 4_31+4 -> pos4 DMG 3110 (hp 0.933->0.663)
   [pos2] 4_31+4 -> pos4 DMG 698 (hp 0.930->0.650)
   [pos2] 4_31+4 -> pos4 DMG 1427 (hp 0.925->0.624)
   [pos2] 4_31+4 -> pos4 DMG 698 (hp 0.922->0.612)
   [pos3] 2_118+1_2 -> pos1 BUFF 80 (hp 1.000->1.000)
   [pos3] 2_118+1_2 -> pos2 BUFF 80 (hp 1.000->1.000)
   [pos3] NormalATK -> pos4 DMG 4078 (hp 0.908->0.537)
   [pos3] NormalATK -> pos6 DMG 4432 (hp 0.891->0.454)
   [pos6] NormalATK -> pos2 DMG 3166 (hp 0.988->0.942)
   [pos4] BEFORE -> pos4 HEAL 5685 (hp 0.908->0.641)
   [pos4] 2_113+1_2_3 -> pos1 DMG 1724 (hp 0.994->0.969)
   [pos4] 2_113+1_2_3 -> pos2 DMG 1755 (hp 0.982->0.911)
   [pos4] 2_113+1_2_3 -> pos3 DMG 1653 (hp 0.994->0.970)
   [pos4] 2_113+1_2_3 -> pos1 DMG 1742 (hp 0.987->0.937)
   [pos4] 2_113+1_2_3 -> pos2 DMG 1900 (hp 0.975->0.876)
   [pos4] 2_113+1_2_3 -> pos3 DMG 1774 (hp 0.988->0.938)
   [pos4] 2_66+1_2_3 -> pos1 DMG 3179 (hp 0.976->0.879)
   [pos4] 2_66+1_2_3 -> pos2 DMG 3173 (hp 0.964->0.818)
   [pos4] 2_66+1_2_3 -> pos3 DMG 2871 (hp 0.977->0.885)
   [pos4] NormalATK -> pos1 DMG 3854 (hp 0.962->0.809)
   [pos5] NormalATK -> pos3 DMG 3967 (hp 0.963->0.813)
-- Round 2 --
   [pos1] NormalATK -> pos5 DMG 4358 (hp 0.961->0.835)
   [pos1] 4_14+5 -> pos5 DMG 5768 (hp 0.938->0.722)
   [pos2] BEFORE -> pos2 BUFF 70 (hp 0.949->0.818)
   [pos2] NormalATK -> pos5 DMG 3466 (hp 0.925->0.654)
   [pos2] 4_29+5 -> pos2 BUFF 70 (hp 0.949->0.818)
   [pos2] 4_29+5 -> pos5 DMG 3912 (hp 0.909->0.578)
   [pos2] 4_29+5 -> pos5 DMG 632 (hp 0.907->0.565)
   [pos2] 4_31+5 -> pos5 DMG 3294 (hp 0.894->0.501)
   [pos2] 4_31+5 -> pos5 DMG 632 (hp 0.891->0.488)
   [pos2] NormalATK -> pos6 DMG 2964 (hp 0.837->0.401)
   [pos2] NormalATK -> pos6 DMG 632 (hp 0.834->0.389)
   [pos2] 4_29+6 -> pos6 DMG 3782 (hp 0.821->0.320)
   [pos2] 4_29+6 -> pos6 DMG 632 (hp 0.818->0.309)
   [pos2] 4_30+6 -> pos6 DMG 3934 (hp 0.804->0.237)
   [pos2] 4_30+6 -> pos6 DMG 632 (hp 0.802->0.226)
   [pos3] 2_65+5_6 -> pos5 DMG 9538 (hp 0.854->0.301)
   [pos3] 2_65+5_6 -> pos6 DMG 8592 (hp 0.770->0.070)
   [pos3] NormalATK -> pos6 DMG 3826 (hp 0.653->0.000)
   [pos3] NormalATK -> pos5 DMG 4710 (hp 0.836->0.209)
   [pos4] BEFORE -> pos4 HEAL 5629 (hp 0.881->0.743)
   [pos4] NormalATK -> pos2 DMG 3938 (hp 0.935->0.747)
   [pos5] NormalATK -> pos3 DMG 1993 (hp 0.941->0.777)
-- Round 3 --
   [pos1] 2_66+4_5 -> pos4 DMG 2806 (hp 0.857->0.692)
   [pos1] 2_66+4_5 -> pos5 DMG 3386 (hp 0.760->0.143)
   [pos1] NormalATK -> pos4 DMG 3333 (hp 0.845->0.632)
   [pos2] BEFORE -> pos2 BUFF 70 (hp 0.916->0.747)
   [pos2] 2_100+4 -> pos4 DMG 988 (hp 0.841->0.614)
   [pos2] 2_100+4 -> pos4 DMG 968 (hp 0.838->0.596)
   [pos2] 2_100+4 -> pos4 DMG 1007 (hp 0.834->0.578)
   [pos2] 2_100+4 -> pos4 DMG 1017 (hp 0.830->0.559)
   [pos2] 2_100+4 -> pos4 DMG 1047 (hp 0.827->0.540)
   [pos2] NormalATK -> pos5 DMG 3245 (hp 0.747->0.079)
   [pos2] 4_29+5 -> pos2 BUFF 70 (hp 0.916->0.747)
   [pos2] 4_29+5 -> pos5 DMG 4012 (hp 0.731->0.000)
   [pos2] 4_29+5 -> pos5 DMG 12 (hp 0.628->0.000)
   [pos2] NormalATK -> pos4 DMG 2688 (hp 0.817->0.491)
   [pos2] NormalATK -> pos4 DMG 604 (hp 0.815->0.480)
   [pos2] 4_29+4 -> pos4 DMG 3289 (hp 0.803->0.421)
   [pos2] 4_29+4 -> pos4 DMG 604 (hp 0.801->0.410)
   [pos2] 4_30+4 -> pos4 DMG 3321 (hp 0.788->0.349)
   [pos2] 4_30+4 -> pos4 DMG 604 (hp 0.786->0.338)
   [pos3] NormalATK -> pos4 DMG 3454 (hp 0.774->0.275)
   [pos3] NormalATK -> pos4 DMG 3382 (hp 0.761->0.214)
   [pos4] BEFORE -> pos4 HEAL 5913 (hp 0.761->0.321)
   [pos4] 2_113+1_2_3 -> pos1 DMG 1247 (hp 0.928->0.786)
   [pos4] 2_113+1_2_3 -> pos2 DMG 1270 (hp 0.911->0.724)
   [pos4] 2_113+1_2_3 -> pos3 DMG 1209 (hp 0.920->0.755)
   [pos4] 2_113+1_2_3 -> pos1 DMG 1209 (hp 0.924->0.764)
   [pos4] 2_113+1_2_3 -> pos2 DMG 1308 (hp 0.907->0.700)
   [pos4] 2_113+1_2_3 -> pos3 DMG 1258 (hp 0.915->0.732)
   [pos4] NormalATK -> pos1 DMG 2547 (hp 0.915->0.718)
-- Round 4 --
   [pos1] BEFORE -> pos1 BUFF 80 (hp 0.895->0.718)
   [pos1] 2_66+4 -> pos4 DMG 2564 (hp 0.708->0.275)
   [pos1] NormalATK -> pos4 DMG 3140 (hp 0.697->0.218)
   [pos1] 4_14+4 -> pos4 DMG 8185 (hp 0.667->0.069)
   [pos1] 4_24+4 -> pos4 DMG 3788 (hp 0.550->0.000)
