=== Battle 195940970 | revela vs {自定义}-{敌方} | fightRet=1 | rounds=6 ===
-- init (fightPos: heroNum st/slv hp1 hp2) --
   pos1 hero28 st2/lv6 hp1=1.000 hp2=1.000
   pos2 hero117 st2/lv6 hp1=1.000 hp2=1.000
   pos3 hero46 st2/lv6 hp1=1.000 hp2=1.000
   pos4 hero99 st2/lv6 hp1=1.000 hp2=1.000
   pos5 hero87 st2/lv6 hp1=1.000 hp2=1.000
   pos6 hero108 st2/lv6 hp1=1.000 hp2=1.000
   [A] pos1 hero28 kills: normal=16064 skill=31657 skillsUsed=7
   [A] pos2 hero117 kills: normal=14221 skill=65142 skillsUsed=19
   [A] pos3 hero46 kills: normal=32353 skill=21817 skillsUsed=3
   [B] pos1 hero99 kills: normal=15236 skill=19129 skillsUsed=2
   [B] pos2 hero87 kills: normal=6077 skill=21077 skillsUsed=2
   [B] pos3 hero108 kills: normal=8757 skill=19044 skillsUsed=2
-- Round 0 --
   [pos4] 1_19+5_6_4 -> pos5 BUFF 8 (hp 1.000->1.000)
   [pos4] 1_19+5_6_4 -> pos6 BUFF 8 (hp 1.000->1.000)
   [pos4] 1_19+5_6_4 -> pos4 BUFF 107 (hp 1.000->1.000)
   [pos4] 1_19+5_6_4 -> pos4 BUFF 10 (hp 1.000->1.000)
-- Round 1 --
   [pos1] NormalATK -> pos6 DMG 4320 (hp 0.984->0.921)
   [pos2] NormalATK -> pos6 DMG 3379 (hp 0.972->0.860)
   [pos2] 4_29+6 -> pos2 BUFF 70 (hp 1.000->1.000)
   [pos2] 4_29+6 -> pos6 DMG 4346 (hp 0.956->0.781)
   [pos2] 4_29+6 -> pos6 DMG 698 (hp 0.954->0.768)
   [pos2] 4_31+6 -> pos6 DMG 3414 (hp 0.941->0.706)
   [pos2] 4_31+6 -> pos6 DMG 698 (hp 0.939->0.694)
   [pos2] 4_31+6 -> pos6 DMG 1566 (hp 0.933->0.665)
   [pos2] 4_31+6 -> pos6 DMG 698 (hp 0.931->0.652)
   [pos2] 4_31+6 -> pos6 DMG 1597 (hp 0.925->0.623)
   [pos2] 4_31+6 -> pos6 DMG 698 (hp 0.922->0.611)
   [pos3] NormalATK -> pos4 DMG 3997 (hp 0.985->0.927)
   [pos3] NormalATK -> pos5 DMG 4774 (hp 0.981->0.906)
   [pos6] 2_126+3_1 -> pos3 DMG 4907 (hp 0.982->0.911)
   [pos6] 2_126+3_1 -> pos1 DMG 5013 (hp 0.982->0.909)
   [pos6] NormalATK -> pos2 DMG 3630 (hp 0.987->0.934)
   [pos4] BEFORE -> pos4 HEAL 3198 (hp 0.985->0.985)
   [pos4] NormalATK -> pos1 DMG 4592 (hp 0.965->0.825)
   [pos5] 2_92+1_2_3 -> pos1 DMG 1929 (hp 0.958->0.790)
   [pos5] 2_92+1_2_3 -> pos2 DMG 1923 (hp 0.980->0.899)
   [pos5] 2_92+1_2_3 -> pos3 DMG 2004 (hp 0.975->0.874)
   [pos5] 2_92+1_2_3 -> pos1 DMG 2008 (hp 0.951->0.754)
   [pos5] 2_92+1_2_3 -> pos2 DMG 2024 (hp 0.972->0.862)
   [pos5] 2_92+1_2_3 -> pos3 DMG 1946 (hp 0.968->0.839)
   [pos5] 2_42+1_2 -> pos1 DMG 4604 (hp 0.934->0.670)
   [pos5] 2_42+1_2 -> pos2 DMG 4639 (hp 0.956->0.778)
   [pos5] NormalATK -> pos3 DMG 4056 (hp 0.953->0.765)
-- Round 2 --
   [pos1] 2_66+4_5_6 -> pos4 DMG 2476 (hp 0.976->0.940)
   [pos1] 2_66+4_5_6 -> pos5 DMG 3272 (hp 0.961->0.842)
   [pos1] 2_66+4_5_6 -> pos6 DMG 2947 (hp 0.880->0.557)
   [pos1] NormalATK -> pos4 DMG 3159 (hp 0.965->0.883)
   [pos2] BEFORE -> pos2 BUFF 70 (hp 0.938->0.778)
   [pos2] 2_100+4 -> pos4 DMG 1007 (hp 0.961->0.865)
   [pos2] 2_100+4 -> pos4 DMG 967 (hp 0.958->0.847)
   [pos2] 2_100+4 -> pos4 DMG 1068 (hp 0.954->0.828)
   [pos2] 2_100+4 -> pos4 DMG 1048 (hp 0.950->0.809)
   [pos2] 2_100+4 -> pos4 DMG 1028 (hp 0.946->0.790)
   [pos2] NormalATK -> pos5 DMG 3445 (hp 0.947->0.775)
   [pos2] 4_29+5 -> pos2 BUFF 70 (hp 0.938->0.778)
   [pos2] 4_29+5 -> pos5 DMG 3974 (hp 0.932->0.697)
   [pos2] 4_29+5 -> pos5 DMG 616 (hp 0.929->0.685)
   [pos2] 4_30+5 -> pos5 DMG 4478 (hp 0.912->0.597)
   [pos2] 4_30+5 -> pos5 DMG 616 (hp 0.910->0.585)
   [pos2] 4_30+6 -> pos6 DMG 3995 (hp 0.866->0.484)
   [pos2] 4_30+6 -> pos6 DMG 616 (hp 0.864->0.473)
   [pos2] 4_31+5 -> pos5 DMG 3412 (hp 0.896->0.518)
   [pos2] 4_31+5 -> pos5 DMG 616 (hp 0.894->0.506)
   [pos2] 4_31+5 -> pos5 DMG 1474 (hp 0.888->0.477)
   [pos2] 4_31+5 -> pos5 DMG 616 (hp 0.886->0.465)
   [pos3] 2_65+5_4 -> pos5 DMG 8988 (hp 0.850->0.289)
   [pos3] 2_65+5_4 -> pos4 DMG 6869 (hp 0.921->0.665)
   [pos3] NormalATK -> pos5 DMG 4221 (hp 0.834->0.206)
   [pos3] NormalATK -> pos4 DMG 3569 (hp 0.909->0.600)
   [pos6] 2_126+2_3 -> pos2 DMG 4447 (hp 0.922->0.697)
   [pos6] 2_126+2_3 -> pos3 DMG 4677 (hp 0.917->0.680)
   [pos6] NormalATK -> pos3 DMG 3232 (hp 0.906->0.621)
   [pos4] BEFORE -> pos4 HEAL 5629 (hp 0.909->0.703)
   [pos4] 2_66+1_2_3 -> pos1 DMG 3199 (hp 0.896->0.612)
   [pos4] 2_66+1_2_3 -> pos2 DMG 3288 (hp 0.910->0.637)
   [pos4] 2_66+1_2_3 -> pos3 DMG 3068 (hp 0.894->0.566)
   [pos4] NormalATK -> pos3 DMG 3833 (hp 0.880->0.496)
   [pos5] NormalATK -> pos1 DMG 2021 (hp 0.889->0.575)
-- Round 3 --
   [pos1] NormalATK -> pos6 DMG 3083 (hp 0.813->0.417)
   [pos1] 4_14+6 -> pos6 DMG 4839 (hp 0.796->0.329)
   [pos1] 4_24+6 -> pos6 DMG 5427 (hp 0.776->0.231)
   [pos2] BEFORE -> pos2 BUFF 70 (hp 0.883->0.637)
   [pos2] 2_100+4 -> pos4 DMG 949 (hp 0.884->0.685)
   [pos2] 2_100+4 -> pos4 DMG 912 (hp 0.881->0.669)
   [pos2] 2_100+4 -> pos4 DMG 949 (hp 0.878->0.651)
   [pos2] NormalATK -> pos5 DMG 2938 (hp 0.759->0.148)
   [pos2] 4_29+5 -> pos2 BUFF 70 (hp 0.883->0.637)
   [pos2] 4_29+5 -> pos5 DMG 3671 (hp 0.745->0.076)
   [pos2] 4_29+5 -> pos5 DMG 558 (hp 0.743->0.065)
   [pos2] 4_30+5 -> pos5 DMG 3331 (hp 0.627->0.000)
   [pos3] NormalATK -> pos6 DMG 3219 (hp 0.764->0.172)
   [pos3] NormalATK -> pos4 DMG 2732 (hp 0.868->0.602)
   [pos6] NormalATK -> pos2 DMG 1895 (hp 0.876->0.603)
   [pos4] BEFORE -> pos4 HEAL 5685 (hp 0.868->0.705)
   [pos4] 2_66+1_2_3 -> pos1 DMG 3140 (hp 0.846->0.518)
   [pos4] 2_66+1_2_3 -> pos2 DMG 3392 (hp 0.863->0.541)
   [pos4] 2_66+1_2_3 -> pos3 DMG 3042 (hp 0.831->0.441)
   [pos4] NormalATK -> pos2 DMG 4034 (hp 0.849->0.468)
-- Round 4 --
   [pos1] NormalATK -> pos4 DMG 2862 (hp 0.841->0.653)
   [pos1] 4_14+4 -> pos4 DMG 4024 (hp 0.827->0.580)
   [pos1] 4_24+4 -> pos4 DMG 5036 (hp 0.808->0.488)
   [pos2] BEFORE -> pos2 BUFF 70 (hp 0.811->0.468)
   [pos2] NormalATK -> pos6 DMG 2266 (hp 0.697->0.131)
   [pos2] 4_29+6 -> pos2 BUFF 70 (hp 0.811->0.468)
   [pos2] 4_29+6 -> pos6 DMG 2946 (hp 0.686->0.077)
   [pos2] 4_29+6 -> pos6 DMG 478 (hp 0.684->0.069)
   [pos2] 4_30+6 -> pos6 DMG 3038 (hp 0.673->0.013)
   [pos2] 4_30+6 -> pos6 DMG 478 (hp 0.672->0.005)
   [pos3] 2_65+4_6 -> pos4 DMG 5706 (hp 0.787->0.385)
   [pos3] 2_65+4_6 -> pos6 DMG 254 (hp 0.568->0.000)
   [pos3] NormalATK -> pos4 DMG 2657 (hp 0.778->0.336)
   [pos3] NormalATK -> pos4 DMG 2764 (hp 0.768->0.286)
   [pos6] BEFORE -> pos6 BUFF 8 (hp 0.568->0.000)
   [pos4] BEFORE -> pos4 HEAL 5742 (hp 0.768->0.390)
   [pos4] NormalATK -> pos1 DMG 2777 (hp 0.803->0.468)
   [pos5] BEFORE -> pos5 BUFF 8 (hp 0.627->0.000)
-- Round 5 --
   [pos1] NormalATK -> pos4 DMG 2640 (hp 0.720->0.342)
   [pos1] 4_14+4 -> pos4 DMG 3636 (hp 0.707->0.276)
   [pos2] BEFORE -> pos2 BUFF 70 (hp 0.776->0.468)
   [pos2] NormalATK -> pos4 DMG 2193 (hp 0.699->0.236)
   [pos2] 4_29+4 -> pos2 BUFF 70 (hp 0.776->0.468)
   [pos2] 4_29+4 -> pos4 DMG 2605 (hp 0.690->0.189)
   [pos2] 4_29+4 -> pos4 DMG 478 (hp 0.688->0.180)
   [pos2] 4_31+4 -> pos4 DMG 2172 (hp 0.680->0.141)
   [pos2] 4_31+4 -> pos4 DMG 478 (hp 0.678->0.132)
   [pos2] 4_31+4 -> pos4 DMG 939 (hp 0.675->0.115)
   [pos2] 4_31+4 -> pos4 DMG 478 (hp 0.673->0.106)
   [pos2] 4_31+4 -> pos4 DMG 958 (hp 0.670->0.089)
   [pos2] 4_31+4 -> pos4 DMG 478 (hp 0.668->0.080)
   [pos3] 2_118+1_2 -> pos1 BUFF 80 (hp 0.770->0.468)
   [pos3] 2_118+1_2 -> pos2 BUFF 80 (hp 0.776->0.468)
   [pos3] NormalATK -> pos4 DMG 2657 (hp 0.658->0.032)
   [pos3] NormalATK -> pos4 DMG 1763 (hp 0.549->0.000)
