=== Battle 195941636 | revela vs {自定义}-{敌方} | fightRet=2 | rounds=7 ===
-- init (fightPos: heroNum st/slv hp1 hp2) --
   pos1 hero28 st2/lv6 hp1=1.000 hp2=1.000
   pos2 hero117 st2/lv6 hp1=1.000 hp2=1.000
   pos3 hero46 st2/lv6 hp1=1.000 hp2=1.000
   pos4 hero99 st2/lv6 hp1=1.000 hp2=1.000
   pos5 hero87 st2/lv6 hp1=1.000 hp2=1.000
   pos6 hero108 st2/lv6 hp1=1.000 hp2=1.000
   [A] pos1 hero28 kills: normal=14964 skill=29971 skillsUsed=9
   [A] pos2 hero117 kills: normal=10604 skill=39837 skillsUsed=13
   [A] pos3 hero46 kills: normal=27623 skill=17972 skillsUsed=4
   [B] pos1 hero99 kills: normal=18178 skill=70458 skillsUsed=6
   [B] pos2 hero87 kills: normal=9174 skill=27849 skillsUsed=6
   [B] pos3 hero108 kills: normal=5594 skill=31206 skillsUsed=3
-- Round 0 --
   [pos4] 1_19+6_5_4 -> pos6 BUFF 8 (hp 1.000->1.000)
   [pos4] 1_19+6_5_4 -> pos5 BUFF 8 (hp 1.000->1.000)
   [pos4] 1_19+6_5_4 -> pos4 BUFF 107 (hp 1.000->1.000)
   [pos4] 1_19+6_5_4 -> pos4 BUFF 10 (hp 1.000->1.000)
-- Round 1 --
   [pos1] 2_66+4_5_6 -> pos4 DMG 3087 (hp 0.989->0.944)
   [pos1] 2_66+4_5_6 -> pos5 DMG 3841 (hp 0.985->0.925)
   [pos1] 2_66+4_5_6 -> pos6 DMG 3705 (hp 0.987->0.933)
   [pos1] NormalATK -> pos6 DMG 4149 (hp 0.971->0.857)
   [pos2] NormalATK -> pos6 DMG 3586 (hp 0.958->0.792)
   [pos2] 4_29+6 -> pos2 BUFF 70 (hp 1.000->1.000)
   [pos2] 4_29+6 -> pos6 DMG 4346 (hp 0.943->0.713)
   [pos2] 4_29+6 -> pos6 DMG 698 (hp 0.940->0.700)
   [pos2] 4_30+6 -> pos6 DMG 4528 (hp 0.924->0.618)
   [pos2] 4_30+6 -> pos6 DMG 698 (hp 0.921->0.605)
   [pos2] 4_30+5 -> pos5 DMG 4782 (hp 0.966->0.831)
   [pos2] 4_30+5 -> pos5 DMG 698 (hp 0.963->0.817)
   [pos2] 4_31+6 -> pos6 DMG 3414 (hp 0.909->0.543)
   [pos2] 4_31+6 -> pos6 DMG 698 (hp 0.906->0.531)
   [pos2] 4_31+6 -> pos6 DMG 1474 (hp 0.901->0.504)
   [pos2] 4_31+6 -> pos6 DMG 698 (hp 0.898->0.491)
   [pos3] NormalATK -> pos5 DMG 4724 (hp 0.945->0.725)
   [pos3] NormalATK -> pos5 DMG 4873 (hp 0.926->0.629)
   [pos6] 2_126+2_1 -> pos2 DMG 4767 (hp 0.983->0.913)
   [pos6] 2_126+2_1 -> pos1 DMG 4918 (hp 0.982->0.911)
   [pos6] NormalATK -> pos3 DMG 3323 (hp 0.988->0.940)
   [pos4] BEFORE -> pos4 HEAL 2470 (hp 0.989->0.989)
   [pos4] 2_113+1_2_3 -> pos1 DMG 2341 (hp 0.974->0.868)
   [pos4] 2_113+1_2_3 -> pos2 DMG 2223 (hp 0.975->0.873)
   [pos4] 2_113+1_2_3 -> pos3 DMG 2073 (hp 0.980->0.902)
   [pos4] 2_113+1_2_3 -> pos1 DMG 2319 (hp 0.965->0.826)
   [pos4] 2_113+1_2_3 -> pos2 DMG 2133 (hp 0.967->0.834)
   [pos4] 2_113+1_2_3 -> pos3 DMG 2224 (hp 0.972->0.861)
   [pos4] 2_113+1_2_3 -> pos1 DMG 2140 (hp 0.957->0.787)
   [pos4] 2_113+1_2_3 -> pos2 DMG 2358 (hp 0.958->0.791)
   [pos4] 2_113+1_2_3 -> pos3 DMG 2268 (hp 0.964->0.820)
   [pos4] NormalATK -> pos1 DMG 4413 (hp 0.941->0.707)
   [pos5] 2_100+2 -> pos2 DMG 1291 (hp 0.954->0.768)
   [pos5] 2_100+2 -> pos2 DMG 1357 (hp 0.949->0.743)
   [pos5] 2_100+2 -> pos2 DMG 1239 (hp 0.944->0.721)
   [pos5] 2_100+2 -> pos2 DMG 1331 (hp 0.939->0.696)
   [pos5] NormalATK -> pos3 DMG 3214 (hp 0.952->0.762)
-- Round 2 --
   [pos1] NormalATK -> pos5 DMG 3995 (hp 0.881->0.551)
   [pos2] BEFORE -> pos2 BUFF 70 (hp 0.915->0.696)
   [pos2] NormalATK -> pos6 DMG 2994 (hp 0.847->0.437)
   [pos2] 4_29+6 -> pos2 BUFF 70 (hp 0.915->0.696)
   [pos2] 4_29+6 -> pos6 DMG 3593 (hp 0.834->0.371)
   [pos2] 4_29+6 -> pos6 DMG 583 (hp 0.832->0.361)
   [pos2] 4_30+6 -> pos6 DMG 3817 (hp 0.818->0.291)
   [pos2] 4_30+6 -> pos6 DMG 583 (hp 0.816->0.281)
   [pos3] 2_65+5_4 -> pos5 DMG 8704 (hp 0.846->0.380)
   [pos3] 2_65+5_4 -> pos4 DMG 7425 (hp 0.962->0.854)
   [pos3] NormalATK -> pos6 DMG 3830 (hp 0.802->0.211)
   [pos3] NormalATK -> pos4 DMG 3702 (hp 0.948->0.786)
   [pos6] 2_117+1_2_3 -> pos1 DMG 1458 (hp 0.913->0.680)
   [pos6] 2_117+1_2_3 -> pos2 DMG 1484 (hp 0.910->0.669)
   [pos6] 2_117+1_2_3 -> pos3 DMG 1315 (hp 0.929->0.738)
   [pos6] 2_117+1_2_3 -> pos1 DMG 1401 (hp 0.908->0.655)
   [pos6] 2_117+1_2_3 -> pos2 DMG 1498 (hp 0.904->0.642)
   [pos6] 2_117+1_2_3 -> pos3 DMG 1329 (hp 0.924->0.714)
   [pos6] 2_117+1_2_3 -> pos1 DMG 1472 (hp 0.902->0.628)
   [pos6] 2_117+1_2_3 -> pos2 DMG 1469 (hp 0.899->0.615)
   [pos6] 2_117+1_2_3 -> pos3 DMG 1329 (hp 0.919->0.690)
   [pos6] 2_65+3_1 -> pos3 DMG 4464 (hp 0.903->0.608)
   [pos6] 2_65+3_1 -> pos1 DMG 4302 (hp 0.887->0.550)
   [pos6] NormalATK -> pos2 DMG 2271 (hp 0.891->0.574)
   [pos4] BEFORE -> pos4 HEAL 5799 (hp 0.948->0.892)
   [pos4] 2_113+1_2_3 -> pos1 DMG 2033 (hp 0.879->0.513)
   [pos4] 2_113+1_2_3 -> pos2 DMG 2048 (hp 0.883->0.537)
   [pos4] 2_113+1_2_3 -> pos3 DMG 2134 (hp 0.895->0.570)
   [pos4] 2_113+1_2_3 -> pos1 DMG 2181 (hp 0.871->0.473)
   [pos4] 2_113+1_2_3 -> pos2 DMG 2240 (hp 0.875->0.496)
   [pos4] 2_113+1_2_3 -> pos3 DMG 2093 (hp 0.887->0.532)
   [pos4] NormalATK -> pos3 DMG 4318 (hp 0.872->0.453)
   [pos5] 2_92+1_2_3 -> pos1 DMG 1277 (hp 0.867->0.450)
   [pos5] 2_92+1_2_3 -> pos2 DMG 1247 (hp 0.871->0.474)
   [pos5] 2_92+1_2_3 -> pos3 DMG 1262 (hp 0.867->0.430)
   [pos5] 2_103+1_2_3 -> pos1 DMG 1277 (hp 0.862->0.427)
   [pos5] 2_103+1_2_3 -> pos2 DMG 1273 (hp 0.866->0.450)
   [pos5] 2_103+1_2_3 -> pos3 DMG 1187 (hp 0.863->0.408)
   [pos5] 2_103+1_2_3 -> pos1 DMG 1277 (hp 0.857->0.403)
   [pos5] 2_103+1_2_3 -> pos2 DMG 1247 (hp 0.861->0.428)
   [pos5] 2_103+1_2_3 -> pos3 DMG 1287 (hp 0.858->0.385)
   [pos5] 2_42+3_2 -> pos3 DMG 2922 (hp 0.848->0.332)
   [pos5] 2_42+3_2 -> pos2 DMG 3097 (hp 0.850->0.371)
   [pos5] NormalATK -> pos3 DMG 2631 (hp 0.838->0.284)
-- Round 3 --
   [pos1] NormalATK -> pos6 DMG 2665 (hp 0.733->0.163)
   [pos1] 4_24+6 -> pos6 DMG 8356 (hp 0.703->0.011)
   [pos2] BEFORE -> pos2 BUFF 70 (hp 0.802->0.371)
   [pos2] NormalATK -> pos4 DMG 1823 (hp 0.936->0.859)
   [pos2] 4_29+4 -> pos2 BUFF 70 (hp 0.802->0.371)
   [pos2] 4_29+4 -> pos4 DMG 2346 (hp 0.928->0.816)
   [pos2] 4_29+4 -> pos4 DMG 426 (hp 0.926->0.808)
   [pos3] NormalATK -> pos6 DMG 585 (hp 0.597->0.000)
   [pos3] NormalATK -> pos5 DMG 2762 (hp 0.789->0.326)
   [pos4] BEFORE -> pos4 HEAL 5515 (hp 0.926->0.909)
   [pos4] 2_113+1_2_3 -> pos1 DMG 2072 (hp 0.804->0.366)
   [pos4] 2_113+1_2_3 -> pos2 DMG 2046 (hp 0.795->0.334)
   [pos4] 2_113+1_2_3 -> pos3 DMG 2112 (hp 0.775->0.246)
   [pos4] 2_113+1_2_3 -> pos1 DMG 2115 (hp 0.797->0.327)
   [pos4] 2_113+1_2_3 -> pos2 DMG 2110 (hp 0.787->0.296)
   [pos4] 2_113+1_2_3 -> pos3 DMG 2153 (hp 0.767->0.207)
   [pos4] NormalATK -> pos2 DMG 4532 (hp 0.771->0.213)
   [pos5] 2_103+1_2_3 -> pos1 DMG 1159 (hp 0.793->0.306)
   [pos5] 2_103+1_2_3 -> pos2 DMG 1143 (hp 0.767->0.193)
   [pos5] 2_103+1_2_3 -> pos3 DMG 1134 (hp 0.763->0.186)
   [pos5] NormalATK -> pos1 DMG 2365 (hp 0.784->0.263)
-- Round 4 --
   [pos1] NormalATK -> pos5 DMG 2298 (hp 0.734->0.281)
   [pos1] 4_14+5 -> pos5 DMG 3332 (hp 0.721->0.216)
   [pos2] BEFORE -> pos2 BUFF 70 (hp 0.709->0.193)
   [pos2] NormalATK -> pos5 DMG 1687 (hp 0.714->0.182)
   [pos2] 4_29+5 -> pos2 BUFF 70 (hp 0.709->0.193)
   [pos2] 4_29+5 -> pos5 DMG 1963 (hp 0.706->0.144)
   [pos2] 4_29+5 -> pos5 DMG 307 (hp 0.705->0.138)
   [pos2] 4_30+5 -> pos5 DMG 2106 (hp 0.697->0.097)
   [pos2] 4_30+5 -> pos5 DMG 307 (hp 0.696->0.091)
   [pos3] 2_118+1_2 -> pos1 BUFF 80 (hp 0.732->0.263)
   [pos3] 2_118+1_2 -> pos2 BUFF 80 (hp 0.709->0.193)
   [pos3] NormalATK -> pos5 DMG 2108 (hp 0.687->0.049)
   [pos3] NormalATK -> pos4 DMG 1713 (hp 0.918->0.877)
   [pos6] BEFORE -> pos6 BUFF 8 (hp 0.597->0.000)
   [pos4] BEFORE -> pos4 HEAL 2231 (hp 0.918->0.918)
   [pos4] 2_113+1_2_3 -> pos1 DMG 2105 (hp 0.724->0.225)
   [pos4] 2_113+1_2_3 -> pos2 DMG 2273 (hp 0.701->0.151)
   [pos4] 2_113+1_2_3 -> pos3 DMG 1998 (hp 0.698->0.150)
   [pos4] 2_113+1_2_3 -> pos1 DMG 2105 (hp 0.717->0.187)
   [pos4] 2_113+1_2_3 -> pos2 DMG 2121 (hp 0.693->0.113)
   [pos4] 2_113+1_2_3 -> pos3 DMG 2040 (hp 0.691->0.113)
   [pos4] 2_66+1_2_3 -> pos1 DMG 3508 (hp 0.704->0.123)
   [pos4] 2_66+1_2_3 -> pos2 DMG 3832 (hp 0.679->0.043)
   [pos4] 2_66+1_2_3 -> pos3 DMG 3649 (hp 0.677->0.046)
   [pos4] NormalATK -> pos1 DMG 4387 (hp 0.688->0.043)
   [pos5] BEFORE -> pos5 BUFF 8 (hp 0.687->0.049)
   [pos5] 2_100+2 -> pos2 DMG 360 (hp 0.678->0.037)
   [pos5] 2_100+2 -> pos2 DMG 364 (hp 0.677->0.030)
   [pos5] 2_100+2 -> pos2 DMG 375 (hp 0.675->0.023)
   [pos5] 2_100+2 -> pos2 DMG 353 (hp 0.674->0.017)
   [pos5] 2_100+2 -> pos2 DMG 390 (hp 0.673->0.010)
   [pos5] NormalATK -> pos1 DMG 964 (hp 0.684->0.026)
-- Round 5 --
   [pos1] NormalATK -> pos4 DMG 600 (hp 0.916->0.907)
   [pos1] 4_24+4 -> pos4 DMG 1920 (hp 0.909->0.872)
   [pos2] BEFORE -> pos2 BUFF 70 (hp 0.606->0.010)
   [pos2] 2_100+4 -> pos4 DMG 125 (hp 0.908->0.870)
   [pos2] 2_100+4 -> pos4 DMG 116 (hp 0.908->0.868)
   [pos2] 2_100+4 -> pos4 DMG 127 (hp 0.908->0.866)
   [pos2] 2_100+4 -> pos4 DMG 116 (hp 0.907->0.863)
   [pos2] NormalATK -> pos5 DMG 514 (hp 0.622->0.039)
   [pos2] 4_29+5 -> pos2 BUFF 70 (hp 0.606->0.010)
   [pos2] 4_29+5 -> pos5 DMG 610 (hp 0.619->0.027)
   [pos2] 4_29+5 -> pos5 DMG 74 (hp 0.619->0.026)
   [pos2] 4_31+5 -> pos5 DMG 530 (hp 0.617->0.015)
   [pos2] 4_31+5 -> pos5 DMG 74 (hp 0.617->0.014)
   [pos3] NormalATK -> pos5 DMG 711 (hp 0.511->0.000)
   [pos3] NormalATK -> pos4 DMG 848 (hp 0.904->0.848)
   [pos4] BEFORE -> pos4 HEAL 3083 (hp 0.904->0.904)
   [pos4] NormalATK -> pos2 DMG 528 (hp 0.502->0.000)
-- Round 6 --
   [pos1] 2_66+4 -> pos4 DMG 531 (hp 0.902->0.894)
   [pos1] NormalATK -> pos4 DMG 619 (hp 0.900->0.883)
   [pos1] 4_14+4 -> pos4 DMG 1565 (hp 0.894->0.855)
   [pos1] 4_24+4 -> pos4 DMG 2038 (hp 0.887->0.818)
   [pos1] NormalATK -> pos4 DMG 638 (hp 0.885->0.806)
   [pos1] 4_14+4 -> pos4 DMG 1596 (hp 0.879->0.777)
   [pos2] BEFORE -> pos2 BUFF 70 (hp 0.502->0.000)
   [pos3] 2_118+1_3 -> pos3 BUFF 80 (hp 0.557->0.046)
   [pos3] 2_65+4 -> pos4 DMG 1843 (hp 0.872->0.744)
   [pos3] NormalATK -> pos4 DMG 866 (hp 0.869->0.728)
   [pos3] NormalATK -> pos4 DMG 901 (hp 0.866->0.711)
   [pos4] BEFORE -> pos4 HEAL 5629 (hp 0.866->0.814)
   [pos4] 2_113+1_3 -> pos1 DMG 1411 (hp 0.452->0.000)
