=== Battle 195942074 | revela vs {自定义}-{敌方} | fightRet=1 | rounds=5 ===
-- init (fightPos: heroNum st/slv hp1 hp2) --
   pos1 hero28 st2/lv6 hp1=1.000 hp2=1.000
   pos2 hero117 st2/lv6 hp1=1.000 hp2=1.000
   pos3 hero46 st2/lv6 hp1=1.000 hp2=1.000
   pos4 hero99 st2/lv6 hp1=1.000 hp2=1.000
   pos5 hero87 st2/lv6 hp1=1.000 hp2=1.000
   pos6 hero108 st2/lv6 hp1=1.000 hp2=1.000
   [A] pos1 hero28 kills: normal=20349 skill=89746 skillsUsed=15
   [A] pos2 hero117 kills: normal=10754 skill=16497 skillsUsed=6
   [A] pos3 hero46 kills: normal=22421 skill=14829 skillsUsed=3
   [B] pos1 hero99 kills: normal=11751 skill=32037 skillsUsed=2
   [B] pos2 hero87 kills: normal=2784 skill=8440 skillsUsed=1
   [B] pos3 hero108 kills: normal=6050 skill=30092 skillsUsed=2
-- Round 0 --
   [pos4] 1_19+6_5_4 -> pos6 BUFF 8 (hp 1.000->1.000)
   [pos4] 1_19+6_5_4 -> pos5 BUFF 8 (hp 1.000->1.000)
   [pos4] 1_19+6_5_4 -> pos4 BUFF 107 (hp 1.000->1.000)
   [pos4] 1_19+6_5_4 -> pos4 BUFF 10 (hp 1.000->1.000)
-- Round 1 --
   [pos1] 2_66+4_5_6 -> pos4 DMG 2993 (hp 0.989->0.946)
   [pos1] 2_66+4_5_6 -> pos5 DMG 3802 (hp 0.985->0.925)
   [pos1] 2_66+4_5_6 -> pos6 DMG 3458 (hp 0.987->0.937)
   [pos1] NormalATK -> pos5 DMG 4609 (hp 0.967->0.835)
   [pos1] 4_14+5 -> pos5 DMG 6545 (hp 0.941->0.707)
   [pos1] 4_14+6 -> pos6 DMG 6013 (hp 0.966->0.828)
   [pos1] 4_24+5 -> pos5 DMG 8195 (hp 0.909->0.546)
   [pos2] NormalATK -> pos6 DMG 3414 (hp 0.953->0.766)
   [pos2] 4_29+6 -> pos2 BUFF 70 (hp 1.000->1.000)
   [pos2] 4_29+6 -> pos6 DMG 4221 (hp 0.938->0.689)
   [pos2] 4_29+6 -> pos6 DMG 698 (hp 0.935->0.676)
   [pos3] NormalATK -> pos5 DMG 5221 (hp 0.889->0.444)
   [pos3] NormalATK -> pos6 DMG 4703 (hp 0.918->0.591)
   [pos6] NormalATK -> pos2 DMG 3499 (hp 0.987->0.936)
   [pos4] BEFORE -> pos4 HEAL 2395 (hp 0.989->0.989)
   [pos4] 2_113+1_2_3 -> pos1 DMG 2252 (hp 0.992->0.959)
   [pos4] 2_113+1_2_3 -> pos2 DMG 2224 (hp 0.979->0.896)
   [pos4] 2_113+1_2_3 -> pos3 DMG 2096 (hp 0.992->0.962)
   [pos4] 2_113+1_2_3 -> pos1 DMG 2163 (hp 0.984->0.920)
   [pos4] 2_113+1_2_3 -> pos2 DMG 2314 (hp 0.971->0.854)
   [pos4] 2_113+1_2_3 -> pos3 DMG 2269 (hp 0.984->0.921)
   [pos4] NormalATK -> pos3 DMG 4548 (hp 0.968->0.838)
   [pos5] 2_92+1_2_3 -> pos1 DMG 1379 (hp 0.979->0.895)
   [pos5] 2_92+1_2_3 -> pos2 DMG 1347 (hp 0.966->0.829)
   [pos5] 2_92+1_2_3 -> pos3 DMG 1417 (hp 0.962->0.812)
   [pos5] 2_92+1_2_3 -> pos1 DMG 1434 (hp 0.974->0.869)
   [pos5] 2_92+1_2_3 -> pos2 DMG 1446 (hp 0.961->0.803)
   [pos5] 2_92+1_2_3 -> pos3 DMG 1417 (hp 0.957->0.786)
   [pos5] NormalATK -> pos3 DMG 2784 (hp 0.947->0.736)
-- Round 2 --
   [pos1] NormalATK -> pos5 DMG 4515 (hp 0.827->0.355)
   [pos1] 4_14+5 -> pos5 DMG 6038 (hp 0.803->0.237)
   [pos1] 4_14+4 -> pos4 DMG 4903 (hp 0.971->0.900)
   [pos1] 4_24+5 -> pos5 DMG 8102 (hp 0.771->0.078)
   [pos2] BEFORE -> pos2 BUFF 70 (hp 0.945->0.803)
   [pos2] NormalATK -> pos5 DMG 3297 (hp 0.758->0.013)
   [pos2] 4_29+5 -> pos2 BUFF 70 (hp 0.945->0.803)
   [pos2] 4_29+5 -> pos5 DMG 676 (hp 0.652->0.000)
   [pos3] 2_118+1_2 -> pos1 BUFF 80 (hp 0.963->0.869)
   [pos3] 2_118+1_2 -> pos2 BUFF 80 (hp 0.945->0.803)
   [pos3] 2_65+4_6 -> pos4 DMG 6735 (hp 0.947->0.778)
   [pos3] 2_65+4_6 -> pos6 DMG 8094 (hp 0.856->0.444)
   [pos3] NormalATK -> pos6 DMG 3764 (hp 0.842->0.375)
   [pos3] NormalATK -> pos6 DMG 3841 (hp 0.828->0.305)
   [pos6] 2_116+1_2_3 -> pos1 DMG 1298 (hp 0.959->0.845)
   [pos6] 2_116+1_2_3 -> pos2 DMG 1221 (hp 0.940->0.781)
   [pos6] 2_116+1_2_3 -> pos3 DMG 1174 (hp 0.922->0.714)
   [pos6] 2_116+1_2_3 -> pos1 DMG 1224 (hp 0.954->0.823)
   [pos6] 2_116+1_2_3 -> pos2 DMG 1196 (hp 0.936->0.759)
   [pos6] 2_116+1_2_3 -> pos3 DMG 1247 (hp 0.917->0.692)
   [pos6] 2_116+1_2_3 -> pos1 DMG 1273 (hp 0.949->0.800)
   [pos6] 2_116+1_2_3 -> pos2 DMG 1246 (hp 0.932->0.736)
   [pos6] 2_116+1_2_3 -> pos3 DMG 1198 (hp 0.913->0.670)
   [pos6] 2_116+1_2_3 -> pos1 DMG 1224 (hp 0.945->0.777)
   [pos6] 2_116+1_2_3 -> pos2 DMG 1196 (hp 0.927->0.715)
   [pos6] 2_116+1_2_3 -> pos3 DMG 1223 (hp 0.909->0.648)
   [pos6] 2_117+1_2_3 -> pos1 DMG 1649 (hp 0.939->0.747)
   [pos6] 2_117+1_2_3 -> pos2 DMG 1696 (hp 0.921->0.684)
   [pos6] 2_117+1_2_3 -> pos3 DMG 1748 (hp 0.902->0.616)
   [pos6] 2_117+1_2_3 -> pos1 DMG 1786 (hp 0.933->0.715)
   [pos6] 2_117+1_2_3 -> pos2 DMG 1782 (hp 0.915->0.652)
   [pos6] 2_117+1_2_3 -> pos3 DMG 1631 (hp 0.896->0.586)
   [pos6] 2_117+1_2_3 -> pos1 DMG 1786 (hp 0.926->0.682)
   [pos6] 2_117+1_2_3 -> pos2 DMG 1713 (hp 0.908->0.620)
   [pos6] 2_117+1_2_3 -> pos3 DMG 1581 (hp 0.891->0.558)
   [pos6] NormalATK -> pos1 DMG 2551 (hp 0.917->0.636)
   [pos4] BEFORE -> pos4 HEAL 5629 (hp 0.947->0.880)
   [pos4] 2_113+1_2_3 -> pos1 DMG 2124 (hp 0.909->0.597)
   [pos4] 2_113+1_2_3 -> pos2 DMG 2056 (hp 0.901->0.583)
   [pos4] 2_113+1_2_3 -> pos3 DMG 2078 (hp 0.883->0.520)
   [pos4] 2_113+1_2_3 -> pos1 DMG 2060 (hp 0.902->0.560)
   [pos4] 2_113+1_2_3 -> pos2 DMG 2056 (hp 0.893->0.546)
   [pos4] 2_113+1_2_3 -> pos3 DMG 1956 (hp 0.876->0.484)
   [pos4] 2_113+1_2_3 -> pos1 DMG 2187 (hp 0.894->0.520)
   [pos4] 2_113+1_2_3 -> pos2 DMG 2226 (hp 0.885->0.505)
   [pos4] 2_113+1_2_3 -> pos3 DMG 1976 (hp 0.869->0.448)
   [pos4] NormalATK -> pos3 DMG 4119 (hp 0.854->0.373)
-- Round 3 --
   [pos1] NormalATK -> pos6 DMG 3149 (hp 0.765->0.248)
   [pos1] 4_14+6 -> pos6 DMG 7342 (hp 0.738->0.115)
   [pos1] 4_14+4 -> pos4 DMG 7243 (hp 0.914->0.748)
   [pos1] 4_24+6 -> pos6 DMG 6303 (hp 0.612->0.000)
   [pos1] NormalATK -> pos4 DMG 2729 (hp 0.904->0.699)
   [pos1] 4_24+4 -> pos4 DMG 8467 (hp 0.873->0.545)
   [pos2] BEFORE -> pos2 BUFF 70 (hp 0.847->0.505)
   [pos2] NormalATK -> pos4 DMG 2081 (hp 0.866->0.507)
   [pos2] 4_29+4 -> pos2 BUFF 70 (hp 0.847->0.505)
   [pos2] 4_29+4 -> pos4 DMG 2760 (hp 0.856->0.457)
   [pos2] 4_29+4 -> pos4 DMG 497 (hp 0.854->0.448)
   [pos2] 4_31+4 -> pos4 DMG 2169 (hp 0.846->0.408)
   [pos2] 4_31+4 -> pos4 DMG 497 (hp 0.844->0.399)
   [pos3] NormalATK -> pos4 DMG 2446 (hp 0.835->0.355)
   [pos3] NormalATK -> pos4 DMG 2446 (hp 0.826->0.310)
   [pos4] BEFORE -> pos4 HEAL 5572 (hp 0.826->0.411)
   [pos4] NormalATK -> pos2 DMG 3084 (hp 0.836->0.449)
-- Round 4 --
   [pos1] 2_66+4 -> pos4 DMG 2319 (hp 0.776->0.369)
   [pos1] NormalATK -> pos4 DMG 2646 (hp 0.767->0.321)
   [pos1] 4_14+4 -> pos4 DMG 4031 (hp 0.752->0.248)
   [pos1] NormalATK -> pos4 DMG 2701 (hp 0.742->0.199)
   [pos1] 4_14+4 -> pos4 DMG 3992 (hp 0.728->0.126)
   [pos2] BEFORE -> pos2 BUFF 70 (hp 0.797->0.449)
   [pos2] NormalATK -> pos4 DMG 1962 (hp 0.721->0.091)
   [pos2] 4_29+4 -> pos2 BUFF 70 (hp 0.797->0.449)
   [pos2] 4_29+4 -> pos4 DMG 2578 (hp 0.711->0.044)
   [pos2] 4_29+4 -> pos4 DMG 468 (hp 0.710->0.035)
   [pos2] 4_30+4 -> pos4 DMG 1933 (hp 0.599->0.000)
