=== Battle 195940815 | revela vs {自定义}-{敌方} | fightRet=1 | rounds=5 ===
-- init (fightPos: heroNum st/slv hp1 hp2) --
   pos1 hero28 st2/lv6 hp1=1.000 hp2=1.000
   pos2 hero117 st2/lv6 hp1=1.000 hp2=1.000
   pos3 hero46 st2/lv6 hp1=1.000 hp2=1.000
   pos4 hero99 st2/lv6 hp1=1.000 hp2=1.000
   pos5 hero87 st2/lv6 hp1=1.000 hp2=1.000
   pos6 hero108 st2/lv6 hp1=1.000 hp2=1.000
   [A] pos1 hero28 kills: normal=15337 skill=64963 skillsUsed=9
   [A] pos2 hero117 kills: normal=14455 skill=45044 skillsUsed=13
   [A] pos3 hero46 kills: normal=23929 skill=14499 skillsUsed=4
   [B] pos1 hero99 kills: normal=11233 skill=48139 skillsUsed=3
   [B] pos2 hero87 kills: normal=6451 skill=27993 skillsUsed=4
   [B] pos3 hero108 kills: normal=2458 skill=7281 skillsUsed=1
-- Round 0 --
   [pos4] 1_19+5_6_4 -> pos5 BUFF 8 (hp 1.000->1.000)
   [pos4] 1_19+5_6_4 -> pos6 BUFF 8 (hp 1.000->1.000)
   [pos4] 1_19+5_6_4 -> pos4 BUFF 107 (hp 1.000->1.000)
   [pos4] 1_19+5_6_4 -> pos4 BUFF 10 (hp 1.000->1.000)
-- Round 1 --
   [pos1] NormalATK -> pos6 DMG 4320 (hp 0.984->0.921)
   [pos1] 4_14+6 -> pos6 DMG 11243 (hp 0.943->0.717)
   [pos1] 4_14+5 -> pos5 DMG 12244 (hp 0.952->0.760)
   [pos1] 4_24+6 -> pos6 DMG 13670 (hp 0.894->0.468)
   [pos2] NormalATK -> pos4 DMG 2956 (hp 0.989->0.946)
   [pos2] 4_29+4 -> pos2 BUFF 70 (hp 1.000->1.000)
   [pos2] 4_29+4 -> pos4 DMG 3511 (hp 0.976->0.882)
   [pos2] 4_29+4 -> pos4 DMG 698 (hp 0.974->0.870)
   [pos2] 4_30+4 -> pos4 DMG 4083 (hp 0.959->0.795)
   [pos2] 4_30+4 -> pos4 DMG 698 (hp 0.957->0.783)
   [pos3] 2_118+1_2 -> pos1 BUFF 80 (hp 1.000->1.000)
   [pos3] 2_118+1_2 -> pos2 BUFF 80 (hp 1.000->1.000)
   [pos3] NormalATK -> pos6 DMG 4432 (hp 0.878->0.388)
   [pos3] NormalATK -> pos6 DMG 4386 (hp 0.862->0.308)
   [pos6] 2_126+3_1 -> pos3 DMG 3419 (hp 0.988->0.938)
   [pos6] 2_126+3_1 -> pos1 DMG 3862 (hp 0.986->0.930)
   [pos6] NormalATK -> pos3 DMG 2458 (hp 0.979->0.893)
   [pos4] BEFORE -> pos4 HEAL 5742 (hp 0.957->0.887)
   [pos4] 2_113+1_2_3 -> pos1 DMG 2217 (hp 0.978->0.889)
   [pos4] 2_113+1_2_3 -> pos2 DMG 2191 (hp 0.992->0.960)
   [pos4] 2_113+1_2_3 -> pos3 DMG 1944 (hp 0.972->0.858)
   [pos4] 2_113+1_2_3 -> pos1 DMG 2217 (hp 0.970->0.849)
   [pos4] 2_113+1_2_3 -> pos2 DMG 2170 (hp 0.984->0.921)
   [pos4] 2_113+1_2_3 -> pos3 DMG 1944 (hp 0.965->0.822)
   [pos4] 2_113+1_2_3 -> pos1 DMG 2217 (hp 0.962->0.809)
   [pos4] 2_113+1_2_3 -> pos2 DMG 2021 (hp 0.977->0.884)
   [pos4] 2_113+1_2_3 -> pos3 DMG 1944 (hp 0.957->0.787)
   [pos4] NormalATK -> pos2 DMG 4346 (hp 0.961->0.805)
   [pos5] 2_92+1_2_3 -> pos1 DMG 1767 (hp 0.955->0.777)
   [pos5] 2_92+1_2_3 -> pos2 DMG 1927 (hp 0.954->0.770)
   [pos5] 2_92+1_2_3 -> pos3 DMG 1747 (hp 0.951->0.755)
   [pos5] 2_42+3_1 -> pos3 DMG 4166 (hp 0.936->0.680)
   [pos5] 2_42+3_1 -> pos1 DMG 4216 (hp 0.940->0.700)
   [pos5] 2_100+1 -> pos1 DMG 1380 (hp 0.935->0.675)
   [pos5] 2_100+1 -> pos1 DMG 1366 (hp 0.930->0.650)
   [pos5] 2_100+1 -> pos1 DMG 1479 (hp 0.925->0.623)
   [pos5] 2_100+1 -> pos1 DMG 1380 (hp 0.920->0.598)
   [pos5] 2_100+1 -> pos1 DMG 1494 (hp 0.914->0.571)
   [pos5] 2_100+1 -> pos1 DMG 1351 (hp 0.909->0.546)
   [pos5] NormalATK -> pos2 DMG 3748 (hp 0.940->0.702)
-- Round 2 --
   [pos1] 2_66+4_5_6 -> pos4 DMG 2214 (hp 0.942->0.847)
   [pos1] 2_66+4_5_6 -> pos5 DMG 2812 (hp 0.922->0.705)
   [pos1] 2_66+4_5_6 -> pos6 DMG 2558 (hp 0.797->0.262)
   [pos1] NormalATK -> pos4 DMG 2939 (hp 0.931->0.794)
   [pos1] 4_14+4 -> pos4 DMG 6789 (hp 0.906->0.670)
   [pos2] BEFORE -> pos2 BUFF 70 (hp 0.917->0.702)
   [pos2] 2_100+6 -> pos6 DMG 1050 (hp 0.793->0.243)
   [pos2] 2_100+6 -> pos6 DMG 1094 (hp 0.789->0.223)
   [pos2] 2_100+6 -> pos6 DMG 1029 (hp 0.786->0.204)
   [pos2] NormalATK -> pos6 DMG 2861 (hp 0.775->0.152)
   [pos2] 4_29+6 -> pos2 BUFF 70 (hp 0.917->0.702)
   [pos2] 4_29+6 -> pos6 DMG 3503 (hp 0.762->0.088)
   [pos2] 4_29+6 -> pos6 DMG 585 (hp 0.760->0.078)
   [pos2] 4_30+6 -> pos6 DMG 3832 (hp 0.746->0.008)
   [pos2] 4_30+6 -> pos6 DMG 437 (hp 0.641->0.000)
   [pos3] 2_65+4_5 -> pos4 DMG 6610 (hp 0.882->0.550)
   [pos3] 2_65+4_5 -> pos5 DMG 7889 (hp 0.891->0.550)
   [pos3] NormalATK -> pos5 DMG 4142 (hp 0.875->0.469)
   [pos3] NormalATK -> pos5 DMG 4224 (hp 0.858->0.386)
   [pos4] BEFORE -> pos4 HEAL 5970 (hp 0.882->0.658)
   [pos4] 2_113+1_2_3 -> pos1 DMG 1765 (hp 0.867->0.514)
   [pos4] 2_113+1_2_3 -> pos2 DMG 1797 (hp 0.910->0.669)
   [pos4] 2_113+1_2_3 -> pos3 DMG 1799 (hp 0.904->0.647)
   [pos4] 2_113+1_2_3 -> pos1 DMG 1765 (hp 0.860->0.482)
   [pos4] 2_113+1_2_3 -> pos2 DMG 1852 (hp 0.903->0.635)
   [pos4] 2_113+1_2_3 -> pos3 DMG 1816 (hp 0.897->0.614)
   [pos4] 2_113+1_2_3 -> pos1 DMG 1801 (hp 0.854->0.450)
   [pos4] 2_113+1_2_3 -> pos2 DMG 1742 (hp 0.897->0.604)
   [pos4] 2_113+1_2_3 -> pos3 DMG 1852 (hp 0.891->0.580)
   [pos4] NormalATK -> pos2 DMG 3936 (hp 0.883->0.532)
   [pos5] 2_42+3_1 -> pos3 DMG 2771 (hp 0.880->0.530)
   [pos5] 2_42+3_1 -> pos1 DMG 2949 (hp 0.843->0.396)
   [pos5] NormalATK -> pos3 DMG 2703 (hp 0.871->0.481)
-- Round 3 --
   [pos1] NormalATK -> pos5 DMG 3082 (hp 0.799->0.326)
   [pos1] 4_14+5 -> pos5 DMG 4292 (hp 0.782->0.241)
   [pos1] 4_14+4 -> pos4 DMG 3246 (hp 0.848->0.599)
   [pos1] NormalATK -> pos5 DMG 2904 (hp 0.771->0.185)
   [pos1] 4_14+5 -> pos5 DMG 4081 (hp 0.755->0.105)
   [pos2] BEFORE -> pos2 BUFF 70 (hp 0.848->0.532)
   [pos2] 2_100+5 -> pos5 DMG 985 (hp 0.751->0.085)
   [pos2] 2_100+5 -> pos5 DMG 996 (hp 0.747->0.066)
   [pos2] 2_100+5 -> pos5 DMG 1047 (hp 0.743->0.045)
   [pos2] NormalATK -> pos4 DMG 2338 (hp 0.840->0.557)
   [pos2] 4_29+4 -> pos2 BUFF 70 (hp 0.848->0.532)
   [pos2] 4_29+4 -> pos4 DMG 2751 (hp 0.830->0.507)
   [pos2] 4_29+4 -> pos4 DMG 510 (hp 0.828->0.498)
   [pos2] 4_30+4 -> pos4 DMG 2864 (hp 0.817->0.446)
   [pos2] 4_30+4 -> pos4 DMG 510 (hp 0.815->0.436)
   [pos2] NormalATK -> pos5 DMG 2302 (hp 0.630->0.000)
   [pos3] NormalATK -> pos4 DMG 2773 (hp 0.805->0.386)
   [pos3] NormalATK -> pos4 DMG 2942 (hp 0.795->0.332)
   [pos4] BEFORE -> pos4 HEAL 5515 (hp 0.795->0.433)
   [pos4] 2_113+1_2_3 -> pos1 DMG 1446 (hp 0.793->0.370)
   [pos4] 2_113+1_2_3 -> pos2 DMG 1458 (hp 0.842->0.506)
   [pos4] 2_113+1_2_3 -> pos3 DMG 1487 (hp 0.826->0.454)
   [pos4] 2_113+1_2_3 -> pos1 DMG 1416 (hp 0.788->0.344)
   [pos4] 2_113+1_2_3 -> pos2 DMG 1428 (hp 0.837->0.480)
   [pos4] 2_113+1_2_3 -> pos3 DMG 1415 (hp 0.821->0.428)
   [pos4] 2_113+1_2_3 -> pos1 DMG 1431 (hp 0.783->0.318)
   [pos4] 2_113+1_2_3 -> pos2 DMG 1532 (hp 0.832->0.452)
   [pos4] 2_113+1_2_3 -> pos3 DMG 1472 (hp 0.816->0.401)
   [pos4] NormalATK -> pos3 DMG 2951 (hp 0.805->0.347)
-- Round 4 --
   [pos1] 2_66+4 -> pos4 DMG 1814 (hp 0.752->0.400)
   [pos1] NormalATK -> pos4 DMG 2092 (hp 0.744->0.362)
   [pos2] BEFORE -> pos2 BUFF 70 (hp 0.794->0.452)
   [pos2] 2_100+4 -> pos4 DMG 815 (hp 0.741->0.347)
   [pos2] 2_100+4 -> pos4 DMG 808 (hp 0.738->0.332)
   [pos2] 2_100+4 -> pos4 DMG 792 (hp 0.736->0.318)
   [pos2] NormalATK -> pos4 DMG 2009 (hp 0.728->0.281)
   [pos2] 4_29+4 -> pos2 BUFF 70 (hp 0.794->0.452)
   [pos2] 4_29+4 -> pos4 DMG 2411 (hp 0.720->0.237)
   [pos2] 4_29+4 -> pos4 DMG 470 (hp 0.718->0.229)
   [pos2] 4_30+4 -> pos4 DMG 2558 (hp 0.709->0.182)
   [pos2] 4_30+4 -> pos4 DMG 470 (hp 0.707->0.174)
   [pos2] NormalATK -> pos4 DMG 1989 (hp 0.700->0.138)
   [pos2] NormalATK -> pos4 DMG 470 (hp 0.698->0.129)
   [pos2] 4_29+4 -> pos4 DMG 2461 (hp 0.689->0.084)
   [pos2] 4_29+4 -> pos4 DMG 470 (hp 0.687->0.076)
   [pos2] 4_30+4 -> pos4 DMG 2666 (hp 0.678->0.027)
   [pos2] 4_30+4 -> pos4 DMG 470 (hp 0.676->0.019)
   [pos3] NormalATK -> pos4 DMG 1030 (hp 0.569->0.000)
