=== Battle 195941920 | revela vs {自定义}-{敌方} | fightRet=1 | rounds=5 ===
-- init (fightPos: heroNum st/slv hp1 hp2) --
   pos1 hero60 st2/lv6 hp1=1.000 hp2=1.000
   pos2 hero40 st1/lv6 hp1=1.000 hp2=1.000
   pos3 hero66 st4/lv6 hp1=1.000 hp2=1.000
   pos4 hero99 st2/lv6 hp1=1.000 hp2=1.000
   pos5 hero87 st2/lv6 hp1=1.000 hp2=1.000
   pos6 hero108 st2/lv6 hp1=1.000 hp2=1.000
   [A] pos1 hero60 kills: normal=0 skill=131593 skillsUsed=8
   [A] pos2 hero40 kills: normal=21737 skill=0 skillsUsed=0
   [A] pos3 hero66 kills: normal=7670 skill=0 skillsUsed=0
   [B] pos1 hero99 kills: normal=117 skill=0 skillsUsed=0
   [B] pos2 hero87 kills: normal=0 skill=0 skillsUsed=0
   [B] pos3 hero108 kills: normal=40 skill=0 skillsUsed=0
-- Round 0 --
   [pos2] 1_26+2_1_3_4_5_6 -> pos2 BUFF 8 (hp 1.000->1.000)
   [pos2] 1_26+2_1_3_4_5_6 -> pos1 BUFF 120 (hp 1.000->1.000)
   [pos2] 1_26+2_1_3_4_5_6 -> pos3 BUFF 120 (hp 1.000->1.000)
   [pos2] 1_26+2_1_3_4_5_6 -> pos3 BUFF 31 (hp 1.000->1.000)
   [pos2] 1_26+2_1_3_4_5_6 -> pos1 BUFF 31 (hp 1.000->1.000)
   [pos3] 1_42+4_5_6_1_2 -> pos4 BUFF 28 (hp 1.000->1.000)
   [pos3] 1_42+4_5_6_1_2 -> pos5 BUFF 28 (hp 1.000->1.000)
   [pos3] 1_42+4_5_6_1_2 -> pos6 BUFF 28 (hp 1.000->1.000)
   [pos3] 1_42+4_5_6_1_2 -> pos4 BUFF 119 (hp 1.000->1.000)
   [pos3] 1_42+4_5_6_1_2 -> pos5 BUFF 119 (hp 1.000->1.000)
   [pos3] 1_42+4_5_6_1_2 -> pos6 BUFF 119 (hp 1.000->1.000)
   [pos3] 1_42+4_5_6_1_2 -> pos5 BUFF 7 (hp 1.000->1.000)
   [pos3] 1_42+4_5_6_1_2 -> pos6 BUFF 7 (hp 1.000->1.000)
   [pos3] 1_42+4_5_6_1_2 -> pos1 BUFF 139 (hp 1.000->1.000)
   [pos3] 1_42+4_5_6_1_2 -> pos2 BUFF 139 (hp 1.000->1.000)
   [pos3] 1_42+4_5_6_1_2 -> pos2 BUFF 107 (hp 1.000->1.000)
   [pos3] 1_42+4_5_6_1_2 -> pos1 BUFF 107 (hp 1.000->1.000)
   [pos3] 1_42+4_5_6_1_2 -> pos2 BUFF 10 (hp 1.000->1.000)
   [pos3] 1_42+4_5_6_1_2 -> pos1 BUFF 10 (hp 1.000->1.000)
   [pos4] 1_19+5_6_4 -> pos5 BUFF 8 (hp 1.000->1.000)
   [pos4] 1_19+5_6_4 -> pos6 BUFF 8 (hp 1.000->1.000)
   [pos4] 1_19+5_6_4 -> pos4 BUFF 107 (hp 1.000->1.000)
   [pos4] 1_19+5_6_4 -> pos4 BUFF 10 (hp 1.000->1.000)
-- Round 1 --
   [pos2] NormalATK -> pos5 DMG 4798 (hp 0.981->0.906)
   [pos1] 2_81+1_5_6 -> pos1 BUFF 70 (hp 1.000->1.000)
   [pos1] 2_81+1_5_6 -> pos1 BUFF 115 (hp 1.000->1.000)
   [pos1] 2_81+1_5_6 -> pos5 DMG 15521 (hp 0.920->0.602)
   [pos1] 2_81+1_5_6 -> pos5 DMG 865 (hp 0.917->0.585)
   [pos1] 2_81+1_5_6 -> pos6 DMG 13426 (hp 0.951->0.756)
   [pos1] 2_81+1_5_6 -> pos6 DMG 865 (hp 0.948->0.740)
   [pos1] 2_81+1_5_6 -> pos5 DMG 15369 (hp 0.857->0.283)
   [pos1] 2_81+1_5_6 -> pos5 DMG 865 (hp 0.853->0.266)
   [pos1] 2_81+1_5_6 -> pos6 DMG 14685 (hp 0.895->0.473)
   [pos1] 2_81+1_5_6 -> pos6 DMG 865 (hp 0.891->0.457)
   [pos1] 2_125+5 -> pos5 DMG 13582 (hp 0.696->0.000)
   [pos1] 2_125+5 -> pos5 BUFF 115 (hp 0.696->0.000)
   [pos3] NormalATK -> pos6 DMG 3495 (hp 0.879->0.394)
   [pos6] BEFORE -> pos6 BUFF 116 (hp 0.879->0.394)
   [pos6] BEFORE -> pos6 BUFF 116 (hp 0.879->0.394)
   [pos6] NormalATK -> pos2 DMG 40 (hp 1.000->0.999)
   [pos2] NormalATK -> pos6 DMG 3814 (hp 0.865->0.325)
   [pos4] BEFORE -> pos4 BUFF 116 (hp 1.000->1.000)
   [pos4] NormalATK -> pos2 DMG 61 (hp 1.000->0.998)
   [pos2] NormalATK -> pos4 DMG 2140 (hp 0.992->0.961)
   [pos5] BEFORE -> pos5 BUFF 116 (hp 0.696->0.000)
   [pos5] BEFORE -> pos5 BUFF 116 (hp 0.696->0.000)
-- Round 2 --
   [pos2] BEFORE -> pos2 HEAL 73 (hp 0.999->0.999)
   [pos2] NormalATK -> pos6 DMG 4148 (hp 0.796->0.249)
   [pos1] BEFORE -> pos1 BUFF 70 (hp 1.000->1.000)
   [pos1] BEFORE -> pos1 BUFF 115 (hp 1.000->1.000)
   [pos1] 2_81+1_4_6 -> pos1 BUFF 70 (hp 1.000->1.000)
   [pos1] 2_81+1_4_6 -> pos1 BUFF 115 (hp 1.000->1.000)
   [pos1] 2_81+1_4_6 -> pos4 DMG 8324 (hp 0.959->0.810)
   [pos1] 2_81+1_4_6 -> pos4 DMG 865 (hp 0.956->0.794)
   [pos1] 2_81+1_4_6 -> pos6 DMG 13702 (hp 0.643->0.000)
   [pos3] NormalATK -> pos4 DMG 2171 (hp 0.948->0.755)
   [pos6] BEFORE -> pos6 BUFF 116 (hp 0.643->0.000)
   [pos6] BEFORE -> pos6 BUFF 116 (hp 0.643->0.000)
   [pos4] BEFORE -> pos4 BUFF 116 (hp 0.948->0.755)
   [pos4] BEFORE -> pos4 BUFF 116 (hp 0.948->0.755)
   [pos4] NormalATK -> pos2 DMG 56 (hp 0.999->0.998)
   [pos2] NormalATK -> pos4 DMG 2037 (hp 0.940->0.718)
   [pos5] BEFORE -> pos5 BUFF 116 (hp 0.696->0.000)
   [pos5] BEFORE -> pos5 BUFF 115 (hp 0.696->0.000)
   [pos5] BEFORE -> pos5 BUFF 116 (hp 0.696->0.000)
-- Round 3 --
   [pos2] BEFORE -> pos2 HEAL 41 (hp 0.999->0.999)
   [pos2] NormalATK -> pos4 DMG 2400 (hp 0.909->0.674)
   [pos1] BEFORE -> pos1 BUFF 70 (hp 1.000->1.000)
   [pos1] BEFORE -> pos1 BUFF 115 (hp 1.000->1.000)
   [pos1] 2_81+1_4 -> pos1 BUFF 70 (hp 1.000->1.000)
   [pos1] 2_81+1_4 -> pos1 BUFF 115 (hp 1.000->1.000)
   [pos1] 2_81+1_4 -> pos4 DMG 8245 (hp 0.879->0.524)
   [pos1] 2_81+1_4 -> pos4 DMG 865 (hp 0.876->0.508)
   [pos1] 2_125+4 -> pos4 DMG 9192 (hp 0.843->0.341)
   [pos1] 2_125+4 -> pos4 DMG 865 (hp 0.840->0.325)
   [pos1] 2_125+4 -> pos4 BUFF 115 (hp 0.840->0.325)
   [pos3] NormalATK -> pos4 DMG 2004 (hp 0.832->0.289)
   [pos6] BEFORE -> pos6 BUFF 116 (hp 0.643->0.000)
   [pos4] BEFORE -> pos4 BUFF 116 (hp 0.832->0.289)
   [pos4] BEFORE -> pos4 BUFF 116 (hp 0.832->0.289)
   [pos5] BEFORE -> pos5 BUFF 116 (hp 0.696->0.000)
   [pos5] BEFORE -> pos5 BUFF 116 (hp 0.696->0.000)
-- Round 4 --
   [pos2] BEFORE -> pos2 BUFF 8 (hp 0.999->0.999)
   [pos2] BEFORE -> pos2 BUFF 139 (hp 0.999->0.999)
   [pos2] BEFORE -> pos2 BUFF 107 (hp 0.999->0.999)
   [pos2] BEFORE -> pos2 BUFF 10 (hp 0.999->0.999)
   [pos2] NormalATK -> pos4 DMG 2400 (hp 0.769->0.245)
   [pos1] BEFORE -> pos1 BUFF 120 (hp 1.000->1.000)
   [pos1] BEFORE -> pos1 BUFF 31 (hp 1.000->1.000)
   [pos1] BEFORE -> pos1 BUFF 139 (hp 1.000->1.000)
   [pos1] BEFORE -> pos1 BUFF 107 (hp 1.000->1.000)
   [pos1] BEFORE -> pos1 BUFF 10 (hp 1.000->1.000)
   [pos1] BEFORE -> pos1 BUFF 70 (hp 1.000->1.000)
   [pos1] BEFORE -> pos1 BUFF 115 (hp 1.000->1.000)
   [pos1] 2_81+1_4 -> pos1 BUFF 70 (hp 1.000->1.000)
   [pos1] 2_81+1_4 -> pos1 BUFF 115 (hp 1.000->1.000)
   [pos1] 2_81+1_4 -> pos4 DMG 5807 (hp 0.748->0.140)
   [pos1] 2_81+1_4 -> pos4 DMG 865 (hp 0.745->0.124)
   [pos1] 2_125+4 -> pos4 DMG 6820 (hp 0.617->0.000)
