=== Battle 195941834 | revela vs {自定义}-{敌方} | fightRet=1 | rounds=4 ===
-- init (fightPos: heroNum st/slv hp1 hp2) --
   pos1 hero28 st2/lv6 hp1=1.000 hp2=1.000
   pos2 hero117 st2/lv6 hp1=1.000 hp2=1.000
   pos3 hero46 st2/lv6 hp1=1.000 hp2=1.000
   pos4 hero99 st2/lv6 hp1=1.000 hp2=1.000
   pos5 hero87 st2/lv6 hp1=1.000 hp2=1.000
   pos6 hero108 st2/lv6 hp1=1.000 hp2=1.000
   [A] pos1 hero28 kills: normal=14566 skill=75404 skillsUsed=10
   [A] pos2 hero117 kills: normal=14119 skill=49057 skillsUsed=16
   [A] pos3 hero46 kills: normal=16616 skill=0 skillsUsed=1
   [B] pos1 hero99 kills: normal=8777 skill=23663 skillsUsed=2
   [B] pos2 hero87 kills: normal=6734 skill=18380 skillsUsed=3
   [B] pos3 hero108 kills: normal=3406 skill=9998 skillsUsed=1
-- Round 0 --
   [pos4] 1_19+6_5_4 -> pos6 BUFF 8 (hp 1.000->1.000)
   [pos4] 1_19+6_5_4 -> pos5 BUFF 8 (hp 1.000->1.000)
   [pos4] 1_19+6_5_4 -> pos4 BUFF 107 (hp 1.000->1.000)
   [pos4] 1_19+6_5_4 -> pos4 BUFF 10 (hp 1.000->1.000)
-- Round 1 --
   [pos1] NormalATK -> pos6 DMG 4320 (hp 0.984->0.921)
   [pos1] 4_24+6 -> pos6 DMG 13670 (hp 0.935->0.673)
   [pos2] NormalATK -> pos5 DMG 3982 (hp 0.984->0.922)
   [pos2] 4_30+5 -> pos5 DMG 4979 (hp 0.965->0.824)
   [pos2] 4_30+6 -> pos6 DMG 4349 (hp 0.919->0.594)
   [pos2] 4_31+5 -> pos5 DMG 3641 (hp 0.951->0.753)
   [pos3] 2_118+2_1 -> pos2 BUFF 80 (hp 1.000->1.000)
   [pos3] 2_118+2_1 -> pos1 BUFF 80 (hp 1.000->1.000)
   [pos3] NormalATK -> pos6 DMG 4432 (hp 0.903->0.513)
   [pos3] NormalATK -> pos4 DMG 3916 (hp 0.986->0.929)
   [pos6] 2_126+2_1 -> pos2 DMG 5066 (hp 0.982->0.908)
   [pos6] 2_126+2_1 -> pos1 DMG 4932 (hp 0.982->0.910)
   [pos6] NormalATK -> pos1 DMG 3406 (hp 0.970->0.848)
   [pos4] BEFORE -> pos4 HEAL 3133 (hp 0.986->0.986)
   [pos4] 2_113+1_2_3 -> pos1 DMG 2181 (hp 0.962->0.809)
   [pos4] 2_113+1_2_3 -> pos2 DMG 2153 (hp 0.974->0.869)
   [pos4] 2_113+1_2_3 -> pos3 DMG 2221 (hp 0.992->0.960)
   [pos4] 2_113+1_2_3 -> pos1 DMG 2270 (hp 0.954->0.767)
   [pos4] 2_113+1_2_3 -> pos2 DMG 2265 (hp 0.966->0.828)
   [pos4] 2_113+1_2_3 -> pos3 DMG 2200 (hp 0.984->0.920)
   [pos4] NormalATK -> pos3 DMG 4405 (hp 0.968->0.840)
   [pos5] 2_103+1_2_3 -> pos1 DMG 1867 (hp 0.947->0.734)
   [pos5] 2_103+1_2_3 -> pos2 DMG 1772 (hp 0.959->0.795)
   [pos5] 2_103+1_2_3 -> pos3 DMG 1739 (hp 0.962->0.808)
   [pos5] 2_103+1_2_3 -> pos1 DMG 1722 (hp 0.940->0.702)
   [pos5] 2_103+1_2_3 -> pos2 DMG 1790 (hp 0.953->0.763)
   [pos5] 2_103+1_2_3 -> pos3 DMG 1686 (hp 0.955->0.777)
   [pos5] NormalATK -> pos3 DMG 3587 (hp 0.942->0.712)
-- Round 2 --
   [pos1] NormalATK -> pos6 DMG 3764 (hp 0.850->0.445)
   [pos1] 4_14+6 -> pos6 DMG 5193 (hp 0.831->0.350)
   [pos1] 4_14+5 -> pos5 DMG 5431 (hp 0.910->0.646)
   [pos1] 4_24+6 -> pos6 DMG 6247 (hp 0.808->0.237)
   [pos2] NormalATK -> pos6 DMG 2983 (hp 0.798->0.183)
   [pos2] 4_29+6 -> pos2 BUFF 70 (hp 0.934->0.763)
   [pos2] 4_29+6 -> pos6 DMG 3435 (hp 0.785->0.120)
   [pos2] 4_29+6 -> pos6 DMG 610 (hp 0.783->0.109)
   [pos2] 4_30+6 -> pos6 DMG 3995 (hp 0.768->0.036)
   [pos2] 4_30+6 -> pos6 DMG 610 (hp 0.766->0.025)
   [pos2] 4_31+6 -> pos6 DMG 1392 (hp 0.658->0.000)
   [pos2] NormalATK -> pos4 DMG 2556 (hp 0.976->0.939)
   [pos2] NormalATK -> pos4 DMG 610 (hp 0.974->0.928)
   [pos2] 4_29+4 -> pos4 DMG 3358 (hp 0.962->0.867)
   [pos2] 4_29+4 -> pos4 DMG 610 (hp 0.960->0.856)
   [pos2] 4_30+4 -> pos4 DMG 3323 (hp 0.948->0.796)
   [pos2] 4_30+4 -> pos4 DMG 610 (hp 0.946->0.785)
   [pos2] 4_31+4 -> pos4 DMG 2583 (hp 0.936->0.738)
   [pos2] 4_31+4 -> pos4 DMG 610 (hp 0.934->0.726)
   [pos3] NormalATK -> pos5 DMG 4239 (hp 0.893->0.563)
   [pos3] NormalATK -> pos5 DMG 4029 (hp 0.877->0.484)
   [pos4] BEFORE -> pos4 HEAL 5629 (hp 0.934->0.829)
   [pos4] 2_66+1_2_3 -> pos1 DMG 3334 (hp 0.905->0.642)
   [pos4] 2_66+1_2_3 -> pos2 DMG 3571 (hp 0.921->0.698)
   [pos4] 2_66+1_2_3 -> pos3 DMG 3468 (hp 0.907->0.649)
   [pos4] NormalATK -> pos2 DMG 4372 (hp 0.905->0.618)
   [pos5] 2_92+1_2_3 -> pos1 DMG 1513 (hp 0.899->0.614)
   [pos5] 2_92+1_2_3 -> pos2 DMG 1451 (hp 0.899->0.592)
   [pos5] 2_92+1_2_3 -> pos3 DMG 1480 (hp 0.901->0.622)
   [pos5] 2_100+3 -> pos3 DMG 1090 (hp 0.897->0.602)
   [pos5] 2_100+3 -> pos3 DMG 1135 (hp 0.893->0.582)
   [pos5] 2_100+3 -> pos3 DMG 1135 (hp 0.889->0.561)
   [pos5] NormalATK -> pos2 DMG 3147 (hp 0.888->0.535)
-- Round 3 --
   [pos1] NormalATK -> pos5 DMG 3577 (hp 0.824->0.414)
   [pos1] 4_14+5 -> pos5 DMG 9601 (hp 0.786->0.226)
   [pos1] 4_14+4 -> pos4 DMG 7794 (hp 0.895->0.687)
   [pos1] 4_24+5 -> pos5 DMG 10986 (hp 0.743->0.010)
   [pos1] NormalATK -> pos4 DMG 2905 (hp 0.885->0.634)
   [pos1] 4_14+4 -> pos4 DMG 7120 (hp 0.859->0.505)
   [pos1] 4_14+5 -> pos5 DMG 535 (hp 0.638->0.000)
   [pos1] 4_24+4 -> pos4 DMG 8827 (hp 0.827->0.344)
   [pos2] BEFORE -> pos2 BUFF 70 (hp 0.853->0.535)
   [pos2] NormalATK -> pos4 DMG 2299 (hp 0.818->0.303)
   [pos2] 4_29+4 -> pos2 BUFF 70 (hp 0.853->0.535)
   [pos2] 4_29+4 -> pos4 DMG 2649 (hp 0.809->0.254)
   [pos2] 4_29+4 -> pos4 DMG 511 (hp 0.807->0.245)
   [pos2] 4_31+4 -> pos4 DMG 2276 (hp 0.798->0.204)
   [pos2] 4_31+4 -> pos4 DMG 511 (hp 0.797->0.194)
   [pos2] 4_31+4 -> pos4 DMG 963 (hp 0.793->0.177)
   [pos2] 4_31+4 -> pos4 DMG 511 (hp 0.791->0.168)
   [pos2] NormalATK -> pos4 DMG 2299 (hp 0.783->0.126)
   [pos2] NormalATK -> pos4 DMG 511 (hp 0.781->0.117)
   [pos2] 4_29+4 -> pos4 DMG 2676 (hp 0.771->0.068)
   [pos2] 4_29+4 -> pos4 DMG 511 (hp 0.769->0.059)
   [pos2] 4_31+4 -> pos4 DMG 2163 (hp 0.762->0.019)
   [pos2] 4_31+4 -> pos4 DMG 511 (hp 0.760->0.010)
   [pos2] 4_31+4 -> pos4 DMG 549 (hp 0.654->0.000)
