=== Battle 195941988 | revela vs {自定义}-{敌方} | fightRet=3 | rounds=9 ===
-- init (fightPos: heroNum st/slv hp1 hp2) --
   pos1 hero28 st2/lv6 hp1=1.000 hp2=1.000
   pos2 hero117 st2/lv6 hp1=1.000 hp2=1.000
   pos3 hero46 st2/lv6 hp1=1.000 hp2=1.000
   pos4 hero99 st2/lv6 hp1=1.000 hp2=1.000
   pos5 hero87 st2/lv6 hp1=1.000 hp2=1.000
   pos6 hero108 st2/lv6 hp1=1.000 hp2=1.000
   [A] pos1 hero28 kills: normal=22472 skill=68269 skillsUsed=12
   [A] pos2 hero117 kills: normal=13374 skill=38350 skillsUsed=16
   [A] pos3 hero46 kills: normal=23026 skill=10758 skillsUsed=2
   [B] pos1 hero99 kills: normal=27905 skill=66556 skillsUsed=7
   [B] pos2 hero87 kills: normal=4039 skill=7693 skillsUsed=1
   [B] pos3 hero108 kills: normal=8762 skill=47321 skillsUsed=5
-- Round 0 --
   [pos4] 1_19+6_5_4 -> pos6 BUFF 8 (hp 1.000->1.000)
   [pos4] 1_19+6_5_4 -> pos5 BUFF 8 (hp 1.000->1.000)
   [pos4] 1_19+6_5_4 -> pos4 BUFF 107 (hp 1.000->1.000)
   [pos4] 1_19+6_5_4 -> pos4 BUFF 10 (hp 1.000->1.000)
-- Round 1 --
   [pos1] NormalATK -> pos5 DMG 4750 (hp 0.981->0.907)
   [pos1] 4_14+5 -> pos5 DMG 6945 (hp 0.954->0.771)
   [pos1] 4_14+4 -> pos4 DMG 5315 (hp 0.981->0.903)
   [pos1] 4_24+5 -> pos5 DMG 7864 (hp 0.923->0.616)
   [pos2] NormalATK -> pos4 DMG 3141 (hp 0.969->0.846)
   [pos2] 4_29+4 -> pos2 BUFF 70 (hp 1.000->1.000)
   [pos2] 4_29+4 -> pos4 DMG 3806 (hp 0.955->0.777)
   [pos2] 4_29+4 -> pos4 DMG 698 (hp 0.953->0.764)
   [pos3] NormalATK -> pos6 DMG 4296 (hp 0.984->0.922)
   [pos3] NormalATK -> pos4 DMG 4118 (hp 0.938->0.689)
   [pos6] 2_126+3_2 -> pos3 DMG 6026 (hp 0.978->0.890)
   [pos6] 2_126+3_2 -> pos2 DMG 6268 (hp 0.977->0.886)
   [pos6] NormalATK -> pos1 DMG 4291 (hp 0.984->0.922)
   [pos4] BEFORE -> pos4 HEAL 5685 (hp 0.938->0.793)
   [pos4] 2_66+1_2_3 -> pos1 DMG 3364 (hp 0.972->0.861)
   [pos4] 2_66+1_2_3 -> pos2 DMG 3597 (hp 0.964->0.821)
   [pos4] 2_66+1_2_3 -> pos3 DMG 3192 (hp 0.966->0.832)
   [pos4] NormalATK -> pos3 DMG 3991 (hp 0.952->0.760)
   [pos5] 2_42+2_3 -> pos2 DMG 3903 (hp 0.950->0.750)
   [pos5] 2_42+2_3 -> pos3 DMG 3790 (hp 0.938->0.691)
   [pos5] NormalATK -> pos1 DMG 3317 (hp 0.960->0.801)
-- Round 2 --
   [pos1] NormalATK -> pos6 DMG 3751 (hp 0.965->0.854)
   [pos1] 4_14+6 -> pos6 DMG 9103 (hp 0.931->0.688)
   [pos1] 4_14+5 -> pos5 DMG 10958 (hp 0.850->0.402)
   [pos2] BEFORE -> pos2 BUFF 70 (hp 0.930->0.750)
   [pos2] NormalATK -> pos5 DMG 3120 (hp 0.837->0.340)
   [pos2] 4_29+5 -> pos2 BUFF 70 (hp 0.930->0.750)
   [pos2] 4_29+5 -> pos5 DMG 4020 (hp 0.822->0.262)
   [pos2] 4_29+5 -> pos5 DMG 605 (hp 0.819->0.250)
   [pos2] 4_30+5 -> pos5 DMG 4482 (hp 0.802->0.162)
   [pos2] 4_30+5 -> pos5 DMG 605 (hp 0.799->0.150)
   [pos2] 4_31+5 -> pos5 DMG 3448 (hp 0.786->0.082)
   [pos2] 4_31+5 -> pos5 DMG 605 (hp 0.783->0.071)
   [pos2] 4_31+5 -> pos5 DMG 1462 (hp 0.778->0.042)
   [pos2] 4_31+5 -> pos5 DMG 605 (hp 0.775->0.030)
   [pos3] 2_118+2_1 -> pos2 BUFF 80 (hp 0.930->0.750)
   [pos3] 2_118+2_1 -> pos1 BUFF 80 (hp 0.944->0.801)
   [pos3] NormalATK -> pos6 DMG 3685 (hp 0.918->0.621)
   [pos3] NormalATK -> pos6 DMG 3798 (hp 0.904->0.552)
   [pos6] 2_126+3_2 -> pos3 DMG 5004 (hp 0.895->0.600)
   [pos6] 2_126+3_2 -> pos2 DMG 4753 (hp 0.913->0.663)
   [pos6] 2_65+2_3 -> pos2 DMG 6850 (hp 0.888->0.539)
   [pos6] 2_65+2_3 -> pos3 DMG 7205 (hp 0.869->0.469)
   [pos6] NormalATK -> pos2 DMG 3453 (hp 0.875->0.476)
   [pos4] BEFORE -> pos4 HEAL 5685 (hp 0.923->0.896)
   [pos4] 2_66+1_2_3 -> pos1 DMG 3721 (hp 0.931->0.733)
   [pos4] 2_66+1_2_3 -> pos2 DMG 3529 (hp 0.862->0.412)
   [pos4] 2_66+1_2_3 -> pos3 DMG 3358 (hp 0.857->0.408)
   [pos4] NormalATK -> pos1 DMG 4512 (hp 0.914->0.651)
   [pos5] NormalATK -> pos3 DMG 722 (hp 0.854->0.395)
-- Round 3 --
   [pos1] NormalATK -> pos6 DMG 3349 (hp 0.857->0.491)
   [pos1] 4_24+6 -> pos6 DMG 10177 (hp 0.820->0.306)
   [pos2] BEFORE -> pos2 BUFF 70 (hp 0.817->0.412)
   [pos2] NormalATK -> pos6 DMG 2304 (hp 0.811->0.264)
   [pos2] 4_29+6 -> pos2 BUFF 70 (hp 0.817->0.412)
   [pos2] 4_29+6 -> pos6 DMG 2792 (hp 0.801->0.214)
   [pos2] 4_29+6 -> pos6 DMG 448 (hp 0.800->0.205)
   [pos3] 2_65+6_4 -> pos6 DMG 5819 (hp 0.779->0.100)
   [pos3] 2_65+6_4 -> pos4 DMG 4939 (hp 0.903->0.806)
   [pos3] NormalATK -> pos6 DMG 2816 (hp 0.768->0.048)
   [pos3] NormalATK -> pos5 DMG 1531 (hp 0.592->0.000)
   [pos6] 2_117+1_2_3 -> pos1 DMG 700 (hp 0.885->0.638)
   [pos6] 2_117+1_2_3 -> pos2 DMG 672 (hp 0.815->0.400)
   [pos6] 2_117+1_2_3 -> pos3 DMG 639 (hp 0.806->0.383)
   [pos6] 2_117+1_2_3 -> pos1 DMG 700 (hp 0.883->0.625)
   [pos6] 2_117+1_2_3 -> pos2 DMG 728 (hp 0.812->0.386)
   [pos6] 2_117+1_2_3 -> pos3 DMG 693 (hp 0.804->0.371)
   [pos6] 2_117+1_2_3 -> pos1 DMG 728 (hp 0.880->0.612)
   [pos6] 2_117+1_2_3 -> pos2 DMG 721 (hp 0.810->0.373)
   [pos6] 2_117+1_2_3 -> pos3 DMG 639 (hp 0.801->0.359)
   [pos6] 2_117+1_2_3 -> pos1 DMG 666 (hp 0.878->0.600)
   [pos6] 2_117+1_2_3 -> pos2 DMG 665 (hp 0.807->0.361)
   [pos6] 2_117+1_2_3 -> pos3 DMG 652 (hp 0.799->0.347)
   [pos6] 2_126+3_2 -> pos3 DMG 1491 (hp 0.793->0.320)
   [pos6] 2_126+3_2 -> pos2 DMG 1521 (hp 0.802->0.333)
   [pos6] NormalATK -> pos2 DMG 1018 (hp 0.798->0.315)
   [pos4] BEFORE -> pos4 HEAL 5300 (hp 0.903->0.903)
   [pos4] 2_113+1_2_3 -> pos1 DMG 2237 (hp 0.870->0.559)
   [pos4] 2_113+1_2_3 -> pos2 DMG 2211 (hp 0.790->0.275)
   [pos4] 2_113+1_2_3 -> pos3 DMG 1981 (hp 0.786->0.284)
   [pos4] 2_113+1_2_3 -> pos1 DMG 2194 (hp 0.862->0.519)
   [pos4] 2_113+1_2_3 -> pos2 DMG 2254 (hp 0.782->0.234)
   [pos4] 2_113+1_2_3 -> pos3 DMG 2167 (hp 0.778->0.245)
   [pos4] 2_113+1_2_3 -> pos1 DMG 2237 (hp 0.854->0.479)
   [pos4] 2_113+1_2_3 -> pos2 DMG 2168 (hp 0.774->0.194)
   [pos4] 2_113+1_2_3 -> pos3 DMG 2146 (hp 0.771->0.206)
   [pos4] NormalATK -> pos3 DMG 4517 (hp 0.754->0.123)
-- Round 4 --
   [pos1] NormalATK -> pos6 DMG 2662 (hp 0.584->0.000)
   [pos2] BEFORE -> pos2 BUFF 70 (hp 0.716->0.194)
   [pos2] NormalATK -> pos4 DMG 1390 (hp 0.898->0.878)
   [pos2] 4_29+4 -> pos2 BUFF 70 (hp 0.716->0.194)
   [pos2] 4_29+4 -> pos4 DMG 1700 (hp 0.892->0.847)
   [pos2] 4_29+4 -> pos4 DMG 309 (hp 0.890->0.841)
   [pos2] 4_31+4 -> pos4 DMG 1294 (hp 0.886->0.817)
   [pos2] 4_31+4 -> pos4 DMG 309 (hp 0.885->0.812)
   [pos2] 4_31+4 -> pos4 DMG 619 (hp 0.882->0.801)
   [pos2] 4_31+4 -> pos4 DMG 309 (hp 0.881->0.795)
   [pos2] 4_31+4 -> pos4 DMG 582 (hp 0.879->0.784)
   [pos2] 4_31+4 -> pos4 DMG 309 (hp 0.878->0.779)
   [pos2] NormalATK -> pos4 DMG 1403 (hp 0.873->0.753)
   [pos2] NormalATK -> pos4 DMG 309 (hp 0.872->0.748)
   [pos2] 4_29+4 -> pos4 DMG 1667 (hp 0.866->0.717)
   [pos2] 4_29+4 -> pos4 DMG 309 (hp 0.865->0.712)
   [pos3] NormalATK -> pos4 DMG 1398 (hp 0.860->0.686)
   [pos3] NormalATK -> pos4 DMG 1384 (hp 0.855->0.661)
   [pos6] BEFORE -> pos6 BUFF 8 (hp 0.584->0.000)
   [pos4] BEFORE -> pos4 HEAL 5629 (hp 0.855->0.763)
   [pos4] 2_66+1_2_3 -> pos1 DMG 3436 (hp 0.804->0.416)
   [pos4] 2_66+1_2_3 -> pos2 DMG 3461 (hp 0.703->0.131)
   [pos4] 2_66+1_2_3 -> pos3 DMG 3394 (hp 0.679->0.062)
   [pos4] NormalATK -> pos3 DMG 3393 (hp 0.564->0.000)
   [pos5] BEFORE -> pos5 BUFF 8 (hp 0.592->0.000)
-- Round 5 --
   [pos1] BEFORE -> pos1 BUFF 80 (hp 0.765->0.416)
   [pos1] 2_66+4 -> pos4 DMG 2097 (hp 0.838->0.725)
   [pos1] NormalATK -> pos4 DMG 2591 (hp 0.828->0.678)
   [pos1] 4_24+4 -> pos4 DMG 4212 (hp 0.813->0.602)
   [pos2] BEFORE -> pos2 BUFF 80 (hp 0.646->0.131)
   [pos2] BEFORE -> pos2 BUFF 70 (hp 0.646->0.131)
   [pos2] NormalATK -> pos4 DMG 1179 (hp 0.809->0.580)
   [pos2] 4_29+4 -> pos2 BUFF 70 (hp 0.646->0.131)
   [pos2] 4_29+4 -> pos4 DMG 1333 (hp 0.804->0.556)
   [pos2] 4_29+4 -> pos4 DMG 254 (hp 0.803->0.551)
   [pos2] 4_30+4 -> pos4 DMG 1531 (hp 0.798->0.524)
   [pos2] 4_30+4 -> pos4 DMG 254 (hp 0.797->0.519)
   [pos4] BEFORE -> pos4 HEAL 5572 (hp 0.797->0.620)
   [pos4] 2_66+1_2 -> pos1 DMG 3188 (hp 0.753->0.358)
   [pos4] 2_66+1_2 -> pos2 DMG 2998 (hp 0.635->0.077)
   [pos4] NormalATK -> pos1 DMG 3792 (hp 0.740->0.289)
-- Round 6 --
   [pos1] NormalATK -> pos4 DMG 2038 (hp 0.772->0.583)
   [pos1] 4_14+4 -> pos4 DMG 4945 (hp 0.754->0.493)
   [pos2] BEFORE -> pos2 BUFF 70 (hp 0.579->0.077)
   [pos2] NormalATK -> pos4 DMG 837 (hp 0.751->0.478)
   [pos2] 4_29+4 -> pos2 BUFF 70 (hp 0.579->0.077)
   [pos2] 4_29+4 -> pos4 DMG 1076 (hp 0.747->0.458)
   [pos2] 4_29+4 -> pos4 DMG 195 (hp 0.746->0.455)
   [pos2] 4_30+4 -> pos4 DMG 1154 (hp 0.742->0.434)
   [pos2] 4_30+4 -> pos4 DMG 195 (hp 0.741->0.430)
   [pos2] 4_31+4 -> pos4 DMG 871 (hp 0.738->0.415)
   [pos2] 4_31+4 -> pos4 DMG 195 (hp 0.737->0.411)
   [pos4] BEFORE -> pos4 HEAL 5458 (hp 0.737->0.510)
   [pos4] 2_113+1_2 -> pos1 DMG 1667 (hp 0.688->0.259)
   [pos4] 2_113+1_2 -> pos2 DMG 1550 (hp 0.574->0.049)
   [pos4] 2_113+1_2 -> pos1 DMG 1619 (hp 0.683->0.230)
   [pos4] 2_113+1_2 -> pos2 DMG 1647 (hp 0.568->0.019)
   [pos4] NormalATK -> pos2 DMG 1033 (hp 0.462->0.000)
-- Round 7 --
   [pos1] 2_66+4 -> pos4 DMG 1589 (hp 0.709->0.481)
   [pos1] NormalATK -> pos4 DMG 1817 (hp 0.702->0.448)
   [pos2] BEFORE -> pos2 BUFF 70 (hp 0.462->0.000)
   [pos4] BEFORE -> pos4 HEAL 5515 (hp 0.702->0.549)
   [pos4] NormalATK -> pos1 DMG 3324 (hp 0.625->0.169)
-- Round 8 --
   [pos1] 2_66+4 -> pos4 DMG 1235 (hp 0.682->0.526)
   [pos1] NormalATK -> pos4 DMG 1514 (hp 0.677->0.499)
   [pos1] 4_14+4 -> pos4 DMG 3829 (hp 0.663->0.429)
   [pos4] BEFORE -> pos4 HEAL 5685 (hp 0.663->0.532)
   [pos4] 2_113+1 -> pos1 DMG 1620 (hp 0.574->0.140)
   [pos4] 2_113+1 -> pos1 DMG 1620 (hp 0.568->0.110)
   [pos4] NormalATK -> pos1 DMG 3343 (hp 0.556->0.050)
