=== Battle 195940587 | revela vs {自定义}-{敌方} | fightRet=2 | rounds=7 ===
-- init (fightPos: heroNum st/slv hp1 hp2) --
   pos1 hero28 st2/lv6 hp1=1.000 hp2=1.000
   pos2 hero117 st2/lv6 hp1=1.000 hp2=1.000
   pos3 hero46 st2/lv6 hp1=1.000 hp2=1.000
   pos4 hero99 st2/lv6 hp1=1.000 hp2=1.000
   pos5 hero87 st2/lv6 hp1=1.000 hp2=1.000
   pos6 hero108 st2/lv6 hp1=1.000 hp2=1.000
   [A] pos1 hero28 kills: normal=17219 skill=47852 skillsUsed=10
   [A] pos2 hero117 kills: normal=6125 skill=21082 skillsUsed=6
   [A] pos3 hero46 kills: normal=25719 skill=9473 skillsUsed=2
   [B] pos1 hero99 kills: normal=27173 skill=19396 skillsUsed=1
   [B] pos2 hero87 kills: normal=11165 skill=51693 skillsUsed=7
   [B] pos3 hero108 kills: normal=8393 skill=47180 skillsUsed=8
-- Round 0 --
   [pos4] 1_19+6_5_4 -> pos6 BUFF 8 (hp 1.000->1.000)
   [pos4] 1_19+6_5_4 -> pos5 BUFF 8 (hp 1.000->1.000)
   [pos4] 1_19+6_5_4 -> pos4 BUFF 107 (hp 1.000->1.000)
   [pos4] 1_19+6_5_4 -> pos4 BUFF 10 (hp 1.000->1.000)
-- Round 1 --
   [pos1] NormalATK -> pos4 DMG 3858 (hp 0.986->0.930)
   [pos1] 4_24+4 -> pos4 DMG 6454 (hp 0.963->0.813)
   [pos2] NormalATK -> pos6 DMG 3379 (hp 0.988->0.939)
   [pos2] 4_29+6 -> pos2 BUFF 70 (hp 1.000->1.000)
   [pos2] 4_29+6 -> pos6 DMG 4221 (hp 0.972->0.862)
   [pos2] 4_29+6 -> pos6 DMG 698 (hp 0.970->0.849)
   [pos3] NormalATK -> pos5 DMG 4774 (hp 0.981->0.906)
   [pos3] NormalATK -> pos5 DMG 4873 (hp 0.962->0.811)
   [pos6] 2_126+2_3 -> pos2 DMG 6450 (hp 0.977->0.883)
   [pos6] 2_126+2_3 -> pos3 DMG 5844 (hp 0.979->0.894)
   [pos6] NormalATK -> pos2 DMG 4149 (hp 0.961->0.807)
   [pos4] BEFORE -> pos4 HEAL 5742 (hp 0.963->0.917)
   [pos4] NormalATK -> pos2 DMG 4643 (hp 0.945->0.723)
   [pos5] 2_103+1_2_3 -> pos1 DMG 1957 (hp 0.993->0.964)
   [pos5] 2_103+1_2_3 -> pos2 DMG 1914 (hp 0.938->0.688)
   [pos5] 2_103+1_2_3 -> pos3 DMG 1914 (hp 0.972->0.859)
   [pos5] 2_103+1_2_3 -> pos1 DMG 1976 (hp 0.986->0.928)
   [pos5] 2_103+1_2_3 -> pos2 DMG 1952 (hp 0.931->0.653)
   [pos5] 2_103+1_2_3 -> pos3 DMG 1895 (hp 0.965->0.824)
   [pos5] 2_42+3_2 -> pos3 DMG 4136 (hp 0.950->0.749)
   [pos5] 2_42+3_2 -> pos2 DMG 4302 (hp 0.915->0.574)
   [pos5] NormalATK -> pos2 DMG 3911 (hp 0.901->0.503)
-- Round 2 --
   [pos1] NormalATK -> pos6 DMG 4204 (hp 0.943->0.773)
   [pos1] 4_14+6 -> pos6 DMG 10835 (hp 0.903->0.576)
   [pos2] BEFORE -> pos2 BUFF 70 (hp 0.861->0.503)
   [pos2] NormalATK -> pos5 DMG 2746 (hp 0.936->0.757)
   [pos2] 4_29+5 -> pos2 BUFF 70 (hp 0.861->0.503)
   [pos2] 4_29+5 -> pos5 DMG 3263 (hp 0.924->0.693)
   [pos2] 4_29+5 -> pos5 DMG 496 (hp 0.922->0.683)
   [pos2] 4_30+5 -> pos5 DMG 3325 (hp 0.909->0.618)
   [pos2] 4_30+5 -> pos5 DMG 496 (hp 0.907->0.608)
   [pos2] 4_30+6 -> pos6 DMG 3024 (hp 0.892->0.521)
   [pos2] 4_30+6 -> pos6 DMG 496 (hp 0.890->0.512)
   [pos2] 4_31+5 -> pos5 DMG 2800 (hp 0.896->0.553)
   [pos2] 4_31+5 -> pos5 DMG 496 (hp 0.894->0.544)
   [pos2] 4_31+5 -> pos5 DMG 1271 (hp 0.889->0.519)
   [pos2] 4_31+5 -> pos5 DMG 496 (hp 0.887->0.509)
   [pos3] NormalATK -> pos6 DMG 4072 (hp 0.876->0.438)
   [pos3] NormalATK -> pos5 DMG 4262 (hp 0.870->0.426)
   [pos6] 2_117+1_2_3 -> pos1 DMG 2157 (hp 0.972->0.889)
   [pos6] 2_117+1_2_3 -> pos2 DMG 2174 (hp 0.853->0.464)
   [pos6] 2_117+1_2_3 -> pos3 DMG 1971 (hp 0.923->0.713)
   [pos6] 2_117+1_2_3 -> pos1 DMG 1952 (hp 0.965->0.854)
   [pos6] 2_117+1_2_3 -> pos2 DMG 2091 (hp 0.845->0.426)
   [pos6] 2_117+1_2_3 -> pos3 DMG 1891 (hp 0.916->0.679)
   [pos6] 2_117+1_2_3 -> pos1 DMG 2013 (hp 0.958->0.817)
   [pos6] 2_117+1_2_3 -> pos2 DMG 2008 (hp 0.838->0.389)
   [pos6] 2_117+1_2_3 -> pos3 DMG 2030 (hp 0.908->0.642)
   [pos6] 2_126+3_1 -> pos3 DMG 4327 (hp 0.893->0.563)
   [pos6] 2_126+3_1 -> pos1 DMG 4599 (hp 0.941->0.734)
   [pos6] NormalATK -> pos2 DMG 3295 (hp 0.826->0.329)
   [pos4] BEFORE -> pos4 HEAL 2259 (hp 0.958->0.958)
   [pos4] 2_113+1_2_3 -> pos1 DMG 2282 (hp 0.933->0.692)
   [pos4] 2_113+1_2_3 -> pos2 DMG 2144 (hp 0.818->0.290)
   [pos4] 2_113+1_2_3 -> pos3 DMG 2062 (hp 0.885->0.526)
   [pos4] 2_113+1_2_3 -> pos1 DMG 2151 (hp 0.925->0.653)
   [pos4] 2_113+1_2_3 -> pos2 DMG 2233 (hp 0.810->0.250)
   [pos4] 2_113+1_2_3 -> pos3 DMG 2062 (hp 0.878->0.489)
   [pos4] 2_113+1_2_3 -> pos1 DMG 2151 (hp 0.917->0.614)
   [pos4] 2_113+1_2_3 -> pos2 DMG 2122 (hp 0.803->0.211)
   [pos4] 2_113+1_2_3 -> pos3 DMG 2189 (hp 0.870->0.449)
   [pos4] NormalATK -> pos2 DMG 4838 (hp 0.785->0.123)
   [pos5] 2_92+1_2_3 -> pos1 DMG 1378 (hp 0.912->0.589)
   [pos5] 2_92+1_2_3 -> pos2 DMG 1430 (hp 0.780->0.097)
   [pos5] 2_92+1_2_3 -> pos3 DMG 1295 (hp 0.865->0.425)
   [pos5] 2_92+1_2_3 -> pos1 DMG 1296 (hp 0.907->0.565)
   [pos5] 2_92+1_2_3 -> pos2 DMG 1443 (hp 0.775->0.071)
   [pos5] 2_92+1_2_3 -> pos3 DMG 1269 (hp 0.860->0.402)
   [pos5] 2_92+1_2_3 -> pos1 DMG 1405 (hp 0.902->0.540)
   [pos5] 2_92+1_2_3 -> pos2 DMG 1333 (hp 0.770->0.047)
   [pos5] 2_92+1_2_3 -> pos3 DMG 1282 (hp 0.856->0.379)
   [pos5] 2_42+2_3 -> pos2 DMG 2568 (hp 0.657->0.000)
   [pos5] 2_42+2_3 -> pos3 DMG 2939 (hp 0.845->0.325)
   [pos5] 2_100+1 -> pos1 DMG 1044 (hp 0.899->0.521)
   [pos5] 2_100+1 -> pos1 DMG 1119 (hp 0.894->0.500)
   [pos5] 2_100+1 -> pos1 DMG 1012 (hp 0.891->0.482)
   [pos5] 2_100+1 -> pos1 DMG 1087 (hp 0.887->0.462)
   [pos5] 2_100+1 -> pos1 DMG 1044 (hp 0.883->0.443)
   [pos5] NormalATK -> pos3 DMG 2617 (hp 0.836->0.278)
-- Round 3 --
   [pos1] NormalATK -> pos6 DMG 2736 (hp 0.822->0.388)
   [pos1] 4_14+6 -> pos6 DMG 7422 (hp 0.795->0.253)
   [pos1] 4_24+6 -> pos6 DMG 8493 (hp 0.764->0.099)
   [pos2] BEFORE -> pos2 BUFF 70 (hp 0.657->0.000)
   [pos3] 2_118+1_3 -> pos1 BUFF 80 (hp 0.839->0.443)
   [pos3] 2_118+1_3 -> pos3 BUFF 80 (hp 0.780->0.278)
   [pos3] 2_65+6_4 -> pos6 DMG 4982 (hp 0.746->0.008)
   [pos3] 2_65+6_4 -> pos4 DMG 4491 (hp 0.942->0.876)
   [pos3] NormalATK -> pos5 DMG 2679 (hp 0.815->0.373)
   [pos3] NormalATK -> pos5 DMG 2758 (hp 0.804->0.319)
   [pos6] 2_116+1_3 -> pos1 DMG 219 (hp 0.838->0.439)
   [pos6] 2_116+1_3 -> pos3 DMG 209 (hp 0.779->0.274)
   [pos6] 2_116+1_3 -> pos1 DMG 230 (hp 0.837->0.435)
   [pos6] 2_116+1_3 -> pos3 DMG 205 (hp 0.778->0.270)
   [pos6] 2_116+1_3 -> pos1 DMG 228 (hp 0.837->0.431)
   [pos6] 2_116+1_3 -> pos3 DMG 205 (hp 0.778->0.267)
   [pos6] 2_126+1_3 -> pos1 DMG 677 (hp 0.834->0.419)
   [pos6] 2_126+1_3 -> pos3 DMG 613 (hp 0.775->0.255)
   [pos6] 2_65+1_3 -> pos1 DMG 985 (hp 0.831->0.401)
   [pos6] 2_65+1_3 -> pos3 DMG 929 (hp 0.772->0.238)
   [pos6] NormalATK -> pos3 DMG 472 (hp 0.770->0.230)
   [pos4] BEFORE -> pos4 HEAL 3593 (hp 0.942->0.942)
   [pos4] NormalATK -> pos3 DMG 4525 (hp 0.754->0.148)
   [pos5] 2_103+1_3 -> pos1 DMG 1170 (hp 0.826->0.379)
   [pos5] 2_103+1_3 -> pos3 DMG 1179 (hp 0.750->0.126)
   [pos5] 2_103+1_3 -> pos1 DMG 1205 (hp 0.822->0.358)
   [pos5] 2_103+1_3 -> pos3 DMG 1099 (hp 0.746->0.106)
   [pos5] NormalATK -> pos3 DMG 2434 (hp 0.737->0.062)
-- Round 4 --
   [pos1] NormalATK -> pos5 DMG 2957 (hp 0.744->0.261)
   [pos3] NormalATK -> pos5 DMG 1304 (hp 0.739->0.235)
   [pos3] NormalATK -> pos4 DMG 997 (hp 0.938->0.924)
   [pos6] BEFORE -> pos6 BUFF 8 (hp 0.672->0.008)
   [pos6] 2_117+1_3 -> pos1 DMG 299 (hp 0.774->0.352)
   [pos6] 2_117+1_3 -> pos3 DMG 305 (hp 0.668->0.056)
   [pos6] 2_117+1_3 -> pos1 DMG 318 (hp 0.773->0.346)
   [pos6] 2_117+1_3 -> pos3 DMG 302 (hp 0.667->0.051)
   [pos6] 2_117+1_3 -> pos1 DMG 315 (hp 0.772->0.341)
   [pos6] 2_117+1_3 -> pos3 DMG 299 (hp 0.666->0.045)
   [pos6] 2_126+1_3 -> pos1 DMG 671 (hp 0.770->0.328)
   [pos6] 2_126+1_3 -> pos3 DMG 664 (hp 0.664->0.033)
   [pos6] NormalATK -> pos1 DMG 477 (hp 0.768->0.320)
   [pos4] BEFORE -> pos4 HEAL 798 (hp 0.938->0.938)
   [pos4] NormalATK -> pos1 DMG 4299 (hp 0.752->0.242)
   [pos5] BEFORE -> pos5 BUFF 8 (hp 0.739->0.235)
   [pos5] 2_42+1_3 -> pos1 DMG 2213 (hp 0.744->0.201)
   [pos5] 2_42+1_3 -> pos3 DMG 1837 (hp 0.554->0.000)
   [pos5] NormalATK -> pos1 DMG 2203 (hp 0.736->0.161)
-- Round 5 --
   [pos1] 2_66+4_5_6 -> pos4 DMG 1296 (hp 0.933->0.914)
   [pos1] 2_66+4_5_6 -> pos5 DMG 2011 (hp 0.681->0.196)
   [pos1] 2_66+4_5_6 -> pos6 DMG 438 (hp 0.502->0.000)
   [pos1] NormalATK -> pos5 DMG 2438 (hp 0.671->0.148)
   [pos1] 4_14+5 -> pos5 DMG 3461 (hp 0.658->0.080)
   [pos1] 4_24+5 -> pos5 DMG 4094 (hp 0.539->0.000)
   [pos3] BEFORE -> pos3 BUFF 80 (hp 0.554->0.000)
   [pos4] BEFORE -> pos4 HEAL 1037 (hp 0.933->0.933)
   [pos4] NormalATK -> pos1 DMG 4649 (hp 0.662->0.077)
-- Round 6 --
   [pos1] BEFORE -> pos1 BUFF 80 (hp 0.603->0.077)
   [pos1] NormalATK -> pos4 DMG 1026 (hp 0.930->0.915)
   [pos1] 4_14+4 -> pos4 DMG 1486 (hp 0.924->0.888)
   [pos1] 4_24+4 -> pos4 DMG 1862 (hp 0.917->0.854)
   [pos4] BEFORE -> pos4 HEAL 3500 (hp 0.917->0.917)
   [pos4] NormalATK -> pos1 DMG 4219 (hp 0.486->0.000)
