=== Battle 195942137 | revela vs {自定义}-{敌方} | fightRet=1 | rounds=4 ===
-- init (fightPos: heroNum st/slv hp1 hp2) --
   pos1 hero28 st2/lv6 hp1=1.000 hp2=1.000
   pos2 hero117 st2/lv6 hp1=1.000 hp2=1.000
   pos3 hero46 st2/lv6 hp1=1.000 hp2=1.000
   pos4 hero99 st2/lv6 hp1=1.000 hp2=1.000
   pos5 hero87 st2/lv6 hp1=1.000 hp2=1.000
   pos6 hero108 st2/lv6 hp1=1.000 hp2=1.000
   [A] pos1 hero28 kills: normal=14204 skill=84852 skillsUsed=9
   [A] pos2 hero117 kills: normal=11035 skill=27570 skillsUsed=10
   [A] pos3 hero46 kills: normal=19270 skill=14985 skillsUsed=3
   [B] pos1 hero99 kills: normal=9151 skill=30042 skillsUsed=2
   [B] pos2 hero87 kills: normal=3273 skill=31373 skillsUsed=7
   [B] pos3 hero108 kills: normal=2816 skill=0 skillsUsed=0
-- Round 0 --
   [pos4] 1_19+5_6_4 -> pos5 BUFF 8 (hp 1.000->1.000)
   [pos4] 1_19+5_6_4 -> pos6 BUFF 8 (hp 1.000->1.000)
   [pos4] 1_19+5_6_4 -> pos4 BUFF 107 (hp 1.000->1.000)
   [pos4] 1_19+5_6_4 -> pos4 BUFF 10 (hp 1.000->1.000)
-- Round 1 --
   [pos1] 2_66+4_5_6 -> pos4 DMG 3087 (hp 0.989->0.944)
   [pos1] 2_66+4_5_6 -> pos5 DMG 3996 (hp 0.984->0.922)
   [pos1] 2_66+4_5_6 -> pos6 DMG 3635 (hp 0.987->0.934)
   [pos1] NormalATK -> pos6 DMG 4149 (hp 0.972->0.858)
   [pos1] 4_14+6 -> pos6 DMG 10386 (hp 0.934->0.670)
   [pos1] 4_14+5 -> pos5 DMG 11656 (hp 0.939->0.693)
   [pos1] 4_24+6 -> pos6 DMG 13139 (hp 0.886->0.431)
   [pos2] NormalATK -> pos5 DMG 3944 (hp 0.923->0.616)
   [pos2] 4_29+5 -> pos2 BUFF 70 (hp 1.000->1.000)
   [pos2] 4_29+5 -> pos5 DMG 4368 (hp 0.906->0.530)
   [pos2] 4_29+5 -> pos5 DMG 698 (hp 0.903->0.516)
   [pos3] 2_118+1_2 -> pos1 BUFF 80 (hp 1.000->1.000)
   [pos3] 2_118+1_2 -> pos2 BUFF 80 (hp 1.000->1.000)
   [pos3] NormalATK -> pos6 DMG 4703 (hp 0.869->0.345)
   [pos3] NormalATK -> pos4 DMG 3836 (hp 0.975->0.874)
   [pos6] NormalATK -> pos2 DMG 2816 (hp 0.990->0.949)
   [pos4] BEFORE -> pos4 HEAL 5515 (hp 0.975->0.974)
   [pos4] 2_66+1_2_3 -> pos1 DMG 3994 (hp 0.985->0.927)
   [pos4] 2_66+1_2_3 -> pos2 DMG 3679 (hp 0.976->0.882)
   [pos4] 2_66+1_2_3 -> pos3 DMG 3538 (hp 0.987->0.936)
   [pos4] NormalATK -> pos3 DMG 4558 (hp 0.971->0.853)
   [pos5] 2_92+1_2_3 -> pos1 DMG 1471 (hp 0.980->0.901)
   [pos5] 2_92+1_2_3 -> pos2 DMG 1529 (hp 0.971->0.854)
   [pos5] 2_92+1_2_3 -> pos3 DMG 1528 (hp 0.965->0.825)
   [pos5] 2_92+1_2_3 -> pos1 DMG 1532 (hp 0.975->0.873)
   [pos5] 2_92+1_2_3 -> pos2 DMG 1589 (hp 0.965->0.825)
   [pos5] 2_92+1_2_3 -> pos3 DMG 1397 (hp 0.960->0.800)
   [pos5] 2_103+1_2_3 -> pos1 DMG 1517 (hp 0.969->0.845)
   [pos5] 2_103+1_2_3 -> pos2 DMG 1453 (hp 0.960->0.799)
   [pos5] 2_103+1_2_3 -> pos3 DMG 1412 (hp 0.955->0.774)
   [pos5] 2_103+1_2_3 -> pos1 DMG 1456 (hp 0.964->0.819)
   [pos5] 2_103+1_2_3 -> pos2 DMG 1529 (hp 0.954->0.771)
   [pos5] 2_103+1_2_3 -> pos3 DMG 1528 (hp 0.949->0.746)
   [pos5] 2_42+3_1 -> pos3 DMG 3236 (hp 0.938->0.687)
   [pos5] 2_42+3_1 -> pos1 DMG 3547 (hp 0.951->0.754)
   [pos5] 2_100+3 -> pos3 DMG 1182 (hp 0.933->0.666)
   [pos5] 2_100+3 -> pos3 DMG 1193 (hp 0.929->0.644)
   [pos5] 2_100+3 -> pos3 DMG 1080 (hp 0.925->0.625)
   [pos5] 2_100+3 -> pos3 DMG 1159 (hp 0.921->0.603)
   [pos5] 2_100+3 -> pos3 DMG 1091 (hp 0.917->0.584)
   [pos5] NormalATK -> pos2 DMG 3060 (hp 0.943->0.715)
-- Round 2 --
   [pos1] NormalATK -> pos5 DMG 3922 (hp 0.849->0.440)
   [pos1] 4_14+5 -> pos5 DMG 10637 (hp 0.808->0.231)
   [pos1] 4_14+6 -> pos6 DMG 9024 (hp 0.784->0.181)
   [pos2] BEFORE -> pos2 BUFF 70 (hp 0.920->0.715)
   [pos2] NormalATK -> pos4 DMG 2658 (hp 0.965->0.926)
   [pos2] 4_29+4 -> pos2 BUFF 70 (hp 0.920->0.715)
   [pos2] 4_29+4 -> pos4 DMG 3283 (hp 0.953->0.866)
   [pos2] 4_29+4 -> pos4 DMG 591 (hp 0.951->0.856)
   [pos2] 4_31+4 -> pos4 DMG 2579 (hp 0.942->0.809)
   [pos2] 4_31+4 -> pos4 DMG 591 (hp 0.940->0.798)
   [pos2] 4_31+4 -> pos4 DMG 1218 (hp 0.935->0.776)
   [pos2] 4_31+4 -> pos4 DMG 591 (hp 0.933->0.765)
   [pos3] 2_65+5_6 -> pos5 DMG 7774 (hp 0.777->0.079)
   [pos3] 2_65+5_6 -> pos6 DMG 7211 (hp 0.758->0.050)
   [pos3] NormalATK -> pos6 DMG 2753 (hp 0.644->0.000)
   [pos3] NormalATK -> pos5 DMG 3991 (hp 0.761->0.000)
   [pos4] BEFORE -> pos4 HEAL 5401 (hp 0.933->0.863)
   [pos4] 2_113+1_2_3 -> pos1 DMG 2125 (hp 0.924->0.716)
   [pos4] 2_113+1_2_3 -> pos2 DMG 2016 (hp 0.913->0.679)
   [pos4] 2_113+1_2_3 -> pos3 DMG 2079 (hp 0.876->0.546)
   [pos4] 2_113+1_2_3 -> pos1 DMG 2146 (hp 0.916->0.677)
   [pos4] 2_113+1_2_3 -> pos2 DMG 2142 (hp 0.905->0.640)
   [pos4] 2_113+1_2_3 -> pos3 DMG 2099 (hp 0.868->0.508)
   [pos4] 2_113+1_2_3 -> pos1 DMG 2042 (hp 0.908->0.639)
   [pos4] 2_113+1_2_3 -> pos2 DMG 2184 (hp 0.897->0.600)
   [pos4] 2_113+1_2_3 -> pos3 DMG 1998 (hp 0.861->0.471)
   [pos4] NormalATK -> pos2 DMG 4593 (hp 0.881->0.517)
   [pos5] 2_103+1_2_3 -> pos1 DMG 97 (hp 0.908->0.638)
   [pos5] 2_103+1_2_3 -> pos2 DMG 100 (hp 0.880->0.515)
   [pos5] 2_103+1_2_3 -> pos3 DMG 99 (hp 0.861->0.470)
   [pos5] 2_42+2_3 -> pos2 DMG 215 (hp 0.880->0.511)
   [pos5] 2_42+2_3 -> pos3 DMG 211 (hp 0.860->0.466)
   [pos5] 2_100+3 -> pos3 DMG 73 (hp 0.860->0.464)
   [pos5] 2_100+3 -> pos3 DMG 72 (hp 0.859->0.463)
   [pos5] 2_100+3 -> pos3 DMG 77 (hp 0.859->0.462)
   [pos5] NormalATK -> pos2 DMG 213 (hp 0.879->0.507)
-- Round 3 --
   [pos1] 2_66+4_5 -> pos4 DMG 2592 (hp 0.917->0.816)
   [pos1] 2_66+4_5 -> pos5 DMG 14 (hp 0.582->0.000)
   [pos1] NormalATK -> pos4 DMG 3143 (hp 0.905->0.759)
   [pos1] 4_24+4 -> pos4 DMG 9278 (hp 0.871->0.590)
   [pos1] NormalATK -> pos4 DMG 2990 (hp 0.861->0.536)
   [pos1] 4_14+4 -> pos4 DMG 7408 (hp 0.834->0.401)
   [pos2] BEFORE -> pos2 BUFF 70 (hp 0.842->0.507)
   [pos2] NormalATK -> pos4 DMG 2151 (hp 0.826->0.362)
   [pos2] 4_29+4 -> pos2 BUFF 70 (hp 0.842->0.507)
   [pos2] 4_29+4 -> pos4 DMG 2581 (hp 0.816->0.315)
   [pos2] 4_29+4 -> pos4 DMG 497 (hp 0.815->0.306)
   [pos2] 4_30+4 -> pos4 DMG 2910 (hp 0.804->0.253)
   [pos2] 4_30+4 -> pos4 DMG 497 (hp 0.802->0.244)
   [pos2] NormalATK -> pos4 DMG 2282 (hp 0.794->0.203)
   [pos2] NormalATK -> pos4 DMG 497 (hp 0.792->0.194)
   [pos2] 4_29+4 -> pos4 DMG 2765 (hp 0.782->0.143)
   [pos2] 4_29+4 -> pos4 DMG 497 (hp 0.780->0.134)
   [pos2] 4_30+4 -> pos4 DMG 2910 (hp 0.770->0.082)
   [pos2] 4_30+4 -> pos4 DMG 497 (hp 0.768->0.072)
   [pos3] NormalATK -> pos4 DMG 2609 (hp 0.758->0.025)
   [pos3] NormalATK -> pos4 DMG 1378 (hp 0.650->0.000)
