=== Battle 195941521 | revela vs {自定义}-{敌方} | fightRet=1 | rounds=6 ===
-- init (fightPos: heroNum st/slv hp1 hp2) --
   pos1 hero28 st2/lv6 hp1=1.000 hp2=1.000
   pos2 hero117 st2/lv6 hp1=1.000 hp2=1.000
   pos3 hero46 st2/lv6 hp1=1.000 hp2=1.000
   pos4 hero99 st2/lv6 hp1=1.000 hp2=1.000
   pos5 hero87 st2/lv6 hp1=1.000 hp2=1.000
   pos6 hero108 st2/lv6 hp1=1.000 hp2=1.000
   [A] pos1 hero28 kills: normal=16172 skill=49076 skillsUsed=8
   [A] pos2 hero117 kills: normal=12564 skill=62230 skillsUsed=21
   [A] pos3 hero46 kills: normal=26951 skill=4930 skillsUsed=2
   [B] pos1 hero99 kills: normal=16770 skill=22452 skillsUsed=2
   [B] pos2 hero87 kills: normal=3585 skill=18232 skillsUsed=4
   [B] pos3 hero108 kills: normal=5253 skill=22591 skillsUsed=2
-- Round 0 --
   [pos4] 1_19+5_6_4 -> pos5 BUFF 8 (hp 1.000->1.000)
   [pos4] 1_19+5_6_4 -> pos6 BUFF 8 (hp 1.000->1.000)
   [pos4] 1_19+5_6_4 -> pos4 BUFF 107 (hp 1.000->1.000)
   [pos4] 1_19+5_6_4 -> pos4 BUFF 10 (hp 1.000->1.000)
-- Round 1 --
   [pos1] NormalATK -> pos6 DMG 4363 (hp 0.984->0.921)
   [pos1] 4_14+6 -> pos6 DMG 11136 (hp 0.944->0.718)
   [pos1] 4_24+6 -> pos6 DMG 12741 (hp 0.897->0.487)
   [pos2] 2_100+5 -> pos5 DMG 1407 (hp 0.994->0.972)
   [pos2] 2_100+5 -> pos5 DMG 1449 (hp 0.989->0.944)
   [pos2] 2_100+5 -> pos5 DMG 1364 (hp 0.983->0.917)
   [pos2] 2_100+5 -> pos5 DMG 1379 (hp 0.978->0.890)
   [pos2] NormalATK -> pos5 DMG 3754 (hp 0.963->0.817)
   [pos2] 4_29+5 -> pos2 BUFF 70 (hp 1.000->1.000)
   [pos2] 4_29+5 -> pos5 DMG 4687 (hp 0.945->0.725)
   [pos2] 4_29+5 -> pos5 DMG 698 (hp 0.942->0.711)
   [pos2] 4_31+5 -> pos5 DMG 3716 (hp 0.928->0.638)
   [pos2] 4_31+5 -> pos5 DMG 698 (hp 0.925->0.624)
   [pos2] 4_31+5 -> pos5 DMG 1689 (hp 0.918->0.591)
   [pos2] 4_31+5 -> pos5 DMG 698 (hp 0.916->0.578)
   [pos2] 4_31+5 -> pos5 DMG 1671 (hp 0.909->0.545)
   [pos2] 4_31+5 -> pos5 DMG 698 (hp 0.906->0.531)
   [pos3] NormalATK -> pos5 DMG 4774 (hp 0.888->0.438)
   [pos3] NormalATK -> pos6 DMG 4341 (hp 0.882->0.408)
   [pos6] NormalATK -> pos1 DMG 3037 (hp 0.989->0.945)
   [pos4] 2_66+1_2_3 -> pos1 DMG 3739 (hp 0.975->0.877)
   [pos4] 2_66+1_2_3 -> pos2 DMG 4000 (hp 0.985->0.927)
   [pos4] 2_66+1_2_3 -> pos3 DMG 3547 (hp 0.987->0.936)
   [pos4] NormalATK -> pos2 DMG 4472 (hp 0.969->0.846)
   [pos5] 2_92+1_2_3 -> pos1 DMG 1438 (hp 0.970->0.851)
   [pos5] 2_92+1_2_3 -> pos2 DMG 1435 (hp 0.964->0.820)
   [pos5] 2_92+1_2_3 -> pos3 DMG 1300 (hp 0.982->0.912)
   [pos5] 2_92+1_2_3 -> pos1 DMG 1410 (hp 0.965->0.825)
   [pos5] 2_92+1_2_3 -> pos2 DMG 1407 (hp 0.959->0.794)
   [pos5] 2_92+1_2_3 -> pos3 DMG 1394 (hp 0.977->0.887)
   [pos5] 2_42+2_3 -> pos2 DMG 3258 (hp 0.947->0.735)
   [pos5] 2_42+2_3 -> pos3 DMG 2950 (hp 0.967->0.833)
   [pos5] NormalATK -> pos2 DMG 2875 (hp 0.937->0.683)
-- Round 2 --
   [pos1] NormalATK -> pos5 DMG 4487 (hp 0.825->0.350)
   [pos2] BEFORE -> pos2 BUFF 70 (hp 0.911->0.683)
   [pos2] 2_100+6 -> pos6 DMG 1057 (hp 0.830->0.388)
   [pos2] 2_100+6 -> pos6 DMG 1121 (hp 0.826->0.368)
   [pos2] 2_100+6 -> pos6 DMG 1079 (hp 0.822->0.348)
   [pos2] 2_100+6 -> pos6 DMG 1121 (hp 0.818->0.328)
   [pos2] 2_100+6 -> pos6 DMG 1121 (hp 0.814->0.308)
   [pos2] NormalATK -> pos5 DMG 3072 (hp 0.813->0.289)
   [pos2] 4_29+5 -> pos2 BUFF 70 (hp 0.911->0.683)
   [pos2] 4_29+5 -> pos5 DMG 3573 (hp 0.799->0.219)
   [pos2] 4_29+5 -> pos5 DMG 577 (hp 0.797->0.208)
   [pos2] 4_30+5 -> pos5 DMG 4157 (hp 0.781->0.127)
   [pos2] 4_30+5 -> pos5 DMG 577 (hp 0.778->0.115)
   [pos2] 4_30+4 -> pos4 DMG 3375 (hp 0.988->0.939)
   [pos2] 4_30+4 -> pos4 DMG 577 (hp 0.986->0.928)
   [pos3] NormalATK -> pos6 DMG 4211 (hp 0.799->0.231)
   [pos3] NormalATK -> pos5 DMG 4585 (hp 0.760->0.025)
   [pos6] 2_117+1_2_3 -> pos1 DMG 1481 (hp 0.946->0.798)
   [pos6] 2_117+1_2_3 -> pos2 DMG 1477 (hp 0.906->0.656)
   [pos6] 2_117+1_2_3 -> pos3 DMG 1392 (hp 0.948->0.808)
   [pos6] 2_117+1_2_3 -> pos1 DMG 1481 (hp 0.940->0.771)
   [pos6] 2_117+1_2_3 -> pos2 DMG 1583 (hp 0.900->0.627)
   [pos6] 2_117+1_2_3 -> pos3 DMG 1493 (hp 0.943->0.780)
   [pos6] 2_117+1_2_3 -> pos1 DMG 1555 (hp 0.935->0.743)
   [pos6] 2_117+1_2_3 -> pos2 DMG 1583 (hp 0.894->0.598)
   [pos6] 2_117+1_2_3 -> pos3 DMG 1464 (hp 0.937->0.754)
   [pos6] 2_65+3_2 -> pos3 DMG 4270 (hp 0.922->0.676)
   [pos6] 2_65+3_2 -> pos2 DMG 4812 (hp 0.877->0.511)
   [pos6] NormalATK -> pos2 DMG 2216 (hp 0.869->0.471)
   [pos4] BEFORE -> pos4 HEAL 3162 (hp 0.986->0.986)
   [pos4] 2_66+1_2_3 -> pos1 DMG 3673 (hp 0.921->0.676)
   [pos4] 2_66+1_2_3 -> pos2 DMG 3971 (hp 0.854->0.398)
   [pos4] 2_66+1_2_3 -> pos3 DMG 3522 (hp 0.909->0.612)
   [pos4] NormalATK -> pos3 DMG 4584 (hp 0.892->0.529)
   [pos5] 2_92+1_2_3 -> pos1 DMG 347 (hp 0.920->0.670)
   [pos5] 2_92+1_2_3 -> pos2 DMG 357 (hp 0.853->0.392)
   [pos5] 2_92+1_2_3 -> pos3 DMG 326 (hp 0.891->0.523)
   [pos5] 2_92+1_2_3 -> pos1 DMG 326 (hp 0.919->0.664)
   [pos5] 2_92+1_2_3 -> pos2 DMG 333 (hp 0.852->0.386)
   [pos5] 2_92+1_2_3 -> pos3 DMG 329 (hp 0.890->0.517)
   [pos5] 2_42+1_3 -> pos1 DMG 828 (hp 0.916->0.649)
   [pos5] 2_42+1_3 -> pos3 DMG 794 (hp 0.887->0.502)
   [pos5] NormalATK -> pos1 DMG 710 (hp 0.913->0.636)
-- Round 3 --
   [pos1] NormalATK -> pos5 DMG 1290 (hp 0.579->0.000)
   [pos2] BEFORE -> pos2 BUFF 70 (hp 0.805->0.386)
   [pos2] NormalATK -> pos6 DMG 2080 (hp 0.735->0.193)
   [pos2] 4_29+6 -> pos2 BUFF 70 (hp 0.805->0.386)
   [pos2] 4_29+6 -> pos6 DMG 2625 (hp 0.725->0.146)
   [pos2] 4_29+6 -> pos6 DMG 434 (hp 0.723->0.138)
   [pos2] 4_31+6 -> pos6 DMG 2210 (hp 0.715->0.097)
   [pos2] 4_31+6 -> pos6 DMG 434 (hp 0.714->0.090)
   [pos2] 4_31+6 -> pos6 DMG 935 (hp 0.710->0.073)
   [pos2] 4_31+6 -> pos6 DMG 434 (hp 0.709->0.065)
   [pos2] 4_31+6 -> pos6 DMG 984 (hp 0.705->0.047)
   [pos2] 4_31+6 -> pos6 DMG 434 (hp 0.704->0.039)
   [pos2] 4_31+6 -> pos6 DMG 917 (hp 0.700->0.022)
   [pos2] 4_31+6 -> pos6 DMG 434 (hp 0.699->0.014)
   [pos3] NormalATK -> pos6 DMG 788 (hp 0.593->0.000)
   [pos3] NormalATK -> pos4 DMG 2807 (hp 0.975->0.935)
   [pos4] BEFORE -> pos4 HEAL 2246 (hp 0.975->0.975)
   [pos4] NormalATK -> pos3 DMG 4337 (hp 0.833->0.424)
-- Round 4 --
   [pos1] 2_66+4 -> pos4 DMG 2487 (hp 0.966->0.930)
   [pos1] NormalATK -> pos4 DMG 2955 (hp 0.956->0.876)
   [pos1] 4_14+4 -> pos4 DMG 4499 (hp 0.939->0.795)
   [pos1] 4_24+4 -> pos4 DMG 5630 (hp 0.919->0.692)
   [pos2] BEFORE -> pos2 BUFF 70 (hp 0.763->0.386)
   [pos2] NormalATK -> pos4 DMG 1954 (hp 0.912->0.657)
   [pos2] 4_29+4 -> pos2 BUFF 70 (hp 0.763->0.386)
   [pos2] 4_29+4 -> pos4 DMG 2207 (hp 0.904->0.617)
   [pos2] 4_29+4 -> pos4 DMG 434 (hp 0.902->0.609)
   [pos2] 4_30+4 -> pos4 DMG 2440 (hp 0.893->0.564)
   [pos2] 4_30+4 -> pos4 DMG 434 (hp 0.892->0.557)
   [pos3] NormalATK -> pos4 DMG 2709 (hp 0.882->0.507)
   [pos3] NormalATK -> pos4 DMG 2736 (hp 0.872->0.458)
   [pos6] BEFORE -> pos6 BUFF 8 (hp 0.593->0.000)
   [pos4] BEFORE -> pos4 HEAL 5515 (hp 0.872->0.558)
   [pos4] NormalATK -> pos2 DMG 3377 (hp 0.751->0.324)
   [pos5] BEFORE -> pos5 BUFF 8 (hp 0.579->0.000)
-- Round 5 --
   [pos1] 2_66+4 -> pos4 DMG 2638 (hp 0.831->0.510)
   [pos1] NormalATK -> pos4 DMG 3077 (hp 0.820->0.454)
   [pos1] 4_14+4 -> pos4 DMG 4369 (hp 0.804->0.374)
   [pos1] 4_24+4 -> pos4 DMG 5576 (hp 0.784->0.273)
   [pos2] BEFORE -> pos2 BUFF 70 (hp 0.708->0.324)
   [pos2] NormalATK -> pos4 DMG 1704 (hp 0.777->0.242)
   [pos2] 4_29+4 -> pos2 BUFF 70 (hp 0.708->0.324)
   [pos2] 4_29+4 -> pos4 DMG 2023 (hp 0.770->0.205)
   [pos2] 4_29+4 -> pos4 DMG 398 (hp 0.769->0.198)
   [pos2] 4_30+4 -> pos4 DMG 2169 (hp 0.761->0.159)
   [pos2] 4_30+4 -> pos4 DMG 398 (hp 0.759->0.151)
   [pos2] 4_31+4 -> pos4 DMG 1827 (hp 0.753->0.118)
   [pos2] 4_31+4 -> pos4 DMG 398 (hp 0.751->0.111)
   [pos2] 4_31+4 -> pos4 DMG 774 (hp 0.748->0.097)
   [pos2] 4_31+4 -> pos4 DMG 398 (hp 0.747->0.090)
   [pos3] 2_118+1_2 -> pos1 BUFF 80 (hp 0.838->0.636)
   [pos3] 2_118+1_2 -> pos2 BUFF 80 (hp 0.708->0.324)
   [pos3] 2_65+4 -> pos4 DMG 4930 (hp 0.626->0.000)
