=== Battle 195941370 | revela vs {自定义}-{敌方} | fightRet=2 | rounds=5 ===
-- init (fightPos: heroNum st/slv hp1 hp2) --
   pos1 hero28 st2/lv6 hp1=1.000 hp2=1.000
   pos2 hero117 st2/lv6 hp1=1.000 hp2=1.000
   pos3 hero46 st2/lv6 hp1=1.000 hp2=1.000
   pos4 hero99 st2/lv6 hp1=1.000 hp2=1.000
   pos5 hero87 st2/lv6 hp1=1.000 hp2=1.000
   pos6 hero108 st2/lv6 hp1=1.000 hp2=1.000
   [A] pos1 hero28 kills: normal=13723 skill=33351 skillsUsed=10
   [A] pos2 hero117 kills: normal=9577 skill=37182 skillsUsed=16
   [A] pos3 hero46 kills: normal=21669 skill=16808 skillsUsed=5
   [B] pos1 hero99 kills: normal=13020 skill=51603 skillsUsed=5
   [B] pos2 hero87 kills: normal=9308 skill=35527 skillsUsed=4
   [B] pos3 hero108 kills: normal=6753 skill=44106 skillsUsed=4
-- Round 0 --
   [pos4] 1_19+6_5_4 -> pos6 BUFF 8 (hp 1.000->1.000)
   [pos4] 1_19+6_5_4 -> pos5 BUFF 8 (hp 1.000->1.000)
   [pos4] 1_19+6_5_4 -> pos4 BUFF 107 (hp 1.000->1.000)
   [pos4] 1_19+6_5_4 -> pos4 BUFF 10 (hp 1.000->1.000)
-- Round 1 --
   [pos1] NormalATK -> pos6 DMG 4063 (hp 0.985->0.926)
   [pos1] 4_24+6 -> pos6 DMG 7679 (hp 0.957->0.787)
   [pos2] 2_100+5 -> pos5 DMG 1449 (hp 0.994->0.972)
   [pos2] 2_100+5 -> pos5 DMG 1478 (hp 0.989->0.943)
   [pos2] 2_100+5 -> pos5 DMG 1379 (hp 0.983->0.916)
   [pos2] 2_100+5 -> pos5 DMG 1464 (hp 0.977->0.887)
   [pos2] NormalATK -> pos4 DMG 3141 (hp 0.989->0.943)
   [pos2] 4_29+4 -> pos2 BUFF 70 (hp 1.000->1.000)
   [pos2] 4_29+4 -> pos4 DMG 3843 (hp 0.975->0.873)
   [pos2] 4_29+4 -> pos4 DMG 698 (hp 0.972->0.860)
   [pos2] 4_31+4 -> pos4 DMG 3018 (hp 0.961->0.805)
   [pos2] 4_31+4 -> pos4 DMG 698 (hp 0.959->0.793)
   [pos2] 4_31+4 -> pos4 DMG 1344 (hp 0.954->0.768)
   [pos2] 4_31+4 -> pos4 DMG 698 (hp 0.951->0.756)
   [pos3] 2_118+1_2 -> pos1 BUFF 80 (hp 1.000->1.000)
   [pos3] 2_118+1_2 -> pos2 BUFF 80 (hp 1.000->1.000)
   [pos3] NormalATK -> pos4 DMG 4118 (hp 0.936->0.681)
   [pos3] NormalATK -> pos5 DMG 5221 (hp 0.957->0.784)
   [pos6] 2_126+2_3 -> pos2 DMG 5909 (hp 0.979->0.893)
   [pos6] 2_126+2_3 -> pos3 DMG 5626 (hp 0.980->0.898)
   [pos6] NormalATK -> pos1 DMG 4298 (hp 0.984->0.922)
   [pos4] BEFORE -> pos4 HEAL 5572 (hp 0.936->0.782)
   [pos4] 2_113+1_2_3 -> pos1 DMG 1923 (hp 0.977->0.887)
   [pos4] 2_113+1_2_3 -> pos2 DMG 2017 (hp 0.971->0.856)
   [pos4] 2_113+1_2_3 -> pos3 DMG 1998 (hp 0.972->0.861)
   [pos4] 2_113+1_2_3 -> pos1 DMG 1963 (hp 0.970->0.851)
   [pos4] 2_113+1_2_3 -> pos2 DMG 1898 (hp 0.964->0.821)
   [pos4] 2_113+1_2_3 -> pos3 DMG 1941 (hp 0.965->0.826)
   [pos4] 2_113+1_2_3 -> pos1 DMG 1903 (hp 0.963->0.817)
   [pos4] 2_113+1_2_3 -> pos2 DMG 2017 (hp 0.957->0.785)
   [pos4] 2_113+1_2_3 -> pos3 DMG 1825 (hp 0.959->0.793)
   [pos4] 2_66+1_2_3 -> pos1 DMG 3579 (hp 0.950->0.752)
   [pos4] 2_66+1_2_3 -> pos2 DMG 3400 (hp 0.945->0.723)
   [pos4] 2_66+1_2_3 -> pos3 DMG 3204 (hp 0.947->0.735)
   [pos4] NormalATK -> pos3 DMG 4125 (hp 0.932->0.660)
   [pos5] 2_92+1_2_3 -> pos1 DMG 1906 (hp 0.943->0.717)
   [pos5] 2_92+1_2_3 -> pos2 DMG 1846 (hp 0.938->0.689)
   [pos5] 2_92+1_2_3 -> pos3 DMG 1846 (hp 0.925->0.626)
   [pos5] 2_92+1_2_3 -> pos1 DMG 1758 (hp 0.937->0.685)
   [pos5] 2_92+1_2_3 -> pos2 DMG 1771 (hp 0.931->0.657)
   [pos5] 2_92+1_2_3 -> pos3 DMG 1775 (hp 0.919->0.594)
   [pos5] 2_103+1_2_3 -> pos1 DMG 1869 (hp 0.930->0.651)
   [pos5] 2_103+1_2_3 -> pos2 DMG 1809 (hp 0.925->0.624)
   [pos5] 2_103+1_2_3 -> pos3 DMG 1864 (hp 0.912->0.560)
   [pos5] 2_103+1_2_3 -> pos1 DMG 1943 (hp 0.923->0.616)
   [pos5] 2_103+1_2_3 -> pos2 DMG 1809 (hp 0.918->0.591)
   [pos5] 2_103+1_2_3 -> pos3 DMG 1739 (hp 0.906->0.528)
   [pos5] NormalATK -> pos3 DMG 3699 (hp 0.892->0.461)
-- Round 2 --
   [pos1] NormalATK -> pos6 DMG 3526 (hp 0.927->0.722)
   [pos1] 4_24+6 -> pos6 DMG 5793 (hp 0.906->0.617)
   [pos2] BEFORE -> pos2 BUFF 70 (hp 0.886->0.591)
   [pos2] NormalATK -> pos6 DMG 2681 (hp 0.897->0.568)
   [pos2] 4_29+6 -> pos2 BUFF 70 (hp 0.886->0.591)
   [pos2] 4_29+6 -> pos6 DMG 3280 (hp 0.885->0.509)
   [pos2] 4_29+6 -> pos6 DMG 537 (hp 0.883->0.499)
   [pos2] 4_31+6 -> pos6 DMG 2521 (hp 0.874->0.453)
   [pos2] 4_31+6 -> pos6 DMG 537 (hp 0.872->0.443)
   [pos2] 4_31+6 -> pos6 DMG 1133 (hp 0.868->0.423)
   [pos2] 4_31+6 -> pos6 DMG 537 (hp 0.866->0.413)
   [pos3] 2_65+5_6 -> pos5 DMG 6776 (hp 0.913->0.652)
   [pos3] 2_65+5_6 -> pos6 DMG 6411 (hp 0.842->0.296)
   [pos3] NormalATK -> pos5 DMG 3244 (hp 0.900->0.588)
   [pos3] NormalATK -> pos5 DMG 3481 (hp 0.887->0.520)
   [pos6] 2_117+1_2_3 -> pos1 DMG 1726 (hp 0.886->0.584)
   [pos6] 2_117+1_2_3 -> pos2 DMG 1757 (hp 0.879->0.559)
   [pos6] 2_117+1_2_3 -> pos3 DMG 1590 (hp 0.843->0.432)
   [pos6] 2_117+1_2_3 -> pos1 DMG 1709 (hp 0.880->0.553)
   [pos6] 2_117+1_2_3 -> pos2 DMG 1637 (hp 0.873->0.530)
   [pos6] 2_117+1_2_3 -> pos3 DMG 1689 (hp 0.837->0.401)
   [pos6] 2_117+1_2_3 -> pos1 DMG 1777 (hp 0.874->0.521)
   [pos6] 2_117+1_2_3 -> pos2 DMG 1671 (hp 0.867->0.499)
   [pos6] 2_117+1_2_3 -> pos3 DMG 1623 (hp 0.831->0.372)
   [pos6] 2_126+2_3 -> pos2 DMG 3523 (hp 0.854->0.435)
   [pos6] 2_126+2_3 -> pos3 DMG 3494 (hp 0.819->0.308)
   [pos6] 2_65+1_2 -> pos1 DMG 5351 (hp 0.854->0.424)
   [pos6] 2_65+1_2 -> pos2 DMG 5024 (hp 0.836->0.344)
   [pos6] NormalATK -> pos2 DMG 2455 (hp 0.827->0.299)
   [pos4] BEFORE -> pos4 HEAL 5970 (hp 0.921->0.891)
   [pos4] NormalATK -> pos1 DMG 4498 (hp 0.838->0.342)
   [pos5] 2_103+1_2_3 -> pos1 DMG 1552 (hp 0.832->0.314)
   [pos5] 2_103+1_2_3 -> pos2 DMG 1503 (hp 0.822->0.272)
   [pos5] 2_103+1_2_3 -> pos3 DMG 1475 (hp 0.813->0.282)
   [pos5] 2_103+1_2_3 -> pos1 DMG 1446 (hp 0.827->0.287)
   [pos5] 2_103+1_2_3 -> pos2 DMG 1564 (hp 0.816->0.243)
   [pos5] 2_103+1_2_3 -> pos3 DMG 1490 (hp 0.808->0.254)
   [pos5] 2_100+3 -> pos3 DMG 1152 (hp 0.804->0.234)
   [pos5] 2_100+3 -> pos3 DMG 1163 (hp 0.800->0.212)
   [pos5] 2_100+3 -> pos3 DMG 1095 (hp 0.796->0.192)
   [pos5] 2_100+3 -> pos3 DMG 1152 (hp 0.791->0.172)
   [pos5] NormalATK -> pos2 DMG 3070 (hp 0.805->0.188)
-- Round 3 --
   [pos1] 2_66+4_5_6 -> pos4 DMG 1759 (hp 0.911->0.859)
   [pos1] 2_66+4_5_6 -> pos5 DMG 2042 (hp 0.842->0.480)
   [pos1] 2_66+4_5_6 -> pos6 DMG 1914 (hp 0.781->0.262)
   [pos1] NormalATK -> pos6 DMG 2366 (hp 0.772->0.219)
   [pos1] 4_14+6 -> pos6 DMG 3229 (hp 0.760->0.160)
   [pos1] NormalATK -> pos6 DMG 2274 (hp 0.752->0.119)
   [pos1] 4_14+6 -> pos6 DMG 3229 (hp 0.740->0.060)
   [pos1] 4_24+6 -> pos6 DMG 3290 (hp 0.625->0.000)
   [pos2] BEFORE -> pos2 BUFF 70 (hp 0.743->0.188)
   [pos2] NormalATK -> pos5 DMG 1599 (hp 0.836->0.448)
   [pos2] 4_29+5 -> pos2 BUFF 70 (hp 0.743->0.188)
   [pos2] 4_29+5 -> pos5 DMG 2018 (hp 0.828->0.409)
   [pos2] 4_29+5 -> pos5 DMG 303 (hp 0.827->0.403)
   [pos2] NormalATK -> pos4 DMG 1365 (hp 0.906->0.834)
   [pos2] NormalATK -> pos4 DMG 303 (hp 0.905->0.828)
   [pos2] 4_29+4 -> pos4 DMG 1654 (hp 0.899->0.798)
   [pos2] 4_29+4 -> pos4 DMG 303 (hp 0.898->0.793)
   [pos2] 4_30+4 -> pos4 DMG 1722 (hp 0.892->0.761)
   [pos2] 4_30+4 -> pos4 DMG 303 (hp 0.891->0.756)
   [pos3] NormalATK -> pos4 DMG 1596 (hp 0.885->0.727)
   [pos3] NormalATK -> pos5 DMG 2172 (hp 0.818->0.360)
   [pos4] BEFORE -> pos4 HEAL 5913 (hp 0.885->0.834)
   [pos4] 2_113+1_2_3 -> pos1 DMG 2028 (hp 0.766->0.250)
   [pos4] 2_113+1_2_3 -> pos2 DMG 2084 (hp 0.736->0.150)
   [pos4] 2_113+1_2_3 -> pos3 DMG 1925 (hp 0.722->0.137)
   [pos4] 2_113+1_2_3 -> pos1 DMG 2089 (hp 0.758->0.212)
   [pos4] 2_113+1_2_3 -> pos2 DMG 1981 (hp 0.728->0.114)
   [pos4] 2_113+1_2_3 -> pos3 DMG 2084 (hp 0.715->0.099)
   [pos4] 2_66+1_2_3 -> pos1 DMG 3556 (hp 0.745->0.148)
   [pos4] 2_66+1_2_3 -> pos2 DMG 3689 (hp 0.715->0.047)
   [pos4] 2_66+1_2_3 -> pos3 DMG 3309 (hp 0.703->0.038)
   [pos4] NormalATK -> pos1 DMG 4397 (hp 0.729->0.068)
   [pos5] NormalATK -> pos1 DMG 2539 (hp 0.720->0.022)
-- Round 4 --
   [pos1] NormalATK -> pos5 DMG 740 (hp 0.770->0.346)
   [pos1] 4_14+5 -> pos5 DMG 1041 (hp 0.766->0.325)
   [pos1] 4_14+4 -> pos4 DMG 845 (hp 0.877->0.819)
   [pos1] 4_24+5 -> pos5 DMG 1214 (hp 0.761->0.302)
   [pos1] NormalATK -> pos5 DMG 754 (hp 0.758->0.287)
   [pos1] 4_24+5 -> pos5 DMG 1316 (hp 0.753->0.261)
   [pos2] BEFORE -> pos2 BUFF 70 (hp 0.648->0.047)
   [pos2] 2_100+5 -> pos5 DMG 299 (hp 0.752->0.255)
   [pos2] 2_100+5 -> pos5 DMG 302 (hp 0.750->0.249)
   [pos2] 2_100+5 -> pos5 DMG 321 (hp 0.749->0.243)
   [pos2] NormalATK -> pos5 DMG 791 (hp 0.746->0.227)
   [pos2] 4_29+5 -> pos2 BUFF 70 (hp 0.648->0.047)
   [pos2] 4_29+5 -> pos5 DMG 1030 (hp 0.742->0.207)
   [pos2] 4_29+5 -> pos5 DMG 153 (hp 0.741->0.204)
   [pos2] 4_30+5 -> pos5 DMG 1094 (hp 0.737->0.183)
   [pos2] 4_30+5 -> pos5 DMG 153 (hp 0.736->0.180)
   [pos2] 4_30+4 -> pos4 DMG 906 (hp 0.874->0.803)
   [pos2] 4_30+4 -> pos4 DMG 153 (hp 0.873->0.800)
   [pos2] 4_31+5 -> pos5 DMG 867 (hp 0.733->0.163)
   [pos2] 4_31+5 -> pos5 DMG 153 (hp 0.733->0.160)
   [pos2] 4_31+5 -> pos5 DMG 378 (hp 0.731->0.152)
   [pos2] 4_31+5 -> pos5 DMG 153 (hp 0.730->0.149)
   [pos3] 2_65+4_5 -> pos4 DMG 1623 (hp 0.867->0.770)
   [pos3] 2_65+4_5 -> pos5 DMG 1998 (hp 0.723->0.110)
   [pos3] NormalATK -> pos5 DMG 1036 (hp 0.719->0.090)
   [pos3] NormalATK -> pos4 DMG 801 (hp 0.864->0.756)
   [pos6] BEFORE -> pos6 BUFF 8 (hp 0.625->0.000)
   [pos4] BEFORE -> pos4 HEAL 5685 (hp 0.864->0.859)
   [pos4] 2_113+1_2_3 -> pos1 DMG 1190 (hp 0.543->0.000)
