=== Battle 195895653 | revela vs {自定义}-{敌方} | fightRet=1 | rounds=4 ===
-- init (fightPos: heroNum st/slv hp1 hp2) --
   pos1 hero28 st2/lv6 hp1=1.000 hp2=1.000
   pos2 hero117 st2/lv6 hp1=1.000 hp2=1.000
   pos3 hero46 st2/lv6 hp1=1.000 hp2=1.000
   pos4 hero99 st2/lv6 hp1=1.000 hp2=1.000
   pos5 hero87 st2/lv6 hp1=1.000 hp2=1.000
   pos6 hero108 st2/lv6 hp1=1.000 hp2=1.000
   [A] pos1 hero28 kills: normal=20707 skill=77847 skillsUsed=7
   [A] pos2 hero117 kills: normal=8172 skill=32602 skillsUsed=7
   [A] pos3 hero46 kills: normal=21672 skill=0 skillsUsed=1
   [B] pos1 hero99 kills: normal=7076 skill=29918 skillsUsed=3
   [B] pos2 hero87 kills: normal=0 skill=0 skillsUsed=0
   [B] pos3 hero108 kills: normal=3655 skill=0 skillsUsed=0
-- Round 0 --
-- Round 1 --
   [pos1] 2_66+4_5_6 -> pos4 DMG 4970 (hp 0.982->0.910)
   [pos1] 2_66+4_5_6 -> pos5 DMG 5243 (hp 0.979->0.897)
   [pos1] 2_66+4_5_6 -> pos6 DMG 4582 (hp 0.983->0.917)
   [pos1] NormalATK -> pos5 DMG 6045 (hp 0.956->0.779)
   [pos1] 4_24+5 -> pos5 DMG 19915 (hp 0.878->0.388)
   [pos2] 2_100+5 -> pos5 DMG 1959 (hp 0.870->0.350)
   [pos2] 2_100+5 -> pos5 DMG 1978 (hp 0.862->0.311)
   [pos2] 2_100+5 -> pos5 DMG 1865 (hp 0.855->0.274)
   [pos2] 2_100+5 -> pos5 DMG 1865 (hp 0.848->0.238)
   [pos2] NormalATK -> pos5 DMG 4773 (hp 0.829->0.144)
   [pos2] 4_29+5 -> pos2 BUFF 70 (hp 1.000->1.000)
   [pos2] 4_29+5 -> pos5 DMG 5788 (hp 0.806->0.031)
   [pos2] 4_29+5 -> pos5 DMG 698 (hp 0.803->0.017)
   [pos2] 4_30+5 -> pos5 DMG 871 (hp 0.696->0.000)
   [pos2] 4_30+6 -> pos6 DMG 5703 (hp 0.963->0.813)
   [pos2] 4_30+6 -> pos6 DMG 698 (hp 0.960->0.800)
   [pos3] NormalATK -> pos6 DMG 6171 (hp 0.938->0.688)
   [pos3] NormalATK -> pos6 DMG 5812 (hp 0.917->0.582)
   [pos6] NormalATK -> pos2 DMG 3655 (hp 0.987->0.934)
   [pos4] 2_113+1_2_3 -> pos1 DMG 2245 (hp 0.992->0.959)
   [pos4] 2_113+1_2_3 -> pos2 DMG 2111 (hp 0.979->0.895)
   [pos4] 2_113+1_2_3 -> pos3 DMG 1968 (hp 0.993->0.964)
   [pos4] 2_113+1_2_3 -> pos1 DMG 2074 (hp 0.984->0.921)
   [pos4] 2_113+1_2_3 -> pos2 DMG 2111 (hp 0.971->0.857)
   [pos4] 2_113+1_2_3 -> pos3 DMG 1968 (hp 0.986->0.928)
   [pos4] 2_133+2_3 -> pos2 DMG 5441 (hp 0.952->0.758)
   [pos4] 2_133+2_3 -> pos3 DMG 5440 (hp 0.966->0.830)
   [pos4] 2_133+2_3 -> pos2 BUFF 6 (hp 0.952->0.758)
   [pos4] 2_133+2_3 -> pos3 BUFF 6 (hp 0.966->0.830)
   [pos4] NormalATK -> pos2 DMG 4579 (hp 0.935->0.675)
-- Round 2 --
   [pos1] 2_66+4_6 -> pos4 DMG 4818 (hp 0.957->0.822)
   [pos1] 2_66+4_6 -> pos6 DMG 4443 (hp 0.867->0.502)
   [pos1] NormalATK -> pos6 DMG 5495 (hp 0.847->0.402)
   [pos1] 4_14+6 -> pos6 DMG 8112 (hp 0.818->0.254)
   [pos1] 4_14+4 -> pos4 DMG 8292 (hp 0.927->0.671)
   [pos1] 4_24+6 -> pos6 DMG 9288 (hp 0.784->0.085)
   [pos2] BEFORE -> pos2 BUFF 70 (hp 0.909->0.675)
   [pos2] NormalATK -> pos4 DMG 3399 (hp 0.915->0.609)
   [pos2] 4_29+4 -> pos2 BUFF 70 (hp 0.909->0.675)
   [pos2] 4_29+4 -> pos4 DMG 4332 (hp 0.899->0.531)
   [pos2] 4_29+4 -> pos4 DMG 574 (hp 0.897->0.520)
   [pos2] 4_31+4 -> pos4 DMG 3610 (hp 0.884->0.455)
   [pos2] 4_31+4 -> pos4 DMG 574 (hp 0.882->0.444)
   [pos2] 4_31+4 -> pos4 DMG 1513 (hp 0.876->0.417)
   [pos2] 4_31+4 -> pos4 DMG 574 (hp 0.874->0.406)
   [pos3] 2_118+2_1 -> pos2 BUFF 80 (hp 0.909->0.675)
   [pos3] 2_118+2_1 -> pos1 BUFF 80 (hp 0.978->0.921)
   [pos3] NormalATK -> pos6 DMG 4696 (hp 0.663->0.000)
   [pos3] NormalATK -> pos4 DMG 4993 (hp 0.856->0.315)
   [pos4] 2_66+1_2_3 -> pos1 DMG 2254 (hp 0.970->0.880)
   [pos4] 2_66+1_2_3 -> pos2 DMG 2141 (hp 0.901->0.636)
   [pos4] 2_66+1_2_3 -> pos3 DMG 2165 (hp 0.944->0.790)
   [pos4] NormalATK -> pos3 DMG 2497 (hp 0.935->0.745)
-- Round 3 --
   [pos1] NormalATK -> pos4 DMG 5380 (hp 0.782->0.218)
   [pos1] 4_14+4 -> pos4 DMG 8184 (hp 0.753->0.069)
   [pos1] NormalATK -> pos4 DMG 3787 (hp 0.636->0.000)
