=== Battle 195895424 | revela vs {自定义}-{敌方} | fightRet=1 | rounds=4 ===
-- init (fightPos: heroNum st/slv hp1 hp2) --
   pos1 hero28 st2/lv6 hp1=1.000 hp2=1.000
   pos2 hero117 st2/lv6 hp1=1.000 hp2=1.000
   pos3 hero46 st2/lv6 hp1=1.000 hp2=1.000
   pos4 hero99 st2/lv6 hp1=1.000 hp2=1.000
   pos5 hero87 st2/lv6 hp1=1.000 hp2=1.000
   pos6 hero108 st2/lv6 hp1=1.000 hp2=1.000
   [A] pos1 hero28 kills: normal=14330 skill=78019 skillsUsed=8
   [A] pos2 hero117 kills: normal=8696 skill=41365 skillsUsed=8
   [A] pos3 hero46 kills: normal=18590 skill=0 skillsUsed=2
   [B] pos1 hero99 kills: normal=4449 skill=15274 skillsUsed=3
   [B] pos2 hero87 kills: normal=3732 skill=42600 skillsUsed=3
   [B] pos3 hero108 kills: normal=1648 skill=4777 skillsUsed=1
-- Round 0 --
-- Round 1 --
   [pos1] NormalATK -> pos6 DMG 5724 (hp 0.979->0.896)
   [pos1] 4_14+6 -> pos6 DMG 7967 (hp 0.950->0.751)
   [pos1] 4_14+4 -> pos4 DMG 8722 (hp 0.968->0.841)
   [pos1] 4_24+6 -> pos6 DMG 9576 (hp 0.915->0.577)
   [pos2] 2_100+5 -> pos5 DMG 1827 (hp 0.993->0.964)
   [pos2] 2_100+5 -> pos5 DMG 1902 (hp 0.985->0.927)
   [pos2] 2_100+5 -> pos5 DMG 1978 (hp 0.978->0.888)
   [pos2] 2_100+5 -> pos5 DMG 1978 (hp 0.970->0.849)
   [pos2] NormalATK -> pos6 DMG 4524 (hp 0.899->0.495)
   [pos2] 4_29+6 -> pos2 BUFF 70 (hp 1.000->1.000)
   [pos2] 4_29+6 -> pos6 DMG 5758 (hp 0.878->0.390)
   [pos2] 4_29+6 -> pos6 DMG 698 (hp 0.876->0.377)
   [pos2] 4_30+6 -> pos6 DMG 6059 (hp 0.854->0.267)
   [pos2] 4_30+6 -> pos6 DMG 698 (hp 0.851->0.254)
   [pos3] 2_118+1_2 -> pos1 BUFF 80 (hp 1.000->1.000)
   [pos3] 2_118+1_2 -> pos2 BUFF 80 (hp 1.000->1.000)
   [pos3] NormalATK -> pos6 DMG 6111 (hp 0.829->0.143)
   [pos3] NormalATK -> pos4 DMG 5937 (hp 0.947->0.733)
   [pos6] 2_126+3_1 -> pos3 DMG 2364 (hp 0.991->0.957)
   [pos6] 2_126+3_1 -> pos1 DMG 2413 (hp 0.991->0.956)
   [pos6] NormalATK -> pos3 DMG 1648 (hp 0.985->0.927)
   [pos4] 2_66+1_2_3 -> pos1 DMG 3467 (hp 0.979->0.893)
   [pos4] 2_66+1_2_3 -> pos2 DMG 3493 (hp 0.987->0.936)
   [pos4] 2_66+1_2_3 -> pos3 DMG 3136 (hp 0.974->0.870)
   [pos4] NormalATK -> pos3 DMG 3723 (hp 0.961->0.802)
   [pos5] 2_92+1_2_3 -> pos1 DMG 1868 (hp 0.972->0.859)
   [pos5] 2_92+1_2_3 -> pos2 DMG 1862 (hp 0.981->0.903)
   [pos5] 2_92+1_2_3 -> pos3 DMG 1959 (hp 0.953->0.767)
   [pos5] 2_92+1_2_3 -> pos1 DMG 1887 (hp 0.965->0.825)
   [pos5] 2_92+1_2_3 -> pos2 DMG 1881 (hp 0.974->0.868)
   [pos5] 2_92+1_2_3 -> pos3 DMG 1921 (hp 0.946->0.732)
   [pos5] 2_92+1_2_3 -> pos1 DMG 1906 (hp 0.958->0.790)
   [pos5] 2_92+1_2_3 -> pos2 DMG 1843 (hp 0.967->0.835)
   [pos5] 2_92+1_2_3 -> pos3 DMG 1810 (hp 0.940->0.699)
   [pos5] 2_103+1_2_3 -> pos1 DMG 1829 (hp 0.951->0.757)
   [pos5] 2_103+1_2_3 -> pos2 DMG 1881 (hp 0.960->0.801)
   [pos5] 2_103+1_2_3 -> pos3 DMG 1810 (hp 0.933->0.666)
   [pos5] 2_103+1_2_3 -> pos1 DMG 1887 (hp 0.945->0.723)
   [pos5] 2_103+1_2_3 -> pos2 DMG 1901 (hp 0.953->0.766)
   [pos5] 2_103+1_2_3 -> pos3 DMG 1772 (hp 0.927->0.634)
   [pos5] 2_103+1_2_3 -> pos1 DMG 2022 (hp 0.937->0.686)
   [pos5] 2_103+1_2_3 -> pos2 DMG 1862 (hp 0.947->0.732)
   [pos5] 2_103+1_2_3 -> pos3 DMG 1791 (hp 0.920->0.601)
   [pos5] 2_42+1_3 -> pos1 DMG 4590 (hp 0.921->0.602)
   [pos5] 2_42+1_3 -> pos3 DMG 4318 (hp 0.905->0.523)
   [pos5] NormalATK -> pos3 DMG 3732 (hp 0.891->0.455)
-- Round 2 --
   [pos1] 2_66+4_5_6 -> pos4 DMG 3634 (hp 0.912->0.667)
   [pos1] 2_66+4_5_6 -> pos5 DMG 4152 (hp 0.942->0.768)
   [pos1] 2_66+4_5_6 -> pos6 DMG 3776 (hp 0.747->0.075)
   [pos1] NormalATK -> pos6 DMG 4109 (hp 0.628->0.000)
   [pos1] NormalATK -> pos4 DMG 4497 (hp 0.896->0.586)
   [pos1] 4_14+4 -> pos4 DMG 11826 (hp 0.853->0.371)
   [pos1] 4_14+5 -> pos5 DMG 12598 (hp 0.892->0.521)
   [pos1] 4_24+4 -> pos4 DMG 14657 (hp 0.800->0.104)
   [pos2] BEFORE -> pos2 BUFF 70 (hp 0.925->0.732)
   [pos2] 2_100+4 -> pos4 DMG 1544 (hp 0.794->0.076)
   [pos2] 2_100+4 -> pos4 DMG 1589 (hp 0.788->0.047)
   [pos2] 2_100+4 -> pos4 DMG 1483 (hp 0.783->0.020)
   [pos2] NormalATK -> pos5 DMG 4172 (hp 0.876->0.439)
   [pos2] 4_29+5 -> pos2 BUFF 70 (hp 0.925->0.732)
   [pos2] 4_29+5 -> pos5 DMG 5058 (hp 0.856->0.340)
   [pos2] 4_29+5 -> pos5 DMG 598 (hp 0.854->0.328)
   [pos2] 4_31+5 -> pos5 DMG 4474 (hp 0.836->0.240)
   [pos2] 4_31+5 -> pos5 DMG 598 (hp 0.834->0.229)
   [pos2] 4_31+5 -> pos5 DMG 1973 (hp 0.826->0.190)
   [pos2] 4_31+5 -> pos5 DMG 598 (hp 0.824->0.178)
   [pos2] 4_31+5 -> pos5 DMG 1954 (hp 0.816->0.140)
   [pos2] 4_31+5 -> pos5 DMG 598 (hp 0.814->0.128)
   [pos3] NormalATK -> pos5 DMG 4537 (hp 0.796->0.039)
   [pos3] NormalATK -> pos5 DMG 2005 (hp 0.684->0.000)
   [pos4] 2_113+1_2_3 -> pos1 DMG 318 (hp 0.888->0.597)
   [pos4] 2_113+1_2_3 -> pos2 DMG 318 (hp 0.924->0.727)
   [pos4] 2_113+1_2_3 -> pos3 DMG 305 (hp 0.846->0.449)
   [pos4] 2_113+1_2_3 -> pos1 DMG 341 (hp 0.886->0.590)
   [pos4] 2_113+1_2_3 -> pos2 DMG 331 (hp 0.923->0.721)
   [pos4] 2_113+1_2_3 -> pos3 DMG 305 (hp 0.845->0.444)
   [pos4] 2_138+2_3 -> pos2 DMG 1670 (hp 0.917->0.690)
   [pos4] 2_138+2_3 -> pos3 DMG 1590 (hp 0.839->0.415)
   [pos4] 2_138+2_3 -> pos2 BUFF 6 (hp 0.917->0.690)
   [pos4] 2_138+2_3 -> pos3 BUFF 6 (hp 0.839->0.415)
   [pos4] NormalATK -> pos1 DMG 726 (hp 0.884->0.577)
-- Round 3 --
   [pos1] 2_66+4 -> pos4 DMG 1111 (hp 0.599->0.000)
