=== Battle 195894870 | revela vs {自定义}-{敌方} | fightRet=1 | rounds=7 ===
-- init (fightPos: heroNum st/slv hp1 hp2) --
   pos1 hero28 st2/lv6 hp1=1.000 hp2=1.000
   pos2 hero117 st2/lv6 hp1=1.000 hp2=1.000
   pos3 hero46 st2/lv6 hp1=1.000 hp2=1.000
   pos4 hero99 st2/lv6 hp1=1.000 hp2=1.000
   pos5 hero87 st2/lv6 hp1=1.000 hp2=1.000
   pos6 hero108 st2/lv6 hp1=1.000 hp2=1.000
   [A] pos1 hero28 kills: normal=28010 skill=32276 skillsUsed=5
   [A] pos2 hero117 kills: normal=10999 skill=40314 skillsUsed=10
   [A] pos3 hero46 kills: normal=32756 skill=16645 skillsUsed=3
   [B] pos1 hero99 kills: normal=14545 skill=65413 skillsUsed=7
   [B] pos2 hero87 kills: normal=2299 skill=6571 skillsUsed=1
   [B] pos3 hero108 kills: normal=8074 skill=53099 skillsUsed=4
-- Round 0 --
-- Round 1 --
   [pos1] NormalATK -> pos5 DMG 6356 (hp 0.975->0.875)
   [pos2] NormalATK -> pos5 DMG 4874 (hp 0.956->0.780)
   [pos2] 4_29+5 -> pos2 BUFF 70 (hp 1.000->1.000)
   [pos2] 4_29+5 -> pos5 DMG 6090 (hp 0.932->0.660)
   [pos2] 4_29+5 -> pos5 DMG 698 (hp 0.929->0.647)
   [pos2] 4_31+5 -> pos5 DMG 5175 (hp 0.909->0.545)
   [pos2] 4_31+5 -> pos5 DMG 698 (hp 0.906->0.532)
   [pos2] 4_31+5 -> pos5 DMG 2351 (hp 0.897->0.485)
   [pos2] 4_31+5 -> pos5 DMG 698 (hp 0.894->0.472)
   [pos2] 4_31+5 -> pos5 DMG 2215 (hp 0.886->0.428)
   [pos2] 4_31+5 -> pos5 DMG 698 (hp 0.883->0.415)
   [pos3] 2_118+2_1 -> pos2 BUFF 80 (hp 1.000->1.000)
   [pos3] 2_118+2_1 -> pos1 BUFF 80 (hp 1.000->1.000)
   [pos3] NormalATK -> pos6 DMG 6171 (hp 0.978->0.888)
   [pos3] NormalATK -> pos5 DMG 6918 (hp 0.856->0.279)
   [pos6] 2_126+2_3 -> pos2 DMG 6658 (hp 0.976->0.879)
   [pos6] 2_126+2_3 -> pos3 DMG 5915 (hp 0.978->0.892)
   [pos6] NormalATK -> pos1 DMG 4255 (hp 0.985->0.923)
   [pos4] 2_113+1_2_3 -> pos1 DMG 2355 (hp 0.976->0.880)
   [pos4] 2_113+1_2_3 -> pos2 DMG 2349 (hp 0.967->0.836)
   [pos4] 2_113+1_2_3 -> pos3 DMG 2237 (hp 0.970->0.852)
   [pos4] 2_113+1_2_3 -> pos1 DMG 2265 (hp 0.968->0.839)
   [pos4] 2_113+1_2_3 -> pos2 DMG 2304 (hp 0.959->0.794)
   [pos4] 2_113+1_2_3 -> pos3 DMG 2237 (hp 0.962->0.811)
   [pos4] 2_113+1_2_3 -> pos1 DMG 2153 (hp 0.960->0.799)
   [pos4] 2_113+1_2_3 -> pos2 DMG 2371 (hp 0.950->0.751)
   [pos4] 2_113+1_2_3 -> pos3 DMG 2085 (hp 0.955->0.773)
   [pos4] NormalATK -> pos2 DMG 4802 (hp 0.933->0.664)
   [pos5] 2_92+1_2_3 -> pos1 DMG 1072 (hp 0.956->0.780)
   [pos5] 2_92+1_2_3 -> pos2 DMG 1103 (hp 0.929->0.644)
   [pos5] 2_92+1_2_3 -> pos3 DMG 1050 (hp 0.951->0.754)
   [pos5] 2_92+1_2_3 -> pos1 DMG 1161 (hp 0.952->0.759)
   [pos5] 2_92+1_2_3 -> pos2 DMG 1092 (hp 0.925->0.624)
   [pos5] 2_92+1_2_3 -> pos3 DMG 1093 (hp 0.947->0.734)
   [pos5] NormalATK -> pos2 DMG 2299 (hp 0.917->0.582)
-- Round 2 --
   [pos1] NormalATK -> pos5 DMG 5485 (hp 0.777->0.171)
   [pos2] BEFORE -> pos2 BUFF 70 (hp 0.883->0.582)
   [pos2] NormalATK -> pos6 DMG 3558 (hp 0.956->0.823)
   [pos2] 4_29+6 -> pos2 BUFF 70 (hp 0.883->0.582)
   [pos2] 4_29+6 -> pos6 DMG 4311 (hp 0.940->0.745)
   [pos2] 4_29+6 -> pos6 DMG 533 (hp 0.938->0.735)
   [pos2] 4_30+6 -> pos6 DMG 4761 (hp 0.921->0.648)
   [pos2] 4_30+6 -> pos6 DMG 533 (hp 0.919->0.639)
   [pos2] 4_30+5 -> pos5 DMG 5137 (hp 0.757->0.071)
   [pos2] 4_30+5 -> pos5 DMG 533 (hp 0.754->0.060)
   [pos3] 2_65+5_6 -> pos5 DMG 3074 (hp 0.639->0.000)
   [pos3] 2_65+5_6 -> pos6 DMG 10192 (hp 0.882->0.453)
   [pos3] NormalATK -> pos6 DMG 5290 (hp 0.863->0.357)
   [pos3] NormalATK -> pos4 DMG 5035 (hp 0.982->0.908)
   [pos6] 2_116+1_2_3 -> pos1 DMG 1364 (hp 0.928->0.734)
   [pos6] 2_116+1_2_3 -> pos2 DMG 1388 (hp 0.878->0.557)
   [pos6] 2_116+1_2_3 -> pos3 DMG 1335 (hp 0.921->0.710)
   [pos6] 2_116+1_2_3 -> pos1 DMG 1296 (hp 0.923->0.711)
   [pos6] 2_116+1_2_3 -> pos2 DMG 1388 (hp 0.873->0.532)
   [pos6] 2_116+1_2_3 -> pos3 DMG 1243 (hp 0.916->0.687)
   [pos6] 2_116+1_2_3 -> pos1 DMG 1310 (hp 0.918->0.687)
   [pos6] 2_116+1_2_3 -> pos2 DMG 1333 (hp 0.868->0.508)
   [pos6] 2_116+1_2_3 -> pos3 DMG 1282 (hp 0.912->0.664)
   [pos6] 2_116+1_2_3 -> pos1 DMG 1378 (hp 0.913->0.662)
   [pos6] 2_116+1_2_3 -> pos2 DMG 1333 (hp 0.863->0.483)
   [pos6] 2_116+1_2_3 -> pos3 DMG 1361 (hp 0.907->0.639)
   [pos6] 2_117+1_2_3 -> pos1 DMG 1765 (hp 0.907->0.630)
   [pos6] 2_117+1_2_3 -> pos2 DMG 1834 (hp 0.857->0.450)
   [pos6] 2_117+1_2_3 -> pos3 DMG 1746 (hp 0.900->0.608)
   [pos6] 2_117+1_2_3 -> pos1 DMG 1895 (hp 0.900->0.595)
   [pos6] 2_117+1_2_3 -> pos2 DMG 1797 (hp 0.850->0.417)
   [pos6] 2_117+1_2_3 -> pos3 DMG 1746 (hp 0.894->0.576)
   [pos6] 2_117+1_2_3 -> pos1 DMG 1932 (hp 0.893->0.560)
   [pos6] 2_117+1_2_3 -> pos2 DMG 1834 (hp 0.844->0.384)
   [pos6] 2_117+1_2_3 -> pos3 DMG 1710 (hp 0.888->0.545)
   [pos6] 2_126+3_2 -> pos3 DMG 4027 (hp 0.873->0.472)
   [pos6] 2_126+3_2 -> pos2 DMG 4229 (hp 0.828->0.307)
   [pos6] NormalATK -> pos2 DMG 2780 (hp 0.818->0.256)
   [pos4] 2_133+2_3 -> pos2 DMG 5331 (hp 0.799->0.160)
   [pos4] 2_133+2_3 -> pos3 DMG 5230 (hp 0.854->0.376)
   [pos4] 2_133+2_3 -> pos2 BUFF 6 (hp 0.799->0.160)
   [pos4] 2_133+2_3 -> pos3 BUFF 6 (hp 0.854->0.376)
   [pos4] NormalATK -> pos3 DMG 4359 (hp 0.838->0.297)
-- Round 3 --
   [pos1] NormalATK -> pos4 DMG 4424 (hp 0.958->0.828)
   [pos1] 4_14+4 -> pos4 DMG 10418 (hp 0.920->0.639)
   [pos1] NormalATK -> pos6 DMG 4328 (hp 0.796->0.279)
   [pos2] BEFORE -> pos2 BUFF 70 (hp 0.735->0.160)
   [pos2] NormalATK -> pos6 DMG 1707 (hp 0.790->0.248)
   [pos2] 4_29+6 -> pos2 BUFF 70 (hp 0.735->0.160)
   [pos2] 4_29+6 -> pos6 DMG 2048 (hp 0.783->0.210)
   [pos2] 4_29+6 -> pos6 DMG 280 (hp 0.782->0.205)
   [pos2] 4_30+6 -> pos6 DMG 2177 (hp 0.774->0.166)
   [pos2] 4_30+6 -> pos6 DMG 280 (hp 0.773->0.161)
   [pos3] NormalATK -> pos6 DMG 3107 (hp 0.761->0.104)
   [pos3] NormalATK -> pos6 DMG 2900 (hp 0.751->0.051)
   [pos6] NormalATK -> pos3 DMG 1039 (hp 0.780->0.278)
   [pos4] 2_113+1_2_3 -> pos1 DMG 1703 (hp 0.853->0.529)
   [pos4] 2_113+1_2_3 -> pos2 DMG 1896 (hp 0.728->0.125)
   [pos4] 2_113+1_2_3 -> pos3 DMG 1754 (hp 0.774->0.246)
   [pos4] 2_113+1_2_3 -> pos1 DMG 1757 (hp 0.847->0.497)
   [pos4] 2_113+1_2_3 -> pos2 DMG 1860 (hp 0.721->0.091)
   [pos4] 2_113+1_2_3 -> pos3 DMG 1823 (hp 0.767->0.213)
   [pos4] 2_66+1_2_3 -> pos1 DMG 3143 (hp 0.836->0.440)
   [pos4] 2_66+1_2_3 -> pos2 DMG 3042 (hp 0.710->0.036)
   [pos4] 2_66+1_2_3 -> pos3 DMG 2956 (hp 0.757->0.159)
   [pos4] NormalATK -> pos3 DMG 3764 (hp 0.743->0.091)
-- Round 4 --
   [pos1] BEFORE -> pos1 BUFF 80 (hp 0.796->0.440)
   [pos1] NormalATK -> pos6 DMG 2824 (hp 0.568->0.000)
   [pos2] BEFORE -> pos2 BUFF 80 (hp 0.643->0.036)
   [pos2] BEFORE -> pos2 BUFF 70 (hp 0.643->0.036)
   [pos2] NormalATK -> pos4 DMG 860 (hp 0.889->0.623)
   [pos2] 4_29+4 -> pos2 BUFF 70 (hp 0.643->0.036)
   [pos2] 4_29+4 -> pos4 DMG 963 (hp 0.886->0.605)
   [pos2] 4_29+4 -> pos4 DMG 135 (hp 0.885->0.603)
   [pos3] 2_65+4 -> pos4 DMG 3379 (hp 0.873->0.542)
   [pos3] NormalATK -> pos4 DMG 1616 (hp 0.867->0.512)
   [pos3] NormalATK -> pos4 DMG 1719 (hp 0.861->0.481)
   [pos4] 2_113+1_2_3 -> pos1 DMG 1571 (hp 0.790->0.411)
   [pos4] 2_113+1_2_3 -> pos2 DMG 1599 (hp 0.637->0.007)
   [pos4] 2_113+1_2_3 -> pos3 DMG 1523 (hp 0.672->0.063)
   [pos4] 2_113+1_2_3 -> pos1 DMG 1509 (hp 0.785->0.384)
   [pos4] 2_113+1_2_3 -> pos2 DMG 378 (hp 0.533->0.000)
   [pos4] 2_113+1_2_3 -> pos3 DMG 1462 (hp 0.667->0.037)
   [pos4] 2_113+1_2_3 -> pos1 DMG 1509 (hp 0.779->0.356)
   [pos4] 2_113+1_2_3 -> pos3 DMG 1492 (hp 0.662->0.010)
   [pos4] NormalATK -> pos3 DMG 531 (hp 0.557->0.000)
-- Round 5 --
   [pos1] NormalATK -> pos4 DMG 3428 (hp 0.810->0.419)
   [pos1] 4_14+4 -> pos4 DMG 8405 (hp 0.780->0.266)
   [pos1] 4_24+4 -> pos4 DMG 11394 (hp 0.738->0.059)
   [pos2] BEFORE -> pos2 BUFF 6 (hp 0.533->0.000)
   [pos2] BEFORE -> pos2 BUFF 70 (hp 0.533->0.000)
   [pos3] BEFORE -> pos3 BUFF 6 (hp 0.557->0.000)
   [pos4] 2_138+1 -> pos1 DMG 2536 (hp 0.728->0.310)
   [pos4] 2_138+1 -> pos1 BUFF 6 (hp 0.728->0.310)
   [pos4] 2_66+1 -> pos1 DMG 983 (hp 0.724->0.293)
   [pos4] NormalATK -> pos1 DMG 1089 (hp 0.720->0.273)
-- Round 6 --
   [pos1] 2_66+4 -> pos4 DMG 2059 (hp 0.663->0.021)
   [pos1] NormalATK -> pos4 DMG 1165 (hp 0.556->0.000)
