=== Battle 195895179 | revela vs {自定义}-{敌方} | fightRet=1 | rounds=4 ===
-- init (fightPos: heroNum st/slv hp1 hp2) --
   pos1 hero60 st2/lv6 hp1=1.000 hp2=1.000
   pos2 hero40 st1/lv6 hp1=1.000 hp2=1.000
   pos3 hero66 st4/lv6 hp1=1.000 hp2=1.000
   pos4 hero99 st2/lv6 hp1=1.000 hp2=1.000
   pos5 hero87 st2/lv6 hp1=1.000 hp2=1.000
   pos6 hero108 st2/lv6 hp1=1.000 hp2=1.000
   [A] pos1 hero60 kills: normal=0 skill=135391 skillsUsed=7
   [A] pos2 hero40 kills: normal=18401 skill=0 skillsUsed=0
   [A] pos3 hero66 kills: normal=7208 skill=0 skillsUsed=0
   [B] pos1 hero99 kills: normal=0 skill=10909 skillsUsed=2
   [B] pos2 hero87 kills: normal=42 skill=0 skillsUsed=0
   [B] pos3 hero108 kills: normal=0 skill=0 skillsUsed=0
-- Round 0 --
   [pos2] 1_26+2_1_3_4_5_6 -> pos2 BUFF 8 (hp 1.000->1.000)
   [pos2] 1_26+2_1_3_4_5_6 -> pos1 BUFF 120 (hp 1.000->1.000)
   [pos2] 1_26+2_1_3_4_5_6 -> pos3 BUFF 120 (hp 1.000->1.000)
   [pos2] 1_26+2_1_3_4_5_6 -> pos3 BUFF 31 (hp 1.000->1.000)
   [pos2] 1_26+2_1_3_4_5_6 -> pos1 BUFF 31 (hp 1.000->1.000)
   [pos3] 1_42+4_5_6_1_2 -> pos4 BUFF 28 (hp 1.000->1.000)
   [pos3] 1_42+4_5_6_1_2 -> pos5 BUFF 28 (hp 1.000->1.000)
   [pos3] 1_42+4_5_6_1_2 -> pos6 BUFF 28 (hp 1.000->1.000)
   [pos3] 1_42+4_5_6_1_2 -> pos4 BUFF 119 (hp 1.000->1.000)
   [pos3] 1_42+4_5_6_1_2 -> pos5 BUFF 119 (hp 1.000->1.000)
   [pos3] 1_42+4_5_6_1_2 -> pos6 BUFF 119 (hp 1.000->1.000)
   [pos3] 1_42+4_5_6_1_2 -> pos5 BUFF 7 (hp 1.000->1.000)
   [pos3] 1_42+4_5_6_1_2 -> pos6 BUFF 7 (hp 1.000->1.000)
   [pos3] 1_42+4_5_6_1_2 -> pos1 BUFF 139 (hp 1.000->1.000)
   [pos3] 1_42+4_5_6_1_2 -> pos2 BUFF 139 (hp 1.000->1.000)
   [pos3] 1_42+4_5_6_1_2 -> pos2 BUFF 107 (hp 1.000->1.000)
   [pos3] 1_42+4_5_6_1_2 -> pos1 BUFF 107 (hp 1.000->1.000)
   [pos3] 1_42+4_5_6_1_2 -> pos2 BUFF 10 (hp 1.000->1.000)
   [pos3] 1_42+4_5_6_1_2 -> pos1 BUFF 10 (hp 1.000->1.000)
-- Round 1 --
   [pos2] NormalATK -> pos5 DMG 5645 (hp 0.978->0.889)
   [pos1] 2_81+1_6_5 -> pos1 BUFF 70 (hp 1.000->1.000)
   [pos1] 2_81+1_6_5 -> pos1 BUFF 115 (hp 1.000->1.000)
   [pos1] 2_81+1_6_5 -> pos6 DMG 15960 (hp 0.942->0.710)
   [pos1] 2_81+1_6_5 -> pos6 DMG 865 (hp 0.939->0.694)
   [pos1] 2_81+1_6_5 -> pos5 DMG 18261 (hp 0.906->0.531)
   [pos1] 2_81+1_6_5 -> pos5 DMG 865 (hp 0.903->0.514)
   [pos1] 2_125+6 -> pos6 DMG 19672 (hp 0.867->0.336)
   [pos1] 2_125+6 -> pos6 DMG 865 (hp 0.864->0.321)
   [pos1] 2_125+6 -> pos6 BUFF 115 (hp 0.864->0.321)
   [pos1] 2_125+4 -> pos4 DMG 14756 (hp 0.946->0.732)
   [pos1] 2_125+4 -> pos4 DMG 865 (hp 0.943->0.716)
   [pos1] 2_125+4 -> pos4 BUFF 115 (hp 0.943->0.716)
   [pos3] NormalATK -> pos6 DMG 4156 (hp 0.849->0.245)
   [pos6] BEFORE -> pos6 BUFF 116 (hp 0.849->0.245)
   [pos6] BEFORE -> pos6 BUFF 116 (hp 0.849->0.245)
   [pos4] BEFORE -> pos4 BUFF 116 (hp 0.943->0.716)
   [pos4] 2_113+1_2_3 -> pos1 DMG 1077 (hp 0.996->0.980)
   [pos4] 2_113+1_2_3 -> pos2 DMG 24 (hp 1.000->1.000)
   [pos4] 2_113+1_2_3 -> pos3 DMG 1409 (hp 0.995->0.974)
   [pos4] 2_113+1_2_3 -> pos1 DMG 1145 (hp 0.992->0.960)
   [pos4] 2_113+1_2_3 -> pos2 DMG 24 (hp 1.000->0.999)
   [pos4] 2_113+1_2_3 -> pos3 DMG 1558 (hp 0.989->0.946)
   [pos4] 2_113+1_2_3 -> pos1 DMG 1099 (hp 0.988->0.940)
   [pos4] 2_113+1_2_3 -> pos2 DMG 24 (hp 1.000->0.999)
   [pos4] 2_113+1_2_3 -> pos3 DMG 1513 (hp 0.984->0.919)
   [pos4] 2_133+2_1 -> pos2 DMG 60 (hp 1.000->0.998)
   [pos4] 2_133+2_1 -> pos1 DMG 2976 (hp 0.977->0.886)
   [pos4] 2_133+2_1 -> pos2 BUFF 6 (hp 1.000->0.998)
   [pos4] 2_133+2_1 -> pos1 BUFF 6 (hp 0.977->0.886)
   [pos5] BEFORE -> pos5 BUFF 116 (hp 0.903->0.514)
   [pos5] NormalATK -> pos2 DMG 42 (hp 0.999->0.997)
   [pos2] NormalATK -> pos5 DMG 4163 (hp 0.887->0.433)
-- Round 2 --
   [pos2] BEFORE -> pos2 HEAL 128 (hp 0.999->0.999)
   [pos2] NormalATK -> pos5 DMG 5269 (hp 0.821->0.329)
   [pos1] BEFORE -> pos1 BUFF 70 (hp 0.968->0.886)
   [pos1] BEFORE -> pos1 BUFF 115 (hp 0.968->0.886)
   [pos1] BEFORE -> pos1 HEAL 4490 (hp 0.968->0.967)
   [pos1] 2_81+1_6_5 -> pos1 BUFF 70 (hp 0.968->0.967)
   [pos1] 2_81+1_6_5 -> pos1 BUFF 115 (hp 0.968->0.967)
   [pos1] 2_81+1_6_5 -> pos6 DMG 13482 (hp 0.636->0.000)
   [pos1] 2_81+1_6_5 -> pos5 DMG 16764 (hp 0.755->0.001)
   [pos1] 2_81+1_6_5 -> pos5 DMG 33 (hp 0.651->0.000)
   [pos1] 2_125+4 -> pos4 DMG 12139 (hp 0.876->0.495)
   [pos1] 2_125+4 -> pos4 DMG 850 (hp 0.873->0.480)
   [pos1] 2_125+4 -> pos4 DMG 12394 (hp 0.828->0.254)
   [pos1] 2_125+4 -> pos4 DMG 850 (hp 0.825->0.239)
   [pos3] NormalATK -> pos4 DMG 3052 (hp 0.814->0.184)
   [pos6] BEFORE -> pos6 BUFF 116 (hp 0.636->0.000)
   [pos6] BEFORE -> pos6 BUFF 115 (hp 0.636->0.000)
   [pos6] BEFORE -> pos6 BUFF 116 (hp 0.636->0.000)
   [pos4] BEFORE -> pos4 BUFF 116 (hp 0.814->0.184)
   [pos4] BEFORE -> pos4 BUFF 116 (hp 0.814->0.184)
   [pos5] BEFORE -> pos5 BUFF 116 (hp 0.651->0.000)
   [pos5] BEFORE -> pos5 BUFF 116 (hp 0.651->0.000)
-- Round 3 --
   [pos2] NormalATK -> pos4 DMG 3324 (hp 0.739->0.123)
   [pos1] BEFORE -> pos1 BUFF 70 (hp 0.968->0.967)
   [pos1] BEFORE -> pos1 BUFF 115 (hp 0.968->0.967)
   [pos1] BEFORE -> pos1 HEAL 42 (hp 0.968->0.968)
   [pos1] 2_81+1_4 -> pos1 BUFF 70 (hp 0.968->0.968)
   [pos1] 2_81+1_4 -> pos1 BUFF 115 (hp 0.968->0.968)
   [pos1] 2_81+1_4 -> pos4 DMG 6770 (hp 0.611->0.000)
