=== Battle 195894385 | revela vs {自定义}-{敌方} | fightRet=2 | rounds=5 ===
-- init (fightPos: heroNum st/slv hp1 hp2) --
   pos1 hero28 st2/lv6 hp1=1.000 hp2=1.000
   pos2 hero117 st2/lv6 hp1=1.000 hp2=1.000
   pos3 hero46 st2/lv6 hp1=1.000 hp2=1.000
   pos4 hero99 st2/lv6 hp1=1.000 hp2=1.000
   pos5 hero87 st2/lv6 hp1=1.000 hp2=1.000
   pos6 hero108 st2/lv6 hp1=1.000 hp2=1.000
   [A] pos1 hero28 kills: normal=14455 skill=27882 skillsUsed=4
   [A] pos2 hero117 kills: normal=13947 skill=29263 skillsUsed=7
   [A] pos3 hero46 kills: normal=24817 skill=17384 skillsUsed=1
   [B] pos1 hero99 kills: normal=10529 skill=39638 skillsUsed=5
   [B] pos2 hero87 kills: normal=5427 skill=14353 skillsUsed=2
   [B] pos3 hero108 kills: normal=12738 skill=76247 skillsUsed=5
-- Round 0 --
-- Round 1 --
   [pos1] 2_66+4_5_6 -> pos4 DMG 5019 (hp 0.982->0.909)
   [pos1] 2_66+4_5_6 -> pos5 DMG 5295 (hp 0.979->0.896)
   [pos1] 2_66+4_5_6 -> pos6 DMG 4816 (hp 0.982->0.912)
   [pos1] NormalATK -> pos4 DMG 5557 (hp 0.962->0.808)
   [pos2] NormalATK -> pos4 DMG 4481 (hp 0.945->0.726)
   [pos2] 4_29+4 -> pos2 BUFF 70 (hp 1.000->1.000)
   [pos2] 4_29+4 -> pos4 DMG 5377 (hp 0.926->0.628)
   [pos2] 4_29+4 -> pos4 DMG 698 (hp 0.923->0.616)
   [pos3] NormalATK -> pos5 DMG 6523 (hp 0.954->0.768)
   [pos3] NormalATK -> pos6 DMG 5812 (hp 0.961->0.807)
   [pos6] 2_126+3_1 -> pos3 DMG 5754 (hp 0.979->0.895)
   [pos6] 2_126+3_1 -> pos1 DMG 6240 (hp 0.977->0.887)
   [pos6] NormalATK -> pos3 DMG 4134 (hp 0.964->0.820)
   [pos4] 2_133+3_1 -> pos3 DMG 4223 (hp 0.949->0.743)
   [pos4] 2_133+3_1 -> pos1 DMG 4313 (hp 0.962->0.808)
   [pos4] 2_133+3_1 -> pos3 BUFF 6 (hp 0.949->0.743)
   [pos4] 2_133+3_1 -> pos1 BUFF 6 (hp 0.962->0.808)
   [pos4] 2_66+1_2_3 -> pos1 DMG 2965 (hp 0.951->0.754)
   [pos4] 2_66+1_2_3 -> pos2 DMG 3109 (hp 0.989->0.943)
   [pos4] 2_66+1_2_3 -> pos3 DMG 2902 (hp 0.938->0.691)
   [pos4] NormalATK -> pos1 DMG 3705 (hp 0.937->0.687)
   [pos5] 2_103+1_2_3 -> pos1 DMG 1795 (hp 0.931->0.654)
   [pos5] 2_103+1_2_3 -> pos2 DMG 1864 (hp 0.982->0.910)
   [pos5] 2_103+1_2_3 -> pos3 DMG 1757 (hp 0.932->0.659)
   [pos5] 2_103+1_2_3 -> pos1 DMG 1813 (hp 0.924->0.621)
   [pos5] 2_103+1_2_3 -> pos2 DMG 1864 (hp 0.975->0.876)
   [pos5] 2_103+1_2_3 -> pos3 DMG 1757 (hp 0.925->0.627)
   [pos5] NormalATK -> pos3 DMG 3550 (hp 0.913->0.562)
-- Round 2 --
   [pos1] NormalATK -> pos6 DMG 4001 (hp 0.931->0.734)
   [pos2] BEFORE -> pos2 BUFF 70 (hp 0.965->0.876)
   [pos2] NormalATK -> pos5 DMG 4608 (hp 0.917->0.678)
   [pos2] 4_29+5 -> pos2 BUFF 70 (hp 0.965->0.876)
   [pos2] 4_29+5 -> pos5 DMG 5812 (hp 0.894->0.564)
   [pos2] 4_29+5 -> pos5 DMG 654 (hp 0.892->0.551)
   [pos2] 4_31+5 -> pos5 DMG 4891 (hp 0.873->0.455)
   [pos2] 4_31+5 -> pos5 DMG 654 (hp 0.870->0.442)
   [pos3] 2_65+5_6 -> pos5 DMG 9234 (hp 0.834->0.261)
   [pos3] 2_65+5_6 -> pos6 DMG 8150 (hp 0.902->0.586)
   [pos3] NormalATK -> pos5 DMG 4247 (hp 0.817->0.178)
   [pos3] NormalATK -> pos6 DMG 4106 (hp 0.887->0.511)
   [pos6] 2_116+1_2_3 -> pos1 DMG 1679 (hp 0.888->0.591)
   [pos6] 2_116+1_2_3 -> pos2 DMG 1643 (hp 0.959->0.846)
   [pos6] 2_116+1_2_3 -> pos3 DMG 1580 (hp 0.872->0.534)
   [pos6] 2_116+1_2_3 -> pos1 DMG 1647 (hp 0.882->0.561)
   [pos6] 2_116+1_2_3 -> pos2 DMG 1545 (hp 0.954->0.818)
   [pos6] 2_116+1_2_3 -> pos3 DMG 1643 (hp 0.866->0.504)
   [pos6] 2_116+1_2_3 -> pos1 DMG 1582 (hp 0.876->0.532)
   [pos6] 2_116+1_2_3 -> pos2 DMG 1643 (hp 0.948->0.788)
   [pos6] 2_116+1_2_3 -> pos3 DMG 1596 (hp 0.860->0.475)
   [pos6] 2_116+1_2_3 -> pos1 DMG 1679 (hp 0.870->0.501)
   [pos6] 2_116+1_2_3 -> pos2 DMG 1594 (hp 0.942->0.759)
   [pos6] 2_116+1_2_3 -> pos3 DMG 1533 (hp 0.854->0.447)
   [pos6] 2_126+3_2 -> pos3 DMG 4583 (hp 0.838->0.363)
   [pos6] 2_126+3_2 -> pos2 DMG 4574 (hp 0.925->0.676)
   [pos6] NormalATK -> pos3 DMG 3228 (hp 0.826->0.305)
   [pos4] 2_113+1_2_3 -> pos1 DMG 1831 (hp 0.863->0.468)
   [pos4] 2_113+1_2_3 -> pos2 DMG 1827 (hp 0.919->0.642)
   [pos4] 2_113+1_2_3 -> pos3 DMG 1671 (hp 0.820->0.274)
   [pos4] 2_113+1_2_3 -> pos1 DMG 1725 (hp 0.857->0.437)
   [pos4] 2_113+1_2_3 -> pos2 DMG 1791 (hp 0.912->0.610)
   [pos4] 2_113+1_2_3 -> pos3 DMG 1740 (hp 0.814->0.243)
   [pos4] 2_66+1_2_3 -> pos1 DMG 2935 (hp 0.846->0.383)
   [pos4] 2_66+1_2_3 -> pos2 DMG 2896 (hp 0.902->0.557)
   [pos4] 2_66+1_2_3 -> pos3 DMG 2785 (hp 0.804->0.192)
   [pos4] NormalATK -> pos3 DMG 3626 (hp 0.790->0.126)
   [pos5] 2_100+2 -> pos2 DMG 710 (hp 0.899->0.544)
   [pos5] 2_100+2 -> pos2 DMG 683 (hp 0.897->0.532)
   [pos5] 2_100+2 -> pos2 DMG 683 (hp 0.894->0.520)
   [pos5] 2_100+2 -> pos2 DMG 717 (hp 0.891->0.506)
   [pos5] 2_100+2 -> pos2 DMG 710 (hp 0.889->0.494)
   [pos5] NormalATK -> pos2 DMG 1877 (hp 0.882->0.459)
-- Round 3 --
   [pos1] 2_66+4_5_6 -> pos4 DMG 2570 (hp 0.855->0.569)
   [pos1] 2_66+4_5_6 -> pos5 DMG 2825 (hp 0.742->0.123)
   [pos1] 2_66+4_5_6 -> pos6 DMG 2699 (hp 0.839->0.462)
   [pos1] NormalATK -> pos4 DMG 3346 (hp 0.843->0.508)
   [pos2] BEFORE -> pos2 BUFF 70 (hp 0.840->0.459)
   [pos2] NormalATK -> pos5 DMG 3239 (hp 0.730->0.059)
   [pos2] 4_29+5 -> pos2 BUFF 70 (hp 0.840->0.459)
   [pos2] 4_29+5 -> pos5 DMG 3018 (hp 0.614->0.000)
   [pos3] NormalATK -> pos6 DMG 2032 (hp 0.832->0.425)
   [pos3] NormalATK -> pos4 DMG 2097 (hp 0.836->0.470)
   [pos6] 2_117+1_2_3 -> pos1 DMG 1924 (hp 0.793->0.348)
   [pos6] 2_117+1_2_3 -> pos2 DMG 1939 (hp 0.833->0.424)
   [pos6] 2_117+1_2_3 -> pos3 DMG 1864 (hp 0.717->0.092)
   [pos6] 2_117+1_2_3 -> pos1 DMG 2046 (hp 0.786->0.311)
   [pos6] 2_117+1_2_3 -> pos2 DMG 2144 (hp 0.825->0.385)
   [pos6] 2_117+1_2_3 -> pos3 DMG 2041 (hp 0.710->0.055)
   [pos6] 2_117+1_2_3 -> pos1 DMG 2086 (hp 0.778->0.273)
   [pos6] 2_117+1_2_3 -> pos2 DMG 2062 (hp 0.818->0.348)
   [pos6] 2_117+1_2_3 -> pos3 DMG 1904 (hp 0.703->0.021)
   [pos6] 2_117+1_2_3 -> pos1 DMG 1924 (hp 0.771->0.238)
   [pos6] 2_117+1_2_3 -> pos2 DMG 2062 (hp 0.810->0.310)
   [pos6] 2_117+1_2_3 -> pos3 DMG 1129 (hp 0.596->0.000)
   [pos6] 2_65+1_2 -> pos1 DMG 6155 (hp 0.749->0.126)
   [pos6] 2_65+1_2 -> pos2 DMG 6452 (hp 0.787->0.193)
   [pos6] NormalATK -> pos1 DMG 3009 (hp 0.738->0.072)
   [pos4] NormalATK -> pos2 DMG 3198 (hp 0.775->0.135)
-- Round 4 --
   [pos1] BEFORE -> pos1 BUFF 6 (hp 0.671->0.072)
   [pos1] 2_66+4_6 -> pos4 DMG 1333 (hp 0.794->0.446)
   [pos1] 2_66+4_6 -> pos6 DMG 1254 (hp 0.787->0.402)
   [pos1] NormalATK -> pos6 DMG 1551 (hp 0.781->0.374)
   [pos1] 4_14+6 -> pos6 DMG 2071 (hp 0.774->0.337)
   [pos2] BEFORE -> pos2 BUFF 70 (hp 0.711->0.135)
   [pos2] 2_100+4 -> pos4 DMG 626 (hp 0.792->0.434)
   [pos2] 2_100+4 -> pos4 DMG 639 (hp 0.790->0.423)
   [pos2] 2_100+4 -> pos4 DMG 620 (hp 0.787->0.412)
   [pos2] 2_100+4 -> pos4 DMG 620 (hp 0.785->0.400)
   [pos2] 2_100+4 -> pos4 DMG 685 (hp 0.783->0.388)
   [pos2] 2_100+4 -> pos4 DMG 646 (hp 0.780->0.376)
   [pos2] NormalATK -> pos6 DMG 1619 (hp 0.768->0.307)
   [pos2] 4_29+6 -> pos2 BUFF 70 (hp 0.711->0.135)
   [pos2] 4_29+6 -> pos6 DMG 2104 (hp 0.760->0.269)
   [pos2] 4_29+6 -> pos6 DMG 258 (hp 0.759->0.264)
   [pos2] 4_31+6 -> pos6 DMG 1703 (hp 0.753->0.233)
   [pos2] 4_31+6 -> pos6 DMG 258 (hp 0.752->0.228)
   [pos3] BEFORE -> pos3 BUFF 6 (hp 0.596->0.000)
   [pos6] NormalATK -> pos1 DMG 2367 (hp 0.663->0.029)
   [pos4] 2_113+1_2 -> pos1 DMG 1432 (hp 0.657->0.003)
   [pos4] 2_113+1_2 -> pos2 DMG 1345 (hp 0.706->0.110)
   [pos4] 2_113+1_2 -> pos1 DMG 148 (hp 0.554->0.000)
