=== Battle 195894535 | revela vs {自定义}-{敌方} | fightRet=1 | rounds=6 ===
-- init (fightPos: heroNum st/slv hp1 hp2) --
   pos1 hero28 st2/lv6 hp1=1.000 hp2=1.000
   pos2 hero117 st2/lv6 hp1=1.000 hp2=1.000
   pos3 hero46 st2/lv6 hp1=1.000 hp2=1.000
   pos4 hero99 st2/lv6 hp1=1.000 hp2=1.000
   pos5 hero87 st2/lv6 hp1=1.000 hp2=1.000
   pos6 hero108 st2/lv6 hp1=1.000 hp2=1.000
   [A] pos1 hero28 kills: normal=22543 skill=40095 skillsUsed=3
   [A] pos2 hero117 kills: normal=15243 skill=51063 skillsUsed=15
   [A] pos3 hero46 kills: normal=32056 skill=0 skillsUsed=3
   [B] pos1 hero99 kills: normal=9550 skill=49910 skillsUsed=8
   [B] pos2 hero87 kills: normal=3033 skill=6786 skillsUsed=1
   [B] pos3 hero108 kills: normal=9611 skill=50291 skillsUsed=3
-- Round 0 --
-- Round 1 --
   [pos1] 2_66+4_5_6 -> pos4 DMG 5019 (hp 0.982->0.909)
   [pos1] 2_66+4_5_6 -> pos5 DMG 5243 (hp 0.979->0.897)
   [pos1] 2_66+4_5_6 -> pos6 DMG 4909 (hp 0.982->0.911)
   [pos1] NormalATK -> pos5 DMG 6418 (hp 0.954->0.771)
   [pos2] 2_100+4 -> pos4 DMG 1714 (hp 0.976->0.878)
   [pos2] 2_100+4 -> pos4 DMG 1750 (hp 0.969->0.846)
   [pos2] 2_100+4 -> pos4 DMG 1821 (hp 0.963->0.813)
   [pos2] 2_100+4 -> pos4 DMG 1714 (hp 0.956->0.781)
   [pos2] NormalATK -> pos6 DMG 4707 (hp 0.965->0.825)
   [pos2] 4_29+6 -> pos2 BUFF 70 (hp 1.000->1.000)
   [pos2] 4_29+6 -> pos6 DMG 5374 (hp 0.946->0.727)
   [pos2] 4_29+6 -> pos6 DMG 698 (hp 0.943->0.715)
   [pos3] NormalATK -> pos5 DMG 6391 (hp 0.929->0.646)
   [pos3] NormalATK -> pos5 DMG 6523 (hp 0.904->0.518)
   [pos6] NormalATK -> pos3 DMG 3776 (hp 0.986->0.931)
   [pos4] NormalATK -> pos2 DMG 3996 (hp 0.985->0.927)
   [pos5] 2_42+2_3 -> pos2 DMG 3545 (hp 0.973->0.863)
   [pos5] 2_42+2_3 -> pos3 DMG 3241 (hp 0.974->0.872)
   [pos5] NormalATK -> pos2 DMG 3033 (hp 0.962->0.808)
-- Round 2 --
   [pos1] NormalATK -> pos5 DMG 5920 (hp 0.842->0.402)
   [pos1] 4_24+5 -> pos5 DMG 18754 (hp 0.768->0.034)
   [pos2] BEFORE -> pos2 BUFF 70 (hp 0.946->0.808)
   [pos2] 2_100+5 -> pos5 DMG 1727 (hp 0.762->0.000)
   [pos2] 2_100+5 -> pos5 DMG 24 (hp 0.658->0.000)
   [pos2] NormalATK -> pos4 DMG 4155 (hp 0.924->0.706)
   [pos2] 4_29+4 -> pos2 BUFF 70 (hp 0.946->0.808)
   [pos2] 4_29+4 -> pos4 DMG 5291 (hp 0.905->0.610)
   [pos2] 4_29+4 -> pos4 DMG 628 (hp 0.902->0.598)
   [pos2] 4_30+4 -> pos4 DMG 5456 (hp 0.882->0.499)
   [pos2] 4_30+4 -> pos4 DMG 628 (hp 0.880->0.488)
   [pos3] 2_118+1_2 -> pos1 BUFF 80 (hp 1.000->1.000)
   [pos3] 2_118+1_2 -> pos2 BUFF 80 (hp 0.946->0.808)
   [pos3] NormalATK -> pos6 DMG 5765 (hp 0.899->0.610)
   [pos3] NormalATK -> pos6 DMG 5542 (hp 0.879->0.509)
   [pos6] 2_116+1_2_3 -> pos1 DMG 1547 (hp 0.994->0.972)
   [pos6] 2_116+1_2_3 -> pos2 DMG 1607 (hp 0.940->0.779)
   [pos6] 2_116+1_2_3 -> pos3 DMG 1608 (hp 0.958->0.843)
   [pos6] 2_116+1_2_3 -> pos1 DMG 1595 (hp 0.989->0.943)
   [pos6] 2_116+1_2_3 -> pos2 DMG 1672 (hp 0.934->0.748)
   [pos6] 2_116+1_2_3 -> pos3 DMG 1530 (hp 0.953->0.815)
   [pos6] 2_116+1_2_3 -> pos1 DMG 1692 (hp 0.982->0.912)
   [pos6] 2_116+1_2_3 -> pos2 DMG 1575 (hp 0.929->0.719)
   [pos6] 2_116+1_2_3 -> pos3 DMG 1515 (hp 0.947->0.788)
   [pos6] 2_116+1_2_3 -> pos1 DMG 1644 (hp 0.976->0.882)
   [pos6] 2_116+1_2_3 -> pos2 DMG 1591 (hp 0.923->0.691)
   [pos6] 2_116+1_2_3 -> pos3 DMG 1546 (hp 0.942->0.760)
   [pos6] 2_116+1_2_3 -> pos1 DMG 1579 (hp 0.971->0.854)
   [pos6] 2_116+1_2_3 -> pos2 DMG 1705 (hp 0.917->0.660)
   [pos6] 2_116+1_2_3 -> pos3 DMG 1608 (hp 0.936->0.730)
   [pos6] 2_117+1_2_3 -> pos1 DMG 2326 (hp 0.962->0.811)
   [pos6] 2_117+1_2_3 -> pos2 DMG 2189 (hp 0.909->0.620)
   [pos6] 2_117+1_2_3 -> pos3 DMG 2040 (hp 0.929->0.693)
   [pos6] 2_117+1_2_3 -> pos1 DMG 2127 (hp 0.955->0.773)
   [pos6] 2_117+1_2_3 -> pos2 DMG 2166 (hp 0.901->0.580)
   [pos6] 2_117+1_2_3 -> pos3 DMG 2062 (hp 0.921->0.656)
   [pos6] 2_65+3_2 -> pos3 DMG 6788 (hp 0.896->0.532)
   [pos6] 2_65+3_2 -> pos2 DMG 6579 (hp 0.877->0.461)
   [pos6] NormalATK -> pos3 DMG 3385 (hp 0.884->0.471)
   [pos4] 2_133+2_3 -> pos2 DMG 3751 (hp 0.863->0.393)
   [pos4] 2_133+2_3 -> pos3 DMG 3760 (hp 0.870->0.403)
   [pos4] 2_133+2_3 -> pos2 BUFF 6 (hp 0.863->0.393)
   [pos4] 2_133+2_3 -> pos3 BUFF 6 (hp 0.870->0.403)
   [pos4] 2_66+1_2_3 -> pos1 DMG 2667 (hp 0.945->0.724)
   [pos4] 2_66+1_2_3 -> pos2 DMG 2742 (hp 0.853->0.343)
   [pos4] 2_66+1_2_3 -> pos3 DMG 2506 (hp 0.861->0.357)
   [pos4] NormalATK -> pos3 DMG 3038 (hp 0.850->0.302)
-- Round 3 --
   [pos1] NormalATK -> pos6 DMG 4632 (hp 0.825->0.425)
   [pos2] BEFORE -> pos2 BUFF 70 (hp 0.802->0.343)
   [pos2] 2_100+6 -> pos6 DMG 871 (hp 0.822->0.409)
   [pos2] 2_100+6 -> pos6 DMG 953 (hp 0.819->0.392)
   [pos2] 2_100+6 -> pos6 DMG 926 (hp 0.815->0.375)
   [pos2] NormalATK -> pos4 DMG 2375 (hp 0.832->0.445)
   [pos2] 4_29+4 -> pos2 BUFF 70 (hp 0.802->0.343)
   [pos2] 4_29+4 -> pos4 DMG 3091 (hp 0.821->0.388)
   [pos2] 4_29+4 -> pos4 DMG 409 (hp 0.820->0.381)
   [pos2] 4_30+4 -> pos4 DMG 3413 (hp 0.807->0.319)
   [pos2] 4_30+4 -> pos4 DMG 409 (hp 0.806->0.311)
   [pos2] 4_31+4 -> pos4 DMG 2626 (hp 0.796->0.264)
   [pos2] 4_31+4 -> pos4 DMG 409 (hp 0.795->0.256)
   [pos3] NormalATK -> pos6 DMG 2833 (hp 0.805->0.323)
   [pos3] NormalATK -> pos6 DMG 2863 (hp 0.795->0.271)
   [pos6] NormalATK -> pos2 DMG 2450 (hp 0.793->0.298)
   [pos4] 2_113+1_2_3 -> pos1 DMG 1115 (hp 0.919->0.704)
   [pos4] 2_113+1_2_3 -> pos2 DMG 1123 (hp 0.789->0.278)
   [pos4] 2_113+1_2_3 -> pos3 DMG 1090 (hp 0.791->0.282)
   [pos4] 2_113+1_2_3 -> pos1 DMG 1183 (hp 0.914->0.682)
   [pos4] 2_113+1_2_3 -> pos2 DMG 1168 (hp 0.785->0.257)
   [pos4] 2_113+1_2_3 -> pos3 DMG 1157 (hp 0.787->0.261)
   [pos4] 2_133+1_3 -> pos1 DMG 2987 (hp 0.904->0.628)
   [pos4] 2_133+1_3 -> pos3 DMG 2673 (hp 0.778->0.212)
   [pos4] 2_133+1_3 -> pos1 BUFF 6 (hp 0.904->0.628)
   [pos4] 2_138+3_1 -> pos3 DMG 5027 (hp 0.759->0.121)
   [pos4] 2_138+3_1 -> pos1 DMG 5134 (hp 0.885->0.535)
   [pos4] 2_66+1_2_3 -> pos1 DMG 1936 (hp 0.878->0.499)
   [pos4] 2_66+1_2_3 -> pos2 DMG 2048 (hp 0.778->0.219)
   [pos4] 2_66+1_2_3 -> pos3 DMG 1876 (hp 0.752->0.087)
   [pos4] NormalATK -> pos3 DMG 2411 (hp 0.744->0.043)
-- Round 4 --
   [pos1] NormalATK -> pos6 DMG 3574 (hp 0.729->0.206)
   [pos1] 4_24+6 -> pos6 DMG 6170 (hp 0.707->0.094)
   [pos2] BEFORE -> pos2 BUFF 70 (hp 0.722->0.219)
   [pos2] 2_100+6 -> pos6 DMG 698 (hp 0.704->0.082)
   [pos2] 2_100+6 -> pos6 DMG 706 (hp 0.702->0.069)
   [pos2] 2_100+6 -> pos6 DMG 706 (hp 0.699->0.056)
   [pos2] NormalATK -> pos6 DMG 1902 (hp 0.692->0.021)
   [pos2] 4_29+6 -> pos2 BUFF 70 (hp 0.722->0.219)
   [pos2] 4_29+6 -> pos6 DMG 1171 (hp 0.585->0.000)
   [pos2] NormalATK -> pos4 DMG 2104 (hp 0.733->0.218)
   [pos2] NormalATK -> pos4 DMG 328 (hp 0.732->0.212)
   [pos2] 4_29+4 -> pos4 DMG 2307 (hp 0.724->0.170)
   [pos2] 4_29+4 -> pos4 DMG 328 (hp 0.722->0.164)
   [pos2] 4_31+4 -> pos4 DMG 2084 (hp 0.715->0.126)
   [pos2] 4_31+4 -> pos4 DMG 328 (hp 0.714->0.120)
   [pos2] 4_31+4 -> pos4 DMG 891 (hp 0.710->0.104)
   [pos2] 4_31+4 -> pos4 DMG 328 (hp 0.709->0.098)
   [pos2] 4_31+4 -> pos4 DMG 928 (hp 0.706->0.081)
   [pos2] 4_31+4 -> pos4 DMG 328 (hp 0.705->0.075)
   [pos3] NormalATK -> pos4 DMG 1086 (hp 0.701->0.055)
   [pos3] NormalATK -> pos4 DMG 1053 (hp 0.697->0.036)
   [pos4] 2_113+1_2_3 -> pos1 DMG 441 (hp 0.838->0.491)
   [pos4] 2_113+1_2_3 -> pos2 DMG 422 (hp 0.720->0.212)
   [pos4] 2_113+1_2_3 -> pos3 DMG 435 (hp 0.672->0.035)
   [pos4] 2_113+1_2_3 -> pos1 DMG 428 (hp 0.837->0.484)
   [pos4] 2_113+1_2_3 -> pos2 DMG 457 (hp 0.719->0.203)
   [pos4] 2_113+1_2_3 -> pos3 DMG 401 (hp 0.671->0.028)
   [pos4] 2_113+1_2_3 -> pos1 DMG 450 (hp 0.835->0.475)
   [pos4] 2_113+1_2_3 -> pos2 DMG 444 (hp 0.717->0.195)
   [pos4] 2_113+1_2_3 -> pos3 DMG 406 (hp 0.669->0.020)
   [pos4] 2_133+2_3 -> pos2 DMG 1067 (hp 0.713->0.176)
   [pos4] 2_133+2_3 -> pos3 DMG 1016 (hp 0.665->0.002)
   [pos4] NormalATK -> pos3 DMG 105 (hp 0.562->0.000)
-- Round 5 --
   [pos1] NormalATK -> pos4 DMG 1999 (hp 0.521->0.000)
