=== Battle 195893878 | revela vs {自定义}-{敌方} | fightRet=2 | rounds=5 ===
-- init (fightPos: heroNum st/slv hp1 hp2) --
   pos1 hero28 st2/lv6 hp1=1.000 hp2=1.000
   pos2 hero117 st2/lv6 hp1=1.000 hp2=1.000
   pos3 hero46 st2/lv6 hp1=1.000 hp2=1.000
   pos4 hero99 st2/lv6 hp1=1.000 hp2=1.000
   pos5 hero87 st2/lv6 hp1=1.000 hp2=1.000
   pos6 hero108 st2/lv6 hp1=1.000 hp2=1.000
   [A] pos1 hero28 kills: normal=17024 skill=26045 skillsUsed=7
   [A] pos2 hero117 kills: normal=15334 skill=41250 skillsUsed=8
   [A] pos3 hero46 kills: normal=28618 skill=0 skillsUsed=1
   [B] pos1 hero99 kills: normal=10550 skill=61532 skillsUsed=6
   [B] pos2 hero87 kills: normal=8111 skill=23414 skillsUsed=6
   [B] pos3 hero108 kills: normal=10060 skill=51333 skillsUsed=5
-- Round 0 --
-- Round 1 --
   [pos1] NormalATK -> pos6 DMG 5497 (hp 0.980->0.900)
   [pos2] NormalATK -> pos4 DMG 4764 (hp 0.983->0.913)
   [pos2] 4_29+4 -> pos2 BUFF 70 (hp 1.000->1.000)
   [pos2] 4_29+4 -> pos4 DMG 5886 (hp 0.961->0.806)
   [pos2] 4_29+4 -> pos4 DMG 698 (hp 0.959->0.794)
   [pos2] 4_30+4 -> pos4 DMG 6254 (hp 0.936->0.680)
   [pos2] 4_30+4 -> pos4 DMG 698 (hp 0.934->0.667)
   [pos3] NormalATK -> pos5 DMG 6852 (hp 0.973->0.866)
   [pos3] NormalATK -> pos6 DMG 5692 (hp 0.959->0.797)
   [pos6] NormalATK -> pos2 DMG 4019 (hp 0.985->0.927)
   [pos4] 2_113+1_2_3 -> pos1 DMG 1778 (hp 0.994->0.968)
   [pos4] 2_113+1_2_3 -> pos2 DMG 1882 (hp 0.979->0.893)
   [pos4] 2_113+1_2_3 -> pos3 DMG 1704 (hp 0.994->0.969)
   [pos4] 2_113+1_2_3 -> pos1 DMG 1924 (hp 0.987->0.933)
   [pos4] 2_113+1_2_3 -> pos2 DMG 1901 (hp 0.972->0.858)
   [pos4] 2_113+1_2_3 -> pos3 DMG 1864 (hp 0.987->0.935)
   [pos4] 2_66+1_2_3 -> pos1 DMG 3118 (hp 0.975->0.876)
   [pos4] 2_66+1_2_3 -> pos2 DMG 3204 (hp 0.960->0.800)
   [pos4] 2_66+1_2_3 -> pos3 DMG 3113 (hp 0.976->0.879)
   [pos4] NormalATK -> pos3 DMG 3663 (hp 0.962->0.812)
   [pos5] 2_42+1_3 -> pos1 DMG 4366 (hp 0.959->0.797)
   [pos5] 2_42+1_3 -> pos3 DMG 4273 (hp 0.947->0.734)
   [pos5] 2_100+3 -> pos3 DMG 1397 (hp 0.942->0.709)
   [pos5] 2_100+3 -> pos3 DMG 1426 (hp 0.937->0.683)
   [pos5] 2_100+3 -> pos3 DMG 1500 (hp 0.931->0.656)
   [pos5] NormalATK -> pos3 DMG 3728 (hp 0.918->0.588)
-- Round 2 --
   [pos1] NormalATK -> pos6 DMG 4908 (hp 0.925->0.707)
   [pos1] 4_14+6 -> pos6 DMG 7400 (hp 0.898->0.573)
   [pos2] BEFORE -> pos2 BUFF 70 (hp 0.944->0.800)
   [pos2] NormalATK -> pos5 DMG 4585 (hp 0.944->0.776)
   [pos2] 4_29+5 -> pos2 BUFF 70 (hp 0.944->0.800)
   [pos2] 4_29+5 -> pos5 DMG 5125 (hp 0.924->0.675)
   [pos2] 4_29+5 -> pos5 DMG 625 (hp 0.922->0.663)
   [pos3] 2_118+1_2 -> pos1 BUFF 80 (hp 0.943->0.797)
   [pos3] 2_118+1_2 -> pos2 BUFF 80 (hp 0.944->0.800)
   [pos3] NormalATK -> pos5 DMG 4953 (hp 0.902->0.566)
   [pos3] NormalATK -> pos5 DMG 4953 (hp 0.883->0.469)
   [pos6] 2_117+1_2_3 -> pos1 DMG 2373 (hp 0.934->0.753)
   [pos6] 2_117+1_2_3 -> pos2 DMG 2415 (hp 0.935->0.756)
   [pos6] 2_117+1_2_3 -> pos3 DMG 2369 (hp 0.876->0.545)
   [pos6] 2_117+1_2_3 -> pos1 DMG 2326 (hp 0.926->0.711)
   [pos6] 2_117+1_2_3 -> pos2 DMG 2296 (hp 0.927->0.714)
   [pos6] 2_117+1_2_3 -> pos3 DMG 2209 (hp 0.868->0.505)
   [pos6] 2_65+2_1 -> pos2 DMG 7412 (hp 0.900->0.579)
   [pos6] 2_65+2_1 -> pos1 DMG 6996 (hp 0.901->0.584)
   [pos6] NormalATK -> pos1 DMG 3597 (hp 0.888->0.519)
   [pos4] 2_113+1_2_3 -> pos1 DMG 1869 (hp 0.881->0.485)
   [pos4] 2_113+1_2_3 -> pos2 DMG 1827 (hp 0.893->0.546)
   [pos4] 2_113+1_2_3 -> pos3 DMG 1758 (hp 0.862->0.473)
   [pos4] 2_113+1_2_3 -> pos1 DMG 1759 (hp 0.874->0.453)
   [pos4] 2_113+1_2_3 -> pos2 DMG 1882 (hp 0.886->0.512)
   [pos4] 2_113+1_2_3 -> pos3 DMG 1722 (hp 0.855->0.441)
   [pos4] 2_66+1_2_3 -> pos1 DMG 3181 (hp 0.863->0.395)
   [pos4] 2_66+1_2_3 -> pos2 DMG 3046 (hp 0.875->0.457)
   [pos4] 2_66+1_2_3 -> pos3 DMG 2960 (hp 0.845->0.388)
   [pos4] NormalATK -> pos2 DMG 3693 (hp 0.862->0.390)
   [pos5] 2_100+3 -> pos3 DMG 1127 (hp 0.841->0.367)
   [pos5] 2_100+3 -> pos3 DMG 1051 (hp 0.837->0.348)
   [pos5] 2_100+3 -> pos3 DMG 1127 (hp 0.833->0.327)
   [pos5] 2_100+3 -> pos3 DMG 1127 (hp 0.829->0.307)
   [pos5] NormalATK -> pos3 DMG 2833 (hp 0.818->0.255)
-- Round 3 --
   [pos1] NormalATK -> pos4 DMG 3570 (hp 0.870->0.602)
   [pos1] 4_24+4 -> pos4 DMG 6218 (hp 0.847->0.489)
   [pos2] BEFORE -> pos2 BUFF 70 (hp 0.815->0.390)
   [pos2] NormalATK -> pos6 DMG 2970 (hp 0.855->0.519)
   [pos2] 4_29+6 -> pos2 BUFF 70 (hp 0.815->0.390)
   [pos2] 4_29+6 -> pos6 DMG 3461 (hp 0.842->0.456)
   [pos2] 4_29+6 -> pos6 DMG 436 (hp 0.841->0.448)
   [pos2] 4_30+6 -> pos6 DMG 3674 (hp 0.827->0.381)
   [pos2] 4_30+6 -> pos6 DMG 436 (hp 0.826->0.373)
   [pos2] 4_30+5 -> pos5 DMG 4246 (hp 0.825->0.386)
   [pos2] 4_30+5 -> pos5 DMG 436 (hp 0.823->0.377)
   [pos2] NormalATK -> pos5 DMG 3015 (hp 0.811->0.318)
   [pos2] NormalATK -> pos5 DMG 436 (hp 0.810->0.309)
   [pos2] 4_29+5 -> pos5 DMG 3844 (hp 0.795->0.234)
   [pos2] 4_29+5 -> pos5 DMG 436 (hp 0.793->0.225)
   [pos2] 4_30+5 -> pos5 DMG 4123 (hp 0.777->0.145)
   [pos2] 4_30+5 -> pos5 DMG 436 (hp 0.775->0.136)
   [pos3] NormalATK -> pos4 DMG 3102 (hp 0.836->0.433)
   [pos3] NormalATK -> pos6 DMG 3066 (hp 0.815->0.317)
   [pos6] 2_116+1_2_3 -> pos1 DMG 1261 (hp 0.811->0.372)
   [pos6] 2_116+1_2_3 -> pos2 DMG 1271 (hp 0.810->0.366)
   [pos6] 2_116+1_2_3 -> pos3 DMG 1284 (hp 0.757->0.232)
   [pos6] 2_116+1_2_3 -> pos1 DMG 1286 (hp 0.807->0.348)
   [pos6] 2_116+1_2_3 -> pos2 DMG 1348 (hp 0.805->0.342)
   [pos6] 2_116+1_2_3 -> pos3 DMG 1173 (hp 0.753->0.211)
   [pos6] 2_116+1_2_3 -> pos1 DMG 1324 (hp 0.802->0.324)
   [pos6] 2_116+1_2_3 -> pos2 DMG 1245 (hp 0.801->0.319)
   [pos6] 2_116+1_2_3 -> pos3 DMG 1247 (hp 0.749->0.188)
   [pos6] 2_126+2_1 -> pos2 DMG 3949 (hp 0.786->0.247)
   [pos6] 2_126+2_1 -> pos1 DMG 3845 (hp 0.788->0.254)
   [pos6] NormalATK -> pos3 DMG 2444 (hp 0.740->0.144)
   [pos4] 2_113+1_2_3 -> pos1 DMG 1536 (hp 0.782->0.227)
   [pos4] 2_113+1_2_3 -> pos2 DMG 1428 (hp 0.781->0.221)
   [pos4] 2_113+1_2_3 -> pos3 DMG 1459 (hp 0.734->0.117)
   [pos4] 2_113+1_2_3 -> pos1 DMG 1521 (hp 0.777->0.199)
   [pos4] 2_113+1_2_3 -> pos2 DMG 1443 (hp 0.776->0.195)
   [pos4] 2_113+1_2_3 -> pos3 DMG 1502 (hp 0.729->0.090)
   [pos4] 2_138+2_3 -> pos2 DMG 7211 (hp 0.750->0.064)
   [pos4] 2_138+2_3 -> pos3 DMG 4940 (hp 0.608->0.000)
   [pos4] 2_138+2_3 -> pos2 BUFF 6 (hp 0.750->0.064)
   [pos4] 2_138+2_3 -> pos3 BUFF 6 (hp 0.608->0.000)
   [pos4] NormalATK -> pos2 DMG 3194 (hp 0.738->0.006)
   [pos5] 2_92+1_2 -> pos1 DMG 759 (hp 0.774->0.185)
   [pos5] 2_92+1_2 -> pos2 DMG 334 (hp 0.634->0.000)
   [pos5] 2_92+1_2 -> pos1 DMG 759 (hp 0.771->0.171)
   [pos5] 2_42+1 -> pos1 DMG 1793 (hp 0.765->0.139)
   [pos5] 2_100+1 -> pos1 DMG 580 (hp 0.763->0.128)
   [pos5] 2_100+1 -> pos1 DMG 580 (hp 0.761->0.118)
   [pos5] 2_100+1 -> pos1 DMG 598 (hp 0.758->0.107)
   [pos5] 2_100+1 -> pos1 DMG 617 (hp 0.756->0.096)
   [pos5] NormalATK -> pos1 DMG 1550 (hp 0.751->0.067)
-- Round 4 --
   [pos1] 2_66+4_5_6 -> pos4 DMG 1217 (hp 0.791->0.411)
   [pos1] 2_66+4_5_6 -> pos5 DMG 1363 (hp 0.706->0.109)
   [pos1] 2_66+4_5_6 -> pos6 DMG 1215 (hp 0.761->0.295)
   [pos1] NormalATK -> pos5 DMG 1620 (hp 0.700->0.077)
   [pos1] 4_24+5 -> pos5 DMG 2996 (hp 0.688->0.019)
   [pos1] NormalATK -> pos6 DMG 1429 (hp 0.755->0.269)
   [pos1] 4_14+6 -> pos6 DMG 2008 (hp 0.748->0.233)
   [pos1] 4_14+5 -> pos5 DMG 956 (hp 0.581->0.000)
   [pos1] 4_24+6 -> pos6 DMG 2672 (hp 0.738->0.184)
   [pos2] BEFORE -> pos2 BUFF 70 (hp 0.634->0.000)
   [pos6] 2_65+1 -> pos1 DMG 3704 (hp 0.566->0.000)
