=== Battle 195894030 | revela vs {自定义}-{敌方} | fightRet=1 | rounds=4 ===
-- init (fightPos: heroNum st/slv hp1 hp2) --
   pos1 hero28 st2/lv6 hp1=1.000 hp2=1.000
   pos2 hero117 st2/lv6 hp1=1.000 hp2=1.000
   pos3 hero46 st2/lv6 hp1=1.000 hp2=1.000
   pos4 hero99 st2/lv6 hp1=1.000 hp2=1.000
   pos5 hero87 st2/lv6 hp1=1.000 hp2=1.000
   pos6 hero108 st2/lv6 hp1=1.000 hp2=1.000
   [A] pos1 hero28 kills: normal=16098 skill=41309 skillsUsed=4
   [A] pos2 hero117 kills: normal=13660 skill=55677 skillsUsed=11
   [A] pos3 hero46 kills: normal=24496 skill=0 skillsUsed=1
   [B] pos1 hero99 kills: normal=4669 skill=4119 skillsUsed=1
   [B] pos2 hero87 kills: normal=5449 skill=15245 skillsUsed=3
   [B] pos3 hero108 kills: normal=4705 skill=16661 skillsUsed=2
-- Round 0 --
-- Round 1 --
   [pos1] 2_66+4_5_6 -> pos4 DMG 4970 (hp 0.982->0.910)
   [pos1] 2_66+4_5_6 -> pos5 DMG 5038 (hp 0.980->0.901)
   [pos1] 2_66+4_5_6 -> pos6 DMG 4816 (hp 0.982->0.912)
   [pos1] NormalATK -> pos6 DMG 5384 (hp 0.963->0.815)
   [pos1] 4_24+6 -> pos6 DMG 10473 (hp 0.925->0.624)
   [pos2] 2_100+6 -> pos6 DMG 1678 (hp 0.919->0.594)
   [pos2] 2_100+6 -> pos6 DMG 1747 (hp 0.912->0.562)
   [pos2] 2_100+6 -> pos6 DMG 1730 (hp 0.906->0.530)
   [pos2] 2_100+6 -> pos6 DMG 1747 (hp 0.900->0.499)
   [pos2] 2_100+6 -> pos6 DMG 1678 (hp 0.894->0.468)
   [pos2] 2_100+6 -> pos6 DMG 1627 (hp 0.888->0.439)
   [pos2] NormalATK -> pos4 DMG 4952 (hp 0.964->0.820)
   [pos2] 4_29+4 -> pos2 BUFF 70 (hp 1.000->1.000)
   [pos2] 4_29+4 -> pos4 DMG 5377 (hp 0.944->0.722)
   [pos2] 4_29+4 -> pos4 DMG 698 (hp 0.942->0.709)
   [pos2] 4_31+4 -> pos4 DMG 4481 (hp 0.926->0.628)
   [pos2] 4_31+4 -> pos4 DMG 698 (hp 0.923->0.615)
   [pos2] 4_31+4 -> pos4 DMG 2164 (hp 0.915->0.576)
   [pos2] 4_31+4 -> pos4 DMG 698 (hp 0.913->0.563)
   [pos3] NormalATK -> pos5 DMG 6391 (hp 0.955->0.776)
   [pos3] NormalATK -> pos6 DMG 6291 (hp 0.865->0.324)
   [pos6] NormalATK -> pos1 DMG 2763 (hp 0.990->0.950)
   [pos4] NormalATK -> pos3 DMG 3297 (hp 0.988->0.940)
   [pos5] NormalATK -> pos2 DMG 3671 (hp 0.987->0.933)
-- Round 2 --
   [pos1] NormalATK -> pos4 DMG 5929 (hp 0.856->0.455)
   [pos1] 4_14+4 -> pos4 DMG 7933 (hp 0.827->0.311)
   [pos1] 4_14+6 -> pos6 DMG 8079 (hp 0.781->0.177)
   [pos2] BEFORE -> pos2 BUFF 70 (hp 0.981->0.933)
   [pos2] NormalATK -> pos5 DMG 5097 (hp 0.917->0.676)
   [pos2] 4_29+5 -> pos2 BUFF 70 (hp 0.981->0.933)
   [pos2] 4_29+5 -> pos5 DMG 5651 (hp 0.895->0.565)
   [pos2] 4_29+5 -> pos5 DMG 675 (hp 0.892->0.552)
   [pos2] 4_30+5 -> pos5 DMG 6500 (hp 0.867->0.424)
   [pos2] 4_30+5 -> pos5 DMG 675 (hp 0.864->0.411)
   [pos2] 4_31+5 -> pos5 DMG 4952 (hp 0.845->0.314)
   [pos2] 4_31+5 -> pos5 DMG 675 (hp 0.842->0.301)
   [pos2] 4_31+5 -> pos5 DMG 2118 (hp 0.834->0.259)
   [pos2] 4_31+5 -> pos5 DMG 675 (hp 0.831->0.246)
   [pos2] 4_31+5 -> pos5 DMG 2118 (hp 0.823->0.205)
   [pos2] 4_31+5 -> pos5 DMG 675 (hp 0.820->0.191)
   [pos3] 2_118+1_2 -> pos1 BUFF 80 (hp 0.986->0.950)
   [pos3] 2_118+1_2 -> pos2 BUFF 80 (hp 0.981->0.933)
   [pos3] NormalATK -> pos4 DMG 5937 (hp 0.806->0.203)
   [pos3] NormalATK -> pos4 DMG 5877 (hp 0.784->0.096)
   [pos6] 2_116+1_2_3 -> pos1 DMG 992 (hp 0.982->0.932)
   [pos6] 2_116+1_2_3 -> pos2 DMG 989 (hp 0.978->0.915)
   [pos6] 2_116+1_2_3 -> pos3 DMG 960 (hp 0.980->0.923)
   [pos6] 2_116+1_2_3 -> pos1 DMG 906 (hp 0.979->0.915)
   [pos6] 2_116+1_2_3 -> pos2 DMG 999 (hp 0.974->0.897)
   [pos6] 2_116+1_2_3 -> pos3 DMG 914 (hp 0.976->0.906)
   [pos6] 2_116+1_2_3 -> pos1 DMG 915 (hp 0.976->0.899)
   [pos6] 2_116+1_2_3 -> pos2 DMG 1009 (hp 0.970->0.879)
   [pos6] 2_116+1_2_3 -> pos3 DMG 896 (hp 0.973->0.890)
   [pos6] 2_65+2_1 -> pos2 DMG 4137 (hp 0.955->0.804)
   [pos6] 2_65+2_1 -> pos1 DMG 3944 (hp 0.961->0.827)
   [pos6] NormalATK -> pos2 DMG 1942 (hp 0.948->0.768)
   [pos4] 2_113+1_2_3 -> pos1 DMG 693 (hp 0.959->0.814)
   [pos4] 2_113+1_2_3 -> pos2 DMG 684 (hp 0.946->0.756)
   [pos4] 2_113+1_2_3 -> pos3 DMG 658 (hp 0.971->0.878)
   [pos4] 2_113+1_2_3 -> pos1 DMG 665 (hp 0.956->0.802)
   [pos4] 2_113+1_2_3 -> pos2 DMG 727 (hp 0.943->0.743)
   [pos4] 2_113+1_2_3 -> pos3 DMG 692 (hp 0.968->0.865)
   [pos4] NormalATK -> pos3 DMG 1372 (hp 0.963->0.840)
   [pos5] 2_92+1_2_3 -> pos1 DMG 935 (hp 0.953->0.785)
   [pos5] 2_92+1_2_3 -> pos2 DMG 960 (hp 0.940->0.725)
   [pos5] 2_92+1_2_3 -> pos3 DMG 897 (hp 0.960->0.824)
   [pos5] 2_92+1_2_3 -> pos1 DMG 871 (hp 0.950->0.769)
   [pos5] 2_92+1_2_3 -> pos2 DMG 887 (hp 0.937->0.709)
   [pos5] 2_92+1_2_3 -> pos3 DMG 906 (hp 0.957->0.807)
   [pos5] 2_103+1_2_3 -> pos1 DMG 889 (hp 0.947->0.753)
   [pos5] 2_103+1_2_3 -> pos2 DMG 951 (hp 0.933->0.692)
   [pos5] 2_103+1_2_3 -> pos3 DMG 924 (hp 0.953->0.791)
   [pos5] 2_103+1_2_3 -> pos1 DMG 871 (hp 0.944->0.737)
   [pos5] 2_103+1_2_3 -> pos2 DMG 942 (hp 0.930->0.675)
   [pos5] 2_103+1_2_3 -> pos3 DMG 906 (hp 0.950->0.774)
   [pos5] 2_42+2_1 -> pos2 DMG 2161 (hp 0.922->0.635)
   [pos5] 2_42+2_1 -> pos1 DMG 2145 (hp 0.936->0.698)
   [pos5] NormalATK -> pos3 DMG 1778 (hp 0.944->0.742)
-- Round 3 --
   [pos1] NormalATK -> pos6 DMG 4785 (hp 0.704->0.090)
   [pos2] BEFORE -> pos2 BUFF 70 (hp 0.893->0.635)
   [pos2] 2_100+6 -> pos6 DMG 1338 (hp 0.699->0.066)
   [pos2] 2_100+6 -> pos6 DMG 1420 (hp 0.694->0.040)
   [pos2] 2_100+6 -> pos6 DMG 1393 (hp 0.689->0.015)
   [pos2] 2_100+6 -> pos6 DMG 814 (hp 0.583->0.000)
   [pos2] NormalATK -> pos4 DMG 3611 (hp 0.702->0.030)
   [pos2] 4_29+4 -> pos2 BUFF 70 (hp 0.893->0.635)
   [pos2] 4_29+4 -> pos4 DMG 1675 (hp 0.593->0.000)
