=== Battle 195865915 | revela vs {自定义}-{敌方} | fightRet=1 | rounds=5 ===
-- init (fightPos: heroNum st/slv hp1 hp2) --
   pos1 hero28 st2/lv6 hp1=1.000 hp2=1.000
   pos2 hero117 st2/lv6 hp1=1.000 hp2=1.000
   pos3 hero46 st2/lv6 hp1=1.000 hp2=1.000
   pos4 hero99 st2/lv6 hp1=1.000 hp2=1.000
   pos5 hero87 st2/lv6 hp1=1.000 hp2=1.000
   pos6 hero108 st2/lv6 hp1=1.000 hp2=1.000
   [A] pos1 hero28 kills: normal=20646 skill=42375 skillsUsed=6
   [A] pos2 hero117 kills: normal=11814 skill=50200 skillsUsed=9
   [A] pos3 hero46 kills: normal=22849 skill=13116 skillsUsed=3
   [B] pos1 hero99 kills: normal=6667 skill=39882 skillsUsed=6
   [B] pos2 hero87 kills: normal=8204 skill=29285 skillsUsed=3
   [B] pos3 hero108 kills: normal=3362 skill=8887 skillsUsed=1
-- Round 0 --
-- Round 1 --
   [pos1] NormalATK -> pos4 DMG 4360 (hp 0.984->0.921)
   [pos1] 4_24+4 -> pos4 DMG 7382 (hp 0.957->0.787)
   [pos2] NormalATK -> pos6 DMG 5437 (hp 0.980->0.901)
   [pos2] 4_29+6 -> pos2 BUFF 70 (hp 1.000->1.000)
   [pos2] 4_29+6 -> pos6 DMG 6524 (hp 0.957->0.783)
   [pos2] 4_29+6 -> pos6 DMG 757 (hp 0.954->0.769)
   [pos2] 4_30+6 -> pos6 DMG 7738 (hp 0.926->0.628)
   [pos2] 4_30+6 -> pos6 DMG 757 (hp 0.923->0.614)
   [pos3] 2_118+2_1 -> pos2 BUFF 80 (hp 1.000->1.000)
   [pos3] 2_118+2_1 -> pos1 BUFF 80 (hp 1.000->1.000)
   [pos3] NormalATK -> pos5 DMG 6852 (hp 0.973->0.866)
   [pos3] NormalATK -> pos6 DMG 6291 (hp 0.900->0.500)
   [pos6] 2_126+3_1 -> pos3 DMG 4350 (hp 0.984->0.921)
   [pos6] 2_126+3_1 -> pos1 DMG 4537 (hp 0.984->0.918)
   [pos6] NormalATK -> pos1 DMG 3362 (hp 0.971->0.856)
   [pos4] 2_113+1_2_3 -> pos1 DMG 1949 (hp 0.964->0.821)
   [pos4] 2_113+1_2_3 -> pos2 DMG 1983 (hp 0.993->0.964)
   [pos4] 2_113+1_2_3 -> pos3 DMG 1907 (hp 0.977->0.886)
   [pos4] 2_113+1_2_3 -> pos1 DMG 1929 (hp 0.957->0.786)
   [pos4] 2_113+1_2_3 -> pos2 DMG 2044 (hp 0.985->0.927)
   [pos4] 2_113+1_2_3 -> pos3 DMG 1869 (hp 0.970->0.852)
   [pos4] 2_113+1_2_3 -> pos1 DMG 2008 (hp 0.950->0.749)
   [pos4] 2_113+1_2_3 -> pos2 DMG 2064 (hp 0.978->0.889)
   [pos4] 2_113+1_2_3 -> pos3 DMG 1849 (hp 0.964->0.819)
   [pos4] 2_133+1_3 -> pos1 DMG 4874 (hp 0.932->0.661)
   [pos4] 2_133+1_3 -> pos3 DMG 4674 (hp 0.947->0.734)
   [pos4] 2_133+1_3 -> pos1 BUFF 6 (hp 0.932->0.661)
   [pos4] 2_133+1_3 -> pos3 BUFF 6 (hp 0.947->0.734)
   [pos4] NormalATK -> pos3 DMG 3935 (hp 0.932->0.662)
   [pos5] 2_103+1_2_3 -> pos1 DMG 2297 (hp 0.924->0.619)
   [pos5] 2_103+1_2_3 -> pos2 DMG 2385 (hp 0.969->0.846)
   [pos5] 2_103+1_2_3 -> pos3 DMG 2316 (hp 0.924->0.620)
   [pos5] 2_103+1_2_3 -> pos1 DMG 2367 (hp 0.915->0.576)
   [pos5] 2_103+1_2_3 -> pos2 DMG 2314 (hp 0.961->0.804)
   [pos5] 2_103+1_2_3 -> pos3 DMG 2202 (hp 0.916->0.580)
   [pos5] 2_42+2_3 -> pos2 DMG 5143 (hp 0.942->0.710)
   [pos5] 2_42+2_3 -> pos3 DMG 5153 (hp 0.897->0.486)
   [pos5] NormalATK -> pos3 DMG 4827 (hp 0.880->0.399)
-- Round 2 --
   [pos1] NormalATK -> pos6 DMG 3969 (hp 0.846->0.428)
   [pos1] 4_24+6 -> pos6 DMG 11592 (hp 0.803->0.217)
   [pos1] NormalATK -> pos6 DMG 4086 (hp 0.789->0.143)
   [pos1] 4_24+6 -> pos6 DMG 7849 (hp 0.657->0.000)
   [pos2] BEFORE -> pos2 BUFF 70 (hp 0.919->0.710)
   [pos2] 2_100+5 -> pos5 DMG 2049 (hp 0.954->0.825)
   [pos2] 2_100+5 -> pos5 DMG 2029 (hp 0.946->0.786)
   [pos2] 2_100+5 -> pos5 DMG 1970 (hp 0.939->0.747)
   [pos2] NormalATK -> pos4 DMG 3430 (hp 0.928->0.724)
   [pos2] 4_29+4 -> pos2 BUFF 70 (hp 0.919->0.710)
   [pos2] 4_29+4 -> pos4 DMG 4116 (hp 0.913->0.649)
   [pos2] 4_29+4 -> pos4 DMG 639 (hp 0.910->0.638)
   [pos2] 4_30+4 -> pos4 DMG 4781 (hp 0.893->0.551)
   [pos2] 4_30+4 -> pos4 DMG 639 (hp 0.891->0.539)
   [pos2] 4_30+5 -> pos5 DMG 6830 (hp 0.912->0.613)
   [pos2] 4_30+5 -> pos5 DMG 639 (hp 0.909->0.601)
   [pos2] 4_31+4 -> pos4 DMG 3466 (hp 0.878->0.476)
   [pos2] 4_31+4 -> pos4 DMG 639 (hp 0.876->0.465)
   [pos2] 4_31+4 -> pos4 DMG 1670 (hp 0.870->0.434)
   [pos2] 4_31+4 -> pos4 DMG 639 (hp 0.868->0.423)
   [pos3] 2_65+4_5 -> pos4 DMG 5337 (hp 0.848->0.325)
   [pos3] 2_65+4_5 -> pos5 DMG 7779 (hp 0.879->0.448)
   [pos3] NormalATK -> pos4 DMG 2459 (hp 0.839->0.281)
   [pos3] NormalATK -> pos4 DMG 2610 (hp 0.830->0.233)
   [pos4] 2_133+1_2 -> pos1 DMG 2661 (hp 0.872->0.528)
   [pos4] 2_133+1_2 -> pos2 DMG 2764 (hp 0.909->0.660)
   [pos4] 2_133+1_2 -> pos2 BUFF 6 (hp 0.909->0.660)
   [pos4] NormalATK -> pos3 DMG 2083 (hp 0.824->0.361)
   [pos5] 2_92+1_2_3 -> pos1 DMG 1671 (hp 0.866->0.497)
   [pos5] 2_92+1_2_3 -> pos2 DMG 1752 (hp 0.903->0.628)
   [pos5] 2_92+1_2_3 -> pos3 DMG 1685 (hp 0.818->0.330)
   [pos5] NormalATK -> pos1 DMG 3377 (hp 0.853->0.436)
-- Round 3 --
   [pos1] NormalATK -> pos5 DMG 3650 (hp 0.822->0.377)
   [pos1] 4_14+5 -> pos5 DMG 5076 (hp 0.802->0.277)
   [pos1] 4_24+5 -> pos5 DMG 6882 (hp 0.775->0.142)
   [pos1] NormalATK -> pos5 DMG 3650 (hp 0.760->0.070)
   [pos1] 4_14+5 -> pos5 DMG 3594 (hp 0.643->0.000)
   [pos2] BEFORE -> pos2 BUFF 70 (hp 0.875->0.628)
   [pos2] NormalATK -> pos4 DMG 2947 (hp 0.759->0.180)
   [pos2] 4_29+4 -> pos2 BUFF 70 (hp 0.875->0.628)
   [pos2] 4_29+4 -> pos4 DMG 3717 (hp 0.746->0.112)
   [pos2] 4_29+4 -> pos4 DMG 601 (hp 0.744->0.101)
   [pos3] NormalATK -> pos4 DMG 2330 (hp 0.735->0.059)
   [pos3] NormalATK -> pos4 DMG 2307 (hp 0.727->0.017)
   [pos4] 2_113+1_2_3 -> pos1 DMG 321 (hp 0.810->0.430)
   [pos4] 2_113+1_2_3 -> pos2 DMG 299 (hp 0.874->0.623)
   [pos4] 2_113+1_2_3 -> pos3 DMG 305 (hp 0.768->0.324)
   [pos4] 2_113+1_2_3 -> pos1 DMG 315 (hp 0.809->0.424)
   [pos4] 2_113+1_2_3 -> pos2 DMG 324 (hp 0.873->0.617)
   [pos4] 2_113+1_2_3 -> pos3 DMG 285 (hp 0.767->0.319)
   [pos4] 2_113+1_2_3 -> pos1 DMG 299 (hp 0.808->0.419)
   [pos4] 2_113+1_2_3 -> pos2 DMG 318 (hp 0.872->0.611)
   [pos4] 2_113+1_2_3 -> pos3 DMG 294 (hp 0.766->0.314)
   [pos4] 2_133+3_1 -> pos3 DMG 764 (hp 0.763->0.300)
   [pos4] 2_133+3_1 -> pos1 DMG 804 (hp 0.805->0.404)
   [pos4] 2_138+3_2 -> pos3 DMG 1467 (hp 0.758->0.273)
   [pos4] 2_138+3_2 -> pos2 DMG 1512 (hp 0.866->0.584)
   [pos4] NormalATK -> pos3 DMG 649 (hp 0.756->0.262)
-- Round 4 --
   [pos1] NormalATK -> pos4 DMG 931 (hp 0.550->0.000)
